[0.017s] Invoking command in '/home/tang-yucheng/Desktop/legged_nav_rl/build/unitree_hg': CMAKE_PREFIX_PATH=${CMAKE_PREFIX_PATH}:/opt/ros/humble /usr/bin/cmake --build /home/tang-yucheng/Desktop/legged_nav_rl/build/unitree_hg -- -j20 -l20
[0.075s] [  1%] Built target unitree_hg__dds_connext_idl
[0.078s] [  1%] Built target unitree_hg__cpp
[0.083s] [ 13%] Built target unitree_hg__rosidl_generator_c
[0.093s] [ 13%] Built target ament_cmake_python_copy_unitree_hg
[0.122s] [ 34%] Built target unitree_hg__rosidl_typesupport_cpp
[0.122s] [ 37%] Built target unitree_hg__rosidl_typesupport_introspection_cpp
[0.124s] [ 58%] Built target unitree_hg__rosidl_typesupport_fastrtps_cpp
[0.124s] [ 60%] Built target unitree_hg__rosidl_typesupport_c
[0.124s] [ 71%] Built target unitree_hg__rosidl_typesupport_introspection_c
[0.130s] [ 82%] Built target unitree_hg__rosidl_typesupport_fastrtps_c
[0.149s] [ 82%] Built target unitree_hg
[0.177s] [ 83%] Built target unitree_hg__py
[0.201s] [ 94%] Built target unitree_hg__rosidl_generator_py
[0.222s] [ 96%] Built target unitree_hg__rosidl_typesupport_fastrtps_c__pyext
[0.224s] [100%] Built target unitree_hg__rosidl_typesupport_c__pyext
[0.224s] [100%] Built target unitree_hg__rosidl_typesupport_introspection_c__pyext
[0.319s] running egg_info
[0.320s] writing unitree_hg.egg-info/PKG-INFO
[0.320s] writing dependency_links to unitree_hg.egg-info/dependency_links.txt
[0.321s] writing top-level names to unitree_hg.egg-info/top_level.txt
[0.321s] reading manifest file 'unitree_hg.egg-info/SOURCES.txt'
[0.321s] writing manifest file 'unitree_hg.egg-info/SOURCES.txt'
[0.343s] [100%] Built target ament_cmake_python_build_unitree_hg_egg
[0.353s] Invoked command in '/home/tang-yucheng/Desktop/legged_nav_rl/build/unitree_hg' returned '0': CMAKE_PREFIX_PATH=${CMAKE_PREFIX_PATH}:/opt/ros/humble /usr/bin/cmake --build /home/tang-yucheng/Desktop/legged_nav_rl/build/unitree_hg -- -j20 -l20
[0.622s] Invoking command in '/home/tang-yucheng/Desktop/legged_nav_rl/build/unitree_hg': CMAKE_PREFIX_PATH=${CMAKE_PREFIX_PATH}:/opt/ros/humble /usr/bin/cmake --install /home/tang-yucheng/Desktop/legged_nav_rl/build/unitree_hg
[0.627s] -- Install configuration: ""
[0.628s] -- Up-to-date: /home/tang-yucheng/Desktop/legged_nav_rl/install/unitree_hg/share/ament_index/resource_index/rosidl_interfaces/unitree_hg
[0.628s] -- Up-to-date: /home/tang-yucheng/Desktop/legged_nav_rl/install/unitree_hg/include/unitree_hg/unitree_hg
[0.628s] -- Up-to-date: /home/tang-yucheng/Desktop/legged_nav_rl/install/unitree_hg/include/unitree_hg/unitree_hg/msg
[0.628s] -- Up-to-date: /home/tang-yucheng/Desktop/legged_nav_rl/install/unitree_hg/include/unitree_hg/unitree_hg/msg/rosidl_generator_c__visibility_control.h
[0.628s] -- Up-to-date: /home/tang-yucheng/Desktop/legged_nav_rl/install/unitree_hg/include/unitree_hg/unitree_hg/msg/bms_state.h
[0.628s] -- Up-to-date: /home/tang-yucheng/Desktop/legged_nav_rl/install/unitree_hg/include/unitree_hg/unitree_hg/msg/low_state.h
[0.629s] -- Up-to-date: /home/tang-yucheng/Desktop/legged_nav_rl/install/unitree_hg/include/unitree_hg/unitree_hg/msg/hand_state.h
[0.629s] -- Up-to-date: /home/tang-yucheng/Desktop/legged_nav_rl/install/unitree_hg/include/unitree_hg/unitree_hg/msg/low_cmd.h
[0.629s] -- Up-to-date: /home/tang-yucheng/Desktop/legged_nav_rl/install/unitree_hg/include/unitree_hg/unitree_hg/msg/bms_cmd.h
[0.629s] -- Up-to-date: /home/tang-yucheng/Desktop/legged_nav_rl/install/unitree_hg/include/unitree_hg/unitree_hg/msg/imu_state.h
[0.629s] -- Up-to-date: /home/tang-yucheng/Desktop/legged_nav_rl/install/unitree_hg/include/unitree_hg/unitree_hg/msg/motor_state.h
[0.629s] -- Up-to-date: /home/tang-yucheng/Desktop/legged_nav_rl/install/unitree_hg/include/unitree_hg/unitree_hg/msg/main_board_state.h
[0.629s] -- Up-to-date: /home/tang-yucheng/Desktop/legged_nav_rl/install/unitree_hg/include/unitree_hg/unitree_hg/msg/hand_cmd.h
[0.629s] -- Up-to-date: /home/tang-yucheng/Desktop/legged_nav_rl/install/unitree_hg/include/unitree_hg/unitree_hg/msg/detail
[0.629s] -- Up-to-date: /home/tang-yucheng/Desktop/legged_nav_rl/install/unitree_hg/include/unitree_hg/unitree_hg/msg/detail/press_sensor_state__struct.h
[0.629s] -- Up-to-date: /home/tang-yucheng/Desktop/legged_nav_rl/install/unitree_hg/include/unitree_hg/unitree_hg/msg/detail/hand_cmd__struct.h
[0.629s] -- Up-to-date: /home/tang-yucheng/Desktop/legged_nav_rl/install/unitree_hg/include/unitree_hg/unitree_hg/msg/detail/motor_state__type_support.h
[0.630s] -- Up-to-date: /home/tang-yucheng/Desktop/legged_nav_rl/install/unitree_hg/include/unitree_hg/unitree_hg/msg/detail/motor_state__functions.h
[0.630s] -- Up-to-date: /home/tang-yucheng/Desktop/legged_nav_rl/install/unitree_hg/include/unitree_hg/unitree_hg/msg/detail/motor_state__functions.c
[0.630s] -- Up-to-date: /home/tang-yucheng/Desktop/legged_nav_rl/install/unitree_hg/include/unitree_hg/unitree_hg/msg/detail/low_state__functions.c
[0.630s] -- Up-to-date: /home/tang-yucheng/Desktop/legged_nav_rl/install/unitree_hg/include/unitree_hg/unitree_hg/msg/detail/bms_state__functions.h
[0.630s] -- Up-to-date: /home/tang-yucheng/Desktop/legged_nav_rl/install/unitree_hg/include/unitree_hg/unitree_hg/msg/detail/main_board_state__struct.h
[0.630s] -- Up-to-date: /home/tang-yucheng/Desktop/legged_nav_rl/install/unitree_hg/include/unitree_hg/unitree_hg/msg/detail/low_cmd__functions.c
[0.630s] -- Up-to-date: /home/tang-yucheng/Desktop/legged_nav_rl/install/unitree_hg/include/unitree_hg/unitree_hg/msg/detail/motor_state__struct.h
[0.631s] -- Up-to-date: /home/tang-yucheng/Desktop/legged_nav_rl/install/unitree_hg/include/unitree_hg/unitree_hg/msg/detail/hand_cmd__type_support.h
[0.631s] -- Up-to-date: /home/tang-yucheng/Desktop/legged_nav_rl/install/unitree_hg/include/unitree_hg/unitree_hg/msg/detail/hand_state__functions.c
[0.631s] -- Up-to-date: /home/tang-yucheng/Desktop/legged_nav_rl/install/unitree_hg/include/unitree_hg/unitree_hg/msg/detail/motor_cmd__type_support.h
[0.631s] -- Up-to-date: /home/tang-yucheng/Desktop/legged_nav_rl/install/unitree_hg/include/unitree_hg/unitree_hg/msg/detail/imu_state__type_support.h
[0.631s] -- Up-to-date: /home/tang-yucheng/Desktop/legged_nav_rl/install/unitree_hg/include/unitree_hg/unitree_hg/msg/detail/bms_cmd__functions.c
[0.631s] -- Up-to-date: /home/tang-yucheng/Desktop/legged_nav_rl/install/unitree_hg/include/unitree_hg/unitree_hg/msg/detail/hand_state__functions.h
[0.631s] -- Up-to-date: /home/tang-yucheng/Desktop/legged_nav_rl/install/unitree_hg/include/unitree_hg/unitree_hg/msg/detail/low_state__type_support.h
[0.631s] -- Up-to-date: /home/tang-yucheng/Desktop/legged_nav_rl/install/unitree_hg/include/unitree_hg/unitree_hg/msg/detail/imu_state__functions.c
[0.631s] -- Up-to-date: /home/tang-yucheng/Desktop/legged_nav_rl/install/unitree_hg/include/unitree_hg/unitree_hg/msg/detail/bms_state__struct.h
[0.631s] -- Up-to-date: /home/tang-yucheng/Desktop/legged_nav_rl/install/unitree_hg/include/unitree_hg/unitree_hg/msg/detail/bms_cmd__type_support.h
[0.631s] -- Up-to-date: /home/tang-yucheng/Desktop/legged_nav_rl/install/unitree_hg/include/unitree_hg/unitree_hg/msg/detail/bms_cmd__struct.h
[0.632s] -- Up-to-date: /home/tang-yucheng/Desktop/legged_nav_rl/install/unitree_hg/include/unitree_hg/unitree_hg/msg/detail/bms_state__functions.c
[0.632s] -- Up-to-date: /home/tang-yucheng/Desktop/legged_nav_rl/install/unitree_hg/include/unitree_hg/unitree_hg/msg/detail/press_sensor_state__functions.c
[0.632s] -- Up-to-date: /home/tang-yucheng/Desktop/legged_nav_rl/install/unitree_hg/include/unitree_hg/unitree_hg/msg/detail/hand_cmd__functions.c
[0.632s] -- Up-to-date: /home/tang-yucheng/Desktop/legged_nav_rl/install/unitree_hg/include/unitree_hg/unitree_hg/msg/detail/low_cmd__functions.h
[0.632s] -- Up-to-date: /home/tang-yucheng/Desktop/legged_nav_rl/install/unitree_hg/include/unitree_hg/unitree_hg/msg/detail/low_state__struct.h
[0.632s] -- Up-to-date: /home/tang-yucheng/Desktop/legged_nav_rl/install/unitree_hg/include/unitree_hg/unitree_hg/msg/detail/bms_state__type_support.h
[0.632s] -- Up-to-date: /home/tang-yucheng/Desktop/legged_nav_rl/install/unitree_hg/include/unitree_hg/unitree_hg/msg/detail/low_cmd__type_support.h
[0.632s] -- Up-to-date: /home/tang-yucheng/Desktop/legged_nav_rl/install/unitree_hg/include/unitree_hg/unitree_hg/msg/detail/bms_cmd__functions.h
[0.632s] -- Up-to-date: /home/tang-yucheng/Desktop/legged_nav_rl/install/unitree_hg/include/unitree_hg/unitree_hg/msg/detail/press_sensor_state__functions.h
[0.632s] -- Up-to-date: /home/tang-yucheng/Desktop/legged_nav_rl/install/unitree_hg/include/unitree_hg/unitree_hg/msg/detail/low_state__functions.h
[0.632s] -- Up-to-date: /home/tang-yucheng/Desktop/legged_nav_rl/install/unitree_hg/include/unitree_hg/unitree_hg/msg/detail/low_cmd__struct.h
[0.632s] -- Up-to-date: /home/tang-yucheng/Desktop/legged_nav_rl/install/unitree_hg/include/unitree_hg/unitree_hg/msg/detail/imu_state__struct.h
[0.632s] -- Up-to-date: /home/tang-yucheng/Desktop/legged_nav_rl/install/unitree_hg/include/unitree_hg/unitree_hg/msg/detail/motor_cmd__struct.h
[0.633s] -- Up-to-date: /home/tang-yucheng/Desktop/legged_nav_rl/install/unitree_hg/include/unitree_hg/unitree_hg/msg/detail/imu_state__functions.h
[0.633s] -- Up-to-date: /home/tang-yucheng/Desktop/legged_nav_rl/install/unitree_hg/include/unitree_hg/unitree_hg/msg/detail/hand_cmd__functions.h
[0.633s] -- Up-to-date: /home/tang-yucheng/Desktop/legged_nav_rl/install/unitree_hg/include/unitree_hg/unitree_hg/msg/detail/motor_cmd__functions.c
[0.633s] -- Up-to-date: /home/tang-yucheng/Desktop/legged_nav_rl/install/unitree_hg/include/unitree_hg/unitree_hg/msg/detail/press_sensor_state__type_support.h
[0.633s] -- Up-to-date: /home/tang-yucheng/Desktop/legged_nav_rl/install/unitree_hg/include/unitree_hg/unitree_hg/msg/detail/motor_cmd__functions.h
[0.633s] -- Up-to-date: /home/tang-yucheng/Desktop/legged_nav_rl/install/unitree_hg/include/unitree_hg/unitree_hg/msg/detail/main_board_state__functions.h
[0.633s] -- Up-to-date: /home/tang-yucheng/Desktop/legged_nav_rl/install/unitree_hg/include/unitree_hg/unitree_hg/msg/detail/hand_state__type_support.h
[0.633s] -- Up-to-date: /home/tang-yucheng/Desktop/legged_nav_rl/install/unitree_hg/include/unitree_hg/unitree_hg/msg/detail/main_board_state__type_support.h
[0.633s] -- Up-to-date: /home/tang-yucheng/Desktop/legged_nav_rl/install/unitree_hg/include/unitree_hg/unitree_hg/msg/detail/main_board_state__functions.c
[0.633s] -- Up-to-date: /home/tang-yucheng/Desktop/legged_nav_rl/install/unitree_hg/include/unitree_hg/unitree_hg/msg/detail/hand_state__struct.h
[0.633s] -- Up-to-date: /home/tang-yucheng/Desktop/legged_nav_rl/install/unitree_hg/include/unitree_hg/unitree_hg/msg/press_sensor_state.h
[0.633s] -- Up-to-date: /home/tang-yucheng/Desktop/legged_nav_rl/install/unitree_hg/include/unitree_hg/unitree_hg/msg/motor_cmd.h
[0.633s] -- Up-to-date: /home/tang-yucheng/Desktop/legged_nav_rl/install/unitree_hg/share/unitree_hg/environment/library_path.sh
[0.634s] -- Up-to-date: /home/tang-yucheng/Desktop/legged_nav_rl/install/unitree_hg/share/unitree_hg/environment/library_path.dsv
[0.634s] -- Up-to-date: /home/tang-yucheng/Desktop/legged_nav_rl/install/unitree_hg/lib/libunitree_hg__rosidl_generator_c.so
[0.634s] -- Up-to-date: /home/tang-yucheng/Desktop/legged_nav_rl/install/unitree_hg/include/unitree_hg/unitree_hg
[0.634s] -- Up-to-date: /home/tang-yucheng/Desktop/legged_nav_rl/install/unitree_hg/include/unitree_hg/unitree_hg/msg
[0.634s] -- Up-to-date: /home/tang-yucheng/Desktop/legged_nav_rl/install/unitree_hg/include/unitree_hg/unitree_hg/msg/rosidl_typesupport_fastrtps_c__visibility_control.h
[0.634s] -- Up-to-date: /home/tang-yucheng/Desktop/legged_nav_rl/install/unitree_hg/include/unitree_hg/unitree_hg/msg/detail
[0.634s] -- Up-to-date: /home/tang-yucheng/Desktop/legged_nav_rl/install/unitree_hg/include/unitree_hg/unitree_hg/msg/detail/bms_cmd__rosidl_typesupport_fastrtps_c.h
[0.634s] -- Up-to-date: /home/tang-yucheng/Desktop/legged_nav_rl/install/unitree_hg/include/unitree_hg/unitree_hg/msg/detail/hand_state__rosidl_typesupport_fastrtps_c.h
[0.634s] -- Up-to-date: /home/tang-yucheng/Desktop/legged_nav_rl/install/unitree_hg/include/unitree_hg/unitree_hg/msg/detail/bms_state__rosidl_typesupport_fastrtps_c.h
[0.634s] -- Up-to-date: /home/tang-yucheng/Desktop/legged_nav_rl/install/unitree_hg/include/unitree_hg/unitree_hg/msg/detail/hand_cmd__rosidl_typesupport_fastrtps_c.h
[0.634s] -- Up-to-date: /home/tang-yucheng/Desktop/legged_nav_rl/install/unitree_hg/include/unitree_hg/unitree_hg/msg/detail/motor_state__rosidl_typesupport_fastrtps_c.h
[0.634s] -- Up-to-date: /home/tang-yucheng/Desktop/legged_nav_rl/install/unitree_hg/include/unitree_hg/unitree_hg/msg/detail/motor_cmd__rosidl_typesupport_fastrtps_c.h
[0.635s] -- Up-to-date: /home/tang-yucheng/Desktop/legged_nav_rl/install/unitree_hg/include/unitree_hg/unitree_hg/msg/detail/press_sensor_state__rosidl_typesupport_fastrtps_c.h
[0.635s] -- Up-to-date: /home/tang-yucheng/Desktop/legged_nav_rl/install/unitree_hg/include/unitree_hg/unitree_hg/msg/detail/low_state__rosidl_typesupport_fastrtps_c.h
[0.635s] -- Up-to-date: /home/tang-yucheng/Desktop/legged_nav_rl/install/unitree_hg/include/unitree_hg/unitree_hg/msg/detail/low_cmd__rosidl_typesupport_fastrtps_c.h
[0.635s] -- Up-to-date: /home/tang-yucheng/Desktop/legged_nav_rl/install/unitree_hg/include/unitree_hg/unitree_hg/msg/detail/imu_state__rosidl_typesupport_fastrtps_c.h
[0.635s] -- Up-to-date: /home/tang-yucheng/Desktop/legged_nav_rl/install/unitree_hg/include/unitree_hg/unitree_hg/msg/detail/main_board_state__rosidl_typesupport_fastrtps_c.h
[0.635s] -- Up-to-date: /home/tang-yucheng/Desktop/legged_nav_rl/install/unitree_hg/lib/libunitree_hg__rosidl_typesupport_fastrtps_c.so
[0.635s] -- Up-to-date: /home/tang-yucheng/Desktop/legged_nav_rl/install/unitree_hg/include/unitree_hg/unitree_hg
[0.635s] -- Up-to-date: /home/tang-yucheng/Desktop/legged_nav_rl/install/unitree_hg/include/unitree_hg/unitree_hg/msg
[0.635s] -- Up-to-date: /home/tang-yucheng/Desktop/legged_nav_rl/install/unitree_hg/include/unitree_hg/unitree_hg/msg/motor_cmd.hpp
[0.635s] -- Up-to-date: /home/tang-yucheng/Desktop/legged_nav_rl/install/unitree_hg/include/unitree_hg/unitree_hg/msg/bms_cmd.hpp
[0.635s] -- Up-to-date: /home/tang-yucheng/Desktop/legged_nav_rl/install/unitree_hg/include/unitree_hg/unitree_hg/msg/hand_cmd.hpp
[0.635s] -- Up-to-date: /home/tang-yucheng/Desktop/legged_nav_rl/install/unitree_hg/include/unitree_hg/unitree_hg/msg/imu_state.hpp
[0.636s] -- Up-to-date: /home/tang-yucheng/Desktop/legged_nav_rl/install/unitree_hg/include/unitree_hg/unitree_hg/msg/press_sensor_state.hpp
[0.636s] -- Up-to-date: /home/tang-yucheng/Desktop/legged_nav_rl/install/unitree_hg/include/unitree_hg/unitree_hg/msg/bms_state.hpp
[0.636s] -- Up-to-date: /home/tang-yucheng/Desktop/legged_nav_rl/install/unitree_hg/include/unitree_hg/unitree_hg/msg/motor_state.hpp
[0.636s] -- Up-to-date: /home/tang-yucheng/Desktop/legged_nav_rl/install/unitree_hg/include/unitree_hg/unitree_hg/msg/hand_state.hpp
[0.636s] -- Up-to-date: /home/tang-yucheng/Desktop/legged_nav_rl/install/unitree_hg/include/unitree_hg/unitree_hg/msg/main_board_state.hpp
[0.636s] -- Up-to-date: /home/tang-yucheng/Desktop/legged_nav_rl/install/unitree_hg/include/unitree_hg/unitree_hg/msg/low_state.hpp
[0.636s] -- Up-to-date: /home/tang-yucheng/Desktop/legged_nav_rl/install/unitree_hg/include/unitree_hg/unitree_hg/msg/low_cmd.hpp
[0.636s] -- Up-to-date: /home/tang-yucheng/Desktop/legged_nav_rl/install/unitree_hg/include/unitree_hg/unitree_hg/msg/detail
[0.636s] -- Up-to-date: /home/tang-yucheng/Desktop/legged_nav_rl/install/unitree_hg/include/unitree_hg/unitree_hg/msg/detail/press_sensor_state__struct.hpp
[0.637s] -- Up-to-date: /home/tang-yucheng/Desktop/legged_nav_rl/install/unitree_hg/include/unitree_hg/unitree_hg/msg/detail/bms_cmd__traits.hpp
[0.637s] -- Up-to-date: /home/tang-yucheng/Desktop/legged_nav_rl/install/unitree_hg/include/unitree_hg/unitree_hg/msg/detail/bms_cmd__builder.hpp
[0.637s] -- Up-to-date: /home/tang-yucheng/Desktop/legged_nav_rl/install/unitree_hg/include/unitree_hg/unitree_hg/msg/detail/low_state__builder.hpp
[0.637s] -- Up-to-date: /home/tang-yucheng/Desktop/legged_nav_rl/install/unitree_hg/include/unitree_hg/unitree_hg/msg/detail/motor_cmd__traits.hpp
[0.637s] -- Up-to-date: /home/tang-yucheng/Desktop/legged_nav_rl/install/unitree_hg/include/unitree_hg/unitree_hg/msg/detail/hand_cmd__struct.hpp
[0.637s] -- Up-to-date: /home/tang-yucheng/Desktop/legged_nav_rl/install/unitree_hg/include/unitree_hg/unitree_hg/msg/detail/hand_state__builder.hpp
[0.637s] -- Up-to-date: /home/tang-yucheng/Desktop/legged_nav_rl/install/unitree_hg/include/unitree_hg/unitree_hg/msg/detail/low_cmd__traits.hpp
[0.637s] -- Up-to-date: /home/tang-yucheng/Desktop/legged_nav_rl/install/unitree_hg/include/unitree_hg/unitree_hg/msg/detail/press_sensor_state__builder.hpp
[0.637s] -- Up-to-date: /home/tang-yucheng/Desktop/legged_nav_rl/install/unitree_hg/include/unitree_hg/unitree_hg/msg/detail/hand_state__struct.hpp
[0.637s] -- Up-to-date: /home/tang-yucheng/Desktop/legged_nav_rl/install/unitree_hg/include/unitree_hg/unitree_hg/msg/detail/imu_state__struct.hpp
[0.637s] -- Up-to-date: /home/tang-yucheng/Desktop/legged_nav_rl/install/unitree_hg/include/unitree_hg/unitree_hg/msg/detail/low_state__traits.hpp
[0.638s] -- Up-to-date: /home/tang-yucheng/Desktop/legged_nav_rl/install/unitree_hg/include/unitree_hg/unitree_hg/msg/detail/motor_state__builder.hpp
[0.638s] -- Up-to-date: /home/tang-yucheng/Desktop/legged_nav_rl/install/unitree_hg/include/unitree_hg/unitree_hg/msg/detail/low_cmd__struct.hpp
[0.638s] -- Up-to-date: /home/tang-yucheng/Desktop/legged_nav_rl/install/unitree_hg/include/unitree_hg/unitree_hg/msg/detail/motor_cmd__struct.hpp
[0.638s] -- Up-to-date: /home/tang-yucheng/Desktop/legged_nav_rl/install/unitree_hg/include/unitree_hg/unitree_hg/msg/detail/hand_state__traits.hpp
[0.638s] -- Up-to-date: /home/tang-yucheng/Desktop/legged_nav_rl/install/unitree_hg/include/unitree_hg/unitree_hg/msg/detail/press_sensor_state__traits.hpp
[0.638s] -- Up-to-date: /home/tang-yucheng/Desktop/legged_nav_rl/install/unitree_hg/include/unitree_hg/unitree_hg/msg/detail/imu_state__builder.hpp
[0.638s] -- Up-to-date: /home/tang-yucheng/Desktop/legged_nav_rl/install/unitree_hg/include/unitree_hg/unitree_hg/msg/detail/bms_state__traits.hpp
[0.638s] -- Up-to-date: /home/tang-yucheng/Desktop/legged_nav_rl/install/unitree_hg/include/unitree_hg/unitree_hg/msg/detail/bms_cmd__struct.hpp
[0.638s] -- Up-to-date: /home/tang-yucheng/Desktop/legged_nav_rl/install/unitree_hg/include/unitree_hg/unitree_hg/msg/detail/low_cmd__builder.hpp
[0.638s] -- Up-to-date: /home/tang-yucheng/Desktop/legged_nav_rl/install/unitree_hg/include/unitree_hg/unitree_hg/msg/detail/low_state__struct.hpp
[0.638s] -- Up-to-date: /home/tang-yucheng/Desktop/legged_nav_rl/install/unitree_hg/include/unitree_hg/unitree_hg/msg/detail/main_board_state__struct.hpp
[0.639s] -- Up-to-date: /home/tang-yucheng/Desktop/legged_nav_rl/install/unitree_hg/include/unitree_hg/unitree_hg/msg/detail/bms_state__builder.hpp
[0.639s] -- Up-to-date: /home/tang-yucheng/Desktop/legged_nav_rl/install/unitree_hg/include/unitree_hg/unitree_hg/msg/detail/motor_state__traits.hpp
[0.639s] -- Up-to-date: /home/tang-yucheng/Desktop/legged_nav_rl/install/unitree_hg/include/unitree_hg/unitree_hg/msg/detail/hand_cmd__builder.hpp
[0.639s] -- Up-to-date: /home/tang-yucheng/Desktop/legged_nav_rl/install/unitree_hg/include/unitree_hg/unitree_hg/msg/detail/motor_state__struct.hpp
[0.639s] -- Up-to-date: /home/tang-yucheng/Desktop/legged_nav_rl/install/unitree_hg/include/unitree_hg/unitree_hg/msg/detail/motor_cmd__builder.hpp
[0.639s] -- Up-to-date: /home/tang-yucheng/Desktop/legged_nav_rl/install/unitree_hg/include/unitree_hg/unitree_hg/msg/detail/imu_state__traits.hpp
[0.639s] -- Up-to-date: /home/tang-yucheng/Desktop/legged_nav_rl/install/unitree_hg/include/unitree_hg/unitree_hg/msg/detail/bms_state__struct.hpp
[0.639s] -- Up-to-date: /home/tang-yucheng/Desktop/legged_nav_rl/install/unitree_hg/include/unitree_hg/unitree_hg/msg/detail/main_board_state__builder.hpp
[0.639s] -- Up-to-date: /home/tang-yucheng/Desktop/legged_nav_rl/install/unitree_hg/include/unitree_hg/unitree_hg/msg/detail/main_board_state__traits.hpp
[0.639s] -- Up-to-date: /home/tang-yucheng/Desktop/legged_nav_rl/install/unitree_hg/include/unitree_hg/unitree_hg/msg/detail/hand_cmd__traits.hpp
[0.639s] -- Up-to-date: /home/tang-yucheng/Desktop/legged_nav_rl/install/unitree_hg/include/unitree_hg/unitree_hg
[0.639s] -- Up-to-date: /home/tang-yucheng/Desktop/legged_nav_rl/install/unitree_hg/include/unitree_hg/unitree_hg/msg
[0.639s] -- Up-to-date: /home/tang-yucheng/Desktop/legged_nav_rl/install/unitree_hg/include/unitree_hg/unitree_hg/msg/rosidl_typesupport_fastrtps_cpp__visibility_control.h
[0.640s] -- Up-to-date: /home/tang-yucheng/Desktop/legged_nav_rl/install/unitree_hg/include/unitree_hg/unitree_hg/msg/detail
[0.640s] -- Up-to-date: /home/tang-yucheng/Desktop/legged_nav_rl/install/unitree_hg/include/unitree_hg/unitree_hg/msg/detail/low_state__rosidl_typesupport_fastrtps_cpp.hpp
[0.640s] -- Up-to-date: /home/tang-yucheng/Desktop/legged_nav_rl/install/unitree_hg/include/unitree_hg/unitree_hg/msg/detail/motor_state__rosidl_typesupport_fastrtps_cpp.hpp
[0.640s] -- Up-to-date: /home/tang-yucheng/Desktop/legged_nav_rl/install/unitree_hg/include/unitree_hg/unitree_hg/msg/detail/dds_fastrtps
[0.640s] -- Up-to-date: /home/tang-yucheng/Desktop/legged_nav_rl/install/unitree_hg/include/unitree_hg/unitree_hg/msg/detail/main_board_state__rosidl_typesupport_fastrtps_cpp.hpp
[0.640s] -- Up-to-date: /home/tang-yucheng/Desktop/legged_nav_rl/install/unitree_hg/include/unitree_hg/unitree_hg/msg/detail/bms_state__rosidl_typesupport_fastrtps_cpp.hpp
[0.640s] -- Up-to-date: /home/tang-yucheng/Desktop/legged_nav_rl/install/unitree_hg/include/unitree_hg/unitree_hg/msg/detail/low_cmd__rosidl_typesupport_fastrtps_cpp.hpp
[0.640s] -- Up-to-date: /home/tang-yucheng/Desktop/legged_nav_rl/install/unitree_hg/include/unitree_hg/unitree_hg/msg/detail/hand_cmd__rosidl_typesupport_fastrtps_cpp.hpp
[0.640s] -- Up-to-date: /home/tang-yucheng/Desktop/legged_nav_rl/install/unitree_hg/include/unitree_hg/unitree_hg/msg/detail/imu_state__rosidl_typesupport_fastrtps_cpp.hpp
[0.640s] -- Up-to-date: /home/tang-yucheng/Desktop/legged_nav_rl/install/unitree_hg/include/unitree_hg/unitree_hg/msg/detail/motor_cmd__rosidl_typesupport_fastrtps_cpp.hpp
[0.640s] -- Up-to-date: /home/tang-yucheng/Desktop/legged_nav_rl/install/unitree_hg/include/unitree_hg/unitree_hg/msg/detail/hand_state__rosidl_typesupport_fastrtps_cpp.hpp
[0.640s] -- Up-to-date: /home/tang-yucheng/Desktop/legged_nav_rl/install/unitree_hg/include/unitree_hg/unitree_hg/msg/detail/press_sensor_state__rosidl_typesupport_fastrtps_cpp.hpp
[0.641s] -- Up-to-date: /home/tang-yucheng/Desktop/legged_nav_rl/install/unitree_hg/include/unitree_hg/unitree_hg/msg/detail/bms_cmd__rosidl_typesupport_fastrtps_cpp.hpp
[0.641s] -- Up-to-date: /home/tang-yucheng/Desktop/legged_nav_rl/install/unitree_hg/lib/libunitree_hg__rosidl_typesupport_fastrtps_cpp.so
[0.641s] -- Up-to-date: /home/tang-yucheng/Desktop/legged_nav_rl/install/unitree_hg/include/unitree_hg/unitree_hg
[0.641s] -- Up-to-date: /home/tang-yucheng/Desktop/legged_nav_rl/install/unitree_hg/include/unitree_hg/unitree_hg/msg
[0.641s] -- Up-to-date: /home/tang-yucheng/Desktop/legged_nav_rl/install/unitree_hg/include/unitree_hg/unitree_hg/msg/rosidl_typesupport_introspection_c__visibility_control.h
[0.641s] -- Up-to-date: /home/tang-yucheng/Desktop/legged_nav_rl/install/unitree_hg/include/unitree_hg/unitree_hg/msg/detail
[0.641s] -- Up-to-date: /home/tang-yucheng/Desktop/legged_nav_rl/install/unitree_hg/include/unitree_hg/unitree_hg/msg/detail/bms_state__type_support.c
[0.641s] -- Up-to-date: /home/tang-yucheng/Desktop/legged_nav_rl/install/unitree_hg/include/unitree_hg/unitree_hg/msg/detail/main_board_state__type_support.c
[0.641s] -- Up-to-date: /home/tang-yucheng/Desktop/legged_nav_rl/install/unitree_hg/include/unitree_hg/unitree_hg/msg/detail/hand_state__type_support.c
[0.641s] -- Up-to-date: /home/tang-yucheng/Desktop/legged_nav_rl/install/unitree_hg/include/unitree_hg/unitree_hg/msg/detail/press_sensor_state__rosidl_typesupport_introspection_c.h
[0.641s] -- Up-to-date: /home/tang-yucheng/Desktop/legged_nav_rl/install/unitree_hg/include/unitree_hg/unitree_hg/msg/detail/motor_cmd__rosidl_typesupport_introspection_c.h
[0.641s] -- Up-to-date: /home/tang-yucheng/Desktop/legged_nav_rl/install/unitree_hg/include/unitree_hg/unitree_hg/msg/detail/press_sensor_state__type_support.c
[0.642s] -- Up-to-date: /home/tang-yucheng/Desktop/legged_nav_rl/install/unitree_hg/include/unitree_hg/unitree_hg/msg/detail/low_cmd__type_support.c
[0.642s] -- Up-to-date: /home/tang-yucheng/Desktop/legged_nav_rl/install/unitree_hg/include/unitree_hg/unitree_hg/msg/detail/low_state__rosidl_typesupport_introspection_c.h
[0.642s] -- Up-to-date: /home/tang-yucheng/Desktop/legged_nav_rl/install/unitree_hg/include/unitree_hg/unitree_hg/msg/detail/bms_state__rosidl_typesupport_introspection_c.h
[0.642s] -- Up-to-date: /home/tang-yucheng/Desktop/legged_nav_rl/install/unitree_hg/include/unitree_hg/unitree_hg/msg/detail/bms_cmd__type_support.c
[0.642s] -- Up-to-date: /home/tang-yucheng/Desktop/legged_nav_rl/install/unitree_hg/include/unitree_hg/unitree_hg/msg/detail/motor_state__type_support.c
[0.642s] -- Up-to-date: /home/tang-yucheng/Desktop/legged_nav_rl/install/unitree_hg/include/unitree_hg/unitree_hg/msg/detail/imu_state__rosidl_typesupport_introspection_c.h
[0.642s] -- Up-to-date: /home/tang-yucheng/Desktop/legged_nav_rl/install/unitree_hg/include/unitree_hg/unitree_hg/msg/detail/hand_cmd__rosidl_typesupport_introspection_c.h
[0.642s] -- Up-to-date: /home/tang-yucheng/Desktop/legged_nav_rl/install/unitree_hg/include/unitree_hg/unitree_hg/msg/detail/main_board_state__rosidl_typesupport_introspection_c.h
[0.642s] -- Up-to-date: /home/tang-yucheng/Desktop/legged_nav_rl/install/unitree_hg/include/unitree_hg/unitree_hg/msg/detail/motor_state__rosidl_typesupport_introspection_c.h
[0.642s] -- Up-to-date: /home/tang-yucheng/Desktop/legged_nav_rl/install/unitree_hg/include/unitree_hg/unitree_hg/msg/detail/hand_state__rosidl_typesupport_introspection_c.h
[0.642s] -- Up-to-date: /home/tang-yucheng/Desktop/legged_nav_rl/install/unitree_hg/include/unitree_hg/unitree_hg/msg/detail/imu_state__type_support.c
[0.643s] -- Up-to-date: /home/tang-yucheng/Desktop/legged_nav_rl/install/unitree_hg/include/unitree_hg/unitree_hg/msg/detail/hand_cmd__type_support.c
[0.643s] -- Up-to-date: /home/tang-yucheng/Desktop/legged_nav_rl/install/unitree_hg/include/unitree_hg/unitree_hg/msg/detail/low_state__type_support.c
[0.643s] -- Up-to-date: /home/tang-yucheng/Desktop/legged_nav_rl/install/unitree_hg/include/unitree_hg/unitree_hg/msg/detail/low_cmd__rosidl_typesupport_introspection_c.h
[0.643s] -- Up-to-date: /home/tang-yucheng/Desktop/legged_nav_rl/install/unitree_hg/include/unitree_hg/unitree_hg/msg/detail/motor_cmd__type_support.c
[0.643s] -- Up-to-date: /home/tang-yucheng/Desktop/legged_nav_rl/install/unitree_hg/include/unitree_hg/unitree_hg/msg/detail/bms_cmd__rosidl_typesupport_introspection_c.h
[0.643s] -- Up-to-date: /home/tang-yucheng/Desktop/legged_nav_rl/install/unitree_hg/lib/libunitree_hg__rosidl_typesupport_introspection_c.so
[0.643s] -- Up-to-date: /home/tang-yucheng/Desktop/legged_nav_rl/install/unitree_hg/lib/libunitree_hg__rosidl_typesupport_c.so
[0.643s] -- Up-to-date: /home/tang-yucheng/Desktop/legged_nav_rl/install/unitree_hg/include/unitree_hg/unitree_hg
[0.643s] -- Up-to-date: /home/tang-yucheng/Desktop/legged_nav_rl/install/unitree_hg/include/unitree_hg/unitree_hg/msg
[0.643s] -- Up-to-date: /home/tang-yucheng/Desktop/legged_nav_rl/install/unitree_hg/include/unitree_hg/unitree_hg/msg/detail
[0.644s] -- Up-to-date: /home/tang-yucheng/Desktop/legged_nav_rl/install/unitree_hg/include/unitree_hg/unitree_hg/msg/detail/main_board_state__type_support.cpp
[0.644s] -- Up-to-date: /home/tang-yucheng/Desktop/legged_nav_rl/install/unitree_hg/include/unitree_hg/unitree_hg/msg/detail/motor_cmd__rosidl_typesupport_introspection_cpp.hpp
[0.644s] -- Up-to-date: /home/tang-yucheng/Desktop/legged_nav_rl/install/unitree_hg/include/unitree_hg/unitree_hg/msg/detail/motor_cmd__type_support.cpp
[0.644s] -- Up-to-date: /home/tang-yucheng/Desktop/legged_nav_rl/install/unitree_hg/include/unitree_hg/unitree_hg/msg/detail/motor_state__type_support.cpp
[0.644s] -- Up-to-date: /home/tang-yucheng/Desktop/legged_nav_rl/install/unitree_hg/include/unitree_hg/unitree_hg/msg/detail/imu_state__rosidl_typesupport_introspection_cpp.hpp
[0.644s] -- Up-to-date: /home/tang-yucheng/Desktop/legged_nav_rl/install/unitree_hg/include/unitree_hg/unitree_hg/msg/detail/press_sensor_state__rosidl_typesupport_introspection_cpp.hpp
[0.644s] -- Up-to-date: /home/tang-yucheng/Desktop/legged_nav_rl/install/unitree_hg/include/unitree_hg/unitree_hg/msg/detail/hand_state__type_support.cpp
[0.644s] -- Up-to-date: /home/tang-yucheng/Desktop/legged_nav_rl/install/unitree_hg/include/unitree_hg/unitree_hg/msg/detail/bms_cmd__type_support.cpp
[0.644s] -- Up-to-date: /home/tang-yucheng/Desktop/legged_nav_rl/install/unitree_hg/include/unitree_hg/unitree_hg/msg/detail/hand_cmd__type_support.cpp
[0.644s] -- Up-to-date: /home/tang-yucheng/Desktop/legged_nav_rl/install/unitree_hg/include/unitree_hg/unitree_hg/msg/detail/main_board_state__rosidl_typesupport_introspection_cpp.hpp
[0.644s] -- Up-to-date: /home/tang-yucheng/Desktop/legged_nav_rl/install/unitree_hg/include/unitree_hg/unitree_hg/msg/detail/hand_state__rosidl_typesupport_introspection_cpp.hpp
[0.644s] -- Up-to-date: /home/tang-yucheng/Desktop/legged_nav_rl/install/unitree_hg/include/unitree_hg/unitree_hg/msg/detail/low_cmd__type_support.cpp
[0.644s] -- Up-to-date: /home/tang-yucheng/Desktop/legged_nav_rl/install/unitree_hg/include/unitree_hg/unitree_hg/msg/detail/press_sensor_state__type_support.cpp
[0.645s] -- Up-to-date: /home/tang-yucheng/Desktop/legged_nav_rl/install/unitree_hg/include/unitree_hg/unitree_hg/msg/detail/low_state__rosidl_typesupport_introspection_cpp.hpp
[0.645s] -- Up-to-date: /home/tang-yucheng/Desktop/legged_nav_rl/install/unitree_hg/include/unitree_hg/unitree_hg/msg/detail/bms_state__rosidl_typesupport_introspection_cpp.hpp
[0.645s] -- Up-to-date: /home/tang-yucheng/Desktop/legged_nav_rl/install/unitree_hg/include/unitree_hg/unitree_hg/msg/detail/bms_cmd__rosidl_typesupport_introspection_cpp.hpp
[0.645s] -- Up-to-date: /home/tang-yucheng/Desktop/legged_nav_rl/install/unitree_hg/include/unitree_hg/unitree_hg/msg/detail/motor_state__rosidl_typesupport_introspection_cpp.hpp
[0.645s] -- Up-to-date: /home/tang-yucheng/Desktop/legged_nav_rl/install/unitree_hg/include/unitree_hg/unitree_hg/msg/detail/low_cmd__rosidl_typesupport_introspection_cpp.hpp
[0.645s] -- Up-to-date: /home/tang-yucheng/Desktop/legged_nav_rl/install/unitree_hg/include/unitree_hg/unitree_hg/msg/detail/bms_state__type_support.cpp
[0.645s] -- Up-to-date: /home/tang-yucheng/Desktop/legged_nav_rl/install/unitree_hg/include/unitree_hg/unitree_hg/msg/detail/imu_state__type_support.cpp
[0.645s] -- Up-to-date: /home/tang-yucheng/Desktop/legged_nav_rl/install/unitree_hg/include/unitree_hg/unitree_hg/msg/detail/low_state__type_support.cpp
[0.645s] -- Up-to-date: /home/tang-yucheng/Desktop/legged_nav_rl/install/unitree_hg/include/unitree_hg/unitree_hg/msg/detail/hand_cmd__rosidl_typesupport_introspection_cpp.hpp
[0.645s] -- Up-to-date: /home/tang-yucheng/Desktop/legged_nav_rl/install/unitree_hg/lib/libunitree_hg__rosidl_typesupport_introspection_cpp.so
[0.645s] -- Up-to-date: /home/tang-yucheng/Desktop/legged_nav_rl/install/unitree_hg/lib/libunitree_hg__rosidl_typesupport_cpp.so
[0.645s] -- Up-to-date: /home/tang-yucheng/Desktop/legged_nav_rl/install/unitree_hg/share/unitree_hg/environment/pythonpath.sh
[0.645s] -- Up-to-date: /home/tang-yucheng/Desktop/legged_nav_rl/install/unitree_hg/share/unitree_hg/environment/pythonpath.dsv
[0.645s] -- Up-to-date: /home/tang-yucheng/Desktop/legged_nav_rl/install/unitree_hg/local/lib/python3.10/dist-packages/unitree_hg-0.0.0-py3.10.egg-info
[0.645s] -- Installing: /home/tang-yucheng/Desktop/legged_nav_rl/install/unitree_hg/local/lib/python3.10/dist-packages/unitree_hg-0.0.0-py3.10.egg-info/SOURCES.txt
[0.645s] -- Installing: /home/tang-yucheng/Desktop/legged_nav_rl/install/unitree_hg/local/lib/python3.10/dist-packages/unitree_hg-0.0.0-py3.10.egg-info/dependency_links.txt
[0.645s] -- Installing: /home/tang-yucheng/Desktop/legged_nav_rl/install/unitree_hg/local/lib/python3.10/dist-packages/unitree_hg-0.0.0-py3.10.egg-info/PKG-INFO
[0.645s] -- Installing: /home/tang-yucheng/Desktop/legged_nav_rl/install/unitree_hg/local/lib/python3.10/dist-packages/unitree_hg-0.0.0-py3.10.egg-info/top_level.txt
[0.645s] -- Up-to-date: /home/tang-yucheng/Desktop/legged_nav_rl/install/unitree_hg/local/lib/python3.10/dist-packages/unitree_hg
[0.645s] -- Up-to-date: /home/tang-yucheng/Desktop/legged_nav_rl/install/unitree_hg/local/lib/python3.10/dist-packages/unitree_hg/__init__.py
[0.645s] -- Up-to-date: /home/tang-yucheng/Desktop/legged_nav_rl/install/unitree_hg/local/lib/python3.10/dist-packages/unitree_hg/_unitree_hg_s.ep.rosidl_typesupport_introspection_c.c
[0.645s] -- Up-to-date: /home/tang-yucheng/Desktop/legged_nav_rl/install/unitree_hg/local/lib/python3.10/dist-packages/unitree_hg/libunitree_hg__rosidl_generator_py.so
[0.645s] -- Up-to-date: /home/tang-yucheng/Desktop/legged_nav_rl/install/unitree_hg/local/lib/python3.10/dist-packages/unitree_hg/unitree_hg_s__rosidl_typesupport_introspection_c.cpython-310-x86_64-linux-gnu.so
[0.645s] -- Up-to-date: /home/tang-yucheng/Desktop/legged_nav_rl/install/unitree_hg/local/lib/python3.10/dist-packages/unitree_hg/_unitree_hg_s.ep.rosidl_typesupport_fastrtps_c.c
[0.645s] -- Up-to-date: /home/tang-yucheng/Desktop/legged_nav_rl/install/unitree_hg/local/lib/python3.10/dist-packages/unitree_hg/unitree_hg_s__rosidl_typesupport_c.cpython-310-x86_64-linux-gnu.so
[0.645s] -- Up-to-date: /home/tang-yucheng/Desktop/legged_nav_rl/install/unitree_hg/local/lib/python3.10/dist-packages/unitree_hg/unitree_hg_s__rosidl_typesupport_fastrtps_c.cpython-310-x86_64-linux-gnu.so
[0.645s] -- Up-to-date: /home/tang-yucheng/Desktop/legged_nav_rl/install/unitree_hg/local/lib/python3.10/dist-packages/unitree_hg/_unitree_hg_s.ep.rosidl_typesupport_c.c
[0.645s] -- Up-to-date: /home/tang-yucheng/Desktop/legged_nav_rl/install/unitree_hg/local/lib/python3.10/dist-packages/unitree_hg/msg
[0.645s] -- Up-to-date: /home/tang-yucheng/Desktop/legged_nav_rl/install/unitree_hg/local/lib/python3.10/dist-packages/unitree_hg/msg/_hand_cmd_s.c
[0.646s] -- Up-to-date: /home/tang-yucheng/Desktop/legged_nav_rl/install/unitree_hg/local/lib/python3.10/dist-packages/unitree_hg/msg/__init__.py
[0.646s] -- Up-to-date: /home/tang-yucheng/Desktop/legged_nav_rl/install/unitree_hg/local/lib/python3.10/dist-packages/unitree_hg/msg/_motor_state.py
[0.646s] -- Up-to-date: /home/tang-yucheng/Desktop/legged_nav_rl/install/unitree_hg/local/lib/python3.10/dist-packages/unitree_hg/msg/_motor_cmd_s.c
[0.646s] -- Up-to-date: /home/tang-yucheng/Desktop/legged_nav_rl/install/unitree_hg/local/lib/python3.10/dist-packages/unitree_hg/msg/_hand_state.py
[0.646s] -- Up-to-date: /home/tang-yucheng/Desktop/legged_nav_rl/install/unitree_hg/local/lib/python3.10/dist-packages/unitree_hg/msg/_low_cmd_s.c
[0.646s] -- Up-to-date: /home/tang-yucheng/Desktop/legged_nav_rl/install/unitree_hg/local/lib/python3.10/dist-packages/unitree_hg/msg/_imu_state.py
[0.646s] -- Up-to-date: /home/tang-yucheng/Desktop/legged_nav_rl/install/unitree_hg/local/lib/python3.10/dist-packages/unitree_hg/msg/_hand_cmd.py
[0.646s] -- Up-to-date: /home/tang-yucheng/Desktop/legged_nav_rl/install/unitree_hg/local/lib/python3.10/dist-packages/unitree_hg/msg/_main_board_state_s.c
[0.646s] -- Up-to-date: /home/tang-yucheng/Desktop/legged_nav_rl/install/unitree_hg/local/lib/python3.10/dist-packages/unitree_hg/msg/_press_sensor_state.py
[0.646s] -- Up-to-date: /home/tang-yucheng/Desktop/legged_nav_rl/install/unitree_hg/local/lib/python3.10/dist-packages/unitree_hg/msg/_low_state_s.c
[0.646s] -- Up-to-date: /home/tang-yucheng/Desktop/legged_nav_rl/install/unitree_hg/local/lib/python3.10/dist-packages/unitree_hg/msg/_bms_cmd_s.c
[0.646s] -- Up-to-date: /home/tang-yucheng/Desktop/legged_nav_rl/install/unitree_hg/local/lib/python3.10/dist-packages/unitree_hg/msg/_bms_state.py
[0.646s] -- Up-to-date: /home/tang-yucheng/Desktop/legged_nav_rl/install/unitree_hg/local/lib/python3.10/dist-packages/unitree_hg/msg/_main_board_state.py
[0.646s] -- Up-to-date: /home/tang-yucheng/Desktop/legged_nav_rl/install/unitree_hg/local/lib/python3.10/dist-packages/unitree_hg/msg/_low_state.py
[0.646s] -- Up-to-date: /home/tang-yucheng/Desktop/legged_nav_rl/install/unitree_hg/local/lib/python3.10/dist-packages/unitree_hg/msg/_motor_cmd.py
[0.646s] -- Up-to-date: /home/tang-yucheng/Desktop/legged_nav_rl/install/unitree_hg/local/lib/python3.10/dist-packages/unitree_hg/msg/_press_sensor_state_s.c
[0.646s] -- Up-to-date: /home/tang-yucheng/Desktop/legged_nav_rl/install/unitree_hg/local/lib/python3.10/dist-packages/unitree_hg/msg/_motor_state_s.c
[0.646s] -- Up-to-date: /home/tang-yucheng/Desktop/legged_nav_rl/install/unitree_hg/local/lib/python3.10/dist-packages/unitree_hg/msg/_low_cmd.py
[0.646s] -- Up-to-date: /home/tang-yucheng/Desktop/legged_nav_rl/install/unitree_hg/local/lib/python3.10/dist-packages/unitree_hg/msg/_hand_state_s.c
[0.646s] -- Up-to-date: /home/tang-yucheng/Desktop/legged_nav_rl/install/unitree_hg/local/lib/python3.10/dist-packages/unitree_hg/msg/_imu_state_s.c
[0.646s] -- Up-to-date: /home/tang-yucheng/Desktop/legged_nav_rl/install/unitree_hg/local/lib/python3.10/dist-packages/unitree_hg/msg/_bms_state_s.c
[0.646s] -- Up-to-date: /home/tang-yucheng/Desktop/legged_nav_rl/install/unitree_hg/local/lib/python3.10/dist-packages/unitree_hg/msg/_bms_cmd.py
[0.660s] Listing '/home/tang-yucheng/Desktop/legged_nav_rl/install/unitree_hg/local/lib/python3.10/dist-packages/unitree_hg'...
[0.660s] Listing '/home/tang-yucheng/Desktop/legged_nav_rl/install/unitree_hg/local/lib/python3.10/dist-packages/unitree_hg/msg'...
[0.664s] -- Up-to-date: /home/tang-yucheng/Desktop/legged_nav_rl/install/unitree_hg/local/lib/python3.10/dist-packages/unitree_hg/unitree_hg_s__rosidl_typesupport_fastrtps_c.cpython-310-x86_64-linux-gnu.so
[0.664s] -- Up-to-date: /home/tang-yucheng/Desktop/legged_nav_rl/install/unitree_hg/local/lib/python3.10/dist-packages/unitree_hg/unitree_hg_s__rosidl_typesupport_introspection_c.cpython-310-x86_64-linux-gnu.so
[0.664s] -- Up-to-date: /home/tang-yucheng/Desktop/legged_nav_rl/install/unitree_hg/local/lib/python3.10/dist-packages/unitree_hg/unitree_hg_s__rosidl_typesupport_c.cpython-310-x86_64-linux-gnu.so
[0.664s] -- Up-to-date: /home/tang-yucheng/Desktop/legged_nav_rl/install/unitree_hg/lib/libunitree_hg__rosidl_generator_py.so
[0.664s] -- Up-to-date: /home/tang-yucheng/Desktop/legged_nav_rl/install/unitree_hg/share/unitree_hg/msg/BmsCmd.idl
[0.665s] -- Up-to-date: /home/tang-yucheng/Desktop/legged_nav_rl/install/unitree_hg/share/unitree_hg/msg/BmsState.idl
[0.665s] -- Up-to-date: /home/tang-yucheng/Desktop/legged_nav_rl/install/unitree_hg/share/unitree_hg/msg/HandCmd.idl
[0.665s] -- Up-to-date: /home/tang-yucheng/Desktop/legged_nav_rl/install/unitree_hg/share/unitree_hg/msg/HandState.idl
[0.665s] -- Up-to-date: /home/tang-yucheng/Desktop/legged_nav_rl/install/unitree_hg/share/unitree_hg/msg/IMUState.idl
[0.665s] -- Up-to-date: /home/tang-yucheng/Desktop/legged_nav_rl/install/unitree_hg/share/unitree_hg/msg/LowCmd.idl
[0.665s] -- Up-to-date: /home/tang-yucheng/Desktop/legged_nav_rl/install/unitree_hg/share/unitree_hg/msg/LowState.idl
[0.665s] -- Up-to-date: /home/tang-yucheng/Desktop/legged_nav_rl/install/unitree_hg/share/unitree_hg/msg/MainBoardState.idl
[0.665s] -- Up-to-date: /home/tang-yucheng/Desktop/legged_nav_rl/install/unitree_hg/share/unitree_hg/msg/MotorCmd.idl
[0.665s] -- Up-to-date: /home/tang-yucheng/Desktop/legged_nav_rl/install/unitree_hg/share/unitree_hg/msg/MotorState.idl
[0.665s] -- Up-to-date: /home/tang-yucheng/Desktop/legged_nav_rl/install/unitree_hg/share/unitree_hg/msg/PressSensorState.idl
[0.666s] -- Up-to-date: /home/tang-yucheng/Desktop/legged_nav_rl/install/unitree_hg/share/unitree_hg/msg/BmsCmd.msg
[0.666s] -- Up-to-date: /home/tang-yucheng/Desktop/legged_nav_rl/install/unitree_hg/share/unitree_hg/msg/BmsState.msg
[0.666s] -- Up-to-date: /home/tang-yucheng/Desktop/legged_nav_rl/install/unitree_hg/share/unitree_hg/msg/HandCmd.msg
[0.667s] -- Up-to-date: /home/tang-yucheng/Desktop/legged_nav_rl/install/unitree_hg/share/unitree_hg/msg/HandState.msg
[0.667s] -- Up-to-date: /home/tang-yucheng/Desktop/legged_nav_rl/install/unitree_hg/share/unitree_hg/msg/IMUState.msg
[0.667s] -- Up-to-date: /home/tang-yucheng/Desktop/legged_nav_rl/install/unitree_hg/share/unitree_hg/msg/LowCmd.msg
[0.667s] -- Up-to-date: /home/tang-yucheng/Desktop/legged_nav_rl/install/unitree_hg/share/unitree_hg/msg/LowState.msg
[0.667s] -- Up-to-date: /home/tang-yucheng/Desktop/legged_nav_rl/install/unitree_hg/share/unitree_hg/msg/MainBoardState.msg
[0.667s] -- Up-to-date: /home/tang-yucheng/Desktop/legged_nav_rl/install/unitree_hg/share/unitree_hg/msg/MotorCmd.msg
[0.667s] -- Up-to-date: /home/tang-yucheng/Desktop/legged_nav_rl/install/unitree_hg/share/unitree_hg/msg/MotorState.msg
[0.667s] -- Up-to-date: /home/tang-yucheng/Desktop/legged_nav_rl/install/unitree_hg/share/unitree_hg/msg/PressSensorState.msg
[0.667s] -- Up-to-date: /home/tang-yucheng/Desktop/legged_nav_rl/install/unitree_hg/share/unitree_hg/msg/dds_connext
[0.667s] -- Up-to-date: /home/tang-yucheng/Desktop/legged_nav_rl/install/unitree_hg/share/unitree_hg/msg/dds_connext/BmsCmd_.idl
[0.667s] -- Up-to-date: /home/tang-yucheng/Desktop/legged_nav_rl/install/unitree_hg/share/unitree_hg/msg/dds_connext/MotorState_.idl
[0.667s] -- Up-to-date: /home/tang-yucheng/Desktop/legged_nav_rl/install/unitree_hg/share/unitree_hg/msg/dds_connext/MotorCmd_.idl
[0.667s] -- Up-to-date: /home/tang-yucheng/Desktop/legged_nav_rl/install/unitree_hg/share/unitree_hg/msg/dds_connext/HandCmd_.idl
[0.667s] -- Up-to-date: /home/tang-yucheng/Desktop/legged_nav_rl/install/unitree_hg/share/unitree_hg/msg/dds_connext/LowCmd_.idl
[0.667s] -- Up-to-date: /home/tang-yucheng/Desktop/legged_nav_rl/install/unitree_hg/share/unitree_hg/msg/dds_connext/LowState_.idl
[0.667s] -- Up-to-date: /home/tang-yucheng/Desktop/legged_nav_rl/install/unitree_hg/share/unitree_hg/msg/dds_connext/MainBoardState_.idl
[0.667s] -- Up-to-date: /home/tang-yucheng/Desktop/legged_nav_rl/install/unitree_hg/share/unitree_hg/msg/dds_connext/BmsState_.idl
[0.667s] -- Up-to-date: /home/tang-yucheng/Desktop/legged_nav_rl/install/unitree_hg/share/unitree_hg/msg/dds_connext/HandState_.idl
[0.668s] -- Up-to-date: /home/tang-yucheng/Desktop/legged_nav_rl/install/unitree_hg/share/unitree_hg/msg/dds_connext/PressSensorState_.idl
[0.668s] -- Up-to-date: /home/tang-yucheng/Desktop/legged_nav_rl/install/unitree_hg/share/unitree_hg/msg/dds_connext/IMUState_.idl
[0.669s] -- Up-to-date: /home/tang-yucheng/Desktop/legged_nav_rl/install/unitree_hg/share/ament_index/resource_index/package_run_dependencies/unitree_hg
[0.669s] -- Up-to-date: /home/tang-yucheng/Desktop/legged_nav_rl/install/unitree_hg/share/ament_index/resource_index/parent_prefix_path/unitree_hg
[0.669s] -- Up-to-date: /home/tang-yucheng/Desktop/legged_nav_rl/install/unitree_hg/share/unitree_hg/environment/ament_prefix_path.sh
[0.669s] -- Up-to-date: /home/tang-yucheng/Desktop/legged_nav_rl/install/unitree_hg/share/unitree_hg/environment/ament_prefix_path.dsv
[0.669s] -- Up-to-date: /home/tang-yucheng/Desktop/legged_nav_rl/install/unitree_hg/share/unitree_hg/environment/path.sh
[0.669s] -- Up-to-date: /home/tang-yucheng/Desktop/legged_nav_rl/install/unitree_hg/share/unitree_hg/environment/path.dsv
[0.669s] -- Up-to-date: /home/tang-yucheng/Desktop/legged_nav_rl/install/unitree_hg/share/unitree_hg/local_setup.bash
[0.669s] -- Up-to-date: /home/tang-yucheng/Desktop/legged_nav_rl/install/unitree_hg/share/unitree_hg/local_setup.sh
[0.669s] -- Up-to-date: /home/tang-yucheng/Desktop/legged_nav_rl/install/unitree_hg/share/unitree_hg/local_setup.zsh
[0.669s] -- Up-to-date: /home/tang-yucheng/Desktop/legged_nav_rl/install/unitree_hg/share/unitree_hg/local_setup.dsv
[0.669s] -- Installing: /home/tang-yucheng/Desktop/legged_nav_rl/install/unitree_hg/share/unitree_hg/package.dsv
[0.670s] -- Up-to-date: /home/tang-yucheng/Desktop/legged_nav_rl/install/unitree_hg/share/ament_index/resource_index/packages/unitree_hg
[0.670s] -- Up-to-date: /home/tang-yucheng/Desktop/legged_nav_rl/install/unitree_hg/share/unitree_hg/cmake/export_unitree_hg__rosidl_generator_cExport.cmake
[0.670s] -- Up-to-date: /home/tang-yucheng/Desktop/legged_nav_rl/install/unitree_hg/share/unitree_hg/cmake/export_unitree_hg__rosidl_generator_cExport-noconfig.cmake
[0.670s] -- Up-to-date: /home/tang-yucheng/Desktop/legged_nav_rl/install/unitree_hg/share/unitree_hg/cmake/export_unitree_hg__rosidl_typesupport_fastrtps_cExport.cmake
[0.671s] -- Up-to-date: /home/tang-yucheng/Desktop/legged_nav_rl/install/unitree_hg/share/unitree_hg/cmake/export_unitree_hg__rosidl_typesupport_fastrtps_cExport-noconfig.cmake
[0.671s] -- Up-to-date: /home/tang-yucheng/Desktop/legged_nav_rl/install/unitree_hg/share/unitree_hg/cmake/export_unitree_hg__rosidl_generator_cppExport.cmake
[0.671s] -- Up-to-date: /home/tang-yucheng/Desktop/legged_nav_rl/install/unitree_hg/share/unitree_hg/cmake/export_unitree_hg__rosidl_typesupport_fastrtps_cppExport.cmake
[0.671s] -- Up-to-date: /home/tang-yucheng/Desktop/legged_nav_rl/install/unitree_hg/share/unitree_hg/cmake/export_unitree_hg__rosidl_typesupport_fastrtps_cppExport-noconfig.cmake
[0.671s] -- Up-to-date: /home/tang-yucheng/Desktop/legged_nav_rl/install/unitree_hg/share/unitree_hg/cmake/unitree_hg__rosidl_typesupport_introspection_cExport.cmake
[0.671s] -- Up-to-date: /home/tang-yucheng/Desktop/legged_nav_rl/install/unitree_hg/share/unitree_hg/cmake/unitree_hg__rosidl_typesupport_introspection_cExport-noconfig.cmake
[0.671s] -- Up-to-date: /home/tang-yucheng/Desktop/legged_nav_rl/install/unitree_hg/share/unitree_hg/cmake/unitree_hg__rosidl_typesupport_cExport.cmake
[0.671s] -- Up-to-date: /home/tang-yucheng/Desktop/legged_nav_rl/install/unitree_hg/share/unitree_hg/cmake/unitree_hg__rosidl_typesupport_cExport-noconfig.cmake
[0.671s] -- Up-to-date: /home/tang-yucheng/Desktop/legged_nav_rl/install/unitree_hg/share/unitree_hg/cmake/unitree_hg__rosidl_typesupport_introspection_cppExport.cmake
[0.672s] -- Up-to-date: /home/tang-yucheng/Desktop/legged_nav_rl/install/unitree_hg/share/unitree_hg/cmake/unitree_hg__rosidl_typesupport_introspection_cppExport-noconfig.cmake
[0.672s] -- Up-to-date: /home/tang-yucheng/Desktop/legged_nav_rl/install/unitree_hg/share/unitree_hg/cmake/unitree_hg__rosidl_typesupport_cppExport.cmake
[0.672s] -- Up-to-date: /home/tang-yucheng/Desktop/legged_nav_rl/install/unitree_hg/share/unitree_hg/cmake/unitree_hg__rosidl_typesupport_cppExport-noconfig.cmake
[0.672s] -- Up-to-date: /home/tang-yucheng/Desktop/legged_nav_rl/install/unitree_hg/share/unitree_hg/cmake/export_unitree_hg__rosidl_generator_pyExport.cmake
[0.672s] -- Up-to-date: /home/tang-yucheng/Desktop/legged_nav_rl/install/unitree_hg/share/unitree_hg/cmake/export_unitree_hg__rosidl_generator_pyExport-noconfig.cmake
[0.672s] -- Up-to-date: /home/tang-yucheng/Desktop/legged_nav_rl/install/unitree_hg/share/unitree_hg/cmake/rosidl_cmake-extras.cmake
[0.672s] -- Up-to-date: /home/tang-yucheng/Desktop/legged_nav_rl/install/unitree_hg/share/unitree_hg/cmake/ament_cmake_export_dependencies-extras.cmake
[0.673s] -- Up-to-date: /home/tang-yucheng/Desktop/legged_nav_rl/install/unitree_hg/share/unitree_hg/cmake/ament_cmake_export_include_directories-extras.cmake
[0.673s] -- Up-to-date: /home/tang-yucheng/Desktop/legged_nav_rl/install/unitree_hg/share/unitree_hg/cmake/ament_cmake_export_libraries-extras.cmake
[0.673s] -- Up-to-date: /home/tang-yucheng/Desktop/legged_nav_rl/install/unitree_hg/share/unitree_hg/cmake/ament_cmake_export_targets-extras.cmake
[0.674s] -- Up-to-date: /home/tang-yucheng/Desktop/legged_nav_rl/install/unitree_hg/share/unitree_hg/cmake/rosidl_cmake_export_typesupport_targets-extras.cmake
[0.674s] -- Up-to-date: /home/tang-yucheng/Desktop/legged_nav_rl/install/unitree_hg/share/unitree_hg/cmake/rosidl_cmake_export_typesupport_libraries-extras.cmake
[0.674s] -- Up-to-date: /home/tang-yucheng/Desktop/legged_nav_rl/install/unitree_hg/share/unitree_hg/cmake/unitree_hgConfig.cmake
[0.675s] -- Up-to-date: /home/tang-yucheng/Desktop/legged_nav_rl/install/unitree_hg/share/unitree_hg/cmake/unitree_hgConfig-version.cmake
[0.675s] -- Up-to-date: /home/tang-yucheng/Desktop/legged_nav_rl/install/unitree_hg/share/unitree_hg/package.xml
[0.675s] Invoked command in '/home/tang-yucheng/Desktop/legged_nav_rl/build/unitree_hg' returned '0': CMAKE_PREFIX_PATH=${CMAKE_PREFIX_PATH}:/opt/ros/humble /usr/bin/cmake --install /home/tang-yucheng/Desktop/legged_nav_rl/build/unitree_hg
