[0.018s] Invoking command in '/home/tang-yucheng/Desktop/legged_nav_rl/build/unitree_hg': CMAKE_PREFIX_PATH=${CMAKE_PREFIX_PATH}:/opt/ros/humble /usr/bin/cmake /home/tang-yucheng/Desktop/legged_nav_rl/src/unitree_ros2/cyclonedds_ws/src/unitree/unitree_hg -DCMAKE_INSTALL_PREFIX=/home/tang-yucheng/Desktop/legged_nav_rl/install/unitree_hg
[0.065s] -- The C compiler identification is GNU 11.4.0
[0.112s] -- The CXX compiler identification is GNU 11.4.0
[0.117s] -- Detecting C compiler ABI info
[0.173s] -- Detecting C compiler ABI info - done
[0.178s] -- Check for working C compiler: /usr/bin/cc - skipped
[0.179s] -- Detecting C compile features
[0.179s] -- Detecting C compile features - done
[0.181s] -- Detecting CXX compiler ABI info
[0.250s] -- Detecting CXX compiler ABI info - done
[0.256s] -- Check for working CXX compiler: /usr/bin/c++ - skipped
[0.256s] -- Detecting CXX compile features
[0.257s] -- Detecting CXX compile features - done
[0.261s] -- Found ament_cmake: 1.3.9 (/opt/ros/humble/share/ament_cmake/cmake)
[0.395s] -- Found Python3: /usr/bin/python3 (found version "3.10.12") found components: Interpreter 
[0.493s] -- Found geometry_msgs: 4.2.4 (/opt/ros/humble/share/geometry_msgs/cmake)
[0.545s] -- Found rosidl_generator_c: 3.1.5 (/opt/ros/humble/share/rosidl_generator_c/cmake)
[0.551s] -- Found rosidl_adapter: 3.1.5 (/opt/ros/humble/share/rosidl_adapter/cmake)
[0.560s] -- Found rosidl_generator_cpp: 3.1.5 (/opt/ros/humble/share/rosidl_generator_cpp/cmake)
[0.572s] -- Using all available rosidl_typesupport_c: rosidl_typesupport_fastrtps_c;rosidl_typesupport_introspection_c
[0.590s] -- Using all available rosidl_typesupport_cpp: rosidl_typesupport_fastrtps_cpp;rosidl_typesupport_introspection_cpp
[0.686s] -- Found rosidl_default_generators: 1.2.0 (/opt/ros/humble/share/rosidl_default_generators/cmake)
[0.697s] -- Found rosidl_generator_dds_idl: 0.8.1 (/opt/ros/humble/share/rosidl_generator_dds_idl/cmake)
[0.944s] -- Found ament_cmake_ros: 0.10.0 (/opt/ros/humble/share/ament_cmake_ros/cmake)
[1.336s] -- Using all available rosidl_typesupport_c: rosidl_typesupport_fastrtps_c;rosidl_typesupport_introspection_c
[1.499s] -- Using all available rosidl_typesupport_cpp: rosidl_typesupport_fastrtps_cpp;rosidl_typesupport_introspection_cpp
[1.520s] -- Found PythonInterp: /usr/bin/python3 (found suitable version "3.10.12", minimum required is "3.6") 
[1.523s] -- Found python_cmake_module: 0.10.0 (/opt/ros/humble/share/python_cmake_module/cmake)
[1.553s] -- Found PythonLibs: /usr/lib/x86_64-linux-gnu/libpython3.10.so (found suitable version "3.10.12", minimum required is "3.5") 
[1.553s] -- Using PYTHON_EXECUTABLE: /usr/bin/python3
[1.553s] -- Using PYTHON_INCLUDE_DIRS: /usr/include/python3.10
[1.553s] -- Using PYTHON_LIBRARIES: /usr/lib/x86_64-linux-gnu/libpython3.10.so
[1.577s] -- Found PythonExtra: .so  
[1.646s] -- Found ament_lint_auto: 0.12.11 (/opt/ros/humble/share/ament_lint_auto/cmake)
[1.675s] -- Added test 'copyright' to check source files copyright and LICENSE
[1.677s] -- Added test 'lint_cmake' to check CMake code style
[1.678s] -- Added test 'xmllint' to check XML markup files
[1.680s] -- Configuring done
[1.720s] -- Generating done
[1.722s] -- Build files have been written to: /home/tang-yucheng/Desktop/legged_nav_rl/build/unitree_hg
[1.730s] Invoked command in '/home/tang-yucheng/Desktop/legged_nav_rl/build/unitree_hg' returned '0': CMAKE_PREFIX_PATH=${CMAKE_PREFIX_PATH}:/opt/ros/humble /usr/bin/cmake /home/tang-yucheng/Desktop/legged_nav_rl/src/unitree_ros2/cyclonedds_ws/src/unitree/unitree_hg -DCMAKE_INSTALL_PREFIX=/home/tang-yucheng/Desktop/legged_nav_rl/install/unitree_hg
[1.732s] Invoking command in '/home/tang-yucheng/Desktop/legged_nav_rl/build/unitree_hg': CMAKE_PREFIX_PATH=${CMAKE_PREFIX_PATH}:/opt/ros/humble /usr/bin/cmake --build /home/tang-yucheng/Desktop/legged_nav_rl/build/unitree_hg -- -j20 -l20
[1.778s] [  1%] [34m[1mGenerating C code for ROS interfaces[0m
[1.784s] [  2%] [34m[1mGenerating DDS interfaces[0m
[1.787s] [  2%] [34m[1mGenerating C++ code for ROS interfaces[0m
[1.792s] [  2%] Built target ament_cmake_python_copy_unitree_hg
[2.095s] running egg_info
[2.096s] creating unitree_hg.egg-info
[2.097s] writing unitree_hg.egg-info/PKG-INFO
[2.097s] writing dependency_links to unitree_hg.egg-info/dependency_links.txt
[2.098s] writing top-level names to unitree_hg.egg-info/top_level.txt
[2.098s] writing manifest file 'unitree_hg.egg-info/SOURCES.txt'
[2.100s] reading manifest file 'unitree_hg.egg-info/SOURCES.txt'
[2.100s] writing manifest file 'unitree_hg.egg-info/SOURCES.txt'
[2.142s] [  2%] Built target ament_cmake_python_build_unitree_hg_egg
[2.477s] [  2%] Built target unitree_hg__dds_connext_idl
[2.810s] [  4%] [32mBuilding C object CMakeFiles/unitree_hg__rosidl_generator_c.dir/rosidl_generator_c/unitree_hg/msg/detail/hand_state__functions.c.o[0m
[2.810s] [  4%] [32mBuilding C object CMakeFiles/unitree_hg__rosidl_generator_c.dir/rosidl_generator_c/unitree_hg/msg/detail/hand_cmd__functions.c.o[0m
[2.814s] [  5%] [32mBuilding C object CMakeFiles/unitree_hg__rosidl_generator_c.dir/rosidl_generator_c/unitree_hg/msg/detail/bms_cmd__functions.c.o[0m
[2.818s] [  6%] [32mBuilding C object CMakeFiles/unitree_hg__rosidl_generator_c.dir/rosidl_generator_c/unitree_hg/msg/detail/bms_state__functions.c.o[0m
[2.824s] [  7%] [32mBuilding C object CMakeFiles/unitree_hg__rosidl_generator_c.dir/rosidl_generator_c/unitree_hg/msg/detail/imu_state__functions.c.o[0m
[2.824s] [  7%] [32mBuilding C object CMakeFiles/unitree_hg__rosidl_generator_c.dir/rosidl_generator_c/unitree_hg/msg/detail/low_cmd__functions.c.o[0m
[2.837s] [  8%] [32mBuilding C object CMakeFiles/unitree_hg__rosidl_generator_c.dir/rosidl_generator_c/unitree_hg/msg/detail/low_state__functions.c.o[0m
[2.839s] [  9%] [32mBuilding C object CMakeFiles/unitree_hg__rosidl_generator_c.dir/rosidl_generator_c/unitree_hg/msg/detail/motor_cmd__functions.c.o[0m
[2.840s] [ 10%] [32mBuilding C object CMakeFiles/unitree_hg__rosidl_generator_c.dir/rosidl_generator_c/unitree_hg/msg/detail/press_sensor_state__functions.c.o[0m
[2.842s] [ 11%] [32mBuilding C object CMakeFiles/unitree_hg__rosidl_generator_c.dir/rosidl_generator_c/unitree_hg/msg/detail/motor_state__functions.c.o[0m
[2.846s] [ 12%] [32mBuilding C object CMakeFiles/unitree_hg__rosidl_generator_c.dir/rosidl_generator_c/unitree_hg/msg/detail/main_board_state__functions.c.o[0m
[2.872s] [ 12%] Built target unitree_hg__cpp
[2.895s] [ 13%] [34m[1mGenerating C++ type support for eProsima Fast-RTPS[0m
[2.907s] [ 14%] [34m[1mGenerating C++ introspection for ROS interfaces[0m
[2.910s] [ 15%] [34m[1mGenerating C++ type support dispatch for ROS interfaces[0m
[2.932s] [ 16%] [32m[1mLinking C shared library libunitree_hg__rosidl_generator_c.so[0m
[2.982s] [ 16%] Built target unitree_hg__rosidl_generator_c
[2.992s] [ 16%] [34m[1mGenerating C introspection for ROS interfaces[0m
[2.996s] [ 16%] [34m[1mGenerating C type support for eProsima Fast-RTPS[0m
[3.004s] [ 16%] [34m[1mGenerating C type support dispatch for ROS interfaces[0m
[3.999s] [ 17%] [32mBuilding CXX object CMakeFiles/unitree_hg__rosidl_typesupport_cpp.dir/rosidl_typesupport_cpp/unitree_hg/msg/bms_cmd__type_support.cpp.o[0m
[4.015s] [ 18%] [32mBuilding CXX object CMakeFiles/unitree_hg__rosidl_typesupport_cpp.dir/rosidl_typesupport_cpp/unitree_hg/msg/bms_state__type_support.cpp.o[0m
[4.015s] [ 18%] [32mBuilding CXX object CMakeFiles/unitree_hg__rosidl_typesupport_cpp.dir/rosidl_typesupport_cpp/unitree_hg/msg/hand_cmd__type_support.cpp.o[0m
[4.025s] [ 19%] [32mBuilding CXX object CMakeFiles/unitree_hg__rosidl_typesupport_cpp.dir/rosidl_typesupport_cpp/unitree_hg/msg/imu_state__type_support.cpp.o[0m
[4.028s] [ 20%] [32mBuilding CXX object CMakeFiles/unitree_hg__rosidl_typesupport_cpp.dir/rosidl_typesupport_cpp/unitree_hg/msg/low_cmd__type_support.cpp.o[0m
[4.030s] [ 21%] [32mBuilding CXX object CMakeFiles/unitree_hg__rosidl_typesupport_cpp.dir/rosidl_typesupport_cpp/unitree_hg/msg/hand_state__type_support.cpp.o[0m
[4.035s] [ 22%] [32mBuilding CXX object CMakeFiles/unitree_hg__rosidl_typesupport_cpp.dir/rosidl_typesupport_cpp/unitree_hg/msg/motor_state__type_support.cpp.o[0m
[4.040s] [ 23%] [32mBuilding CXX object CMakeFiles/unitree_hg__rosidl_typesupport_cpp.dir/rosidl_typesupport_cpp/unitree_hg/msg/low_state__type_support.cpp.o[0m
[4.044s] [ 24%] [32mBuilding CXX object CMakeFiles/unitree_hg__rosidl_typesupport_cpp.dir/rosidl_typesupport_cpp/unitree_hg/msg/motor_cmd__type_support.cpp.o[0m
[4.046s] [ 25%] [32mBuilding CXX object CMakeFiles/unitree_hg__rosidl_typesupport_cpp.dir/rosidl_typesupport_cpp/unitree_hg/msg/main_board_state__type_support.cpp.o[0m
[4.059s] [ 26%] [32mBuilding CXX object CMakeFiles/unitree_hg__rosidl_typesupport_cpp.dir/rosidl_typesupport_cpp/unitree_hg/msg/press_sensor_state__type_support.cpp.o[0m
[4.363s] [ 27%] [32mBuilding CXX object CMakeFiles/unitree_hg__rosidl_typesupport_introspection_cpp.dir/rosidl_typesupport_introspection_cpp/unitree_hg/msg/detail/bms_cmd__type_support.cpp.o[0m
[4.376s] [ 28%] [32mBuilding CXX object CMakeFiles/unitree_hg__rosidl_typesupport_introspection_cpp.dir/rosidl_typesupport_introspection_cpp/unitree_hg/msg/detail/hand_state__type_support.cpp.o[0m
[4.384s] [ 29%] [32mBuilding CXX object CMakeFiles/unitree_hg__rosidl_typesupport_introspection_cpp.dir/rosidl_typesupport_introspection_cpp/unitree_hg/msg/detail/bms_state__type_support.cpp.o[0m
[4.391s] [ 29%] [32mBuilding CXX object CMakeFiles/unitree_hg__rosidl_typesupport_introspection_cpp.dir/rosidl_typesupport_introspection_cpp/unitree_hg/msg/detail/hand_cmd__type_support.cpp.o[0m
[4.399s] [ 30%] [32mBuilding CXX object CMakeFiles/unitree_hg__rosidl_typesupport_introspection_cpp.dir/rosidl_typesupport_introspection_cpp/unitree_hg/msg/detail/imu_state__type_support.cpp.o[0m
[4.648s] [ 31%] [32mBuilding CXX object CMakeFiles/unitree_hg__rosidl_typesupport_introspection_cpp.dir/rosidl_typesupport_introspection_cpp/unitree_hg/msg/detail/low_cmd__type_support.cpp.o[0m
[4.823s] [ 32%] [32mBuilding CXX object CMakeFiles/unitree_hg__rosidl_typesupport_introspection_cpp.dir/rosidl_typesupport_introspection_cpp/unitree_hg/msg/detail/low_state__type_support.cpp.o[0m
[4.850s] [ 33%] [32mBuilding CXX object CMakeFiles/unitree_hg__rosidl_typesupport_c.dir/rosidl_typesupport_c/unitree_hg/msg/bms_cmd__type_support.cpp.o[0m
[4.890s] [ 34%] [32mBuilding CXX object CMakeFiles/unitree_hg__rosidl_typesupport_introspection_cpp.dir/rosidl_typesupport_introspection_cpp/unitree_hg/msg/detail/main_board_state__type_support.cpp.o[0m
[4.947s] [ 35%] [32mBuilding CXX object CMakeFiles/unitree_hg__rosidl_typesupport_c.dir/rosidl_typesupport_c/unitree_hg/msg/bms_state__type_support.cpp.o[0m
[4.954s] [ 36%] [32mBuilding CXX object CMakeFiles/unitree_hg__rosidl_typesupport_introspection_cpp.dir/rosidl_typesupport_introspection_cpp/unitree_hg/msg/detail/motor_cmd__type_support.cpp.o[0m
[5.067s] [ 37%] [32mBuilding CXX object CMakeFiles/unitree_hg__rosidl_typesupport_c.dir/rosidl_typesupport_c/unitree_hg/msg/hand_cmd__type_support.cpp.o[0m
[5.097s] [ 38%] [32mBuilding CXX object CMakeFiles/unitree_hg__rosidl_typesupport_c.dir/rosidl_typesupport_c/unitree_hg/msg/hand_state__type_support.cpp.o[0m
[5.104s] [ 39%] [32mBuilding CXX object CMakeFiles/unitree_hg__rosidl_typesupport_introspection_cpp.dir/rosidl_typesupport_introspection_cpp/unitree_hg/msg/detail/motor_state__type_support.cpp.o[0m
[5.126s] [ 40%] [32mBuilding CXX object CMakeFiles/unitree_hg__rosidl_typesupport_introspection_cpp.dir/rosidl_typesupport_introspection_cpp/unitree_hg/msg/detail/press_sensor_state__type_support.cpp.o[0m
[5.154s] [ 41%] [32mBuilding CXX object CMakeFiles/unitree_hg__rosidl_typesupport_c.dir/rosidl_typesupport_c/unitree_hg/msg/imu_state__type_support.cpp.o[0m
[5.211s] [ 42%] [32mBuilding CXX object CMakeFiles/unitree_hg__rosidl_typesupport_c.dir/rosidl_typesupport_c/unitree_hg/msg/low_cmd__type_support.cpp.o[0m
[5.228s] [ 43%] [32mBuilding CXX object CMakeFiles/unitree_hg__rosidl_typesupport_c.dir/rosidl_typesupport_c/unitree_hg/msg/low_state__type_support.cpp.o[0m
[5.237s] [ 44%] [32m[1mLinking CXX shared library libunitree_hg__rosidl_typesupport_cpp.so[0m
[5.254s] [ 45%] [32mBuilding CXX object CMakeFiles/unitree_hg__rosidl_typesupport_c.dir/rosidl_typesupport_c/unitree_hg/msg/main_board_state__type_support.cpp.o[0m
[5.279s] [ 45%] [32mBuilding CXX object CMakeFiles/unitree_hg__rosidl_typesupport_c.dir/rosidl_typesupport_c/unitree_hg/msg/motor_cmd__type_support.cpp.o[0m
[5.326s] [ 47%] [32mBuilding CXX object CMakeFiles/unitree_hg__rosidl_typesupport_c.dir/rosidl_typesupport_c/unitree_hg/msg/press_sensor_state__type_support.cpp.o[0m
[5.326s] [ 47%] [32mBuilding CXX object CMakeFiles/unitree_hg__rosidl_typesupport_c.dir/rosidl_typesupport_c/unitree_hg/msg/motor_state__type_support.cpp.o[0m
[5.356s] [ 47%] Built target unitree_hg__rosidl_typesupport_cpp
[5.386s] [ 48%] [32m[1mLinking CXX shared library libunitree_hg__rosidl_typesupport_c.so[0m
[5.412s] [ 49%] [32mBuilding C object CMakeFiles/unitree_hg__rosidl_typesupport_introspection_c.dir/rosidl_typesupport_introspection_c/unitree_hg/msg/detail/bms_cmd__type_support.c.o[0m
[5.415s] [ 50%] [32mBuilding C object CMakeFiles/unitree_hg__rosidl_typesupport_introspection_c.dir/rosidl_typesupport_introspection_c/unitree_hg/msg/detail/bms_state__type_support.c.o[0m
[5.418s] [ 51%] [32mBuilding C object CMakeFiles/unitree_hg__rosidl_typesupport_introspection_c.dir/rosidl_typesupport_introspection_c/unitree_hg/msg/detail/hand_cmd__type_support.c.o[0m
[5.421s] [ 52%] [32mBuilding C object CMakeFiles/unitree_hg__rosidl_typesupport_introspection_c.dir/rosidl_typesupport_introspection_c/unitree_hg/msg/detail/low_cmd__type_support.c.o[0m
[5.422s] [ 53%] [32mBuilding C object CMakeFiles/unitree_hg__rosidl_typesupport_introspection_c.dir/rosidl_typesupport_introspection_c/unitree_hg/msg/detail/imu_state__type_support.c.o[0m
[5.426s] [ 54%] [32mBuilding C object CMakeFiles/unitree_hg__rosidl_typesupport_introspection_c.dir/rosidl_typesupport_introspection_c/unitree_hg/msg/detail/hand_state__type_support.c.o[0m
[5.442s] [ 55%] [32mBuilding CXX object CMakeFiles/unitree_hg__rosidl_typesupport_fastrtps_cpp.dir/rosidl_typesupport_fastrtps_cpp/unitree_hg/msg/detail/dds_fastrtps/bms_cmd__type_support.cpp.o[0m
[5.461s] [ 56%] [32mBuilding CXX object CMakeFiles/unitree_hg__rosidl_typesupport_fastrtps_cpp.dir/rosidl_typesupport_fastrtps_cpp/unitree_hg/msg/detail/dds_fastrtps/bms_state__type_support.cpp.o[0m
[5.490s] [ 57%] [32mBuilding C object CMakeFiles/unitree_hg__rosidl_typesupport_introspection_c.dir/rosidl_typesupport_introspection_c/unitree_hg/msg/detail/low_state__type_support.c.o[0m
[5.504s] [ 57%] [32mBuilding CXX object CMakeFiles/unitree_hg__rosidl_typesupport_fastrtps_cpp.dir/rosidl_typesupport_fastrtps_cpp/unitree_hg/msg/detail/dds_fastrtps/hand_cmd__type_support.cpp.o[0m
[5.508s] [ 58%] [32mBuilding CXX object CMakeFiles/unitree_hg__rosidl_typesupport_fastrtps_cpp.dir/rosidl_typesupport_fastrtps_cpp/unitree_hg/msg/detail/dds_fastrtps/hand_state__type_support.cpp.o[0m
[5.509s] [ 59%] [32mBuilding C object CMakeFiles/unitree_hg__rosidl_typesupport_introspection_c.dir/rosidl_typesupport_introspection_c/unitree_hg/msg/detail/main_board_state__type_support.c.o[0m
[5.511s] [ 59%] Built target unitree_hg__rosidl_typesupport_c
[5.517s] [ 60%] [32mBuilding CXX object CMakeFiles/unitree_hg__rosidl_typesupport_fastrtps_cpp.dir/rosidl_typesupport_fastrtps_cpp/unitree_hg/msg/detail/dds_fastrtps/imu_state__type_support.cpp.o[0m
[5.546s] [ 61%] [32mBuilding CXX object CMakeFiles/unitree_hg__rosidl_typesupport_fastrtps_cpp.dir/rosidl_typesupport_fastrtps_cpp/unitree_hg/msg/detail/dds_fastrtps/low_cmd__type_support.cpp.o[0m
[5.582s] [ 61%] [32mBuilding C object CMakeFiles/unitree_hg__rosidl_typesupport_introspection_c.dir/rosidl_typesupport_introspection_c/unitree_hg/msg/detail/motor_cmd__type_support.c.o[0m
[5.614s] [ 62%] [32mBuilding CXX object CMakeFiles/unitree_hg__rosidl_typesupport_fastrtps_cpp.dir/rosidl_typesupport_fastrtps_cpp/unitree_hg/msg/detail/dds_fastrtps/low_state__type_support.cpp.o[0m
[5.620s] [ 63%] [32mBuilding C object CMakeFiles/unitree_hg__rosidl_typesupport_introspection_c.dir/rosidl_typesupport_introspection_c/unitree_hg/msg/detail/motor_state__type_support.c.o[0m
[5.670s] [ 64%] [32mBuilding CXX object CMakeFiles/unitree_hg__rosidl_typesupport_fastrtps_cpp.dir/rosidl_typesupport_fastrtps_cpp/unitree_hg/msg/detail/dds_fastrtps/main_board_state__type_support.cpp.o[0m
[5.699s] [ 65%] [32mBuilding CXX object CMakeFiles/unitree_hg__rosidl_typesupport_fastrtps_cpp.dir/rosidl_typesupport_fastrtps_cpp/unitree_hg/msg/detail/dds_fastrtps/motor_cmd__type_support.cpp.o[0m
[5.720s] [ 66%] [32mBuilding C object CMakeFiles/unitree_hg__rosidl_typesupport_introspection_c.dir/rosidl_typesupport_introspection_c/unitree_hg/msg/detail/press_sensor_state__type_support.c.o[0m
[5.727s] [ 67%] [32mBuilding CXX object CMakeFiles/unitree_hg__rosidl_typesupport_fastrtps_cpp.dir/rosidl_typesupport_fastrtps_cpp/unitree_hg/msg/detail/dds_fastrtps/motor_state__type_support.cpp.o[0m
[5.755s] [ 68%] [32mBuilding CXX object CMakeFiles/unitree_hg__rosidl_typesupport_fastrtps_cpp.dir/rosidl_typesupport_fastrtps_cpp/unitree_hg/msg/detail/dds_fastrtps/press_sensor_state__type_support.cpp.o[0m
[5.817s] [ 69%] [32m[1mLinking C shared library libunitree_hg__rosidl_typesupport_introspection_c.so[0m
[5.929s] [ 69%] Built target unitree_hg__rosidl_typesupport_introspection_c
[5.945s] [ 70%] [32mBuilding CXX object CMakeFiles/unitree_hg__rosidl_typesupport_fastrtps_c.dir/rosidl_typesupport_fastrtps_c/unitree_hg/msg/detail/bms_cmd__type_support_c.cpp.o[0m
[5.947s] [ 71%] [32mBuilding CXX object CMakeFiles/unitree_hg__rosidl_typesupport_fastrtps_c.dir/rosidl_typesupport_fastrtps_c/unitree_hg/msg/detail/bms_state__type_support_c.cpp.o[0m
[5.957s] [ 72%] [32mBuilding CXX object CMakeFiles/unitree_hg__rosidl_typesupport_fastrtps_c.dir/rosidl_typesupport_fastrtps_c/unitree_hg/msg/detail/hand_cmd__type_support_c.cpp.o[0m
[5.957s] [ 73%] [32mBuilding CXX object CMakeFiles/unitree_hg__rosidl_typesupport_fastrtps_c.dir/rosidl_typesupport_fastrtps_c/unitree_hg/msg/detail/imu_state__type_support_c.cpp.o[0m
[5.961s] [ 74%] [32mBuilding CXX object CMakeFiles/unitree_hg__rosidl_typesupport_fastrtps_c.dir/rosidl_typesupport_fastrtps_c/unitree_hg/msg/detail/hand_state__type_support_c.cpp.o[0m
[5.997s] [ 75%] [32mBuilding CXX object CMakeFiles/unitree_hg__rosidl_typesupport_fastrtps_c.dir/rosidl_typesupport_fastrtps_c/unitree_hg/msg/detail/low_cmd__type_support_c.cpp.o[0m
[6.073s] [ 76%] [32mBuilding CXX object CMakeFiles/unitree_hg__rosidl_typesupport_fastrtps_c.dir/rosidl_typesupport_fastrtps_c/unitree_hg/msg/detail/low_state__type_support_c.cpp.o[0m
[6.147s] [ 77%] [32mBuilding CXX object CMakeFiles/unitree_hg__rosidl_typesupport_fastrtps_c.dir/rosidl_typesupport_fastrtps_c/unitree_hg/msg/detail/main_board_state__type_support_c.cpp.o[0m
[6.163s] [ 78%] [32m[1mLinking CXX shared library libunitree_hg__rosidl_typesupport_introspection_cpp.so[0m
[6.335s] [ 78%] [32mBuilding CXX object CMakeFiles/unitree_hg__rosidl_typesupport_fastrtps_c.dir/rosidl_typesupport_fastrtps_c/unitree_hg/msg/detail/motor_cmd__type_support_c.cpp.o[0m
[6.359s] [ 78%] Built target unitree_hg__rosidl_typesupport_introspection_cpp
[6.378s] [ 79%] [32mBuilding CXX object CMakeFiles/unitree_hg__rosidl_typesupport_fastrtps_c.dir/rosidl_typesupport_fastrtps_c/unitree_hg/msg/detail/motor_state__type_support_c.cpp.o[0m
[6.389s] [ 80%] [32mBuilding CXX object CMakeFiles/unitree_hg__rosidl_typesupport_fastrtps_c.dir/rosidl_typesupport_fastrtps_c/unitree_hg/msg/detail/press_sensor_state__type_support_c.cpp.o[0m
[6.682s] [ 81%] [32m[1mLinking CXX shared library libunitree_hg__rosidl_typesupport_fastrtps_cpp.so[0m
[6.792s] [ 81%] Built target unitree_hg__rosidl_typesupport_fastrtps_cpp
[6.869s] [ 82%] [32m[1mLinking CXX shared library libunitree_hg__rosidl_typesupport_fastrtps_c.so[0m
[6.938s] [ 82%] Built target unitree_hg__rosidl_typesupport_fastrtps_c
[6.958s] [ 82%] Built target unitree_hg
[6.981s] [ 83%] [34m[1mGenerating Python code for ROS interfaces[0m
[9.377s] [ 83%] Built target unitree_hg__py
[9.433s] [ 84%] [32mBuilding C object CMakeFiles/unitree_hg__rosidl_generator_py.dir/rosidl_generator_py/unitree_hg/msg/_bms_cmd_s.c.o[0m
[9.443s] [ 84%] [32mBuilding C object CMakeFiles/unitree_hg__rosidl_generator_py.dir/rosidl_generator_py/unitree_hg/msg/_hand_cmd_s.c.o[0m
[9.449s] [ 85%] [32mBuilding C object CMakeFiles/unitree_hg__rosidl_generator_py.dir/rosidl_generator_py/unitree_hg/msg/_bms_state_s.c.o[0m
[9.451s] [ 86%] [32mBuilding C object CMakeFiles/unitree_hg__rosidl_generator_py.dir/rosidl_generator_py/unitree_hg/msg/_main_board_state_s.c.o[0m
[9.452s] [ 87%] [32mBuilding C object CMakeFiles/unitree_hg__rosidl_generator_py.dir/rosidl_generator_py/unitree_hg/msg/_motor_cmd_s.c.o[0m
[9.456s] [ 88%] [32mBuilding C object CMakeFiles/unitree_hg__rosidl_generator_py.dir/rosidl_generator_py/unitree_hg/msg/_imu_state_s.c.o[0m
[9.459s] [ 89%] [32mBuilding C object CMakeFiles/unitree_hg__rosidl_generator_py.dir/rosidl_generator_py/unitree_hg/msg/_hand_state_s.c.o[0m
[9.460s] [ 91%] [32mBuilding C object CMakeFiles/unitree_hg__rosidl_generator_py.dir/rosidl_generator_py/unitree_hg/msg/_low_cmd_s.c.o[0m
[9.460s] [ 91%] [32mBuilding C object CMakeFiles/unitree_hg__rosidl_generator_py.dir/rosidl_generator_py/unitree_hg/msg/_low_state_s.c.o[0m
[9.464s] [ 92%] [32mBuilding C object CMakeFiles/unitree_hg__rosidl_generator_py.dir/rosidl_generator_py/unitree_hg/msg/_motor_state_s.c.o[0m
[9.486s] [ 93%] [32mBuilding C object CMakeFiles/unitree_hg__rosidl_generator_py.dir/rosidl_generator_py/unitree_hg/msg/_press_sensor_state_s.c.o[0m
[9.835s] [ 94%] [32m[1mLinking C shared library rosidl_generator_py/unitree_hg/libunitree_hg__rosidl_generator_py.so[0m
[9.956s] [ 94%] Built target unitree_hg__rosidl_generator_py
[10.021s] [ 95%] [32mBuilding C object CMakeFiles/unitree_hg__rosidl_typesupport_introspection_c__pyext.dir/rosidl_generator_py/unitree_hg/_unitree_hg_s.ep.rosidl_typesupport_introspection_c.c.o[0m
[10.025s] [ 96%] [32mBuilding C object CMakeFiles/unitree_hg__rosidl_typesupport_c__pyext.dir/rosidl_generator_py/unitree_hg/_unitree_hg_s.ep.rosidl_typesupport_c.c.o[0m
[10.025s] [ 97%] [32mBuilding C object CMakeFiles/unitree_hg__rosidl_typesupport_fastrtps_c__pyext.dir/rosidl_generator_py/unitree_hg/_unitree_hg_s.ep.rosidl_typesupport_fastrtps_c.c.o[0m
[10.259s] [ 98%] [32m[1mLinking C shared library rosidl_generator_py/unitree_hg/unitree_hg_s__rosidl_typesupport_c.cpython-310-x86_64-linux-gnu.so[0m
[10.289s] [ 99%] [32m[1mLinking C shared library rosidl_generator_py/unitree_hg/unitree_hg_s__rosidl_typesupport_fastrtps_c.cpython-310-x86_64-linux-gnu.so[0m
[10.334s] [100%] [32m[1mLinking C shared library rosidl_generator_py/unitree_hg/unitree_hg_s__rosidl_typesupport_introspection_c.cpython-310-x86_64-linux-gnu.so[0m
[10.360s] [100%] Built target unitree_hg__rosidl_typesupport_c__pyext
[10.399s] [100%] Built target unitree_hg__rosidl_typesupport_fastrtps_c__pyext
[10.448s] [100%] Built target unitree_hg__rosidl_typesupport_introspection_c__pyext
[10.484s] Invoked command in '/home/tang-yucheng/Desktop/legged_nav_rl/build/unitree_hg' returned '0': CMAKE_PREFIX_PATH=${CMAKE_PREFIX_PATH}:/opt/ros/humble /usr/bin/cmake --build /home/tang-yucheng/Desktop/legged_nav_rl/build/unitree_hg -- -j20 -l20
[10.997s] Invoking command in '/home/tang-yucheng/Desktop/legged_nav_rl/build/unitree_hg': CMAKE_PREFIX_PATH=${CMAKE_PREFIX_PATH}:/opt/ros/humble /usr/bin/cmake --install /home/tang-yucheng/Desktop/legged_nav_rl/build/unitree_hg
[11.006s] -- Install configuration: ""
[11.006s] -- Installing: /home/tang-yucheng/Desktop/legged_nav_rl/install/unitree_hg/share/ament_index/resource_index/rosidl_interfaces/unitree_hg
[11.006s] -- Installing: /home/tang-yucheng/Desktop/legged_nav_rl/install/unitree_hg/include/unitree_hg/unitree_hg
[11.006s] -- Installing: /home/tang-yucheng/Desktop/legged_nav_rl/install/unitree_hg/include/unitree_hg/unitree_hg/msg
[11.006s] -- Installing: /home/tang-yucheng/Desktop/legged_nav_rl/install/unitree_hg/include/unitree_hg/unitree_hg/msg/rosidl_generator_c__visibility_control.h
[11.006s] -- Installing: /home/tang-yucheng/Desktop/legged_nav_rl/install/unitree_hg/include/unitree_hg/unitree_hg/msg/bms_state.h
[11.007s] -- Installing: /home/tang-yucheng/Desktop/legged_nav_rl/install/unitree_hg/include/unitree_hg/unitree_hg/msg/low_state.h
[11.007s] -- Installing: /home/tang-yucheng/Desktop/legged_nav_rl/install/unitree_hg/include/unitree_hg/unitree_hg/msg/hand_state.h
[11.007s] -- Installing: /home/tang-yucheng/Desktop/legged_nav_rl/install/unitree_hg/include/unitree_hg/unitree_hg/msg/low_cmd.h
[11.007s] -- Installing: /home/tang-yucheng/Desktop/legged_nav_rl/install/unitree_hg/include/unitree_hg/unitree_hg/msg/bms_cmd.h
[11.007s] -- Installing: /home/tang-yucheng/Desktop/legged_nav_rl/install/unitree_hg/include/unitree_hg/unitree_hg/msg/imu_state.h
[11.007s] -- Installing: /home/tang-yucheng/Desktop/legged_nav_rl/install/unitree_hg/include/unitree_hg/unitree_hg/msg/motor_state.h
[11.007s] -- Installing: /home/tang-yucheng/Desktop/legged_nav_rl/install/unitree_hg/include/unitree_hg/unitree_hg/msg/main_board_state.h
[11.007s] -- Installing: /home/tang-yucheng/Desktop/legged_nav_rl/install/unitree_hg/include/unitree_hg/unitree_hg/msg/hand_cmd.h
[11.007s] -- Installing: /home/tang-yucheng/Desktop/legged_nav_rl/install/unitree_hg/include/unitree_hg/unitree_hg/msg/detail
[11.007s] -- Installing: /home/tang-yucheng/Desktop/legged_nav_rl/install/unitree_hg/include/unitree_hg/unitree_hg/msg/detail/press_sensor_state__struct.h
[11.007s] -- Installing: /home/tang-yucheng/Desktop/legged_nav_rl/install/unitree_hg/include/unitree_hg/unitree_hg/msg/detail/hand_cmd__struct.h
[11.007s] -- Installing: /home/tang-yucheng/Desktop/legged_nav_rl/install/unitree_hg/include/unitree_hg/unitree_hg/msg/detail/motor_state__type_support.h
[11.007s] -- Installing: /home/tang-yucheng/Desktop/legged_nav_rl/install/unitree_hg/include/unitree_hg/unitree_hg/msg/detail/motor_state__functions.h
[11.007s] -- Installing: /home/tang-yucheng/Desktop/legged_nav_rl/install/unitree_hg/include/unitree_hg/unitree_hg/msg/detail/motor_state__functions.c
[11.007s] -- Installing: /home/tang-yucheng/Desktop/legged_nav_rl/install/unitree_hg/include/unitree_hg/unitree_hg/msg/detail/low_state__functions.c
[11.007s] -- Installing: /home/tang-yucheng/Desktop/legged_nav_rl/install/unitree_hg/include/unitree_hg/unitree_hg/msg/detail/bms_state__functions.h
[11.007s] -- Installing: /home/tang-yucheng/Desktop/legged_nav_rl/install/unitree_hg/include/unitree_hg/unitree_hg/msg/detail/main_board_state__struct.h
[11.007s] -- Installing: /home/tang-yucheng/Desktop/legged_nav_rl/install/unitree_hg/include/unitree_hg/unitree_hg/msg/detail/low_cmd__functions.c
[11.007s] -- Installing: /home/tang-yucheng/Desktop/legged_nav_rl/install/unitree_hg/include/unitree_hg/unitree_hg/msg/detail/motor_state__struct.h
[11.007s] -- Installing: /home/tang-yucheng/Desktop/legged_nav_rl/install/unitree_hg/include/unitree_hg/unitree_hg/msg/detail/hand_cmd__type_support.h
[11.007s] -- Installing: /home/tang-yucheng/Desktop/legged_nav_rl/install/unitree_hg/include/unitree_hg/unitree_hg/msg/detail/hand_state__functions.c
[11.007s] -- Installing: /home/tang-yucheng/Desktop/legged_nav_rl/install/unitree_hg/include/unitree_hg/unitree_hg/msg/detail/motor_cmd__type_support.h
[11.008s] -- Installing: /home/tang-yucheng/Desktop/legged_nav_rl/install/unitree_hg/include/unitree_hg/unitree_hg/msg/detail/imu_state__type_support.h
[11.008s] -- Installing: /home/tang-yucheng/Desktop/legged_nav_rl/install/unitree_hg/include/unitree_hg/unitree_hg/msg/detail/bms_cmd__functions.c
[11.008s] -- Installing: /home/tang-yucheng/Desktop/legged_nav_rl/install/unitree_hg/include/unitree_hg/unitree_hg/msg/detail/hand_state__functions.h
[11.008s] -- Installing: /home/tang-yucheng/Desktop/legged_nav_rl/install/unitree_hg/include/unitree_hg/unitree_hg/msg/detail/low_state__type_support.h
[11.008s] -- Installing: /home/tang-yucheng/Desktop/legged_nav_rl/install/unitree_hg/include/unitree_hg/unitree_hg/msg/detail/imu_state__functions.c
[11.008s] -- Installing: /home/tang-yucheng/Desktop/legged_nav_rl/install/unitree_hg/include/unitree_hg/unitree_hg/msg/detail/bms_state__struct.h
[11.008s] -- Installing: /home/tang-yucheng/Desktop/legged_nav_rl/install/unitree_hg/include/unitree_hg/unitree_hg/msg/detail/bms_cmd__type_support.h
[11.008s] -- Installing: /home/tang-yucheng/Desktop/legged_nav_rl/install/unitree_hg/include/unitree_hg/unitree_hg/msg/detail/bms_cmd__struct.h
[11.008s] -- Installing: /home/tang-yucheng/Desktop/legged_nav_rl/install/unitree_hg/include/unitree_hg/unitree_hg/msg/detail/bms_state__functions.c
[11.008s] -- Installing: /home/tang-yucheng/Desktop/legged_nav_rl/install/unitree_hg/include/unitree_hg/unitree_hg/msg/detail/press_sensor_state__functions.c
[11.008s] -- Installing: /home/tang-yucheng/Desktop/legged_nav_rl/install/unitree_hg/include/unitree_hg/unitree_hg/msg/detail/hand_cmd__functions.c
[11.008s] -- Installing: /home/tang-yucheng/Desktop/legged_nav_rl/install/unitree_hg/include/unitree_hg/unitree_hg/msg/detail/low_cmd__functions.h
[11.008s] -- Installing: /home/tang-yucheng/Desktop/legged_nav_rl/install/unitree_hg/include/unitree_hg/unitree_hg/msg/detail/low_state__struct.h
[11.008s] -- Installing: /home/tang-yucheng/Desktop/legged_nav_rl/install/unitree_hg/include/unitree_hg/unitree_hg/msg/detail/bms_state__type_support.h
[11.008s] -- Installing: /home/tang-yucheng/Desktop/legged_nav_rl/install/unitree_hg/include/unitree_hg/unitree_hg/msg/detail/low_cmd__type_support.h
[11.008s] -- Installing: /home/tang-yucheng/Desktop/legged_nav_rl/install/unitree_hg/include/unitree_hg/unitree_hg/msg/detail/bms_cmd__functions.h
[11.008s] -- Installing: /home/tang-yucheng/Desktop/legged_nav_rl/install/unitree_hg/include/unitree_hg/unitree_hg/msg/detail/press_sensor_state__functions.h
[11.008s] -- Installing: /home/tang-yucheng/Desktop/legged_nav_rl/install/unitree_hg/include/unitree_hg/unitree_hg/msg/detail/low_state__functions.h
[11.008s] -- Installing: /home/tang-yucheng/Desktop/legged_nav_rl/install/unitree_hg/include/unitree_hg/unitree_hg/msg/detail/low_cmd__struct.h
[11.009s] -- Installing: /home/tang-yucheng/Desktop/legged_nav_rl/install/unitree_hg/include/unitree_hg/unitree_hg/msg/detail/imu_state__struct.h
[11.009s] -- Installing: /home/tang-yucheng/Desktop/legged_nav_rl/install/unitree_hg/include/unitree_hg/unitree_hg/msg/detail/motor_cmd__struct.h
[11.009s] -- Installing: /home/tang-yucheng/Desktop/legged_nav_rl/install/unitree_hg/include/unitree_hg/unitree_hg/msg/detail/imu_state__functions.h
[11.009s] -- Installing: /home/tang-yucheng/Desktop/legged_nav_rl/install/unitree_hg/include/unitree_hg/unitree_hg/msg/detail/hand_cmd__functions.h
[11.009s] -- Installing: /home/tang-yucheng/Desktop/legged_nav_rl/install/unitree_hg/include/unitree_hg/unitree_hg/msg/detail/motor_cmd__functions.c
[11.009s] -- Installing: /home/tang-yucheng/Desktop/legged_nav_rl/install/unitree_hg/include/unitree_hg/unitree_hg/msg/detail/press_sensor_state__type_support.h
[11.009s] -- Installing: /home/tang-yucheng/Desktop/legged_nav_rl/install/unitree_hg/include/unitree_hg/unitree_hg/msg/detail/motor_cmd__functions.h
[11.009s] -- Installing: /home/tang-yucheng/Desktop/legged_nav_rl/install/unitree_hg/include/unitree_hg/unitree_hg/msg/detail/main_board_state__functions.h
[11.009s] -- Installing: /home/tang-yucheng/Desktop/legged_nav_rl/install/unitree_hg/include/unitree_hg/unitree_hg/msg/detail/hand_state__type_support.h
[11.009s] -- Installing: /home/tang-yucheng/Desktop/legged_nav_rl/install/unitree_hg/include/unitree_hg/unitree_hg/msg/detail/main_board_state__type_support.h
[11.009s] -- Installing: /home/tang-yucheng/Desktop/legged_nav_rl/install/unitree_hg/include/unitree_hg/unitree_hg/msg/detail/main_board_state__functions.c
[11.009s] -- Installing: /home/tang-yucheng/Desktop/legged_nav_rl/install/unitree_hg/include/unitree_hg/unitree_hg/msg/detail/hand_state__struct.h
[11.009s] -- Installing: /home/tang-yucheng/Desktop/legged_nav_rl/install/unitree_hg/include/unitree_hg/unitree_hg/msg/press_sensor_state.h
[11.009s] -- Installing: /home/tang-yucheng/Desktop/legged_nav_rl/install/unitree_hg/include/unitree_hg/unitree_hg/msg/motor_cmd.h
[11.009s] -- Installing: /home/tang-yucheng/Desktop/legged_nav_rl/install/unitree_hg/share/unitree_hg/environment/library_path.sh
[11.010s] -- Installing: /home/tang-yucheng/Desktop/legged_nav_rl/install/unitree_hg/share/unitree_hg/environment/library_path.dsv
[11.010s] -- Installing: /home/tang-yucheng/Desktop/legged_nav_rl/install/unitree_hg/lib/libunitree_hg__rosidl_generator_c.so
[11.010s] -- Set runtime path of "/home/tang-yucheng/Desktop/legged_nav_rl/install/unitree_hg/lib/libunitree_hg__rosidl_generator_c.so" to ""
[11.010s] -- Up-to-date: /home/tang-yucheng/Desktop/legged_nav_rl/install/unitree_hg/include/unitree_hg/unitree_hg
[11.010s] -- Up-to-date: /home/tang-yucheng/Desktop/legged_nav_rl/install/unitree_hg/include/unitree_hg/unitree_hg/msg
[11.010s] -- Installing: /home/tang-yucheng/Desktop/legged_nav_rl/install/unitree_hg/include/unitree_hg/unitree_hg/msg/rosidl_typesupport_fastrtps_c__visibility_control.h
[11.010s] -- Up-to-date: /home/tang-yucheng/Desktop/legged_nav_rl/install/unitree_hg/include/unitree_hg/unitree_hg/msg/detail
[11.010s] -- Installing: /home/tang-yucheng/Desktop/legged_nav_rl/install/unitree_hg/include/unitree_hg/unitree_hg/msg/detail/bms_cmd__rosidl_typesupport_fastrtps_c.h
[11.011s] -- Installing: /home/tang-yucheng/Desktop/legged_nav_rl/install/unitree_hg/include/unitree_hg/unitree_hg/msg/detail/hand_state__rosidl_typesupport_fastrtps_c.h
[11.011s] -- Installing: /home/tang-yucheng/Desktop/legged_nav_rl/install/unitree_hg/include/unitree_hg/unitree_hg/msg/detail/bms_state__rosidl_typesupport_fastrtps_c.h
[11.011s] -- Installing: /home/tang-yucheng/Desktop/legged_nav_rl/install/unitree_hg/include/unitree_hg/unitree_hg/msg/detail/hand_cmd__rosidl_typesupport_fastrtps_c.h
[11.011s] -- Installing: /home/tang-yucheng/Desktop/legged_nav_rl/install/unitree_hg/include/unitree_hg/unitree_hg/msg/detail/motor_state__rosidl_typesupport_fastrtps_c.h
[11.011s] -- Installing: /home/tang-yucheng/Desktop/legged_nav_rl/install/unitree_hg/include/unitree_hg/unitree_hg/msg/detail/motor_cmd__rosidl_typesupport_fastrtps_c.h
[11.011s] -- Installing: /home/tang-yucheng/Desktop/legged_nav_rl/install/unitree_hg/include/unitree_hg/unitree_hg/msg/detail/press_sensor_state__rosidl_typesupport_fastrtps_c.h
[11.011s] -- Installing: /home/tang-yucheng/Desktop/legged_nav_rl/install/unitree_hg/include/unitree_hg/unitree_hg/msg/detail/low_state__rosidl_typesupport_fastrtps_c.h
[11.011s] -- Installing: /home/tang-yucheng/Desktop/legged_nav_rl/install/unitree_hg/include/unitree_hg/unitree_hg/msg/detail/low_cmd__rosidl_typesupport_fastrtps_c.h
[11.011s] -- Installing: /home/tang-yucheng/Desktop/legged_nav_rl/install/unitree_hg/include/unitree_hg/unitree_hg/msg/detail/imu_state__rosidl_typesupport_fastrtps_c.h
[11.011s] -- Installing: /home/tang-yucheng/Desktop/legged_nav_rl/install/unitree_hg/include/unitree_hg/unitree_hg/msg/detail/main_board_state__rosidl_typesupport_fastrtps_c.h
[11.011s] -- Installing: /home/tang-yucheng/Desktop/legged_nav_rl/install/unitree_hg/lib/libunitree_hg__rosidl_typesupport_fastrtps_c.so
[11.012s] -- Set runtime path of "/home/tang-yucheng/Desktop/legged_nav_rl/install/unitree_hg/lib/libunitree_hg__rosidl_typesupport_fastrtps_c.so" to ""
[11.012s] -- Up-to-date: /home/tang-yucheng/Desktop/legged_nav_rl/install/unitree_hg/include/unitree_hg/unitree_hg
[11.012s] -- Up-to-date: /home/tang-yucheng/Desktop/legged_nav_rl/install/unitree_hg/include/unitree_hg/unitree_hg/msg
[11.012s] -- Installing: /home/tang-yucheng/Desktop/legged_nav_rl/install/unitree_hg/include/unitree_hg/unitree_hg/msg/motor_cmd.hpp
[11.012s] -- Installing: /home/tang-yucheng/Desktop/legged_nav_rl/install/unitree_hg/include/unitree_hg/unitree_hg/msg/bms_cmd.hpp
[11.012s] -- Installing: /home/tang-yucheng/Desktop/legged_nav_rl/install/unitree_hg/include/unitree_hg/unitree_hg/msg/hand_cmd.hpp
[11.012s] -- Installing: /home/tang-yucheng/Desktop/legged_nav_rl/install/unitree_hg/include/unitree_hg/unitree_hg/msg/imu_state.hpp
[11.012s] -- Installing: /home/tang-yucheng/Desktop/legged_nav_rl/install/unitree_hg/include/unitree_hg/unitree_hg/msg/press_sensor_state.hpp
[11.012s] -- Installing: /home/tang-yucheng/Desktop/legged_nav_rl/install/unitree_hg/include/unitree_hg/unitree_hg/msg/bms_state.hpp
[11.012s] -- Installing: /home/tang-yucheng/Desktop/legged_nav_rl/install/unitree_hg/include/unitree_hg/unitree_hg/msg/motor_state.hpp
[11.012s] -- Installing: /home/tang-yucheng/Desktop/legged_nav_rl/install/unitree_hg/include/unitree_hg/unitree_hg/msg/hand_state.hpp
[11.012s] -- Installing: /home/tang-yucheng/Desktop/legged_nav_rl/install/unitree_hg/include/unitree_hg/unitree_hg/msg/main_board_state.hpp
[11.012s] -- Installing: /home/tang-yucheng/Desktop/legged_nav_rl/install/unitree_hg/include/unitree_hg/unitree_hg/msg/low_state.hpp
[11.012s] -- Installing: /home/tang-yucheng/Desktop/legged_nav_rl/install/unitree_hg/include/unitree_hg/unitree_hg/msg/low_cmd.hpp
[11.012s] -- Up-to-date: /home/tang-yucheng/Desktop/legged_nav_rl/install/unitree_hg/include/unitree_hg/unitree_hg/msg/detail
[11.012s] -- Installing: /home/tang-yucheng/Desktop/legged_nav_rl/install/unitree_hg/include/unitree_hg/unitree_hg/msg/detail/press_sensor_state__struct.hpp
[11.012s] -- Installing: /home/tang-yucheng/Desktop/legged_nav_rl/install/unitree_hg/include/unitree_hg/unitree_hg/msg/detail/bms_cmd__traits.hpp
[11.012s] -- Installing: /home/tang-yucheng/Desktop/legged_nav_rl/install/unitree_hg/include/unitree_hg/unitree_hg/msg/detail/bms_cmd__builder.hpp
[11.012s] -- Installing: /home/tang-yucheng/Desktop/legged_nav_rl/install/unitree_hg/include/unitree_hg/unitree_hg/msg/detail/low_state__builder.hpp
[11.013s] -- Installing: /home/tang-yucheng/Desktop/legged_nav_rl/install/unitree_hg/include/unitree_hg/unitree_hg/msg/detail/motor_cmd__traits.hpp
[11.013s] -- Installing: /home/tang-yucheng/Desktop/legged_nav_rl/install/unitree_hg/include/unitree_hg/unitree_hg/msg/detail/hand_cmd__struct.hpp
[11.013s] -- Installing: /home/tang-yucheng/Desktop/legged_nav_rl/install/unitree_hg/include/unitree_hg/unitree_hg/msg/detail/hand_state__builder.hpp
[11.013s] -- Installing: /home/tang-yucheng/Desktop/legged_nav_rl/install/unitree_hg/include/unitree_hg/unitree_hg/msg/detail/low_cmd__traits.hpp
[11.013s] -- Installing: /home/tang-yucheng/Desktop/legged_nav_rl/install/unitree_hg/include/unitree_hg/unitree_hg/msg/detail/press_sensor_state__builder.hpp
[11.013s] -- Installing: /home/tang-yucheng/Desktop/legged_nav_rl/install/unitree_hg/include/unitree_hg/unitree_hg/msg/detail/hand_state__struct.hpp
[11.013s] -- Installing: /home/tang-yucheng/Desktop/legged_nav_rl/install/unitree_hg/include/unitree_hg/unitree_hg/msg/detail/imu_state__struct.hpp
[11.013s] -- Installing: /home/tang-yucheng/Desktop/legged_nav_rl/install/unitree_hg/include/unitree_hg/unitree_hg/msg/detail/low_state__traits.hpp
[11.013s] -- Installing: /home/tang-yucheng/Desktop/legged_nav_rl/install/unitree_hg/include/unitree_hg/unitree_hg/msg/detail/motor_state__builder.hpp
[11.013s] -- Installing: /home/tang-yucheng/Desktop/legged_nav_rl/install/unitree_hg/include/unitree_hg/unitree_hg/msg/detail/low_cmd__struct.hpp
[11.013s] -- Installing: /home/tang-yucheng/Desktop/legged_nav_rl/install/unitree_hg/include/unitree_hg/unitree_hg/msg/detail/motor_cmd__struct.hpp
[11.013s] -- Installing: /home/tang-yucheng/Desktop/legged_nav_rl/install/unitree_hg/include/unitree_hg/unitree_hg/msg/detail/hand_state__traits.hpp
[11.013s] -- Installing: /home/tang-yucheng/Desktop/legged_nav_rl/install/unitree_hg/include/unitree_hg/unitree_hg/msg/detail/press_sensor_state__traits.hpp
[11.013s] -- Installing: /home/tang-yucheng/Desktop/legged_nav_rl/install/unitree_hg/include/unitree_hg/unitree_hg/msg/detail/imu_state__builder.hpp
[11.013s] -- Installing: /home/tang-yucheng/Desktop/legged_nav_rl/install/unitree_hg/include/unitree_hg/unitree_hg/msg/detail/bms_state__traits.hpp
[11.013s] -- Installing: /home/tang-yucheng/Desktop/legged_nav_rl/install/unitree_hg/include/unitree_hg/unitree_hg/msg/detail/bms_cmd__struct.hpp
[11.013s] -- Installing: /home/tang-yucheng/Desktop/legged_nav_rl/install/unitree_hg/include/unitree_hg/unitree_hg/msg/detail/low_cmd__builder.hpp
[11.013s] -- Installing: /home/tang-yucheng/Desktop/legged_nav_rl/install/unitree_hg/include/unitree_hg/unitree_hg/msg/detail/low_state__struct.hpp
[11.013s] -- Installing: /home/tang-yucheng/Desktop/legged_nav_rl/install/unitree_hg/include/unitree_hg/unitree_hg/msg/detail/main_board_state__struct.hpp
[11.013s] -- Installing: /home/tang-yucheng/Desktop/legged_nav_rl/install/unitree_hg/include/unitree_hg/unitree_hg/msg/detail/bms_state__builder.hpp
[11.013s] -- Installing: /home/tang-yucheng/Desktop/legged_nav_rl/install/unitree_hg/include/unitree_hg/unitree_hg/msg/detail/motor_state__traits.hpp
[11.013s] -- Installing: /home/tang-yucheng/Desktop/legged_nav_rl/install/unitree_hg/include/unitree_hg/unitree_hg/msg/detail/hand_cmd__builder.hpp
[11.013s] -- Installing: /home/tang-yucheng/Desktop/legged_nav_rl/install/unitree_hg/include/unitree_hg/unitree_hg/msg/detail/motor_state__struct.hpp
[11.013s] -- Installing: /home/tang-yucheng/Desktop/legged_nav_rl/install/unitree_hg/include/unitree_hg/unitree_hg/msg/detail/motor_cmd__builder.hpp
[11.013s] -- Installing: /home/tang-yucheng/Desktop/legged_nav_rl/install/unitree_hg/include/unitree_hg/unitree_hg/msg/detail/imu_state__traits.hpp
[11.014s] -- Installing: /home/tang-yucheng/Desktop/legged_nav_rl/install/unitree_hg/include/unitree_hg/unitree_hg/msg/detail/bms_state__struct.hpp
[11.014s] -- Installing: /home/tang-yucheng/Desktop/legged_nav_rl/install/unitree_hg/include/unitree_hg/unitree_hg/msg/detail/main_board_state__builder.hpp
[11.014s] -- Installing: /home/tang-yucheng/Desktop/legged_nav_rl/install/unitree_hg/include/unitree_hg/unitree_hg/msg/detail/main_board_state__traits.hpp
[11.014s] -- Installing: /home/tang-yucheng/Desktop/legged_nav_rl/install/unitree_hg/include/unitree_hg/unitree_hg/msg/detail/hand_cmd__traits.hpp
[11.014s] -- Up-to-date: /home/tang-yucheng/Desktop/legged_nav_rl/install/unitree_hg/include/unitree_hg/unitree_hg
[11.014s] -- Up-to-date: /home/tang-yucheng/Desktop/legged_nav_rl/install/unitree_hg/include/unitree_hg/unitree_hg/msg
[11.014s] -- Installing: /home/tang-yucheng/Desktop/legged_nav_rl/install/unitree_hg/include/unitree_hg/unitree_hg/msg/rosidl_typesupport_fastrtps_cpp__visibility_control.h
[11.014s] -- Up-to-date: /home/tang-yucheng/Desktop/legged_nav_rl/install/unitree_hg/include/unitree_hg/unitree_hg/msg/detail
[11.014s] -- Installing: /home/tang-yucheng/Desktop/legged_nav_rl/install/unitree_hg/include/unitree_hg/unitree_hg/msg/detail/low_state__rosidl_typesupport_fastrtps_cpp.hpp
[11.014s] -- Installing: /home/tang-yucheng/Desktop/legged_nav_rl/install/unitree_hg/include/unitree_hg/unitree_hg/msg/detail/motor_state__rosidl_typesupport_fastrtps_cpp.hpp
[11.014s] -- Installing: /home/tang-yucheng/Desktop/legged_nav_rl/install/unitree_hg/include/unitree_hg/unitree_hg/msg/detail/dds_fastrtps
[11.014s] -- Installing: /home/tang-yucheng/Desktop/legged_nav_rl/install/unitree_hg/include/unitree_hg/unitree_hg/msg/detail/main_board_state__rosidl_typesupport_fastrtps_cpp.hpp
[11.014s] -- Installing: /home/tang-yucheng/Desktop/legged_nav_rl/install/unitree_hg/include/unitree_hg/unitree_hg/msg/detail/bms_state__rosidl_typesupport_fastrtps_cpp.hpp
[11.014s] -- Installing: /home/tang-yucheng/Desktop/legged_nav_rl/install/unitree_hg/include/unitree_hg/unitree_hg/msg/detail/low_cmd__rosidl_typesupport_fastrtps_cpp.hpp
[11.014s] -- Installing: /home/tang-yucheng/Desktop/legged_nav_rl/install/unitree_hg/include/unitree_hg/unitree_hg/msg/detail/hand_cmd__rosidl_typesupport_fastrtps_cpp.hpp
[11.014s] -- Installing: /home/tang-yucheng/Desktop/legged_nav_rl/install/unitree_hg/include/unitree_hg/unitree_hg/msg/detail/imu_state__rosidl_typesupport_fastrtps_cpp.hpp
[11.014s] -- Installing: /home/tang-yucheng/Desktop/legged_nav_rl/install/unitree_hg/include/unitree_hg/unitree_hg/msg/detail/motor_cmd__rosidl_typesupport_fastrtps_cpp.hpp
[11.014s] -- Installing: /home/tang-yucheng/Desktop/legged_nav_rl/install/unitree_hg/include/unitree_hg/unitree_hg/msg/detail/hand_state__rosidl_typesupport_fastrtps_cpp.hpp
[11.014s] -- Installing: /home/tang-yucheng/Desktop/legged_nav_rl/install/unitree_hg/include/unitree_hg/unitree_hg/msg/detail/press_sensor_state__rosidl_typesupport_fastrtps_cpp.hpp
[11.014s] -- Installing: /home/tang-yucheng/Desktop/legged_nav_rl/install/unitree_hg/include/unitree_hg/unitree_hg/msg/detail/bms_cmd__rosidl_typesupport_fastrtps_cpp.hpp
[11.014s] -- Installing: /home/tang-yucheng/Desktop/legged_nav_rl/install/unitree_hg/lib/libunitree_hg__rosidl_typesupport_fastrtps_cpp.so
[11.015s] -- Set runtime path of "/home/tang-yucheng/Desktop/legged_nav_rl/install/unitree_hg/lib/libunitree_hg__rosidl_typesupport_fastrtps_cpp.so" to ""
[11.015s] -- Up-to-date: /home/tang-yucheng/Desktop/legged_nav_rl/install/unitree_hg/include/unitree_hg/unitree_hg
[11.015s] -- Up-to-date: /home/tang-yucheng/Desktop/legged_nav_rl/install/unitree_hg/include/unitree_hg/unitree_hg/msg
[11.015s] -- Installing: /home/tang-yucheng/Desktop/legged_nav_rl/install/unitree_hg/include/unitree_hg/unitree_hg/msg/rosidl_typesupport_introspection_c__visibility_control.h
[11.015s] -- Up-to-date: /home/tang-yucheng/Desktop/legged_nav_rl/install/unitree_hg/include/unitree_hg/unitree_hg/msg/detail
[11.015s] -- Installing: /home/tang-yucheng/Desktop/legged_nav_rl/install/unitree_hg/include/unitree_hg/unitree_hg/msg/detail/bms_state__type_support.c
[11.015s] -- Installing: /home/tang-yucheng/Desktop/legged_nav_rl/install/unitree_hg/include/unitree_hg/unitree_hg/msg/detail/main_board_state__type_support.c
[11.015s] -- Installing: /home/tang-yucheng/Desktop/legged_nav_rl/install/unitree_hg/include/unitree_hg/unitree_hg/msg/detail/hand_state__type_support.c
[11.015s] -- Installing: /home/tang-yucheng/Desktop/legged_nav_rl/install/unitree_hg/include/unitree_hg/unitree_hg/msg/detail/press_sensor_state__rosidl_typesupport_introspection_c.h
[11.015s] -- Installing: /home/tang-yucheng/Desktop/legged_nav_rl/install/unitree_hg/include/unitree_hg/unitree_hg/msg/detail/motor_cmd__rosidl_typesupport_introspection_c.h
[11.015s] -- Installing: /home/tang-yucheng/Desktop/legged_nav_rl/install/unitree_hg/include/unitree_hg/unitree_hg/msg/detail/press_sensor_state__type_support.c
[11.015s] -- Installing: /home/tang-yucheng/Desktop/legged_nav_rl/install/unitree_hg/include/unitree_hg/unitree_hg/msg/detail/low_cmd__type_support.c
[11.015s] -- Installing: /home/tang-yucheng/Desktop/legged_nav_rl/install/unitree_hg/include/unitree_hg/unitree_hg/msg/detail/low_state__rosidl_typesupport_introspection_c.h
[11.015s] -- Installing: /home/tang-yucheng/Desktop/legged_nav_rl/install/unitree_hg/include/unitree_hg/unitree_hg/msg/detail/bms_state__rosidl_typesupport_introspection_c.h
[11.015s] -- Installing: /home/tang-yucheng/Desktop/legged_nav_rl/install/unitree_hg/include/unitree_hg/unitree_hg/msg/detail/bms_cmd__type_support.c
[11.015s] -- Installing: /home/tang-yucheng/Desktop/legged_nav_rl/install/unitree_hg/include/unitree_hg/unitree_hg/msg/detail/motor_state__type_support.c
[11.015s] -- Installing: /home/tang-yucheng/Desktop/legged_nav_rl/install/unitree_hg/include/unitree_hg/unitree_hg/msg/detail/imu_state__rosidl_typesupport_introspection_c.h
[11.015s] -- Installing: /home/tang-yucheng/Desktop/legged_nav_rl/install/unitree_hg/include/unitree_hg/unitree_hg/msg/detail/hand_cmd__rosidl_typesupport_introspection_c.h
[11.015s] -- Installing: /home/tang-yucheng/Desktop/legged_nav_rl/install/unitree_hg/include/unitree_hg/unitree_hg/msg/detail/main_board_state__rosidl_typesupport_introspection_c.h
[11.016s] -- Installing: /home/tang-yucheng/Desktop/legged_nav_rl/install/unitree_hg/include/unitree_hg/unitree_hg/msg/detail/motor_state__rosidl_typesupport_introspection_c.h
[11.016s] -- Installing: /home/tang-yucheng/Desktop/legged_nav_rl/install/unitree_hg/include/unitree_hg/unitree_hg/msg/detail/hand_state__rosidl_typesupport_introspection_c.h
[11.016s] -- Installing: /home/tang-yucheng/Desktop/legged_nav_rl/install/unitree_hg/include/unitree_hg/unitree_hg/msg/detail/imu_state__type_support.c
[11.016s] -- Installing: /home/tang-yucheng/Desktop/legged_nav_rl/install/unitree_hg/include/unitree_hg/unitree_hg/msg/detail/hand_cmd__type_support.c
[11.016s] -- Installing: /home/tang-yucheng/Desktop/legged_nav_rl/install/unitree_hg/include/unitree_hg/unitree_hg/msg/detail/low_state__type_support.c
[11.016s] -- Installing: /home/tang-yucheng/Desktop/legged_nav_rl/install/unitree_hg/include/unitree_hg/unitree_hg/msg/detail/low_cmd__rosidl_typesupport_introspection_c.h
[11.016s] -- Installing: /home/tang-yucheng/Desktop/legged_nav_rl/install/unitree_hg/include/unitree_hg/unitree_hg/msg/detail/motor_cmd__type_support.c
[11.016s] -- Installing: /home/tang-yucheng/Desktop/legged_nav_rl/install/unitree_hg/include/unitree_hg/unitree_hg/msg/detail/bms_cmd__rosidl_typesupport_introspection_c.h
[11.016s] -- Installing: /home/tang-yucheng/Desktop/legged_nav_rl/install/unitree_hg/lib/libunitree_hg__rosidl_typesupport_introspection_c.so
[11.016s] -- Set runtime path of "/home/tang-yucheng/Desktop/legged_nav_rl/install/unitree_hg/lib/libunitree_hg__rosidl_typesupport_introspection_c.so" to ""
[11.016s] -- Installing: /home/tang-yucheng/Desktop/legged_nav_rl/install/unitree_hg/lib/libunitree_hg__rosidl_typesupport_c.so
[11.016s] -- Set runtime path of "/home/tang-yucheng/Desktop/legged_nav_rl/install/unitree_hg/lib/libunitree_hg__rosidl_typesupport_c.so" to ""
[11.016s] -- Up-to-date: /home/tang-yucheng/Desktop/legged_nav_rl/install/unitree_hg/include/unitree_hg/unitree_hg
[11.016s] -- Up-to-date: /home/tang-yucheng/Desktop/legged_nav_rl/install/unitree_hg/include/unitree_hg/unitree_hg/msg
[11.016s] -- Up-to-date: /home/tang-yucheng/Desktop/legged_nav_rl/install/unitree_hg/include/unitree_hg/unitree_hg/msg/detail
[11.016s] -- Installing: /home/tang-yucheng/Desktop/legged_nav_rl/install/unitree_hg/include/unitree_hg/unitree_hg/msg/detail/main_board_state__type_support.cpp
[11.016s] -- Installing: /home/tang-yucheng/Desktop/legged_nav_rl/install/unitree_hg/include/unitree_hg/unitree_hg/msg/detail/motor_cmd__rosidl_typesupport_introspection_cpp.hpp
[11.016s] -- Installing: /home/tang-yucheng/Desktop/legged_nav_rl/install/unitree_hg/include/unitree_hg/unitree_hg/msg/detail/motor_cmd__type_support.cpp
[11.016s] -- Installing: /home/tang-yucheng/Desktop/legged_nav_rl/install/unitree_hg/include/unitree_hg/unitree_hg/msg/detail/motor_state__type_support.cpp
[11.017s] -- Installing: /home/tang-yucheng/Desktop/legged_nav_rl/install/unitree_hg/include/unitree_hg/unitree_hg/msg/detail/imu_state__rosidl_typesupport_introspection_cpp.hpp
[11.017s] -- Installing: /home/tang-yucheng/Desktop/legged_nav_rl/install/unitree_hg/include/unitree_hg/unitree_hg/msg/detail/press_sensor_state__rosidl_typesupport_introspection_cpp.hpp
[11.017s] -- Installing: /home/tang-yucheng/Desktop/legged_nav_rl/install/unitree_hg/include/unitree_hg/unitree_hg/msg/detail/hand_state__type_support.cpp
[11.017s] -- Installing: /home/tang-yucheng/Desktop/legged_nav_rl/install/unitree_hg/include/unitree_hg/unitree_hg/msg/detail/bms_cmd__type_support.cpp
[11.017s] -- Installing: /home/tang-yucheng/Desktop/legged_nav_rl/install/unitree_hg/include/unitree_hg/unitree_hg/msg/detail/hand_cmd__type_support.cpp
[11.017s] -- Installing: /home/tang-yucheng/Desktop/legged_nav_rl/install/unitree_hg/include/unitree_hg/unitree_hg/msg/detail/main_board_state__rosidl_typesupport_introspection_cpp.hpp
[11.017s] -- Installing: /home/tang-yucheng/Desktop/legged_nav_rl/install/unitree_hg/include/unitree_hg/unitree_hg/msg/detail/hand_state__rosidl_typesupport_introspection_cpp.hpp
[11.017s] -- Installing: /home/tang-yucheng/Desktop/legged_nav_rl/install/unitree_hg/include/unitree_hg/unitree_hg/msg/detail/low_cmd__type_support.cpp
[11.017s] -- Installing: /home/tang-yucheng/Desktop/legged_nav_rl/install/unitree_hg/include/unitree_hg/unitree_hg/msg/detail/press_sensor_state__type_support.cpp
[11.017s] -- Installing: /home/tang-yucheng/Desktop/legged_nav_rl/install/unitree_hg/include/unitree_hg/unitree_hg/msg/detail/low_state__rosidl_typesupport_introspection_cpp.hpp
[11.017s] -- Installing: /home/tang-yucheng/Desktop/legged_nav_rl/install/unitree_hg/include/unitree_hg/unitree_hg/msg/detail/bms_state__rosidl_typesupport_introspection_cpp.hpp
[11.017s] -- Installing: /home/tang-yucheng/Desktop/legged_nav_rl/install/unitree_hg/include/unitree_hg/unitree_hg/msg/detail/bms_cmd__rosidl_typesupport_introspection_cpp.hpp
[11.017s] -- Installing: /home/tang-yucheng/Desktop/legged_nav_rl/install/unitree_hg/include/unitree_hg/unitree_hg/msg/detail/motor_state__rosidl_typesupport_introspection_cpp.hpp
[11.017s] -- Installing: /home/tang-yucheng/Desktop/legged_nav_rl/install/unitree_hg/include/unitree_hg/unitree_hg/msg/detail/low_cmd__rosidl_typesupport_introspection_cpp.hpp
[11.017s] -- Installing: /home/tang-yucheng/Desktop/legged_nav_rl/install/unitree_hg/include/unitree_hg/unitree_hg/msg/detail/bms_state__type_support.cpp
[11.017s] -- Installing: /home/tang-yucheng/Desktop/legged_nav_rl/install/unitree_hg/include/unitree_hg/unitree_hg/msg/detail/imu_state__type_support.cpp
[11.017s] -- Installing: /home/tang-yucheng/Desktop/legged_nav_rl/install/unitree_hg/include/unitree_hg/unitree_hg/msg/detail/low_state__type_support.cpp
[11.017s] -- Installing: /home/tang-yucheng/Desktop/legged_nav_rl/install/unitree_hg/include/unitree_hg/unitree_hg/msg/detail/hand_cmd__rosidl_typesupport_introspection_cpp.hpp
[11.017s] -- Installing: /home/tang-yucheng/Desktop/legged_nav_rl/install/unitree_hg/lib/libunitree_hg__rosidl_typesupport_introspection_cpp.so
[11.018s] -- Set runtime path of "/home/tang-yucheng/Desktop/legged_nav_rl/install/unitree_hg/lib/libunitree_hg__rosidl_typesupport_introspection_cpp.so" to ""
[11.018s] -- Installing: /home/tang-yucheng/Desktop/legged_nav_rl/install/unitree_hg/lib/libunitree_hg__rosidl_typesupport_cpp.so
[11.018s] -- Set runtime path of "/home/tang-yucheng/Desktop/legged_nav_rl/install/unitree_hg/lib/libunitree_hg__rosidl_typesupport_cpp.so" to ""
[11.018s] -- Installing: /home/tang-yucheng/Desktop/legged_nav_rl/install/unitree_hg/share/unitree_hg/environment/pythonpath.sh
[11.018s] -- Installing: /home/tang-yucheng/Desktop/legged_nav_rl/install/unitree_hg/share/unitree_hg/environment/pythonpath.dsv
[11.018s] -- Installing: /home/tang-yucheng/Desktop/legged_nav_rl/install/unitree_hg/local/lib/python3.10/dist-packages/unitree_hg-0.0.0-py3.10.egg-info
[11.018s] -- Installing: /home/tang-yucheng/Desktop/legged_nav_rl/install/unitree_hg/local/lib/python3.10/dist-packages/unitree_hg-0.0.0-py3.10.egg-info/SOURCES.txt
[11.018s] -- Installing: /home/tang-yucheng/Desktop/legged_nav_rl/install/unitree_hg/local/lib/python3.10/dist-packages/unitree_hg-0.0.0-py3.10.egg-info/dependency_links.txt
[11.018s] -- Installing: /home/tang-yucheng/Desktop/legged_nav_rl/install/unitree_hg/local/lib/python3.10/dist-packages/unitree_hg-0.0.0-py3.10.egg-info/PKG-INFO
[11.018s] -- Installing: /home/tang-yucheng/Desktop/legged_nav_rl/install/unitree_hg/local/lib/python3.10/dist-packages/unitree_hg-0.0.0-py3.10.egg-info/top_level.txt
[11.018s] -- Installing: /home/tang-yucheng/Desktop/legged_nav_rl/install/unitree_hg/local/lib/python3.10/dist-packages/unitree_hg
[11.018s] -- Installing: /home/tang-yucheng/Desktop/legged_nav_rl/install/unitree_hg/local/lib/python3.10/dist-packages/unitree_hg/__init__.py
[11.018s] -- Installing: /home/tang-yucheng/Desktop/legged_nav_rl/install/unitree_hg/local/lib/python3.10/dist-packages/unitree_hg/_unitree_hg_s.ep.rosidl_typesupport_introspection_c.c
[11.018s] -- Installing: /home/tang-yucheng/Desktop/legged_nav_rl/install/unitree_hg/local/lib/python3.10/dist-packages/unitree_hg/libunitree_hg__rosidl_generator_py.so
[11.018s] -- Installing: /home/tang-yucheng/Desktop/legged_nav_rl/install/unitree_hg/local/lib/python3.10/dist-packages/unitree_hg/unitree_hg_s__rosidl_typesupport_introspection_c.cpython-310-x86_64-linux-gnu.so
[11.019s] -- Installing: /home/tang-yucheng/Desktop/legged_nav_rl/install/unitree_hg/local/lib/python3.10/dist-packages/unitree_hg/_unitree_hg_s.ep.rosidl_typesupport_fastrtps_c.c
[11.019s] -- Installing: /home/tang-yucheng/Desktop/legged_nav_rl/install/unitree_hg/local/lib/python3.10/dist-packages/unitree_hg/unitree_hg_s__rosidl_typesupport_c.cpython-310-x86_64-linux-gnu.so
[11.019s] -- Installing: /home/tang-yucheng/Desktop/legged_nav_rl/install/unitree_hg/local/lib/python3.10/dist-packages/unitree_hg/unitree_hg_s__rosidl_typesupport_fastrtps_c.cpython-310-x86_64-linux-gnu.so
[11.019s] -- Installing: /home/tang-yucheng/Desktop/legged_nav_rl/install/unitree_hg/local/lib/python3.10/dist-packages/unitree_hg/_unitree_hg_s.ep.rosidl_typesupport_c.c
[11.019s] -- Installing: /home/tang-yucheng/Desktop/legged_nav_rl/install/unitree_hg/local/lib/python3.10/dist-packages/unitree_hg/msg
[11.019s] -- Installing: /home/tang-yucheng/Desktop/legged_nav_rl/install/unitree_hg/local/lib/python3.10/dist-packages/unitree_hg/msg/_hand_cmd_s.c
[11.019s] -- Installing: /home/tang-yucheng/Desktop/legged_nav_rl/install/unitree_hg/local/lib/python3.10/dist-packages/unitree_hg/msg/__init__.py
[11.019s] -- Installing: /home/tang-yucheng/Desktop/legged_nav_rl/install/unitree_hg/local/lib/python3.10/dist-packages/unitree_hg/msg/_motor_state.py
[11.019s] -- Installing: /home/tang-yucheng/Desktop/legged_nav_rl/install/unitree_hg/local/lib/python3.10/dist-packages/unitree_hg/msg/_motor_cmd_s.c
[11.019s] -- Installing: /home/tang-yucheng/Desktop/legged_nav_rl/install/unitree_hg/local/lib/python3.10/dist-packages/unitree_hg/msg/_hand_state.py
[11.020s] -- Installing: /home/tang-yucheng/Desktop/legged_nav_rl/install/unitree_hg/local/lib/python3.10/dist-packages/unitree_hg/msg/_low_cmd_s.c
[11.020s] -- Installing: /home/tang-yucheng/Desktop/legged_nav_rl/install/unitree_hg/local/lib/python3.10/dist-packages/unitree_hg/msg/_imu_state.py
[11.020s] -- Installing: /home/tang-yucheng/Desktop/legged_nav_rl/install/unitree_hg/local/lib/python3.10/dist-packages/unitree_hg/msg/_hand_cmd.py
[11.020s] -- Installing: /home/tang-yucheng/Desktop/legged_nav_rl/install/unitree_hg/local/lib/python3.10/dist-packages/unitree_hg/msg/_main_board_state_s.c
[11.020s] -- Installing: /home/tang-yucheng/Desktop/legged_nav_rl/install/unitree_hg/local/lib/python3.10/dist-packages/unitree_hg/msg/_press_sensor_state.py
[11.020s] -- Installing: /home/tang-yucheng/Desktop/legged_nav_rl/install/unitree_hg/local/lib/python3.10/dist-packages/unitree_hg/msg/_low_state_s.c
[11.020s] -- Installing: /home/tang-yucheng/Desktop/legged_nav_rl/install/unitree_hg/local/lib/python3.10/dist-packages/unitree_hg/msg/_bms_cmd_s.c
[11.020s] -- Installing: /home/tang-yucheng/Desktop/legged_nav_rl/install/unitree_hg/local/lib/python3.10/dist-packages/unitree_hg/msg/_bms_state.py
[11.020s] -- Installing: /home/tang-yucheng/Desktop/legged_nav_rl/install/unitree_hg/local/lib/python3.10/dist-packages/unitree_hg/msg/_main_board_state.py
[11.020s] -- Installing: /home/tang-yucheng/Desktop/legged_nav_rl/install/unitree_hg/local/lib/python3.10/dist-packages/unitree_hg/msg/_low_state.py
[11.021s] -- Installing: /home/tang-yucheng/Desktop/legged_nav_rl/install/unitree_hg/local/lib/python3.10/dist-packages/unitree_hg/msg/_motor_cmd.py
[11.021s] -- Installing: /home/tang-yucheng/Desktop/legged_nav_rl/install/unitree_hg/local/lib/python3.10/dist-packages/unitree_hg/msg/_press_sensor_state_s.c
[11.021s] -- Installing: /home/tang-yucheng/Desktop/legged_nav_rl/install/unitree_hg/local/lib/python3.10/dist-packages/unitree_hg/msg/_motor_state_s.c
[11.021s] -- Installing: /home/tang-yucheng/Desktop/legged_nav_rl/install/unitree_hg/local/lib/python3.10/dist-packages/unitree_hg/msg/_low_cmd.py
[11.021s] -- Installing: /home/tang-yucheng/Desktop/legged_nav_rl/install/unitree_hg/local/lib/python3.10/dist-packages/unitree_hg/msg/_hand_state_s.c
[11.021s] -- Installing: /home/tang-yucheng/Desktop/legged_nav_rl/install/unitree_hg/local/lib/python3.10/dist-packages/unitree_hg/msg/_imu_state_s.c
[11.021s] -- Installing: /home/tang-yucheng/Desktop/legged_nav_rl/install/unitree_hg/local/lib/python3.10/dist-packages/unitree_hg/msg/_bms_state_s.c
[11.021s] -- Installing: /home/tang-yucheng/Desktop/legged_nav_rl/install/unitree_hg/local/lib/python3.10/dist-packages/unitree_hg/msg/_bms_cmd.py
[11.060s] Listing '/home/tang-yucheng/Desktop/legged_nav_rl/install/unitree_hg/local/lib/python3.10/dist-packages/unitree_hg'...
[11.060s] Compiling '/home/tang-yucheng/Desktop/legged_nav_rl/install/unitree_hg/local/lib/python3.10/dist-packages/unitree_hg/__init__.py'...
[11.060s] Listing '/home/tang-yucheng/Desktop/legged_nav_rl/install/unitree_hg/local/lib/python3.10/dist-packages/unitree_hg/msg'...
[11.061s] Compiling '/home/tang-yucheng/Desktop/legged_nav_rl/install/unitree_hg/local/lib/python3.10/dist-packages/unitree_hg/msg/__init__.py'...
[11.061s] Compiling '/home/tang-yucheng/Desktop/legged_nav_rl/install/unitree_hg/local/lib/python3.10/dist-packages/unitree_hg/msg/_bms_cmd.py'...
[11.061s] Compiling '/home/tang-yucheng/Desktop/legged_nav_rl/install/unitree_hg/local/lib/python3.10/dist-packages/unitree_hg/msg/_bms_state.py'...
[11.061s] Compiling '/home/tang-yucheng/Desktop/legged_nav_rl/install/unitree_hg/local/lib/python3.10/dist-packages/unitree_hg/msg/_hand_cmd.py'...
[11.061s] Compiling '/home/tang-yucheng/Desktop/legged_nav_rl/install/unitree_hg/local/lib/python3.10/dist-packages/unitree_hg/msg/_hand_state.py'...
[11.061s] Compiling '/home/tang-yucheng/Desktop/legged_nav_rl/install/unitree_hg/local/lib/python3.10/dist-packages/unitree_hg/msg/_imu_state.py'...
[11.061s] Compiling '/home/tang-yucheng/Desktop/legged_nav_rl/install/unitree_hg/local/lib/python3.10/dist-packages/unitree_hg/msg/_low_cmd.py'...
[11.061s] Compiling '/home/tang-yucheng/Desktop/legged_nav_rl/install/unitree_hg/local/lib/python3.10/dist-packages/unitree_hg/msg/_low_state.py'...
[11.061s] Compiling '/home/tang-yucheng/Desktop/legged_nav_rl/install/unitree_hg/local/lib/python3.10/dist-packages/unitree_hg/msg/_main_board_state.py'...
[11.061s] Compiling '/home/tang-yucheng/Desktop/legged_nav_rl/install/unitree_hg/local/lib/python3.10/dist-packages/unitree_hg/msg/_motor_cmd.py'...
[11.061s] Compiling '/home/tang-yucheng/Desktop/legged_nav_rl/install/unitree_hg/local/lib/python3.10/dist-packages/unitree_hg/msg/_motor_state.py'...
[11.061s] Compiling '/home/tang-yucheng/Desktop/legged_nav_rl/install/unitree_hg/local/lib/python3.10/dist-packages/unitree_hg/msg/_press_sensor_state.py'...
[11.064s] -- Installing: /home/tang-yucheng/Desktop/legged_nav_rl/install/unitree_hg/local/lib/python3.10/dist-packages/unitree_hg/unitree_hg_s__rosidl_typesupport_fastrtps_c.cpython-310-x86_64-linux-gnu.so
[11.064s] -- Set runtime path of "/home/tang-yucheng/Desktop/legged_nav_rl/install/unitree_hg/local/lib/python3.10/dist-packages/unitree_hg/unitree_hg_s__rosidl_typesupport_fastrtps_c.cpython-310-x86_64-linux-gnu.so" to ""
[11.064s] -- Installing: /home/tang-yucheng/Desktop/legged_nav_rl/install/unitree_hg/local/lib/python3.10/dist-packages/unitree_hg/unitree_hg_s__rosidl_typesupport_introspection_c.cpython-310-x86_64-linux-gnu.so
[11.064s] -- Set runtime path of "/home/tang-yucheng/Desktop/legged_nav_rl/install/unitree_hg/local/lib/python3.10/dist-packages/unitree_hg/unitree_hg_s__rosidl_typesupport_introspection_c.cpython-310-x86_64-linux-gnu.so" to ""
[11.064s] -- Installing: /home/tang-yucheng/Desktop/legged_nav_rl/install/unitree_hg/local/lib/python3.10/dist-packages/unitree_hg/unitree_hg_s__rosidl_typesupport_c.cpython-310-x86_64-linux-gnu.so
[11.064s] -- Set runtime path of "/home/tang-yucheng/Desktop/legged_nav_rl/install/unitree_hg/local/lib/python3.10/dist-packages/unitree_hg/unitree_hg_s__rosidl_typesupport_c.cpython-310-x86_64-linux-gnu.so" to ""
[11.064s] -- Installing: /home/tang-yucheng/Desktop/legged_nav_rl/install/unitree_hg/lib/libunitree_hg__rosidl_generator_py.so
[11.065s] -- Set runtime path of "/home/tang-yucheng/Desktop/legged_nav_rl/install/unitree_hg/lib/libunitree_hg__rosidl_generator_py.so" to ""
[11.065s] -- Installing: /home/tang-yucheng/Desktop/legged_nav_rl/install/unitree_hg/share/unitree_hg/msg/BmsCmd.idl
[11.065s] -- Installing: /home/tang-yucheng/Desktop/legged_nav_rl/install/unitree_hg/share/unitree_hg/msg/BmsState.idl
[11.065s] -- Installing: /home/tang-yucheng/Desktop/legged_nav_rl/install/unitree_hg/share/unitree_hg/msg/HandCmd.idl
[11.065s] -- Installing: /home/tang-yucheng/Desktop/legged_nav_rl/install/unitree_hg/share/unitree_hg/msg/HandState.idl
[11.065s] -- Installing: /home/tang-yucheng/Desktop/legged_nav_rl/install/unitree_hg/share/unitree_hg/msg/IMUState.idl
[11.065s] -- Installing: /home/tang-yucheng/Desktop/legged_nav_rl/install/unitree_hg/share/unitree_hg/msg/LowCmd.idl
[11.065s] -- Installing: /home/tang-yucheng/Desktop/legged_nav_rl/install/unitree_hg/share/unitree_hg/msg/LowState.idl
[11.065s] -- Installing: /home/tang-yucheng/Desktop/legged_nav_rl/install/unitree_hg/share/unitree_hg/msg/MainBoardState.idl
[11.065s] -- Installing: /home/tang-yucheng/Desktop/legged_nav_rl/install/unitree_hg/share/unitree_hg/msg/MotorCmd.idl
[11.065s] -- Installing: /home/tang-yucheng/Desktop/legged_nav_rl/install/unitree_hg/share/unitree_hg/msg/MotorState.idl
[11.065s] -- Installing: /home/tang-yucheng/Desktop/legged_nav_rl/install/unitree_hg/share/unitree_hg/msg/PressSensorState.idl
[11.065s] -- Installing: /home/tang-yucheng/Desktop/legged_nav_rl/install/unitree_hg/share/unitree_hg/msg/BmsCmd.msg
[11.065s] -- Installing: /home/tang-yucheng/Desktop/legged_nav_rl/install/unitree_hg/share/unitree_hg/msg/BmsState.msg
[11.065s] -- Installing: /home/tang-yucheng/Desktop/legged_nav_rl/install/unitree_hg/share/unitree_hg/msg/HandCmd.msg
[11.065s] -- Installing: /home/tang-yucheng/Desktop/legged_nav_rl/install/unitree_hg/share/unitree_hg/msg/HandState.msg
[11.065s] -- Installing: /home/tang-yucheng/Desktop/legged_nav_rl/install/unitree_hg/share/unitree_hg/msg/IMUState.msg
[11.065s] -- Installing: /home/tang-yucheng/Desktop/legged_nav_rl/install/unitree_hg/share/unitree_hg/msg/LowCmd.msg
[11.065s] -- Installing: /home/tang-yucheng/Desktop/legged_nav_rl/install/unitree_hg/share/unitree_hg/msg/LowState.msg
[11.065s] -- Installing: /home/tang-yucheng/Desktop/legged_nav_rl/install/unitree_hg/share/unitree_hg/msg/MainBoardState.msg
[11.065s] -- Installing: /home/tang-yucheng/Desktop/legged_nav_rl/install/unitree_hg/share/unitree_hg/msg/MotorCmd.msg
[11.065s] -- Installing: /home/tang-yucheng/Desktop/legged_nav_rl/install/unitree_hg/share/unitree_hg/msg/MotorState.msg
[11.066s] -- Installing: /home/tang-yucheng/Desktop/legged_nav_rl/install/unitree_hg/share/unitree_hg/msg/PressSensorState.msg
[11.066s] -- Installing: /home/tang-yucheng/Desktop/legged_nav_rl/install/unitree_hg/share/unitree_hg/msg/dds_connext
[11.066s] -- Installing: /home/tang-yucheng/Desktop/legged_nav_rl/install/unitree_hg/share/unitree_hg/msg/dds_connext/BmsCmd_.idl
[11.066s] -- Installing: /home/tang-yucheng/Desktop/legged_nav_rl/install/unitree_hg/share/unitree_hg/msg/dds_connext/MotorState_.idl
[11.066s] -- Installing: /home/tang-yucheng/Desktop/legged_nav_rl/install/unitree_hg/share/unitree_hg/msg/dds_connext/MotorCmd_.idl
[11.066s] -- Installing: /home/tang-yucheng/Desktop/legged_nav_rl/install/unitree_hg/share/unitree_hg/msg/dds_connext/HandCmd_.idl
[11.066s] -- Installing: /home/tang-yucheng/Desktop/legged_nav_rl/install/unitree_hg/share/unitree_hg/msg/dds_connext/LowCmd_.idl
[11.066s] -- Installing: /home/tang-yucheng/Desktop/legged_nav_rl/install/unitree_hg/share/unitree_hg/msg/dds_connext/LowState_.idl
[11.066s] -- Installing: /home/tang-yucheng/Desktop/legged_nav_rl/install/unitree_hg/share/unitree_hg/msg/dds_connext/MainBoardState_.idl
[11.066s] -- Installing: /home/tang-yucheng/Desktop/legged_nav_rl/install/unitree_hg/share/unitree_hg/msg/dds_connext/BmsState_.idl
[11.066s] -- Installing: /home/tang-yucheng/Desktop/legged_nav_rl/install/unitree_hg/share/unitree_hg/msg/dds_connext/HandState_.idl
[11.066s] -- Installing: /home/tang-yucheng/Desktop/legged_nav_rl/install/unitree_hg/share/unitree_hg/msg/dds_connext/PressSensorState_.idl
[11.066s] -- Installing: /home/tang-yucheng/Desktop/legged_nav_rl/install/unitree_hg/share/unitree_hg/msg/dds_connext/IMUState_.idl
[11.066s] -- Installing: /home/tang-yucheng/Desktop/legged_nav_rl/install/unitree_hg/share/ament_index/resource_index/package_run_dependencies/unitree_hg
[11.066s] -- Installing: /home/tang-yucheng/Desktop/legged_nav_rl/install/unitree_hg/share/ament_index/resource_index/parent_prefix_path/unitree_hg
[11.067s] -- Installing: /home/tang-yucheng/Desktop/legged_nav_rl/install/unitree_hg/share/unitree_hg/environment/ament_prefix_path.sh
[11.067s] -- Installing: /home/tang-yucheng/Desktop/legged_nav_rl/install/unitree_hg/share/unitree_hg/environment/ament_prefix_path.dsv
[11.067s] -- Installing: /home/tang-yucheng/Desktop/legged_nav_rl/install/unitree_hg/share/unitree_hg/environment/path.sh
[11.067s] -- Installing: /home/tang-yucheng/Desktop/legged_nav_rl/install/unitree_hg/share/unitree_hg/environment/path.dsv
[11.067s] -- Installing: /home/tang-yucheng/Desktop/legged_nav_rl/install/unitree_hg/share/unitree_hg/local_setup.bash
[11.067s] -- Installing: /home/tang-yucheng/Desktop/legged_nav_rl/install/unitree_hg/share/unitree_hg/local_setup.sh
[11.067s] -- Installing: /home/tang-yucheng/Desktop/legged_nav_rl/install/unitree_hg/share/unitree_hg/local_setup.zsh
[11.067s] -- Installing: /home/tang-yucheng/Desktop/legged_nav_rl/install/unitree_hg/share/unitree_hg/local_setup.dsv
[11.067s] -- Installing: /home/tang-yucheng/Desktop/legged_nav_rl/install/unitree_hg/share/unitree_hg/package.dsv
[11.067s] -- Installing: /home/tang-yucheng/Desktop/legged_nav_rl/install/unitree_hg/share/ament_index/resource_index/packages/unitree_hg
[11.067s] -- Installing: /home/tang-yucheng/Desktop/legged_nav_rl/install/unitree_hg/share/unitree_hg/cmake/export_unitree_hg__rosidl_generator_cExport.cmake
[11.067s] -- Installing: /home/tang-yucheng/Desktop/legged_nav_rl/install/unitree_hg/share/unitree_hg/cmake/export_unitree_hg__rosidl_generator_cExport-noconfig.cmake
[11.067s] -- Installing: /home/tang-yucheng/Desktop/legged_nav_rl/install/unitree_hg/share/unitree_hg/cmake/export_unitree_hg__rosidl_typesupport_fastrtps_cExport.cmake
[11.067s] -- Installing: /home/tang-yucheng/Desktop/legged_nav_rl/install/unitree_hg/share/unitree_hg/cmake/export_unitree_hg__rosidl_typesupport_fastrtps_cExport-noconfig.cmake
[11.067s] -- Installing: /home/tang-yucheng/Desktop/legged_nav_rl/install/unitree_hg/share/unitree_hg/cmake/export_unitree_hg__rosidl_generator_cppExport.cmake
[11.067s] -- Installing: /home/tang-yucheng/Desktop/legged_nav_rl/install/unitree_hg/share/unitree_hg/cmake/export_unitree_hg__rosidl_typesupport_fastrtps_cppExport.cmake
[11.067s] -- Installing: /home/tang-yucheng/Desktop/legged_nav_rl/install/unitree_hg/share/unitree_hg/cmake/export_unitree_hg__rosidl_typesupport_fastrtps_cppExport-noconfig.cmake
[11.067s] -- Installing: /home/tang-yucheng/Desktop/legged_nav_rl/install/unitree_hg/share/unitree_hg/cmake/unitree_hg__rosidl_typesupport_introspection_cExport.cmake
[11.067s] -- Installing: /home/tang-yucheng/Desktop/legged_nav_rl/install/unitree_hg/share/unitree_hg/cmake/unitree_hg__rosidl_typesupport_introspection_cExport-noconfig.cmake
[11.068s] -- Installing: /home/tang-yucheng/Desktop/legged_nav_rl/install/unitree_hg/share/unitree_hg/cmake/unitree_hg__rosidl_typesupport_cExport.cmake
[11.068s] -- Installing: /home/tang-yucheng/Desktop/legged_nav_rl/install/unitree_hg/share/unitree_hg/cmake/unitree_hg__rosidl_typesupport_cExport-noconfig.cmake
[11.068s] -- Installing: /home/tang-yucheng/Desktop/legged_nav_rl/install/unitree_hg/share/unitree_hg/cmake/unitree_hg__rosidl_typesupport_introspection_cppExport.cmake
[11.068s] -- Installing: /home/tang-yucheng/Desktop/legged_nav_rl/install/unitree_hg/share/unitree_hg/cmake/unitree_hg__rosidl_typesupport_introspection_cppExport-noconfig.cmake
[11.068s] -- Installing: /home/tang-yucheng/Desktop/legged_nav_rl/install/unitree_hg/share/unitree_hg/cmake/unitree_hg__rosidl_typesupport_cppExport.cmake
[11.068s] -- Installing: /home/tang-yucheng/Desktop/legged_nav_rl/install/unitree_hg/share/unitree_hg/cmake/unitree_hg__rosidl_typesupport_cppExport-noconfig.cmake
[11.068s] -- Installing: /home/tang-yucheng/Desktop/legged_nav_rl/install/unitree_hg/share/unitree_hg/cmake/export_unitree_hg__rosidl_generator_pyExport.cmake
[11.068s] -- Installing: /home/tang-yucheng/Desktop/legged_nav_rl/install/unitree_hg/share/unitree_hg/cmake/export_unitree_hg__rosidl_generator_pyExport-noconfig.cmake
[11.068s] -- Installing: /home/tang-yucheng/Desktop/legged_nav_rl/install/unitree_hg/share/unitree_hg/cmake/rosidl_cmake-extras.cmake
[11.068s] -- Installing: /home/tang-yucheng/Desktop/legged_nav_rl/install/unitree_hg/share/unitree_hg/cmake/ament_cmake_export_dependencies-extras.cmake
[11.069s] -- Installing: /home/tang-yucheng/Desktop/legged_nav_rl/install/unitree_hg/share/unitree_hg/cmake/ament_cmake_export_include_directories-extras.cmake
[11.069s] -- Installing: /home/tang-yucheng/Desktop/legged_nav_rl/install/unitree_hg/share/unitree_hg/cmake/ament_cmake_export_libraries-extras.cmake
[11.069s] -- Installing: /home/tang-yucheng/Desktop/legged_nav_rl/install/unitree_hg/share/unitree_hg/cmake/ament_cmake_export_targets-extras.cmake
[11.069s] -- Installing: /home/tang-yucheng/Desktop/legged_nav_rl/install/unitree_hg/share/unitree_hg/cmake/rosidl_cmake_export_typesupport_targets-extras.cmake
[11.069s] -- Installing: /home/tang-yucheng/Desktop/legged_nav_rl/install/unitree_hg/share/unitree_hg/cmake/rosidl_cmake_export_typesupport_libraries-extras.cmake
[11.069s] -- Installing: /home/tang-yucheng/Desktop/legged_nav_rl/install/unitree_hg/share/unitree_hg/cmake/unitree_hgConfig.cmake
[11.069s] -- Installing: /home/tang-yucheng/Desktop/legged_nav_rl/install/unitree_hg/share/unitree_hg/cmake/unitree_hgConfig-version.cmake
[11.069s] -- Installing: /home/tang-yucheng/Desktop/legged_nav_rl/install/unitree_hg/share/unitree_hg/package.xml
[11.070s] Invoked command in '/home/tang-yucheng/Desktop/legged_nav_rl/build/unitree_hg' returned '0': CMAKE_PREFIX_PATH=${CMAKE_PREFIX_PATH}:/opt/ros/humble /usr/bin/cmake --install /home/tang-yucheng/Desktop/legged_nav_rl/build/unitree_hg
