[35m[1mConsolidate compiler generated dependencies of target legged_interaction_node[0m
[35m[1mConsolidate compiler generated dependencies of target go2_interaction[0m
[ 25%] [32mBuilding CXX object CMakeFiles/go2_interaction.dir/src/legged_interaction_node.cpp.o[0m
[ 75%] Built target legged_interaction_node
[01m[K/home/tang-yucheng/Desktop/legged_nav_rl/src/go2_interaction/src/legged_interaction_node.cpp:[m[K In constructor ‘[01m[Klegged::Class_Legged_Interaction::Class_Legged_Interaction(const rclcpp::NodeOptions&)[m[K’:
[01m[K/home/tang-yucheng/Desktop/legged_nav_rl/src/go2_interaction/src/legged_interaction_node.cpp:25:74:[m[K [01;35m[Kwarning: [m[Kconverting to ‘[01m[Kconst ParameterDescriptor[m[K’ {aka ‘[01m[Kconst rcl_interfaces::msg::ParameterDescriptor_<std::allocator<void> >[m[K’} from initializer list would use explicit constructor ‘[01m[Krcl_interfaces::msg::ParameterDescriptor_<ContainerAllocator>::ParameterDescriptor_(rosidl_runtime_cpp::MessageInitialization) [with ContainerAllocator = std::allocator<void>][m[K’
   25 |     this->joint_names = [01;35m[Kthis->declare_parameter<std::vector<std::string>>("joint_names", {})[m[K;
      |                         [01;35m[K~~~~~~~~~~~~~~~~~~~~~~~~~~~~~~~~~~~~~~~~~~~~~~~~~^~~~~~~~~~~~~~~~~~~[m[K
[01m[K/home/tang-yucheng/Desktop/legged_nav_rl/src/go2_interaction/src/legged_interaction_node.cpp:25:74:[m[K [01;36m[Knote: [m[Kin C++11 and above a default constructor can be explicit
[01m[K/home/tang-yucheng/Desktop/legged_nav_rl/src/go2_interaction/src/legged_interaction_node.cpp:[m[K In member function ‘[01m[Kvoid legged::Class_Legged_Interaction::Legged_State_Callback(unitree_go::msg::LowState_<std::allocator<void> >::ConstSharedPtr)[m[K’:
[01m[K/home/tang-yucheng/Desktop/legged_nav_rl/src/go2_interaction/src/legged_interaction_node.cpp:56:102:[m[K [01;35m[Kwarning: [m[Kunused parameter ‘[01m[Klegged_state[m[K’ [[01;35m[K]8;;https://gcc.gnu.org/onlinedocs/gcc/Warning-Options.html#index-Wunused-parameter-Wunused-parameter]8;;[m[K]
   56 | void Class_Legged_Interaction::Legged_State_Callback([01;35m[Kconst unitree_go::msg::LowState::ConstSharedPtr legged_state[m[K)
      |                                                      [01;35m[K~~~~~~~~~~~~~~~~~~~~~~~~~~~~~~~~~~~~~~~~~~~~~~~~^~~~~~~~~~~~[m[K
[100%] [32m[1mLinking CXX shared library libgo2_interaction.so[0m
[100%] Built target go2_interaction
-- Install configuration: ""
-- Up-to-date: /home/tang-yucheng/Desktop/legged_nav_rl/install/go2_interaction/lib/go2_interaction/legged_interaction_node
-- Up-to-date: /home/tang-yucheng/Desktop/legged_nav_rl/install/go2_interaction/include
-- Up-to-date: /home/tang-yucheng/Desktop/legged_nav_rl/install/go2_interaction/include/legged_interaction_node.hpp
-- Up-to-date: /home/tang-yucheng/Desktop/legged_nav_rl/install/go2_interaction/share/go2_interaction/environment/library_path.sh
-- Up-to-date: /home/tang-yucheng/Desktop/legged_nav_rl/install/go2_interaction/share/go2_interaction/environment/library_path.dsv
-- Installing: /home/tang-yucheng/Desktop/legged_nav_rl/install/go2_interaction/lib/libgo2_interaction.so
-- Set runtime path of "/home/tang-yucheng/Desktop/legged_nav_rl/install/go2_interaction/lib/libgo2_interaction.so" to ""
-- Up-to-date: /home/tang-yucheng/Desktop/legged_nav_rl/install/go2_interaction/share/ament_index/resource_index/package_run_dependencies/go2_interaction
-- Up-to-date: /home/tang-yucheng/Desktop/legged_nav_rl/install/go2_interaction/share/ament_index/resource_index/parent_prefix_path/go2_interaction
-- Up-to-date: /home/tang-yucheng/Desktop/legged_nav_rl/install/go2_interaction/share/go2_interaction/environment/ament_prefix_path.sh
-- Up-to-date: /home/tang-yucheng/Desktop/legged_nav_rl/install/go2_interaction/share/go2_interaction/environment/ament_prefix_path.dsv
-- Up-to-date: /home/tang-yucheng/Desktop/legged_nav_rl/install/go2_interaction/share/go2_interaction/environment/path.sh
-- Up-to-date: /home/tang-yucheng/Desktop/legged_nav_rl/install/go2_interaction/share/go2_interaction/environment/path.dsv
-- Up-to-date: /home/tang-yucheng/Desktop/legged_nav_rl/install/go2_interaction/share/go2_interaction/local_setup.bash
-- Up-to-date: /home/tang-yucheng/Desktop/legged_nav_rl/install/go2_interaction/share/go2_interaction/local_setup.sh
-- Up-to-date: /home/tang-yucheng/Desktop/legged_nav_rl/install/go2_interaction/share/go2_interaction/local_setup.zsh
-- Up-to-date: /home/tang-yucheng/Desktop/legged_nav_rl/install/go2_interaction/share/go2_interaction/local_setup.dsv
-- Installing: /home/tang-yucheng/Desktop/legged_nav_rl/install/go2_interaction/share/go2_interaction/package.dsv
-- Up-to-date: /home/tang-yucheng/Desktop/legged_nav_rl/install/go2_interaction/share/ament_index/resource_index/packages/go2_interaction
-- Up-to-date: /home/tang-yucheng/Desktop/legged_nav_rl/install/go2_interaction/share/ament_index/resource_index/rclcpp_components/go2_interaction
-- Up-to-date: /home/tang-yucheng/Desktop/legged_nav_rl/install/go2_interaction/share/go2_interaction/cmake/ament_cmake_export_dependencies-extras.cmake
-- Up-to-date: /home/tang-yucheng/Desktop/legged_nav_rl/install/go2_interaction/share/go2_interaction/cmake/ament_cmake_export_include_directories-extras.cmake
-- Up-to-date: /home/tang-yucheng/Desktop/legged_nav_rl/install/go2_interaction/share/go2_interaction/cmake/ament_cmake_export_libraries-extras.cmake
-- Up-to-date: /home/tang-yucheng/Desktop/legged_nav_rl/install/go2_interaction/share/go2_interaction/cmake/go2_interactionConfig.cmake
-- Up-to-date: /home/tang-yucheng/Desktop/legged_nav_rl/install/go2_interaction/share/go2_interaction/cmake/go2_interactionConfig-version.cmake
-- Up-to-date: /home/tang-yucheng/Desktop/legged_nav_rl/install/go2_interaction/share/go2_interaction/package.xml
