[0.016s] Invoking command in '/home/tang-yucheng/Desktop/legged_nav_rl/build/unitree_hg': CMAKE_PREFIX_PATH=${CMAKE_PREFIX_PATH}:/opt/ros/humble /usr/bin/cmake /home/tang-yucheng/Desktop/legged_nav_rl/src/unitree_ros2/cyclonedds_ws/src/unitree/unitree_hg -DCMAKE_INSTALL_PREFIX=/home/tang-yucheng/Desktop/legged_nav_rl/install/unitree_hg
[0.066s] -- The C compiler identification is GNU 11.4.0
[0.117s] -- The CXX compiler identification is GNU 11.4.0
[0.124s] -- Detecting C compiler ABI info
[0.178s] -- Detecting C compiler ABI info - done
[0.183s] -- Check for working C compiler: /usr/bin/cc - skipped
[0.183s] -- Detecting C compile features
[0.183s] -- Detecting C compile features - done
[0.186s] -- Detecting CXX compiler ABI info
[0.245s] -- Detecting CXX compiler ABI info - done
[0.251s] -- Check for working CXX compiler: /usr/bin/c++ - skipped
[0.251s] -- Detecting CXX compile features
[0.252s] -- Detecting CXX compile features - done
[0.255s] -- Found ament_cmake: 1.3.9 (/opt/ros/humble/share/ament_cmake/cmake)
[0.382s] -- Found Python3: /usr/bin/python3 (found version "3.10.12") found components: Interpreter 
[0.474s] -- Found geometry_msgs: 4.2.4 (/opt/ros/humble/share/geometry_msgs/cmake)
[0.515s] -- Found rosidl_generator_c: 3.1.5 (/opt/ros/humble/share/rosidl_generator_c/cmake)
[0.524s] -- Found rosidl_adapter: 3.1.5 (/opt/ros/humble/share/rosidl_adapter/cmake)
[0.540s] -- Found rosidl_generator_cpp: 3.1.5 (/opt/ros/humble/share/rosidl_generator_cpp/cmake)
[0.556s] -- Using all available rosidl_typesupport_c: rosidl_typesupport_fastrtps_c;rosidl_typesupport_introspection_c
[0.575s] -- Using all available rosidl_typesupport_cpp: rosidl_typesupport_fastrtps_cpp;rosidl_typesupport_introspection_cpp
[0.666s] -- Found rosidl_default_generators: 1.2.0 (/opt/ros/humble/share/rosidl_default_generators/cmake)
[0.680s] -- Found rosidl_generator_dds_idl: 0.8.1 (/opt/ros/humble/share/rosidl_generator_dds_idl/cmake)
[0.936s] -- Found ament_cmake_ros: 0.10.0 (/opt/ros/humble/share/ament_cmake_ros/cmake)
[1.246s] -- Using all available rosidl_typesupport_c: rosidl_typesupport_fastrtps_c;rosidl_typesupport_introspection_c
[1.375s] -- Using all available rosidl_typesupport_cpp: rosidl_typesupport_fastrtps_cpp;rosidl_typesupport_introspection_cpp
[1.394s] -- Found PythonInterp: /usr/bin/python3 (found suitable version "3.10.12", minimum required is "3.6") 
[1.399s] -- Found python_cmake_module: 0.10.0 (/opt/ros/humble/share/python_cmake_module/cmake)
[1.420s] -- Found PythonLibs: /usr/lib/x86_64-linux-gnu/libpython3.10.so (found suitable version "3.10.12", minimum required is "3.5") 
[1.420s] -- Using PYTHON_EXECUTABLE: /usr/bin/python3
[1.420s] -- Using PYTHON_INCLUDE_DIRS: /usr/include/python3.10
[1.420s] -- Using PYTHON_LIBRARIES: /usr/lib/x86_64-linux-gnu/libpython3.10.so
[1.437s] -- Found PythonExtra: .so  
[1.499s] -- Found ament_lint_auto: 0.12.11 (/opt/ros/humble/share/ament_lint_auto/cmake)
[1.523s] -- Added test 'copyright' to check source files copyright and LICENSE
[1.525s] -- Added test 'lint_cmake' to check CMake code style
[1.526s] -- Added test 'xmllint' to check XML markup files
[1.528s] -- Configuring done
[1.563s] -- Generating done
[1.564s] -- Build files have been written to: /home/tang-yucheng/Desktop/legged_nav_rl/build/unitree_hg
[1.572s] Invoked command in '/home/tang-yucheng/Desktop/legged_nav_rl/build/unitree_hg' returned '0': CMAKE_PREFIX_PATH=${CMAKE_PREFIX_PATH}:/opt/ros/humble /usr/bin/cmake /home/tang-yucheng/Desktop/legged_nav_rl/src/unitree_ros2/cyclonedds_ws/src/unitree/unitree_hg -DCMAKE_INSTALL_PREFIX=/home/tang-yucheng/Desktop/legged_nav_rl/install/unitree_hg
[1.573s] Invoking command in '/home/tang-yucheng/Desktop/legged_nav_rl/build/unitree_hg': CMAKE_PREFIX_PATH=${CMAKE_PREFIX_PATH}:/opt/ros/humble /usr/bin/cmake --build /home/tang-yucheng/Desktop/legged_nav_rl/build/unitree_hg -- -j20 -l20
[1.611s] [  1%] [34m[1mGenerating C code for ROS interfaces[0m
[1.625s] [  2%] [34m[1mGenerating DDS interfaces[0m
[1.628s] [  2%] [34m[1mGenerating C++ code for ROS interfaces[0m
[1.638s] [  2%] Built target ament_cmake_python_copy_unitree_hg
[1.851s] running egg_info
[1.851s] creating unitree_hg.egg-info
[1.851s] writing unitree_hg.egg-info/PKG-INFO
[1.852s] writing dependency_links to unitree_hg.egg-info/dependency_links.txt
[1.852s] writing top-level names to unitree_hg.egg-info/top_level.txt
[1.852s] writing manifest file 'unitree_hg.egg-info/SOURCES.txt'
[1.853s] reading manifest file 'unitree_hg.egg-info/SOURCES.txt'
[1.854s] writing manifest file 'unitree_hg.egg-info/SOURCES.txt'
[1.891s] [  2%] Built target ament_cmake_python_build_unitree_hg_egg
[2.306s] [  2%] Built target unitree_hg__dds_connext_idl
[3.744s] [  3%] [32mBuilding C object CMakeFiles/unitree_hg__rosidl_generator_c.dir/rosidl_generator_c/unitree_hg/msg/detail/bms_cmd__functions.c.o[0m
[3.746s] [  4%] [32mBuilding C object CMakeFiles/unitree_hg__rosidl_generator_c.dir/rosidl_generator_c/unitree_hg/msg/detail/bms_state__functions.c.o[0m
[3.753s] [  4%] [32mBuilding C object CMakeFiles/unitree_hg__rosidl_generator_c.dir/rosidl_generator_c/unitree_hg/msg/detail/low_cmd__functions.c.o[0m
[3.758s] [  5%] [32mBuilding C object CMakeFiles/unitree_hg__rosidl_generator_c.dir/rosidl_generator_c/unitree_hg/msg/detail/hand_cmd__functions.c.o[0m
[3.759s] [  5%] Built target unitree_hg__cpp
[3.761s] [  8%] [32mBuilding C object CMakeFiles/unitree_hg__rosidl_generator_c.dir/rosidl_generator_c/unitree_hg/msg/detail/hand_state__functions.c.o[0m
[3.772s] [  8%] [32mBuilding C object CMakeFiles/unitree_hg__rosidl_generator_c.dir/rosidl_generator_c/unitree_hg/msg/detail/imu_state__functions.c.o[0m
[3.772s] [  7%] [32mBuilding C object CMakeFiles/unitree_hg__rosidl_generator_c.dir/rosidl_generator_c/unitree_hg/msg/detail/main_board_state__functions.c.o[0m
[3.772s] [  9%] [32mBuilding C object CMakeFiles/unitree_hg__rosidl_generator_c.dir/rosidl_generator_c/unitree_hg/msg/detail/motor_cmd__functions.c.o[0m
[3.772s] [ 10%] [32mBuilding C object CMakeFiles/unitree_hg__rosidl_generator_c.dir/rosidl_generator_c/unitree_hg/msg/detail/low_state__functions.c.o[0m
[3.777s] [ 11%] [32mBuilding C object CMakeFiles/unitree_hg__rosidl_generator_c.dir/rosidl_generator_c/unitree_hg/msg/detail/motor_state__functions.c.o[0m
[3.800s] [ 12%] [32mBuilding C object CMakeFiles/unitree_hg__rosidl_generator_c.dir/rosidl_generator_c/unitree_hg/msg/detail/press_sensor_state__functions.c.o[0m
[3.803s] [ 13%] [34m[1mGenerating C++ type support dispatch for ROS interfaces[0m
[3.812s] [ 14%] [34m[1mGenerating C++ type support for eProsima Fast-RTPS[0m
[3.815s] [ 15%] [34m[1mGenerating C++ introspection for ROS interfaces[0m
[3.956s] [ 16%] [32m[1mLinking C shared library libunitree_hg__rosidl_generator_c.so[0m
[4.069s] [ 16%] Built target unitree_hg__rosidl_generator_c
[4.103s] [ 16%] [34m[1mGenerating C introspection for ROS interfaces[0m
[4.118s] [ 16%] [34m[1mGenerating C type support for eProsima Fast-RTPS[0m
[4.118s] [ 16%] [34m[1mGenerating C type support dispatch for ROS interfaces[0m
[5.605s] [ 17%] [32mBuilding CXX object CMakeFiles/unitree_hg__rosidl_typesupport_cpp.dir/rosidl_typesupport_cpp/unitree_hg/msg/bms_cmd__type_support.cpp.o[0m
[5.612s] [ 18%] [32mBuilding CXX object CMakeFiles/unitree_hg__rosidl_typesupport_cpp.dir/rosidl_typesupport_cpp/unitree_hg/msg/hand_state__type_support.cpp.o[0m
[5.618s] [ 19%] [32mBuilding CXX object CMakeFiles/unitree_hg__rosidl_typesupport_cpp.dir/rosidl_typesupport_cpp/unitree_hg/msg/bms_state__type_support.cpp.o[0m
[5.633s] [ 20%] [32mBuilding CXX object CMakeFiles/unitree_hg__rosidl_typesupport_cpp.dir/rosidl_typesupport_cpp/unitree_hg/msg/low_cmd__type_support.cpp.o[0m
[5.635s] [ 21%] [32mBuilding CXX object CMakeFiles/unitree_hg__rosidl_typesupport_cpp.dir/rosidl_typesupport_cpp/unitree_hg/msg/imu_state__type_support.cpp.o[0m
[5.639s] [ 22%] [32mBuilding CXX object CMakeFiles/unitree_hg__rosidl_typesupport_cpp.dir/rosidl_typesupport_cpp/unitree_hg/msg/low_state__type_support.cpp.o[0m
[5.641s] [ 23%] [32mBuilding CXX object CMakeFiles/unitree_hg__rosidl_typesupport_cpp.dir/rosidl_typesupport_cpp/unitree_hg/msg/main_board_state__type_support.cpp.o[0m
[5.655s] [ 23%] [32mBuilding CXX object CMakeFiles/unitree_hg__rosidl_typesupport_cpp.dir/rosidl_typesupport_cpp/unitree_hg/msg/hand_cmd__type_support.cpp.o[0m
[5.710s] [ 24%] [32mBuilding CXX object CMakeFiles/unitree_hg__rosidl_typesupport_cpp.dir/rosidl_typesupport_cpp/unitree_hg/msg/motor_state__type_support.cpp.o[0m
[5.737s] [ 25%] [32mBuilding CXX object CMakeFiles/unitree_hg__rosidl_typesupport_cpp.dir/rosidl_typesupport_cpp/unitree_hg/msg/motor_cmd__type_support.cpp.o[0m
[5.748s] [ 26%] [32mBuilding CXX object CMakeFiles/unitree_hg__rosidl_typesupport_cpp.dir/rosidl_typesupport_cpp/unitree_hg/msg/press_sensor_state__type_support.cpp.o[0m
[6.870s] [ 27%] [32mBuilding CXX object CMakeFiles/unitree_hg__rosidl_typesupport_fastrtps_cpp.dir/rosidl_typesupport_fastrtps_cpp/unitree_hg/msg/detail/dds_fastrtps/bms_cmd__type_support.cpp.o[0m
[6.890s] [ 27%] [32mBuilding CXX object CMakeFiles/unitree_hg__rosidl_typesupport_fastrtps_cpp.dir/rosidl_typesupport_fastrtps_cpp/unitree_hg/msg/detail/dds_fastrtps/hand_cmd__type_support.cpp.o[0m
[6.890s] [ 28%] [32mBuilding CXX object CMakeFiles/unitree_hg__rosidl_typesupport_fastrtps_cpp.dir/rosidl_typesupport_fastrtps_cpp/unitree_hg/msg/detail/dds_fastrtps/bms_state__type_support.cpp.o[0m
[6.897s] [ 29%] [32mBuilding CXX object CMakeFiles/unitree_hg__rosidl_typesupport_fastrtps_cpp.dir/rosidl_typesupport_fastrtps_cpp/unitree_hg/msg/detail/dds_fastrtps/hand_state__type_support.cpp.o[0m
[6.905s] [ 30%] [32mBuilding CXX object CMakeFiles/unitree_hg__rosidl_typesupport_fastrtps_cpp.dir/rosidl_typesupport_fastrtps_cpp/unitree_hg/msg/detail/dds_fastrtps/low_cmd__type_support.cpp.o[0m
[6.935s] [ 31%] [32mBuilding CXX object CMakeFiles/unitree_hg__rosidl_typesupport_fastrtps_cpp.dir/rosidl_typesupport_fastrtps_cpp/unitree_hg/msg/detail/dds_fastrtps/imu_state__type_support.cpp.o[0m
[6.935s] [ 32%] [32mBuilding CXX object CMakeFiles/unitree_hg__rosidl_typesupport_fastrtps_cpp.dir/rosidl_typesupport_fastrtps_cpp/unitree_hg/msg/detail/dds_fastrtps/low_state__type_support.cpp.o[0m
[6.940s] [ 33%] [32mBuilding CXX object CMakeFiles/unitree_hg__rosidl_typesupport_fastrtps_cpp.dir/rosidl_typesupport_fastrtps_cpp/unitree_hg/msg/detail/dds_fastrtps/main_board_state__type_support.cpp.o[0m
[7.011s] [ 34%] [32mBuilding CXX object CMakeFiles/unitree_hg__rosidl_typesupport_c.dir/rosidl_typesupport_c/unitree_hg/msg/bms_cmd__type_support.cpp.o[0m
[7.023s] [ 35%] [32mBuilding CXX object CMakeFiles/unitree_hg__rosidl_typesupport_c.dir/rosidl_typesupport_c/unitree_hg/msg/bms_state__type_support.cpp.o[0m
[7.145s] [ 36%] [32mBuilding CXX object CMakeFiles/unitree_hg__rosidl_typesupport_c.dir/rosidl_typesupport_c/unitree_hg/msg/hand_state__type_support.cpp.o[0m
[7.152s] [ 37%] [32mBuilding CXX object CMakeFiles/unitree_hg__rosidl_typesupport_c.dir/rosidl_typesupport_c/unitree_hg/msg/imu_state__type_support.cpp.o[0m
[7.166s] [ 38%] [32mBuilding CXX object CMakeFiles/unitree_hg__rosidl_typesupport_c.dir/rosidl_typesupport_c/unitree_hg/msg/hand_cmd__type_support.cpp.o[0m
[7.211s] [ 39%] [32mBuilding CXX object CMakeFiles/unitree_hg__rosidl_typesupport_fastrtps_cpp.dir/rosidl_typesupport_fastrtps_cpp/unitree_hg/msg/detail/dds_fastrtps/motor_cmd__type_support.cpp.o[0m
[7.222s] [ 40%] [32mBuilding CXX object CMakeFiles/unitree_hg__rosidl_typesupport_fastrtps_cpp.dir/rosidl_typesupport_fastrtps_cpp/unitree_hg/msg/detail/dds_fastrtps/motor_state__type_support.cpp.o[0m
[7.259s] [ 41%] [32mBuilding CXX object CMakeFiles/unitree_hg__rosidl_typesupport_c.dir/rosidl_typesupport_c/unitree_hg/msg/low_cmd__type_support.cpp.o[0m
[7.278s] [ 42%] [32mBuilding CXX object CMakeFiles/unitree_hg__rosidl_typesupport_c.dir/rosidl_typesupport_c/unitree_hg/msg/low_state__type_support.cpp.o[0m
[7.343s] [ 43%] [32mBuilding CXX object CMakeFiles/unitree_hg__rosidl_typesupport_c.dir/rosidl_typesupport_c/unitree_hg/msg/main_board_state__type_support.cpp.o[0m
[7.356s] [ 44%] [32mBuilding CXX object CMakeFiles/unitree_hg__rosidl_typesupport_fastrtps_cpp.dir/rosidl_typesupport_fastrtps_cpp/unitree_hg/msg/detail/dds_fastrtps/press_sensor_state__type_support.cpp.o[0m
[7.405s] [ 44%] [32mBuilding CXX object CMakeFiles/unitree_hg__rosidl_typesupport_c.dir/rosidl_typesupport_c/unitree_hg/msg/motor_cmd__type_support.cpp.o[0m
[7.405s] [ 45%] [32mBuilding CXX object CMakeFiles/unitree_hg__rosidl_typesupport_c.dir/rosidl_typesupport_c/unitree_hg/msg/motor_state__type_support.cpp.o[0m
[7.450s] [ 46%] [32mBuilding CXX object CMakeFiles/unitree_hg__rosidl_typesupport_c.dir/rosidl_typesupport_c/unitree_hg/msg/press_sensor_state__type_support.cpp.o[0m
[7.613s] [ 47%] [32m[1mLinking CXX shared library libunitree_hg__rosidl_typesupport_c.so[0m
[7.777s] [ 48%] [32mBuilding CXX object CMakeFiles/unitree_hg__rosidl_typesupport_fastrtps_c.dir/rosidl_typesupport_fastrtps_c/unitree_hg/msg/detail/bms_cmd__type_support_c.cpp.o[0m
[7.786s] [ 48%] Built target unitree_hg__rosidl_typesupport_c
[7.788s] [ 49%] [32mBuilding CXX object CMakeFiles/unitree_hg__rosidl_typesupport_fastrtps_c.dir/rosidl_typesupport_fastrtps_c/unitree_hg/msg/detail/bms_state__type_support_c.cpp.o[0m
[7.789s] [ 50%] [32mBuilding CXX object CMakeFiles/unitree_hg__rosidl_typesupport_fastrtps_c.dir/rosidl_typesupport_fastrtps_c/unitree_hg/msg/detail/hand_cmd__type_support_c.cpp.o[0m
[7.797s] [ 51%] [32mBuilding CXX object CMakeFiles/unitree_hg__rosidl_typesupport_fastrtps_c.dir/rosidl_typesupport_fastrtps_c/unitree_hg/msg/detail/hand_state__type_support_c.cpp.o[0m
[7.798s] [ 52%] [32mBuilding CXX object CMakeFiles/unitree_hg__rosidl_typesupport_fastrtps_c.dir/rosidl_typesupport_fastrtps_c/unitree_hg/msg/detail/imu_state__type_support_c.cpp.o[0m
[7.814s] [ 53%] [32m[1mLinking CXX shared library libunitree_hg__rosidl_typesupport_cpp.so[0m
[7.841s] [ 54%] [32mBuilding CXX object CMakeFiles/unitree_hg__rosidl_typesupport_fastrtps_c.dir/rosidl_typesupport_fastrtps_c/unitree_hg/msg/detail/low_cmd__type_support_c.cpp.o[0m
[7.856s] [ 55%] [32mBuilding CXX object CMakeFiles/unitree_hg__rosidl_typesupport_introspection_cpp.dir/rosidl_typesupport_introspection_cpp/unitree_hg/msg/detail/bms_cmd__type_support.cpp.o[0m
[7.919s] [ 56%] [32mBuilding CXX object CMakeFiles/unitree_hg__rosidl_typesupport_fastrtps_c.dir/rosidl_typesupport_fastrtps_c/unitree_hg/msg/detail/low_state__type_support_c.cpp.o[0m
[8.039s] [ 56%] Built target unitree_hg__rosidl_typesupport_cpp
[8.079s] [ 57%] [32mBuilding CXX object CMakeFiles/unitree_hg__rosidl_typesupport_fastrtps_c.dir/rosidl_typesupport_fastrtps_c/unitree_hg/msg/detail/main_board_state__type_support_c.cpp.o[0m
[8.495s] [ 57%] [32mBuilding CXX object CMakeFiles/unitree_hg__rosidl_typesupport_fastrtps_c.dir/rosidl_typesupport_fastrtps_c/unitree_hg/msg/detail/motor_cmd__type_support_c.cpp.o[0m
[8.513s] [ 58%] [32mBuilding CXX object CMakeFiles/unitree_hg__rosidl_typesupport_introspection_cpp.dir/rosidl_typesupport_introspection_cpp/unitree_hg/msg/detail/bms_state__type_support.cpp.o[0m
[8.519s] [ 58%] [32mBuilding CXX object CMakeFiles/unitree_hg__rosidl_typesupport_introspection_cpp.dir/rosidl_typesupport_introspection_cpp/unitree_hg/msg/detail/hand_cmd__type_support.cpp.o[0m
[8.615s] [ 59%] [32mBuilding CXX object CMakeFiles/unitree_hg__rosidl_typesupport_introspection_cpp.dir/rosidl_typesupport_introspection_cpp/unitree_hg/msg/detail/hand_state__type_support.cpp.o[0m
[8.707s] [ 60%] [32mBuilding C object CMakeFiles/unitree_hg__rosidl_typesupport_introspection_c.dir/rosidl_typesupport_introspection_c/unitree_hg/msg/detail/bms_cmd__type_support.c.o[0m
[8.732s] [ 61%] [32mBuilding CXX object CMakeFiles/unitree_hg__rosidl_typesupport_introspection_cpp.dir/rosidl_typesupport_introspection_cpp/unitree_hg/msg/detail/imu_state__type_support.cpp.o[0m
[8.747s] [ 62%] [32mBuilding CXX object CMakeFiles/unitree_hg__rosidl_typesupport_introspection_cpp.dir/rosidl_typesupport_introspection_cpp/unitree_hg/msg/detail/low_cmd__type_support.cpp.o[0m
[8.787s] [ 63%] [32mBuilding CXX object CMakeFiles/unitree_hg__rosidl_typesupport_fastrtps_c.dir/rosidl_typesupport_fastrtps_c/unitree_hg/msg/detail/motor_state__type_support_c.cpp.o[0m
[8.810s] [ 64%] [32mBuilding C object CMakeFiles/unitree_hg__rosidl_typesupport_introspection_c.dir/rosidl_typesupport_introspection_c/unitree_hg/msg/detail/bms_state__type_support.c.o[0m
[8.888s] [ 65%] [32mBuilding CXX object CMakeFiles/unitree_hg__rosidl_typesupport_introspection_cpp.dir/rosidl_typesupport_introspection_cpp/unitree_hg/msg/detail/low_state__type_support.cpp.o[0m
[8.917s] [ 66%] [32mBuilding CXX object CMakeFiles/unitree_hg__rosidl_typesupport_fastrtps_c.dir/rosidl_typesupport_fastrtps_c/unitree_hg/msg/detail/press_sensor_state__type_support_c.cpp.o[0m
[8.980s] [ 67%] [32mBuilding C object CMakeFiles/unitree_hg__rosidl_typesupport_introspection_c.dir/rosidl_typesupport_introspection_c/unitree_hg/msg/detail/hand_cmd__type_support.c.o[0m
[8.994s] [ 68%] [32mBuilding C object CMakeFiles/unitree_hg__rosidl_typesupport_introspection_c.dir/rosidl_typesupport_introspection_c/unitree_hg/msg/detail/hand_state__type_support.c.o[0m
[9.029s] [ 69%] [32mBuilding C object CMakeFiles/unitree_hg__rosidl_typesupport_introspection_c.dir/rosidl_typesupport_introspection_c/unitree_hg/msg/detail/imu_state__type_support.c.o[0m
[9.125s] [ 70%] [32mBuilding C object CMakeFiles/unitree_hg__rosidl_typesupport_introspection_c.dir/rosidl_typesupport_introspection_c/unitree_hg/msg/detail/low_cmd__type_support.c.o[0m
[9.139s] [ 71%] [32mBuilding C object CMakeFiles/unitree_hg__rosidl_typesupport_introspection_c.dir/rosidl_typesupport_introspection_c/unitree_hg/msg/detail/low_state__type_support.c.o[0m
[9.156s] [ 72%] [32m[1mLinking CXX shared library libunitree_hg__rosidl_typesupport_fastrtps_cpp.so[0m
[9.192s] [ 73%] [32mBuilding C object CMakeFiles/unitree_hg__rosidl_typesupport_introspection_c.dir/rosidl_typesupport_introspection_c/unitree_hg/msg/detail/main_board_state__type_support.c.o[0m
[9.261s] [ 73%] [32mBuilding C object CMakeFiles/unitree_hg__rosidl_typesupport_introspection_c.dir/rosidl_typesupport_introspection_c/unitree_hg/msg/detail/motor_cmd__type_support.c.o[0m
[9.272s] [ 74%] [32mBuilding CXX object CMakeFiles/unitree_hg__rosidl_typesupport_introspection_cpp.dir/rosidl_typesupport_introspection_cpp/unitree_hg/msg/detail/main_board_state__type_support.cpp.o[0m
[9.325s] [ 75%] [32mBuilding C object CMakeFiles/unitree_hg__rosidl_typesupport_introspection_c.dir/rosidl_typesupport_introspection_c/unitree_hg/msg/detail/motor_state__type_support.c.o[0m
[9.373s] [ 76%] [32mBuilding C object CMakeFiles/unitree_hg__rosidl_typesupport_introspection_c.dir/rosidl_typesupport_introspection_c/unitree_hg/msg/detail/press_sensor_state__type_support.c.o[0m
[9.381s] [ 77%] [32mBuilding CXX object CMakeFiles/unitree_hg__rosidl_typesupport_introspection_cpp.dir/rosidl_typesupport_introspection_cpp/unitree_hg/msg/detail/motor_cmd__type_support.cpp.o[0m
[9.398s] [ 78%] [32mBuilding CXX object CMakeFiles/unitree_hg__rosidl_typesupport_introspection_cpp.dir/rosidl_typesupport_introspection_cpp/unitree_hg/msg/detail/press_sensor_state__type_support.cpp.o[0m
[9.404s] [ 79%] [32mBuilding CXX object CMakeFiles/unitree_hg__rosidl_typesupport_introspection_cpp.dir/rosidl_typesupport_introspection_cpp/unitree_hg/msg/detail/motor_state__type_support.cpp.o[0m
[9.503s] [ 80%] [32m[1mLinking C shared library libunitree_hg__rosidl_typesupport_introspection_c.so[0m
[9.522s] [ 80%] Built target unitree_hg__rosidl_typesupport_fastrtps_cpp
[9.643s] [ 80%] Built target unitree_hg__rosidl_typesupport_introspection_c
[10.182s] [ 81%] [32m[1mLinking CXX shared library libunitree_hg__rosidl_typesupport_fastrtps_c.so[0m
[10.279s] [ 81%] Built target unitree_hg__rosidl_typesupport_fastrtps_c
[10.291s] [ 82%] [32m[1mLinking CXX shared library libunitree_hg__rosidl_typesupport_introspection_cpp.so[0m
[10.383s] [ 82%] Built target unitree_hg__rosidl_typesupport_introspection_cpp
[10.408s] [ 82%] Built target unitree_hg
[10.434s] [ 83%] [34m[1mGenerating Python code for ROS interfaces[0m
[14.583s] [ 83%] Built target unitree_hg__py
[14.674s] [ 84%] [32mBuilding C object CMakeFiles/unitree_hg__rosidl_generator_py.dir/rosidl_generator_py/unitree_hg/msg/_bms_cmd_s.c.o[0m
[14.685s] [ 84%] [32mBuilding C object CMakeFiles/unitree_hg__rosidl_generator_py.dir/rosidl_generator_py/unitree_hg/msg/_hand_cmd_s.c.o[0m
[14.687s] [ 85%] [32mBuilding C object CMakeFiles/unitree_hg__rosidl_generator_py.dir/rosidl_generator_py/unitree_hg/msg/_hand_state_s.c.o[0m
[14.688s] [ 86%] [32mBuilding C object CMakeFiles/unitree_hg__rosidl_generator_py.dir/rosidl_generator_py/unitree_hg/msg/_bms_state_s.c.o[0m
[14.688s] [ 87%] [32mBuilding C object CMakeFiles/unitree_hg__rosidl_generator_py.dir/rosidl_generator_py/unitree_hg/msg/_imu_state_s.c.o[0m
[14.693s] [ 88%] [32mBuilding C object CMakeFiles/unitree_hg__rosidl_generator_py.dir/rosidl_generator_py/unitree_hg/msg/_low_cmd_s.c.o[0m
[14.698s] [ 89%] [32mBuilding C object CMakeFiles/unitree_hg__rosidl_generator_py.dir/rosidl_generator_py/unitree_hg/msg/_main_board_state_s.c.o[0m
[14.698s] [ 90%] [32mBuilding C object CMakeFiles/unitree_hg__rosidl_generator_py.dir/rosidl_generator_py/unitree_hg/msg/_low_state_s.c.o[0m
[14.705s] [ 91%] [32mBuilding C object CMakeFiles/unitree_hg__rosidl_generator_py.dir/rosidl_generator_py/unitree_hg/msg/_motor_cmd_s.c.o[0m
[14.712s] [ 92%] [32mBuilding C object CMakeFiles/unitree_hg__rosidl_generator_py.dir/rosidl_generator_py/unitree_hg/msg/_press_sensor_state_s.c.o[0m
[14.720s] [ 93%] [32mBuilding C object CMakeFiles/unitree_hg__rosidl_generator_py.dir/rosidl_generator_py/unitree_hg/msg/_motor_state_s.c.o[0m
[14.935s] [ 94%] [32m[1mLinking C shared library rosidl_generator_py/unitree_hg/libunitree_hg__rosidl_generator_py.so[0m
[14.983s] [ 94%] Built target unitree_hg__rosidl_generator_py
[15.007s] [ 95%] [32mBuilding C object CMakeFiles/unitree_hg__rosidl_typesupport_introspection_c__pyext.dir/rosidl_generator_py/unitree_hg/_unitree_hg_s.ep.rosidl_typesupport_introspection_c.c.o[0m
[15.007s] [ 96%] [32mBuilding C object CMakeFiles/unitree_hg__rosidl_typesupport_c__pyext.dir/rosidl_generator_py/unitree_hg/_unitree_hg_s.ep.rosidl_typesupport_c.c.o[0m
[15.010s] [ 97%] [32mBuilding C object CMakeFiles/unitree_hg__rosidl_typesupport_fastrtps_c__pyext.dir/rosidl_generator_py/unitree_hg/_unitree_hg_s.ep.rosidl_typesupport_fastrtps_c.c.o[0m
[15.107s] [ 98%] [32m[1mLinking C shared library rosidl_generator_py/unitree_hg/unitree_hg_s__rosidl_typesupport_introspection_c.cpython-310-x86_64-linux-gnu.so[0m
[15.125s] [ 99%] [32m[1mLinking C shared library rosidl_generator_py/unitree_hg/unitree_hg_s__rosidl_typesupport_fastrtps_c.cpython-310-x86_64-linux-gnu.so[0m
[15.143s] [ 99%] Built target unitree_hg__rosidl_typesupport_introspection_c__pyext
[15.164s] [100%] [32m[1mLinking C shared library rosidl_generator_py/unitree_hg/unitree_hg_s__rosidl_typesupport_c.cpython-310-x86_64-linux-gnu.so[0m
[15.167s] [100%] Built target unitree_hg__rosidl_typesupport_fastrtps_c__pyext
[15.200s] [100%] Built target unitree_hg__rosidl_typesupport_c__pyext
[15.210s] Invoked command in '/home/tang-yucheng/Desktop/legged_nav_rl/build/unitree_hg' returned '0': CMAKE_PREFIX_PATH=${CMAKE_PREFIX_PATH}:/opt/ros/humble /usr/bin/cmake --build /home/tang-yucheng/Desktop/legged_nav_rl/build/unitree_hg -- -j20 -l20
[15.502s] Invoking command in '/home/tang-yucheng/Desktop/legged_nav_rl/build/unitree_hg': CMAKE_PREFIX_PATH=${CMAKE_PREFIX_PATH}:/opt/ros/humble /usr/bin/cmake --install /home/tang-yucheng/Desktop/legged_nav_rl/build/unitree_hg
[15.507s] -- Install configuration: ""
[15.508s] -- Installing: /home/tang-yucheng/Desktop/legged_nav_rl/install/unitree_hg/share/ament_index/resource_index/rosidl_interfaces/unitree_hg
[15.508s] -- Installing: /home/tang-yucheng/Desktop/legged_nav_rl/install/unitree_hg/include/unitree_hg/unitree_hg
[15.508s] -- Installing: /home/tang-yucheng/Desktop/legged_nav_rl/install/unitree_hg/include/unitree_hg/unitree_hg/msg
[15.508s] -- Installing: /home/tang-yucheng/Desktop/legged_nav_rl/install/unitree_hg/include/unitree_hg/unitree_hg/msg/rosidl_generator_c__visibility_control.h
[15.508s] -- Installing: /home/tang-yucheng/Desktop/legged_nav_rl/install/unitree_hg/include/unitree_hg/unitree_hg/msg/bms_state.h
[15.508s] -- Installing: /home/tang-yucheng/Desktop/legged_nav_rl/install/unitree_hg/include/unitree_hg/unitree_hg/msg/low_state.h
[15.508s] -- Installing: /home/tang-yucheng/Desktop/legged_nav_rl/install/unitree_hg/include/unitree_hg/unitree_hg/msg/hand_state.h
[15.508s] -- Installing: /home/tang-yucheng/Desktop/legged_nav_rl/install/unitree_hg/include/unitree_hg/unitree_hg/msg/low_cmd.h
[15.508s] -- Installing: /home/tang-yucheng/Desktop/legged_nav_rl/install/unitree_hg/include/unitree_hg/unitree_hg/msg/bms_cmd.h
[15.509s] -- Installing: /home/tang-yucheng/Desktop/legged_nav_rl/install/unitree_hg/include/unitree_hg/unitree_hg/msg/imu_state.h
[15.509s] -- Installing: /home/tang-yucheng/Desktop/legged_nav_rl/install/unitree_hg/include/unitree_hg/unitree_hg/msg/motor_state.h
[15.509s] -- Installing: /home/tang-yucheng/Desktop/legged_nav_rl/install/unitree_hg/include/unitree_hg/unitree_hg/msg/main_board_state.h
[15.509s] -- Installing: /home/tang-yucheng/Desktop/legged_nav_rl/install/unitree_hg/include/unitree_hg/unitree_hg/msg/hand_cmd.h
[15.509s] -- Installing: /home/tang-yucheng/Desktop/legged_nav_rl/install/unitree_hg/include/unitree_hg/unitree_hg/msg/detail
[15.509s] -- Installing: /home/tang-yucheng/Desktop/legged_nav_rl/install/unitree_hg/include/unitree_hg/unitree_hg/msg/detail/press_sensor_state__struct.h
[15.510s] -- Installing: /home/tang-yucheng/Desktop/legged_nav_rl/install/unitree_hg/include/unitree_hg/unitree_hg/msg/detail/hand_cmd__struct.h
[15.510s] -- Installing: /home/tang-yucheng/Desktop/legged_nav_rl/install/unitree_hg/include/unitree_hg/unitree_hg/msg/detail/motor_state__type_support.h
[15.510s] -- Installing: /home/tang-yucheng/Desktop/legged_nav_rl/install/unitree_hg/include/unitree_hg/unitree_hg/msg/detail/motor_state__functions.h
[15.510s] -- Installing: /home/tang-yucheng/Desktop/legged_nav_rl/install/unitree_hg/include/unitree_hg/unitree_hg/msg/detail/motor_state__functions.c
[15.510s] -- Installing: /home/tang-yucheng/Desktop/legged_nav_rl/install/unitree_hg/include/unitree_hg/unitree_hg/msg/detail/low_state__functions.c
[15.510s] -- Installing: /home/tang-yucheng/Desktop/legged_nav_rl/install/unitree_hg/include/unitree_hg/unitree_hg/msg/detail/bms_state__functions.h
[15.510s] -- Installing: /home/tang-yucheng/Desktop/legged_nav_rl/install/unitree_hg/include/unitree_hg/unitree_hg/msg/detail/main_board_state__struct.h
[15.511s] -- Installing: /home/tang-yucheng/Desktop/legged_nav_rl/install/unitree_hg/include/unitree_hg/unitree_hg/msg/detail/low_cmd__functions.c
[15.511s] -- Installing: /home/tang-yucheng/Desktop/legged_nav_rl/install/unitree_hg/include/unitree_hg/unitree_hg/msg/detail/motor_state__struct.h
[15.511s] -- Installing: /home/tang-yucheng/Desktop/legged_nav_rl/install/unitree_hg/include/unitree_hg/unitree_hg/msg/detail/hand_cmd__type_support.h
[15.511s] -- Installing: /home/tang-yucheng/Desktop/legged_nav_rl/install/unitree_hg/include/unitree_hg/unitree_hg/msg/detail/hand_state__functions.c
[15.511s] -- Installing: /home/tang-yucheng/Desktop/legged_nav_rl/install/unitree_hg/include/unitree_hg/unitree_hg/msg/detail/motor_cmd__type_support.h
[15.511s] -- Installing: /home/tang-yucheng/Desktop/legged_nav_rl/install/unitree_hg/include/unitree_hg/unitree_hg/msg/detail/imu_state__type_support.h
[15.511s] -- Installing: /home/tang-yucheng/Desktop/legged_nav_rl/install/unitree_hg/include/unitree_hg/unitree_hg/msg/detail/bms_cmd__functions.c
[15.511s] -- Installing: /home/tang-yucheng/Desktop/legged_nav_rl/install/unitree_hg/include/unitree_hg/unitree_hg/msg/detail/hand_state__functions.h
[15.511s] -- Installing: /home/tang-yucheng/Desktop/legged_nav_rl/install/unitree_hg/include/unitree_hg/unitree_hg/msg/detail/low_state__type_support.h
[15.511s] -- Installing: /home/tang-yucheng/Desktop/legged_nav_rl/install/unitree_hg/include/unitree_hg/unitree_hg/msg/detail/imu_state__functions.c
[15.511s] -- Installing: /home/tang-yucheng/Desktop/legged_nav_rl/install/unitree_hg/include/unitree_hg/unitree_hg/msg/detail/bms_state__struct.h
[15.511s] -- Installing: /home/tang-yucheng/Desktop/legged_nav_rl/install/unitree_hg/include/unitree_hg/unitree_hg/msg/detail/bms_cmd__type_support.h
[15.511s] -- Installing: /home/tang-yucheng/Desktop/legged_nav_rl/install/unitree_hg/include/unitree_hg/unitree_hg/msg/detail/bms_cmd__struct.h
[15.511s] -- Installing: /home/tang-yucheng/Desktop/legged_nav_rl/install/unitree_hg/include/unitree_hg/unitree_hg/msg/detail/bms_state__functions.c
[15.511s] -- Installing: /home/tang-yucheng/Desktop/legged_nav_rl/install/unitree_hg/include/unitree_hg/unitree_hg/msg/detail/press_sensor_state__functions.c
[15.511s] -- Installing: /home/tang-yucheng/Desktop/legged_nav_rl/install/unitree_hg/include/unitree_hg/unitree_hg/msg/detail/hand_cmd__functions.c
[15.511s] -- Installing: /home/tang-yucheng/Desktop/legged_nav_rl/install/unitree_hg/include/unitree_hg/unitree_hg/msg/detail/low_cmd__functions.h
[15.511s] -- Installing: /home/tang-yucheng/Desktop/legged_nav_rl/install/unitree_hg/include/unitree_hg/unitree_hg/msg/detail/low_state__struct.h
[15.511s] -- Installing: /home/tang-yucheng/Desktop/legged_nav_rl/install/unitree_hg/include/unitree_hg/unitree_hg/msg/detail/bms_state__type_support.h
[15.511s] -- Installing: /home/tang-yucheng/Desktop/legged_nav_rl/install/unitree_hg/include/unitree_hg/unitree_hg/msg/detail/low_cmd__type_support.h
[15.511s] -- Installing: /home/tang-yucheng/Desktop/legged_nav_rl/install/unitree_hg/include/unitree_hg/unitree_hg/msg/detail/bms_cmd__functions.h
[15.511s] -- Installing: /home/tang-yucheng/Desktop/legged_nav_rl/install/unitree_hg/include/unitree_hg/unitree_hg/msg/detail/press_sensor_state__functions.h
[15.511s] -- Installing: /home/tang-yucheng/Desktop/legged_nav_rl/install/unitree_hg/include/unitree_hg/unitree_hg/msg/detail/low_state__functions.h
[15.511s] -- Installing: /home/tang-yucheng/Desktop/legged_nav_rl/install/unitree_hg/include/unitree_hg/unitree_hg/msg/detail/low_cmd__struct.h
[15.511s] -- Installing: /home/tang-yucheng/Desktop/legged_nav_rl/install/unitree_hg/include/unitree_hg/unitree_hg/msg/detail/imu_state__struct.h
[15.511s] -- Installing: /home/tang-yucheng/Desktop/legged_nav_rl/install/unitree_hg/include/unitree_hg/unitree_hg/msg/detail/motor_cmd__struct.h
[15.511s] -- Installing: /home/tang-yucheng/Desktop/legged_nav_rl/install/unitree_hg/include/unitree_hg/unitree_hg/msg/detail/imu_state__functions.h
[15.511s] -- Installing: /home/tang-yucheng/Desktop/legged_nav_rl/install/unitree_hg/include/unitree_hg/unitree_hg/msg/detail/hand_cmd__functions.h
[15.512s] -- Installing: /home/tang-yucheng/Desktop/legged_nav_rl/install/unitree_hg/include/unitree_hg/unitree_hg/msg/detail/motor_cmd__functions.c
[15.512s] -- Installing: /home/tang-yucheng/Desktop/legged_nav_rl/install/unitree_hg/include/unitree_hg/unitree_hg/msg/detail/press_sensor_state__type_support.h
[15.512s] -- Installing: /home/tang-yucheng/Desktop/legged_nav_rl/install/unitree_hg/include/unitree_hg/unitree_hg/msg/detail/motor_cmd__functions.h
[15.512s] -- Installing: /home/tang-yucheng/Desktop/legged_nav_rl/install/unitree_hg/include/unitree_hg/unitree_hg/msg/detail/main_board_state__functions.h
[15.512s] -- Installing: /home/tang-yucheng/Desktop/legged_nav_rl/install/unitree_hg/include/unitree_hg/unitree_hg/msg/detail/hand_state__type_support.h
[15.512s] -- Installing: /home/tang-yucheng/Desktop/legged_nav_rl/install/unitree_hg/include/unitree_hg/unitree_hg/msg/detail/main_board_state__type_support.h
[15.512s] -- Installing: /home/tang-yucheng/Desktop/legged_nav_rl/install/unitree_hg/include/unitree_hg/unitree_hg/msg/detail/main_board_state__functions.c
[15.512s] -- Installing: /home/tang-yucheng/Desktop/legged_nav_rl/install/unitree_hg/include/unitree_hg/unitree_hg/msg/detail/hand_state__struct.h
[15.512s] -- Installing: /home/tang-yucheng/Desktop/legged_nav_rl/install/unitree_hg/include/unitree_hg/unitree_hg/msg/press_sensor_state.h
[15.513s] -- Installing: /home/tang-yucheng/Desktop/legged_nav_rl/install/unitree_hg/include/unitree_hg/unitree_hg/msg/motor_cmd.h
[15.513s] -- Installing: /home/tang-yucheng/Desktop/legged_nav_rl/install/unitree_hg/share/unitree_hg/environment/library_path.sh
[15.513s] -- Installing: /home/tang-yucheng/Desktop/legged_nav_rl/install/unitree_hg/share/unitree_hg/environment/library_path.dsv
[15.513s] -- Installing: /home/tang-yucheng/Desktop/legged_nav_rl/install/unitree_hg/lib/libunitree_hg__rosidl_generator_c.so
[15.513s] -- Set runtime path of "/home/tang-yucheng/Desktop/legged_nav_rl/install/unitree_hg/lib/libunitree_hg__rosidl_generator_c.so" to ""
[15.513s] -- Up-to-date: /home/tang-yucheng/Desktop/legged_nav_rl/install/unitree_hg/include/unitree_hg/unitree_hg
[15.513s] -- Up-to-date: /home/tang-yucheng/Desktop/legged_nav_rl/install/unitree_hg/include/unitree_hg/unitree_hg/msg
[15.513s] -- Installing: /home/tang-yucheng/Desktop/legged_nav_rl/install/unitree_hg/include/unitree_hg/unitree_hg/msg/rosidl_typesupport_fastrtps_c__visibility_control.h
[15.513s] -- Up-to-date: /home/tang-yucheng/Desktop/legged_nav_rl/install/unitree_hg/include/unitree_hg/unitree_hg/msg/detail
[15.513s] -- Installing: /home/tang-yucheng/Desktop/legged_nav_rl/install/unitree_hg/include/unitree_hg/unitree_hg/msg/detail/bms_cmd__rosidl_typesupport_fastrtps_c.h
[15.513s] -- Installing: /home/tang-yucheng/Desktop/legged_nav_rl/install/unitree_hg/include/unitree_hg/unitree_hg/msg/detail/hand_state__rosidl_typesupport_fastrtps_c.h
[15.513s] -- Installing: /home/tang-yucheng/Desktop/legged_nav_rl/install/unitree_hg/include/unitree_hg/unitree_hg/msg/detail/bms_state__rosidl_typesupport_fastrtps_c.h
[15.513s] -- Installing: /home/tang-yucheng/Desktop/legged_nav_rl/install/unitree_hg/include/unitree_hg/unitree_hg/msg/detail/hand_cmd__rosidl_typesupport_fastrtps_c.h
[15.513s] -- Installing: /home/tang-yucheng/Desktop/legged_nav_rl/install/unitree_hg/include/unitree_hg/unitree_hg/msg/detail/motor_state__rosidl_typesupport_fastrtps_c.h
[15.514s] -- Installing: /home/tang-yucheng/Desktop/legged_nav_rl/install/unitree_hg/include/unitree_hg/unitree_hg/msg/detail/motor_cmd__rosidl_typesupport_fastrtps_c.h
[15.514s] -- Installing: /home/tang-yucheng/Desktop/legged_nav_rl/install/unitree_hg/include/unitree_hg/unitree_hg/msg/detail/press_sensor_state__rosidl_typesupport_fastrtps_c.h
[15.514s] -- Installing: /home/tang-yucheng/Desktop/legged_nav_rl/install/unitree_hg/include/unitree_hg/unitree_hg/msg/detail/low_state__rosidl_typesupport_fastrtps_c.h
[15.514s] -- Installing: /home/tang-yucheng/Desktop/legged_nav_rl/install/unitree_hg/include/unitree_hg/unitree_hg/msg/detail/low_cmd__rosidl_typesupport_fastrtps_c.h
[15.514s] -- Installing: /home/tang-yucheng/Desktop/legged_nav_rl/install/unitree_hg/include/unitree_hg/unitree_hg/msg/detail/imu_state__rosidl_typesupport_fastrtps_c.h
[15.514s] -- Installing: /home/tang-yucheng/Desktop/legged_nav_rl/install/unitree_hg/include/unitree_hg/unitree_hg/msg/detail/main_board_state__rosidl_typesupport_fastrtps_c.h
[15.514s] -- Installing: /home/tang-yucheng/Desktop/legged_nav_rl/install/unitree_hg/lib/libunitree_hg__rosidl_typesupport_fastrtps_c.so
[15.514s] -- Set runtime path of "/home/tang-yucheng/Desktop/legged_nav_rl/install/unitree_hg/lib/libunitree_hg__rosidl_typesupport_fastrtps_c.so" to ""
[15.514s] -- Up-to-date: /home/tang-yucheng/Desktop/legged_nav_rl/install/unitree_hg/include/unitree_hg/unitree_hg
[15.514s] -- Up-to-date: /home/tang-yucheng/Desktop/legged_nav_rl/install/unitree_hg/include/unitree_hg/unitree_hg/msg
[15.514s] -- Installing: /home/tang-yucheng/Desktop/legged_nav_rl/install/unitree_hg/include/unitree_hg/unitree_hg/msg/motor_cmd.hpp
[15.514s] -- Installing: /home/tang-yucheng/Desktop/legged_nav_rl/install/unitree_hg/include/unitree_hg/unitree_hg/msg/bms_cmd.hpp
[15.514s] -- Installing: /home/tang-yucheng/Desktop/legged_nav_rl/install/unitree_hg/include/unitree_hg/unitree_hg/msg/hand_cmd.hpp
[15.514s] -- Installing: /home/tang-yucheng/Desktop/legged_nav_rl/install/unitree_hg/include/unitree_hg/unitree_hg/msg/imu_state.hpp
[15.514s] -- Installing: /home/tang-yucheng/Desktop/legged_nav_rl/install/unitree_hg/include/unitree_hg/unitree_hg/msg/press_sensor_state.hpp
[15.514s] -- Installing: /home/tang-yucheng/Desktop/legged_nav_rl/install/unitree_hg/include/unitree_hg/unitree_hg/msg/bms_state.hpp
[15.514s] -- Installing: /home/tang-yucheng/Desktop/legged_nav_rl/install/unitree_hg/include/unitree_hg/unitree_hg/msg/motor_state.hpp
[15.514s] -- Installing: /home/tang-yucheng/Desktop/legged_nav_rl/install/unitree_hg/include/unitree_hg/unitree_hg/msg/hand_state.hpp
[15.514s] -- Installing: /home/tang-yucheng/Desktop/legged_nav_rl/install/unitree_hg/include/unitree_hg/unitree_hg/msg/main_board_state.hpp
[15.514s] -- Installing: /home/tang-yucheng/Desktop/legged_nav_rl/install/unitree_hg/include/unitree_hg/unitree_hg/msg/low_state.hpp
[15.514s] -- Installing: /home/tang-yucheng/Desktop/legged_nav_rl/install/unitree_hg/include/unitree_hg/unitree_hg/msg/low_cmd.hpp
[15.514s] -- Up-to-date: /home/tang-yucheng/Desktop/legged_nav_rl/install/unitree_hg/include/unitree_hg/unitree_hg/msg/detail
[15.514s] -- Installing: /home/tang-yucheng/Desktop/legged_nav_rl/install/unitree_hg/include/unitree_hg/unitree_hg/msg/detail/press_sensor_state__struct.hpp
[15.514s] -- Installing: /home/tang-yucheng/Desktop/legged_nav_rl/install/unitree_hg/include/unitree_hg/unitree_hg/msg/detail/bms_cmd__traits.hpp
[15.514s] -- Installing: /home/tang-yucheng/Desktop/legged_nav_rl/install/unitree_hg/include/unitree_hg/unitree_hg/msg/detail/bms_cmd__builder.hpp
[15.514s] -- Installing: /home/tang-yucheng/Desktop/legged_nav_rl/install/unitree_hg/include/unitree_hg/unitree_hg/msg/detail/low_state__builder.hpp
[15.514s] -- Installing: /home/tang-yucheng/Desktop/legged_nav_rl/install/unitree_hg/include/unitree_hg/unitree_hg/msg/detail/motor_cmd__traits.hpp
[15.514s] -- Installing: /home/tang-yucheng/Desktop/legged_nav_rl/install/unitree_hg/include/unitree_hg/unitree_hg/msg/detail/hand_cmd__struct.hpp
[15.515s] -- Installing: /home/tang-yucheng/Desktop/legged_nav_rl/install/unitree_hg/include/unitree_hg/unitree_hg/msg/detail/hand_state__builder.hpp
[15.515s] -- Installing: /home/tang-yucheng/Desktop/legged_nav_rl/install/unitree_hg/include/unitree_hg/unitree_hg/msg/detail/low_cmd__traits.hpp
[15.515s] -- Installing: /home/tang-yucheng/Desktop/legged_nav_rl/install/unitree_hg/include/unitree_hg/unitree_hg/msg/detail/press_sensor_state__builder.hpp
[15.515s] -- Installing: /home/tang-yucheng/Desktop/legged_nav_rl/install/unitree_hg/include/unitree_hg/unitree_hg/msg/detail/hand_state__struct.hpp
[15.515s] -- Installing: /home/tang-yucheng/Desktop/legged_nav_rl/install/unitree_hg/include/unitree_hg/unitree_hg/msg/detail/imu_state__struct.hpp
[15.515s] -- Installing: /home/tang-yucheng/Desktop/legged_nav_rl/install/unitree_hg/include/unitree_hg/unitree_hg/msg/detail/low_state__traits.hpp
[15.515s] -- Installing: /home/tang-yucheng/Desktop/legged_nav_rl/install/unitree_hg/include/unitree_hg/unitree_hg/msg/detail/motor_state__builder.hpp
[15.515s] -- Installing: /home/tang-yucheng/Desktop/legged_nav_rl/install/unitree_hg/include/unitree_hg/unitree_hg/msg/detail/low_cmd__struct.hpp
[15.515s] -- Installing: /home/tang-yucheng/Desktop/legged_nav_rl/install/unitree_hg/include/unitree_hg/unitree_hg/msg/detail/motor_cmd__struct.hpp
[15.515s] -- Installing: /home/tang-yucheng/Desktop/legged_nav_rl/install/unitree_hg/include/unitree_hg/unitree_hg/msg/detail/hand_state__traits.hpp
[15.515s] -- Installing: /home/tang-yucheng/Desktop/legged_nav_rl/install/unitree_hg/include/unitree_hg/unitree_hg/msg/detail/press_sensor_state__traits.hpp
[15.515s] -- Installing: /home/tang-yucheng/Desktop/legged_nav_rl/install/unitree_hg/include/unitree_hg/unitree_hg/msg/detail/imu_state__builder.hpp
[15.515s] -- Installing: /home/tang-yucheng/Desktop/legged_nav_rl/install/unitree_hg/include/unitree_hg/unitree_hg/msg/detail/bms_state__traits.hpp
[15.515s] -- Installing: /home/tang-yucheng/Desktop/legged_nav_rl/install/unitree_hg/include/unitree_hg/unitree_hg/msg/detail/bms_cmd__struct.hpp
[15.515s] -- Installing: /home/tang-yucheng/Desktop/legged_nav_rl/install/unitree_hg/include/unitree_hg/unitree_hg/msg/detail/low_cmd__builder.hpp
[15.515s] -- Installing: /home/tang-yucheng/Desktop/legged_nav_rl/install/unitree_hg/include/unitree_hg/unitree_hg/msg/detail/low_state__struct.hpp
[15.515s] -- Installing: /home/tang-yucheng/Desktop/legged_nav_rl/install/unitree_hg/include/unitree_hg/unitree_hg/msg/detail/main_board_state__struct.hpp
[15.515s] -- Installing: /home/tang-yucheng/Desktop/legged_nav_rl/install/unitree_hg/include/unitree_hg/unitree_hg/msg/detail/bms_state__builder.hpp
[15.515s] -- Installing: /home/tang-yucheng/Desktop/legged_nav_rl/install/unitree_hg/include/unitree_hg/unitree_hg/msg/detail/motor_state__traits.hpp
[15.515s] -- Installing: /home/tang-yucheng/Desktop/legged_nav_rl/install/unitree_hg/include/unitree_hg/unitree_hg/msg/detail/hand_cmd__builder.hpp
[15.515s] -- Installing: /home/tang-yucheng/Desktop/legged_nav_rl/install/unitree_hg/include/unitree_hg/unitree_hg/msg/detail/motor_state__struct.hpp
[15.515s] -- Installing: /home/tang-yucheng/Desktop/legged_nav_rl/install/unitree_hg/include/unitree_hg/unitree_hg/msg/detail/motor_cmd__builder.hpp
[15.516s] -- Installing: /home/tang-yucheng/Desktop/legged_nav_rl/install/unitree_hg/include/unitree_hg/unitree_hg/msg/detail/imu_state__traits.hpp
[15.516s] -- Installing: /home/tang-yucheng/Desktop/legged_nav_rl/install/unitree_hg/include/unitree_hg/unitree_hg/msg/detail/bms_state__struct.hpp
[15.516s] -- Installing: /home/tang-yucheng/Desktop/legged_nav_rl/install/unitree_hg/include/unitree_hg/unitree_hg/msg/detail/main_board_state__builder.hpp
[15.516s] -- Installing: /home/tang-yucheng/Desktop/legged_nav_rl/install/unitree_hg/include/unitree_hg/unitree_hg/msg/detail/main_board_state__traits.hpp
[15.516s] -- Installing: /home/tang-yucheng/Desktop/legged_nav_rl/install/unitree_hg/include/unitree_hg/unitree_hg/msg/detail/hand_cmd__traits.hpp
[15.517s] -- Up-to-date: /home/tang-yucheng/Desktop/legged_nav_rl/install/unitree_hg/include/unitree_hg/unitree_hg
[15.517s] -- Up-to-date: /home/tang-yucheng/Desktop/legged_nav_rl/install/unitree_hg/include/unitree_hg/unitree_hg/msg
[15.517s] -- Installing: /home/tang-yucheng/Desktop/legged_nav_rl/install/unitree_hg/include/unitree_hg/unitree_hg/msg/rosidl_typesupport_fastrtps_cpp__visibility_control.h
[15.517s] -- Up-to-date: /home/tang-yucheng/Desktop/legged_nav_rl/install/unitree_hg/include/unitree_hg/unitree_hg/msg/detail
[15.517s] -- Installing: /home/tang-yucheng/Desktop/legged_nav_rl/install/unitree_hg/include/unitree_hg/unitree_hg/msg/detail/low_state__rosidl_typesupport_fastrtps_cpp.hpp
[15.517s] -- Installing: /home/tang-yucheng/Desktop/legged_nav_rl/install/unitree_hg/include/unitree_hg/unitree_hg/msg/detail/motor_state__rosidl_typesupport_fastrtps_cpp.hpp
[15.517s] -- Installing: /home/tang-yucheng/Desktop/legged_nav_rl/install/unitree_hg/include/unitree_hg/unitree_hg/msg/detail/dds_fastrtps
[15.517s] -- Installing: /home/tang-yucheng/Desktop/legged_nav_rl/install/unitree_hg/include/unitree_hg/unitree_hg/msg/detail/main_board_state__rosidl_typesupport_fastrtps_cpp.hpp
[15.517s] -- Installing: /home/tang-yucheng/Desktop/legged_nav_rl/install/unitree_hg/include/unitree_hg/unitree_hg/msg/detail/bms_state__rosidl_typesupport_fastrtps_cpp.hpp
[15.517s] -- Installing: /home/tang-yucheng/Desktop/legged_nav_rl/install/unitree_hg/include/unitree_hg/unitree_hg/msg/detail/low_cmd__rosidl_typesupport_fastrtps_cpp.hpp
[15.517s] -- Installing: /home/tang-yucheng/Desktop/legged_nav_rl/install/unitree_hg/include/unitree_hg/unitree_hg/msg/detail/hand_cmd__rosidl_typesupport_fastrtps_cpp.hpp
[15.518s] -- Installing: /home/tang-yucheng/Desktop/legged_nav_rl/install/unitree_hg/include/unitree_hg/unitree_hg/msg/detail/imu_state__rosidl_typesupport_fastrtps_cpp.hpp
[15.518s] -- Installing: /home/tang-yucheng/Desktop/legged_nav_rl/install/unitree_hg/include/unitree_hg/unitree_hg/msg/detail/motor_cmd__rosidl_typesupport_fastrtps_cpp.hpp
[15.518s] -- Installing: /home/tang-yucheng/Desktop/legged_nav_rl/install/unitree_hg/include/unitree_hg/unitree_hg/msg/detail/hand_state__rosidl_typesupport_fastrtps_cpp.hpp
[15.518s] -- Installing: /home/tang-yucheng/Desktop/legged_nav_rl/install/unitree_hg/include/unitree_hg/unitree_hg/msg/detail/press_sensor_state__rosidl_typesupport_fastrtps_cpp.hpp
[15.518s] -- Installing: /home/tang-yucheng/Desktop/legged_nav_rl/install/unitree_hg/include/unitree_hg/unitree_hg/msg/detail/bms_cmd__rosidl_typesupport_fastrtps_cpp.hpp
[15.518s] -- Installing: /home/tang-yucheng/Desktop/legged_nav_rl/install/unitree_hg/lib/libunitree_hg__rosidl_typesupport_fastrtps_cpp.so
[15.518s] -- Set runtime path of "/home/tang-yucheng/Desktop/legged_nav_rl/install/unitree_hg/lib/libunitree_hg__rosidl_typesupport_fastrtps_cpp.so" to ""
[15.518s] -- Up-to-date: /home/tang-yucheng/Desktop/legged_nav_rl/install/unitree_hg/include/unitree_hg/unitree_hg
[15.518s] -- Up-to-date: /home/tang-yucheng/Desktop/legged_nav_rl/install/unitree_hg/include/unitree_hg/unitree_hg/msg
[15.518s] -- Installing: /home/tang-yucheng/Desktop/legged_nav_rl/install/unitree_hg/include/unitree_hg/unitree_hg/msg/rosidl_typesupport_introspection_c__visibility_control.h
[15.519s] -- Up-to-date: /home/tang-yucheng/Desktop/legged_nav_rl/install/unitree_hg/include/unitree_hg/unitree_hg/msg/detail
[15.519s] -- Installing: /home/tang-yucheng/Desktop/legged_nav_rl/install/unitree_hg/include/unitree_hg/unitree_hg/msg/detail/bms_state__type_support.c
[15.519s] -- Installing: /home/tang-yucheng/Desktop/legged_nav_rl/install/unitree_hg/include/unitree_hg/unitree_hg/msg/detail/main_board_state__type_support.c
[15.519s] -- Installing: /home/tang-yucheng/Desktop/legged_nav_rl/install/unitree_hg/include/unitree_hg/unitree_hg/msg/detail/hand_state__type_support.c
[15.519s] -- Installing: /home/tang-yucheng/Desktop/legged_nav_rl/install/unitree_hg/include/unitree_hg/unitree_hg/msg/detail/press_sensor_state__rosidl_typesupport_introspection_c.h
[15.519s] -- Installing: /home/tang-yucheng/Desktop/legged_nav_rl/install/unitree_hg/include/unitree_hg/unitree_hg/msg/detail/motor_cmd__rosidl_typesupport_introspection_c.h
[15.519s] -- Installing: /home/tang-yucheng/Desktop/legged_nav_rl/install/unitree_hg/include/unitree_hg/unitree_hg/msg/detail/press_sensor_state__type_support.c
[15.519s] -- Installing: /home/tang-yucheng/Desktop/legged_nav_rl/install/unitree_hg/include/unitree_hg/unitree_hg/msg/detail/low_cmd__type_support.c
[15.519s] -- Installing: /home/tang-yucheng/Desktop/legged_nav_rl/install/unitree_hg/include/unitree_hg/unitree_hg/msg/detail/low_state__rosidl_typesupport_introspection_c.h
[15.519s] -- Installing: /home/tang-yucheng/Desktop/legged_nav_rl/install/unitree_hg/include/unitree_hg/unitree_hg/msg/detail/bms_state__rosidl_typesupport_introspection_c.h
[15.519s] -- Installing: /home/tang-yucheng/Desktop/legged_nav_rl/install/unitree_hg/include/unitree_hg/unitree_hg/msg/detail/bms_cmd__type_support.c
[15.519s] -- Installing: /home/tang-yucheng/Desktop/legged_nav_rl/install/unitree_hg/include/unitree_hg/unitree_hg/msg/detail/motor_state__type_support.c
[15.519s] -- Installing: /home/tang-yucheng/Desktop/legged_nav_rl/install/unitree_hg/include/unitree_hg/unitree_hg/msg/detail/imu_state__rosidl_typesupport_introspection_c.h
[15.519s] -- Installing: /home/tang-yucheng/Desktop/legged_nav_rl/install/unitree_hg/include/unitree_hg/unitree_hg/msg/detail/hand_cmd__rosidl_typesupport_introspection_c.h
[15.519s] -- Installing: /home/tang-yucheng/Desktop/legged_nav_rl/install/unitree_hg/include/unitree_hg/unitree_hg/msg/detail/main_board_state__rosidl_typesupport_introspection_c.h
[15.519s] -- Installing: /home/tang-yucheng/Desktop/legged_nav_rl/install/unitree_hg/include/unitree_hg/unitree_hg/msg/detail/motor_state__rosidl_typesupport_introspection_c.h
[15.519s] -- Installing: /home/tang-yucheng/Desktop/legged_nav_rl/install/unitree_hg/include/unitree_hg/unitree_hg/msg/detail/hand_state__rosidl_typesupport_introspection_c.h
[15.519s] -- Installing: /home/tang-yucheng/Desktop/legged_nav_rl/install/unitree_hg/include/unitree_hg/unitree_hg/msg/detail/imu_state__type_support.c
[15.519s] -- Installing: /home/tang-yucheng/Desktop/legged_nav_rl/install/unitree_hg/include/unitree_hg/unitree_hg/msg/detail/hand_cmd__type_support.c
[15.520s] -- Installing: /home/tang-yucheng/Desktop/legged_nav_rl/install/unitree_hg/include/unitree_hg/unitree_hg/msg/detail/low_state__type_support.c
[15.520s] -- Installing: /home/tang-yucheng/Desktop/legged_nav_rl/install/unitree_hg/include/unitree_hg/unitree_hg/msg/detail/low_cmd__rosidl_typesupport_introspection_c.h
[15.520s] -- Installing: /home/tang-yucheng/Desktop/legged_nav_rl/install/unitree_hg/include/unitree_hg/unitree_hg/msg/detail/motor_cmd__type_support.c
[15.520s] -- Installing: /home/tang-yucheng/Desktop/legged_nav_rl/install/unitree_hg/include/unitree_hg/unitree_hg/msg/detail/bms_cmd__rosidl_typesupport_introspection_c.h
[15.520s] -- Installing: /home/tang-yucheng/Desktop/legged_nav_rl/install/unitree_hg/lib/libunitree_hg__rosidl_typesupport_introspection_c.so
[15.520s] -- Set runtime path of "/home/tang-yucheng/Desktop/legged_nav_rl/install/unitree_hg/lib/libunitree_hg__rosidl_typesupport_introspection_c.so" to ""
[15.520s] -- Installing: /home/tang-yucheng/Desktop/legged_nav_rl/install/unitree_hg/lib/libunitree_hg__rosidl_typesupport_c.so
[15.520s] -- Set runtime path of "/home/tang-yucheng/Desktop/legged_nav_rl/install/unitree_hg/lib/libunitree_hg__rosidl_typesupport_c.so" to ""
[15.520s] -- Up-to-date: /home/tang-yucheng/Desktop/legged_nav_rl/install/unitree_hg/include/unitree_hg/unitree_hg
[15.520s] -- Up-to-date: /home/tang-yucheng/Desktop/legged_nav_rl/install/unitree_hg/include/unitree_hg/unitree_hg/msg
[15.520s] -- Up-to-date: /home/tang-yucheng/Desktop/legged_nav_rl/install/unitree_hg/include/unitree_hg/unitree_hg/msg/detail
[15.520s] -- Installing: /home/tang-yucheng/Desktop/legged_nav_rl/install/unitree_hg/include/unitree_hg/unitree_hg/msg/detail/main_board_state__type_support.cpp
[15.520s] -- Installing: /home/tang-yucheng/Desktop/legged_nav_rl/install/unitree_hg/include/unitree_hg/unitree_hg/msg/detail/motor_cmd__rosidl_typesupport_introspection_cpp.hpp
[15.520s] -- Installing: /home/tang-yucheng/Desktop/legged_nav_rl/install/unitree_hg/include/unitree_hg/unitree_hg/msg/detail/motor_cmd__type_support.cpp
[15.520s] -- Installing: /home/tang-yucheng/Desktop/legged_nav_rl/install/unitree_hg/include/unitree_hg/unitree_hg/msg/detail/motor_state__type_support.cpp
[15.520s] -- Installing: /home/tang-yucheng/Desktop/legged_nav_rl/install/unitree_hg/include/unitree_hg/unitree_hg/msg/detail/imu_state__rosidl_typesupport_introspection_cpp.hpp
[15.520s] -- Installing: /home/tang-yucheng/Desktop/legged_nav_rl/install/unitree_hg/include/unitree_hg/unitree_hg/msg/detail/press_sensor_state__rosidl_typesupport_introspection_cpp.hpp
[15.521s] -- Installing: /home/tang-yucheng/Desktop/legged_nav_rl/install/unitree_hg/include/unitree_hg/unitree_hg/msg/detail/hand_state__type_support.cpp
[15.521s] -- Installing: /home/tang-yucheng/Desktop/legged_nav_rl/install/unitree_hg/include/unitree_hg/unitree_hg/msg/detail/bms_cmd__type_support.cpp
[15.521s] -- Installing: /home/tang-yucheng/Desktop/legged_nav_rl/install/unitree_hg/include/unitree_hg/unitree_hg/msg/detail/hand_cmd__type_support.cpp
[15.521s] -- Installing: /home/tang-yucheng/Desktop/legged_nav_rl/install/unitree_hg/include/unitree_hg/unitree_hg/msg/detail/main_board_state__rosidl_typesupport_introspection_cpp.hpp
[15.521s] -- Installing: /home/tang-yucheng/Desktop/legged_nav_rl/install/unitree_hg/include/unitree_hg/unitree_hg/msg/detail/hand_state__rosidl_typesupport_introspection_cpp.hpp
[15.521s] -- Installing: /home/tang-yucheng/Desktop/legged_nav_rl/install/unitree_hg/include/unitree_hg/unitree_hg/msg/detail/low_cmd__type_support.cpp
[15.521s] -- Installing: /home/tang-yucheng/Desktop/legged_nav_rl/install/unitree_hg/include/unitree_hg/unitree_hg/msg/detail/press_sensor_state__type_support.cpp
[15.521s] -- Installing: /home/tang-yucheng/Desktop/legged_nav_rl/install/unitree_hg/include/unitree_hg/unitree_hg/msg/detail/low_state__rosidl_typesupport_introspection_cpp.hpp
[15.521s] -- Installing: /home/tang-yucheng/Desktop/legged_nav_rl/install/unitree_hg/include/unitree_hg/unitree_hg/msg/detail/bms_state__rosidl_typesupport_introspection_cpp.hpp
[15.521s] -- Installing: /home/tang-yucheng/Desktop/legged_nav_rl/install/unitree_hg/include/unitree_hg/unitree_hg/msg/detail/bms_cmd__rosidl_typesupport_introspection_cpp.hpp
[15.521s] -- Installing: /home/tang-yucheng/Desktop/legged_nav_rl/install/unitree_hg/include/unitree_hg/unitree_hg/msg/detail/motor_state__rosidl_typesupport_introspection_cpp.hpp
[15.521s] -- Installing: /home/tang-yucheng/Desktop/legged_nav_rl/install/unitree_hg/include/unitree_hg/unitree_hg/msg/detail/low_cmd__rosidl_typesupport_introspection_cpp.hpp
[15.521s] -- Installing: /home/tang-yucheng/Desktop/legged_nav_rl/install/unitree_hg/include/unitree_hg/unitree_hg/msg/detail/bms_state__type_support.cpp
[15.521s] -- Installing: /home/tang-yucheng/Desktop/legged_nav_rl/install/unitree_hg/include/unitree_hg/unitree_hg/msg/detail/imu_state__type_support.cpp
[15.521s] -- Installing: /home/tang-yucheng/Desktop/legged_nav_rl/install/unitree_hg/include/unitree_hg/unitree_hg/msg/detail/low_state__type_support.cpp
[15.521s] -- Installing: /home/tang-yucheng/Desktop/legged_nav_rl/install/unitree_hg/include/unitree_hg/unitree_hg/msg/detail/hand_cmd__rosidl_typesupport_introspection_cpp.hpp
[15.521s] -- Installing: /home/tang-yucheng/Desktop/legged_nav_rl/install/unitree_hg/lib/libunitree_hg__rosidl_typesupport_introspection_cpp.so
[15.521s] -- Set runtime path of "/home/tang-yucheng/Desktop/legged_nav_rl/install/unitree_hg/lib/libunitree_hg__rosidl_typesupport_introspection_cpp.so" to ""
[15.521s] -- Installing: /home/tang-yucheng/Desktop/legged_nav_rl/install/unitree_hg/lib/libunitree_hg__rosidl_typesupport_cpp.so
[15.521s] -- Set runtime path of "/home/tang-yucheng/Desktop/legged_nav_rl/install/unitree_hg/lib/libunitree_hg__rosidl_typesupport_cpp.so" to ""
[15.521s] -- Installing: /home/tang-yucheng/Desktop/legged_nav_rl/install/unitree_hg/share/unitree_hg/environment/pythonpath.sh
[15.521s] -- Installing: /home/tang-yucheng/Desktop/legged_nav_rl/install/unitree_hg/share/unitree_hg/environment/pythonpath.dsv
[15.521s] -- Installing: /home/tang-yucheng/Desktop/legged_nav_rl/install/unitree_hg/local/lib/python3.10/dist-packages/unitree_hg-0.0.0-py3.10.egg-info
[15.522s] -- Installing: /home/tang-yucheng/Desktop/legged_nav_rl/install/unitree_hg/local/lib/python3.10/dist-packages/unitree_hg-0.0.0-py3.10.egg-info/SOURCES.txt
[15.522s] -- Installing: /home/tang-yucheng/Desktop/legged_nav_rl/install/unitree_hg/local/lib/python3.10/dist-packages/unitree_hg-0.0.0-py3.10.egg-info/dependency_links.txt
[15.522s] -- Installing: /home/tang-yucheng/Desktop/legged_nav_rl/install/unitree_hg/local/lib/python3.10/dist-packages/unitree_hg-0.0.0-py3.10.egg-info/PKG-INFO
[15.522s] -- Installing: /home/tang-yucheng/Desktop/legged_nav_rl/install/unitree_hg/local/lib/python3.10/dist-packages/unitree_hg-0.0.0-py3.10.egg-info/top_level.txt
[15.522s] -- Installing: /home/tang-yucheng/Desktop/legged_nav_rl/install/unitree_hg/local/lib/python3.10/dist-packages/unitree_hg
[15.522s] -- Installing: /home/tang-yucheng/Desktop/legged_nav_rl/install/unitree_hg/local/lib/python3.10/dist-packages/unitree_hg/__init__.py
[15.522s] -- Installing: /home/tang-yucheng/Desktop/legged_nav_rl/install/unitree_hg/local/lib/python3.10/dist-packages/unitree_hg/_unitree_hg_s.ep.rosidl_typesupport_introspection_c.c
[15.522s] -- Installing: /home/tang-yucheng/Desktop/legged_nav_rl/install/unitree_hg/local/lib/python3.10/dist-packages/unitree_hg/libunitree_hg__rosidl_generator_py.so
[15.522s] -- Installing: /home/tang-yucheng/Desktop/legged_nav_rl/install/unitree_hg/local/lib/python3.10/dist-packages/unitree_hg/unitree_hg_s__rosidl_typesupport_introspection_c.cpython-310-x86_64-linux-gnu.so
[15.522s] -- Installing: /home/tang-yucheng/Desktop/legged_nav_rl/install/unitree_hg/local/lib/python3.10/dist-packages/unitree_hg/_unitree_hg_s.ep.rosidl_typesupport_fastrtps_c.c
[15.522s] -- Installing: /home/tang-yucheng/Desktop/legged_nav_rl/install/unitree_hg/local/lib/python3.10/dist-packages/unitree_hg/unitree_hg_s__rosidl_typesupport_c.cpython-310-x86_64-linux-gnu.so
[15.522s] -- Installing: /home/tang-yucheng/Desktop/legged_nav_rl/install/unitree_hg/local/lib/python3.10/dist-packages/unitree_hg/unitree_hg_s__rosidl_typesupport_fastrtps_c.cpython-310-x86_64-linux-gnu.so
[15.522s] -- Installing: /home/tang-yucheng/Desktop/legged_nav_rl/install/unitree_hg/local/lib/python3.10/dist-packages/unitree_hg/_unitree_hg_s.ep.rosidl_typesupport_c.c
[15.522s] -- Installing: /home/tang-yucheng/Desktop/legged_nav_rl/install/unitree_hg/local/lib/python3.10/dist-packages/unitree_hg/msg
[15.522s] -- Installing: /home/tang-yucheng/Desktop/legged_nav_rl/install/unitree_hg/local/lib/python3.10/dist-packages/unitree_hg/msg/_hand_cmd_s.c
[15.522s] -- Installing: /home/tang-yucheng/Desktop/legged_nav_rl/install/unitree_hg/local/lib/python3.10/dist-packages/unitree_hg/msg/__init__.py
[15.523s] -- Installing: /home/tang-yucheng/Desktop/legged_nav_rl/install/unitree_hg/local/lib/python3.10/dist-packages/unitree_hg/msg/_motor_state.py
[15.523s] -- Installing: /home/tang-yucheng/Desktop/legged_nav_rl/install/unitree_hg/local/lib/python3.10/dist-packages/unitree_hg/msg/_motor_cmd_s.c
[15.523s] -- Installing: /home/tang-yucheng/Desktop/legged_nav_rl/install/unitree_hg/local/lib/python3.10/dist-packages/unitree_hg/msg/_hand_state.py
[15.523s] -- Installing: /home/tang-yucheng/Desktop/legged_nav_rl/install/unitree_hg/local/lib/python3.10/dist-packages/unitree_hg/msg/_low_cmd_s.c
[15.523s] -- Installing: /home/tang-yucheng/Desktop/legged_nav_rl/install/unitree_hg/local/lib/python3.10/dist-packages/unitree_hg/msg/_imu_state.py
[15.523s] -- Installing: /home/tang-yucheng/Desktop/legged_nav_rl/install/unitree_hg/local/lib/python3.10/dist-packages/unitree_hg/msg/_hand_cmd.py
[15.523s] -- Installing: /home/tang-yucheng/Desktop/legged_nav_rl/install/unitree_hg/local/lib/python3.10/dist-packages/unitree_hg/msg/_main_board_state_s.c
[15.523s] -- Installing: /home/tang-yucheng/Desktop/legged_nav_rl/install/unitree_hg/local/lib/python3.10/dist-packages/unitree_hg/msg/_press_sensor_state.py
[15.523s] -- Installing: /home/tang-yucheng/Desktop/legged_nav_rl/install/unitree_hg/local/lib/python3.10/dist-packages/unitree_hg/msg/_low_state_s.c
[15.523s] -- Installing: /home/tang-yucheng/Desktop/legged_nav_rl/install/unitree_hg/local/lib/python3.10/dist-packages/unitree_hg/msg/_bms_cmd_s.c
[15.523s] -- Installing: /home/tang-yucheng/Desktop/legged_nav_rl/install/unitree_hg/local/lib/python3.10/dist-packages/unitree_hg/msg/_bms_state.py
[15.524s] -- Installing: /home/tang-yucheng/Desktop/legged_nav_rl/install/unitree_hg/local/lib/python3.10/dist-packages/unitree_hg/msg/_main_board_state.py
[15.524s] -- Installing: /home/tang-yucheng/Desktop/legged_nav_rl/install/unitree_hg/local/lib/python3.10/dist-packages/unitree_hg/msg/_low_state.py
[15.524s] -- Installing: /home/tang-yucheng/Desktop/legged_nav_rl/install/unitree_hg/local/lib/python3.10/dist-packages/unitree_hg/msg/_motor_cmd.py
[15.524s] -- Installing: /home/tang-yucheng/Desktop/legged_nav_rl/install/unitree_hg/local/lib/python3.10/dist-packages/unitree_hg/msg/_press_sensor_state_s.c
[15.524s] -- Installing: /home/tang-yucheng/Desktop/legged_nav_rl/install/unitree_hg/local/lib/python3.10/dist-packages/unitree_hg/msg/_motor_state_s.c
[15.524s] -- Installing: /home/tang-yucheng/Desktop/legged_nav_rl/install/unitree_hg/local/lib/python3.10/dist-packages/unitree_hg/msg/_low_cmd.py
[15.524s] -- Installing: /home/tang-yucheng/Desktop/legged_nav_rl/install/unitree_hg/local/lib/python3.10/dist-packages/unitree_hg/msg/_hand_state_s.c
[15.524s] -- Installing: /home/tang-yucheng/Desktop/legged_nav_rl/install/unitree_hg/local/lib/python3.10/dist-packages/unitree_hg/msg/_imu_state_s.c
[15.524s] -- Installing: /home/tang-yucheng/Desktop/legged_nav_rl/install/unitree_hg/local/lib/python3.10/dist-packages/unitree_hg/msg/_bms_state_s.c
[15.524s] -- Installing: /home/tang-yucheng/Desktop/legged_nav_rl/install/unitree_hg/local/lib/python3.10/dist-packages/unitree_hg/msg/_bms_cmd.py
[15.565s] Listing '/home/tang-yucheng/Desktop/legged_nav_rl/install/unitree_hg/local/lib/python3.10/dist-packages/unitree_hg'...
[15.565s] Compiling '/home/tang-yucheng/Desktop/legged_nav_rl/install/unitree_hg/local/lib/python3.10/dist-packages/unitree_hg/__init__.py'...
[15.565s] Listing '/home/tang-yucheng/Desktop/legged_nav_rl/install/unitree_hg/local/lib/python3.10/dist-packages/unitree_hg/msg'...
[15.565s] Compiling '/home/tang-yucheng/Desktop/legged_nav_rl/install/unitree_hg/local/lib/python3.10/dist-packages/unitree_hg/msg/__init__.py'...
[15.565s] Compiling '/home/tang-yucheng/Desktop/legged_nav_rl/install/unitree_hg/local/lib/python3.10/dist-packages/unitree_hg/msg/_bms_cmd.py'...
[15.565s] Compiling '/home/tang-yucheng/Desktop/legged_nav_rl/install/unitree_hg/local/lib/python3.10/dist-packages/unitree_hg/msg/_bms_state.py'...
[15.565s] Compiling '/home/tang-yucheng/Desktop/legged_nav_rl/install/unitree_hg/local/lib/python3.10/dist-packages/unitree_hg/msg/_hand_cmd.py'...
[15.565s] Compiling '/home/tang-yucheng/Desktop/legged_nav_rl/install/unitree_hg/local/lib/python3.10/dist-packages/unitree_hg/msg/_hand_state.py'...
[15.566s] Compiling '/home/tang-yucheng/Desktop/legged_nav_rl/install/unitree_hg/local/lib/python3.10/dist-packages/unitree_hg/msg/_imu_state.py'...
[15.566s] Compiling '/home/tang-yucheng/Desktop/legged_nav_rl/install/unitree_hg/local/lib/python3.10/dist-packages/unitree_hg/msg/_low_cmd.py'...
[15.566s] Compiling '/home/tang-yucheng/Desktop/legged_nav_rl/install/unitree_hg/local/lib/python3.10/dist-packages/unitree_hg/msg/_low_state.py'...
[15.566s] Compiling '/home/tang-yucheng/Desktop/legged_nav_rl/install/unitree_hg/local/lib/python3.10/dist-packages/unitree_hg/msg/_main_board_state.py'...
[15.566s] Compiling '/home/tang-yucheng/Desktop/legged_nav_rl/install/unitree_hg/local/lib/python3.10/dist-packages/unitree_hg/msg/_motor_cmd.py'...
[15.566s] Compiling '/home/tang-yucheng/Desktop/legged_nav_rl/install/unitree_hg/local/lib/python3.10/dist-packages/unitree_hg/msg/_motor_state.py'...
[15.566s] Compiling '/home/tang-yucheng/Desktop/legged_nav_rl/install/unitree_hg/local/lib/python3.10/dist-packages/unitree_hg/msg/_press_sensor_state.py'...
[15.568s] -- Installing: /home/tang-yucheng/Desktop/legged_nav_rl/install/unitree_hg/local/lib/python3.10/dist-packages/unitree_hg/unitree_hg_s__rosidl_typesupport_fastrtps_c.cpython-310-x86_64-linux-gnu.so
[15.568s] -- Set runtime path of "/home/tang-yucheng/Desktop/legged_nav_rl/install/unitree_hg/local/lib/python3.10/dist-packages/unitree_hg/unitree_hg_s__rosidl_typesupport_fastrtps_c.cpython-310-x86_64-linux-gnu.so" to ""
[15.569s] -- Installing: /home/tang-yucheng/Desktop/legged_nav_rl/install/unitree_hg/local/lib/python3.10/dist-packages/unitree_hg/unitree_hg_s__rosidl_typesupport_introspection_c.cpython-310-x86_64-linux-gnu.so
[15.569s] -- Set runtime path of "/home/tang-yucheng/Desktop/legged_nav_rl/install/unitree_hg/local/lib/python3.10/dist-packages/unitree_hg/unitree_hg_s__rosidl_typesupport_introspection_c.cpython-310-x86_64-linux-gnu.so" to ""
[15.569s] -- Installing: /home/tang-yucheng/Desktop/legged_nav_rl/install/unitree_hg/local/lib/python3.10/dist-packages/unitree_hg/unitree_hg_s__rosidl_typesupport_c.cpython-310-x86_64-linux-gnu.so
[15.569s] -- Set runtime path of "/home/tang-yucheng/Desktop/legged_nav_rl/install/unitree_hg/local/lib/python3.10/dist-packages/unitree_hg/unitree_hg_s__rosidl_typesupport_c.cpython-310-x86_64-linux-gnu.so" to ""
[15.569s] -- Installing: /home/tang-yucheng/Desktop/legged_nav_rl/install/unitree_hg/lib/libunitree_hg__rosidl_generator_py.so
[15.569s] -- Set runtime path of "/home/tang-yucheng/Desktop/legged_nav_rl/install/unitree_hg/lib/libunitree_hg__rosidl_generator_py.so" to ""
[15.569s] -- Installing: /home/tang-yucheng/Desktop/legged_nav_rl/install/unitree_hg/share/unitree_hg/msg/BmsCmd.idl
[15.570s] -- Installing: /home/tang-yucheng/Desktop/legged_nav_rl/install/unitree_hg/share/unitree_hg/msg/BmsState.idl
[15.570s] -- Installing: /home/tang-yucheng/Desktop/legged_nav_rl/install/unitree_hg/share/unitree_hg/msg/HandCmd.idl
[15.570s] -- Installing: /home/tang-yucheng/Desktop/legged_nav_rl/install/unitree_hg/share/unitree_hg/msg/HandState.idl
[15.570s] -- Installing: /home/tang-yucheng/Desktop/legged_nav_rl/install/unitree_hg/share/unitree_hg/msg/IMUState.idl
[15.570s] -- Installing: /home/tang-yucheng/Desktop/legged_nav_rl/install/unitree_hg/share/unitree_hg/msg/LowCmd.idl
[15.570s] -- Installing: /home/tang-yucheng/Desktop/legged_nav_rl/install/unitree_hg/share/unitree_hg/msg/LowState.idl
[15.570s] -- Installing: /home/tang-yucheng/Desktop/legged_nav_rl/install/unitree_hg/share/unitree_hg/msg/MainBoardState.idl
[15.570s] -- Installing: /home/tang-yucheng/Desktop/legged_nav_rl/install/unitree_hg/share/unitree_hg/msg/MotorCmd.idl
[15.570s] -- Installing: /home/tang-yucheng/Desktop/legged_nav_rl/install/unitree_hg/share/unitree_hg/msg/MotorState.idl
[15.571s] -- Installing: /home/tang-yucheng/Desktop/legged_nav_rl/install/unitree_hg/share/unitree_hg/msg/PressSensorState.idl
[15.571s] -- Installing: /home/tang-yucheng/Desktop/legged_nav_rl/install/unitree_hg/share/unitree_hg/msg/BmsCmd.msg
[15.571s] -- Installing: /home/tang-yucheng/Desktop/legged_nav_rl/install/unitree_hg/share/unitree_hg/msg/BmsState.msg
[15.571s] -- Installing: /home/tang-yucheng/Desktop/legged_nav_rl/install/unitree_hg/share/unitree_hg/msg/HandCmd.msg
[15.571s] -- Installing: /home/tang-yucheng/Desktop/legged_nav_rl/install/unitree_hg/share/unitree_hg/msg/HandState.msg
[15.571s] -- Installing: /home/tang-yucheng/Desktop/legged_nav_rl/install/unitree_hg/share/unitree_hg/msg/IMUState.msg
[15.571s] -- Installing: /home/tang-yucheng/Desktop/legged_nav_rl/install/unitree_hg/share/unitree_hg/msg/LowCmd.msg
[15.571s] -- Installing: /home/tang-yucheng/Desktop/legged_nav_rl/install/unitree_hg/share/unitree_hg/msg/LowState.msg
[15.571s] -- Installing: /home/tang-yucheng/Desktop/legged_nav_rl/install/unitree_hg/share/unitree_hg/msg/MainBoardState.msg
[15.572s] -- Installing: /home/tang-yucheng/Desktop/legged_nav_rl/install/unitree_hg/share/unitree_hg/msg/MotorCmd.msg
[15.572s] -- Installing: /home/tang-yucheng/Desktop/legged_nav_rl/install/unitree_hg/share/unitree_hg/msg/MotorState.msg
[15.572s] -- Installing: /home/tang-yucheng/Desktop/legged_nav_rl/install/unitree_hg/share/unitree_hg/msg/PressSensorState.msg
[15.572s] -- Installing: /home/tang-yucheng/Desktop/legged_nav_rl/install/unitree_hg/share/unitree_hg/msg/dds_connext
[15.572s] -- Installing: /home/tang-yucheng/Desktop/legged_nav_rl/install/unitree_hg/share/unitree_hg/msg/dds_connext/BmsCmd_.idl
[15.572s] -- Installing: /home/tang-yucheng/Desktop/legged_nav_rl/install/unitree_hg/share/unitree_hg/msg/dds_connext/MotorState_.idl
[15.572s] -- Installing: /home/tang-yucheng/Desktop/legged_nav_rl/install/unitree_hg/share/unitree_hg/msg/dds_connext/MotorCmd_.idl
[15.572s] -- Installing: /home/tang-yucheng/Desktop/legged_nav_rl/install/unitree_hg/share/unitree_hg/msg/dds_connext/HandCmd_.idl
[15.572s] -- Installing: /home/tang-yucheng/Desktop/legged_nav_rl/install/unitree_hg/share/unitree_hg/msg/dds_connext/LowCmd_.idl
[15.572s] -- Installing: /home/tang-yucheng/Desktop/legged_nav_rl/install/unitree_hg/share/unitree_hg/msg/dds_connext/LowState_.idl
[15.572s] -- Installing: /home/tang-yucheng/Desktop/legged_nav_rl/install/unitree_hg/share/unitree_hg/msg/dds_connext/MainBoardState_.idl
[15.572s] -- Installing: /home/tang-yucheng/Desktop/legged_nav_rl/install/unitree_hg/share/unitree_hg/msg/dds_connext/BmsState_.idl
[15.572s] -- Installing: /home/tang-yucheng/Desktop/legged_nav_rl/install/unitree_hg/share/unitree_hg/msg/dds_connext/HandState_.idl
[15.573s] -- Installing: /home/tang-yucheng/Desktop/legged_nav_rl/install/unitree_hg/share/unitree_hg/msg/dds_connext/PressSensorState_.idl
[15.573s] -- Installing: /home/tang-yucheng/Desktop/legged_nav_rl/install/unitree_hg/share/unitree_hg/msg/dds_connext/IMUState_.idl
[15.573s] -- Installing: /home/tang-yucheng/Desktop/legged_nav_rl/install/unitree_hg/share/ament_index/resource_index/package_run_dependencies/unitree_hg
[15.573s] -- Installing: /home/tang-yucheng/Desktop/legged_nav_rl/install/unitree_hg/share/ament_index/resource_index/parent_prefix_path/unitree_hg
[15.573s] -- Installing: /home/tang-yucheng/Desktop/legged_nav_rl/install/unitree_hg/share/unitree_hg/environment/ament_prefix_path.sh
[15.573s] -- Installing: /home/tang-yucheng/Desktop/legged_nav_rl/install/unitree_hg/share/unitree_hg/environment/ament_prefix_path.dsv
[15.573s] -- Installing: /home/tang-yucheng/Desktop/legged_nav_rl/install/unitree_hg/share/unitree_hg/environment/path.sh
[15.573s] -- Installing: /home/tang-yucheng/Desktop/legged_nav_rl/install/unitree_hg/share/unitree_hg/environment/path.dsv
[15.573s] -- Installing: /home/tang-yucheng/Desktop/legged_nav_rl/install/unitree_hg/share/unitree_hg/local_setup.bash
[15.573s] -- Installing: /home/tang-yucheng/Desktop/legged_nav_rl/install/unitree_hg/share/unitree_hg/local_setup.sh
[15.573s] -- Installing: /home/tang-yucheng/Desktop/legged_nav_rl/install/unitree_hg/share/unitree_hg/local_setup.zsh
[15.574s] -- Installing: /home/tang-yucheng/Desktop/legged_nav_rl/install/unitree_hg/share/unitree_hg/local_setup.dsv
[15.574s] -- Installing: /home/tang-yucheng/Desktop/legged_nav_rl/install/unitree_hg/share/unitree_hg/package.dsv
[15.574s] -- Installing: /home/tang-yucheng/Desktop/legged_nav_rl/install/unitree_hg/share/ament_index/resource_index/packages/unitree_hg
[15.574s] -- Installing: /home/tang-yucheng/Desktop/legged_nav_rl/install/unitree_hg/share/unitree_hg/cmake/export_unitree_hg__rosidl_generator_cExport.cmake
[15.574s] -- Installing: /home/tang-yucheng/Desktop/legged_nav_rl/install/unitree_hg/share/unitree_hg/cmake/export_unitree_hg__rosidl_generator_cExport-noconfig.cmake
[15.574s] -- Installing: /home/tang-yucheng/Desktop/legged_nav_rl/install/unitree_hg/share/unitree_hg/cmake/export_unitree_hg__rosidl_typesupport_fastrtps_cExport.cmake
[15.574s] -- Installing: /home/tang-yucheng/Desktop/legged_nav_rl/install/unitree_hg/share/unitree_hg/cmake/export_unitree_hg__rosidl_typesupport_fastrtps_cExport-noconfig.cmake
[15.574s] -- Installing: /home/tang-yucheng/Desktop/legged_nav_rl/install/unitree_hg/share/unitree_hg/cmake/export_unitree_hg__rosidl_generator_cppExport.cmake
[15.574s] -- Installing: /home/tang-yucheng/Desktop/legged_nav_rl/install/unitree_hg/share/unitree_hg/cmake/export_unitree_hg__rosidl_typesupport_fastrtps_cppExport.cmake
[15.574s] -- Installing: /home/tang-yucheng/Desktop/legged_nav_rl/install/unitree_hg/share/unitree_hg/cmake/export_unitree_hg__rosidl_typesupport_fastrtps_cppExport-noconfig.cmake
[15.575s] -- Installing: /home/tang-yucheng/Desktop/legged_nav_rl/install/unitree_hg/share/unitree_hg/cmake/unitree_hg__rosidl_typesupport_introspection_cExport.cmake
[15.575s] -- Installing: /home/tang-yucheng/Desktop/legged_nav_rl/install/unitree_hg/share/unitree_hg/cmake/unitree_hg__rosidl_typesupport_introspection_cExport-noconfig.cmake
[15.575s] -- Installing: /home/tang-yucheng/Desktop/legged_nav_rl/install/unitree_hg/share/unitree_hg/cmake/unitree_hg__rosidl_typesupport_cExport.cmake
[15.575s] -- Installing: /home/tang-yucheng/Desktop/legged_nav_rl/install/unitree_hg/share/unitree_hg/cmake/unitree_hg__rosidl_typesupport_cExport-noconfig.cmake
[15.575s] -- Installing: /home/tang-yucheng/Desktop/legged_nav_rl/install/unitree_hg/share/unitree_hg/cmake/unitree_hg__rosidl_typesupport_introspection_cppExport.cmake
[15.575s] -- Installing: /home/tang-yucheng/Desktop/legged_nav_rl/install/unitree_hg/share/unitree_hg/cmake/unitree_hg__rosidl_typesupport_introspection_cppExport-noconfig.cmake
[15.575s] -- Installing: /home/tang-yucheng/Desktop/legged_nav_rl/install/unitree_hg/share/unitree_hg/cmake/unitree_hg__rosidl_typesupport_cppExport.cmake
[15.575s] -- Installing: /home/tang-yucheng/Desktop/legged_nav_rl/install/unitree_hg/share/unitree_hg/cmake/unitree_hg__rosidl_typesupport_cppExport-noconfig.cmake
[15.575s] -- Installing: /home/tang-yucheng/Desktop/legged_nav_rl/install/unitree_hg/share/unitree_hg/cmake/export_unitree_hg__rosidl_generator_pyExport.cmake
[15.575s] -- Installing: /home/tang-yucheng/Desktop/legged_nav_rl/install/unitree_hg/share/unitree_hg/cmake/export_unitree_hg__rosidl_generator_pyExport-noconfig.cmake
[15.575s] -- Installing: /home/tang-yucheng/Desktop/legged_nav_rl/install/unitree_hg/share/unitree_hg/cmake/rosidl_cmake-extras.cmake
[15.575s] -- Installing: /home/tang-yucheng/Desktop/legged_nav_rl/install/unitree_hg/share/unitree_hg/cmake/ament_cmake_export_dependencies-extras.cmake
[15.575s] -- Installing: /home/tang-yucheng/Desktop/legged_nav_rl/install/unitree_hg/share/unitree_hg/cmake/ament_cmake_export_include_directories-extras.cmake
[15.575s] -- Installing: /home/tang-yucheng/Desktop/legged_nav_rl/install/unitree_hg/share/unitree_hg/cmake/ament_cmake_export_libraries-extras.cmake
[15.575s] -- Installing: /home/tang-yucheng/Desktop/legged_nav_rl/install/unitree_hg/share/unitree_hg/cmake/ament_cmake_export_targets-extras.cmake
[15.575s] -- Installing: /home/tang-yucheng/Desktop/legged_nav_rl/install/unitree_hg/share/unitree_hg/cmake/rosidl_cmake_export_typesupport_targets-extras.cmake
[15.575s] -- Installing: /home/tang-yucheng/Desktop/legged_nav_rl/install/unitree_hg/share/unitree_hg/cmake/rosidl_cmake_export_typesupport_libraries-extras.cmake
[15.575s] -- Installing: /home/tang-yucheng/Desktop/legged_nav_rl/install/unitree_hg/share/unitree_hg/cmake/unitree_hgConfig.cmake
[15.575s] -- Installing: /home/tang-yucheng/Desktop/legged_nav_rl/install/unitree_hg/share/unitree_hg/cmake/unitree_hgConfig-version.cmake
[15.575s] -- Installing: /home/tang-yucheng/Desktop/legged_nav_rl/install/unitree_hg/share/unitree_hg/package.xml
[15.576s] Invoked command in '/home/tang-yucheng/Desktop/legged_nav_rl/build/unitree_hg' returned '0': CMAKE_PREFIX_PATH=${CMAKE_PREFIX_PATH}:/opt/ros/humble /usr/bin/cmake --install /home/tang-yucheng/Desktop/legged_nav_rl/build/unitree_hg
