[0.022s] Invoking command in '/home/tang-yucheng/Desktop/legged_nav_rl/build/unitree_go': CMAKE_PREFIX_PATH=${CMAKE_PREFIX_PATH}:/opt/ros/humble /usr/bin/cmake --build /home/tang-yucheng/Desktop/legged_nav_rl/build/unitree_go -- -j20 -l20
[0.086s] [35m[1mConsolidate compiler generated dependencies of target unitree_go__rosidl_generator_c[0m
[0.098s] [  0%] Built target unitree_go__cpp
[0.099s] [  0%] Built target unitree_go__dds_connext_idl
[0.114s] [  0%] Built target ament_cmake_python_copy_unitree_go
[0.122s] [35m[1mConsolidate compiler generated dependencies of target unitree_go__rosidl_typesupport_introspection_cpp[0m
[0.122s] [35m[1mConsolidate compiler generated dependencies of target unitree_go__rosidl_typesupport_fastrtps_cpp[0m
[0.122s] [35m[1mConsolidate compiler generated dependencies of target unitree_go__rosidl_typesupport_cpp[0m
[0.124s] [ 12%] Built target unitree_go__rosidl_generator_c
[0.152s] [35m[1mConsolidate compiler generated dependencies of target unitree_go__rosidl_typesupport_c[0m
[0.152s] [35m[1mConsolidate compiler generated dependencies of target unitree_go__rosidl_typesupport_introspection_c[0m
[0.152s] [35m[1mConsolidate compiler generated dependencies of target unitree_go__rosidl_typesupport_fastrtps_c[0m
[0.168s] [ 24%] Built target unitree_go__rosidl_typesupport_c
[0.168s] [ 37%] Built target unitree_go__rosidl_typesupport_introspection_cpp
[0.173s] [ 50%] Built target unitree_go__rosidl_typesupport_fastrtps_cpp
[0.175s] [ 62%] Built target unitree_go__rosidl_typesupport_introspection_c
[0.179s] [ 75%] Built target unitree_go__rosidl_typesupport_cpp
[0.188s] [ 87%] Built target unitree_go__rosidl_typesupport_fastrtps_c
[0.218s] [ 87%] Built target unitree_go
[0.241s] [ 88%] Built target unitree_go__py
[0.262s] [35m[1mConsolidate compiler generated dependencies of target unitree_go__rosidl_generator_py[0m
[0.307s] [100%] Built target unitree_go__rosidl_generator_py
[0.317s] [35m[1mConsolidate compiler generated dependencies of target unitree_go__rosidl_typesupport_fastrtps_c__pyext[0m
[0.317s] [35m[1mConsolidate compiler generated dependencies of target unitree_go__rosidl_typesupport_c__pyext[0m
[0.321s] [35m[1mConsolidate compiler generated dependencies of target unitree_go__rosidl_typesupport_introspection_c__pyext[0m
[0.330s] [100%] Built target unitree_go__rosidl_typesupport_c__pyext
[0.330s] [100%] Built target unitree_go__rosidl_typesupport_fastrtps_c__pyext
[0.334s] [100%] Built target unitree_go__rosidl_typesupport_introspection_c__pyext
[0.426s] running egg_info
[0.427s] writing unitree_go.egg-info/PKG-INFO
[0.427s] writing dependency_links to unitree_go.egg-info/dependency_links.txt
[0.427s] writing top-level names to unitree_go.egg-info/top_level.txt
[0.431s] reading manifest file 'unitree_go.egg-info/SOURCES.txt'
[0.431s] writing manifest file 'unitree_go.egg-info/SOURCES.txt'
[0.456s] [100%] Built target ament_cmake_python_build_unitree_go_egg
[0.466s] Invoked command in '/home/tang-yucheng/Desktop/legged_nav_rl/build/unitree_go' returned '0': CMAKE_PREFIX_PATH=${CMAKE_PREFIX_PATH}:/opt/ros/humble /usr/bin/cmake --build /home/tang-yucheng/Desktop/legged_nav_rl/build/unitree_go -- -j20 -l20
[1.004s] Invoking command in '/home/tang-yucheng/Desktop/legged_nav_rl/build/unitree_go': CMAKE_PREFIX_PATH=${CMAKE_PREFIX_PATH}:/opt/ros/humble /usr/bin/cmake --install /home/tang-yucheng/Desktop/legged_nav_rl/build/unitree_go
[1.011s] -- Install configuration: ""
[1.011s] -- Up-to-date: /home/tang-yucheng/Desktop/legged_nav_rl/install/unitree_go/share/ament_index/resource_index/rosidl_interfaces/unitree_go
[1.011s] -- Up-to-date: /home/tang-yucheng/Desktop/legged_nav_rl/install/unitree_go/include/unitree_go/unitree_go
[1.012s] -- Up-to-date: /home/tang-yucheng/Desktop/legged_nav_rl/install/unitree_go/include/unitree_go/unitree_go/msg
[1.012s] -- Up-to-date: /home/tang-yucheng/Desktop/legged_nav_rl/install/unitree_go/include/unitree_go/unitree_go/msg/uwb_state.h
[1.012s] -- Up-to-date: /home/tang-yucheng/Desktop/legged_nav_rl/install/unitree_go/include/unitree_go/unitree_go/msg/rosidl_generator_c__visibility_control.h
[1.012s] -- Up-to-date: /home/tang-yucheng/Desktop/legged_nav_rl/install/unitree_go/include/unitree_go/unitree_go/msg/bms_state.h
[1.012s] -- Up-to-date: /home/tang-yucheng/Desktop/legged_nav_rl/install/unitree_go/include/unitree_go/unitree_go/msg/error.h
[1.012s] -- Up-to-date: /home/tang-yucheng/Desktop/legged_nav_rl/install/unitree_go/include/unitree_go/unitree_go/msg/low_state.h
[1.012s] -- Up-to-date: /home/tang-yucheng/Desktop/legged_nav_rl/install/unitree_go/include/unitree_go/unitree_go/msg/height_map.h
[1.013s] -- Up-to-date: /home/tang-yucheng/Desktop/legged_nav_rl/install/unitree_go/include/unitree_go/unitree_go/msg/audio_data.h
[1.013s] -- Up-to-date: /home/tang-yucheng/Desktop/legged_nav_rl/install/unitree_go/include/unitree_go/unitree_go/msg/uwb_switch.h
[1.013s] -- Up-to-date: /home/tang-yucheng/Desktop/legged_nav_rl/install/unitree_go/include/unitree_go/unitree_go/msg/path_point.h
[1.013s] -- Up-to-date: /home/tang-yucheng/Desktop/legged_nav_rl/install/unitree_go/include/unitree_go/unitree_go/msg/motor_cmds.h
[1.013s] -- Up-to-date: /home/tang-yucheng/Desktop/legged_nav_rl/install/unitree_go/include/unitree_go/unitree_go/msg/low_cmd.h
[1.013s] -- Up-to-date: /home/tang-yucheng/Desktop/legged_nav_rl/install/unitree_go/include/unitree_go/unitree_go/msg/bms_cmd.h
[1.013s] -- Up-to-date: /home/tang-yucheng/Desktop/legged_nav_rl/install/unitree_go/include/unitree_go/unitree_go/msg/wireless_controller.h
[1.013s] -- Up-to-date: /home/tang-yucheng/Desktop/legged_nav_rl/install/unitree_go/include/unitree_go/unitree_go/msg/lidar_state.h
[1.013s] -- Up-to-date: /home/tang-yucheng/Desktop/legged_nav_rl/install/unitree_go/include/unitree_go/unitree_go/msg/motor_states.h
[1.013s] -- Up-to-date: /home/tang-yucheng/Desktop/legged_nav_rl/install/unitree_go/include/unitree_go/unitree_go/msg/sport_mode_cmd.h
[1.013s] -- Up-to-date: /home/tang-yucheng/Desktop/legged_nav_rl/install/unitree_go/include/unitree_go/unitree_go/msg/req.h
[1.013s] -- Up-to-date: /home/tang-yucheng/Desktop/legged_nav_rl/install/unitree_go/include/unitree_go/unitree_go/msg/res.h
[1.014s] -- Up-to-date: /home/tang-yucheng/Desktop/legged_nav_rl/install/unitree_go/include/unitree_go/unitree_go/msg/imu_state.h
[1.014s] -- Up-to-date: /home/tang-yucheng/Desktop/legged_nav_rl/install/unitree_go/include/unitree_go/unitree_go/msg/motor_state.h
[1.014s] -- Up-to-date: /home/tang-yucheng/Desktop/legged_nav_rl/install/unitree_go/include/unitree_go/unitree_go/msg/sport_mode_state.h
[1.014s] -- Up-to-date: /home/tang-yucheng/Desktop/legged_nav_rl/install/unitree_go/include/unitree_go/unitree_go/msg/time_spec.h
[1.014s] -- Up-to-date: /home/tang-yucheng/Desktop/legged_nav_rl/install/unitree_go/include/unitree_go/unitree_go/msg/go2_front_video_data.h
[1.014s] -- Up-to-date: /home/tang-yucheng/Desktop/legged_nav_rl/install/unitree_go/include/unitree_go/unitree_go/msg/detail
[1.014s] -- Up-to-date: /home/tang-yucheng/Desktop/legged_nav_rl/install/unitree_go/include/unitree_go/unitree_go/msg/detail/error__functions.c
[1.014s] -- Up-to-date: /home/tang-yucheng/Desktop/legged_nav_rl/install/unitree_go/include/unitree_go/unitree_go/msg/detail/motor_states__functions.c
[1.014s] -- Up-to-date: /home/tang-yucheng/Desktop/legged_nav_rl/install/unitree_go/include/unitree_go/unitree_go/msg/detail/req__functions.c
[1.014s] -- Up-to-date: /home/tang-yucheng/Desktop/legged_nav_rl/install/unitree_go/include/unitree_go/unitree_go/msg/detail/lidar_state__struct.h
[1.014s] -- Up-to-date: /home/tang-yucheng/Desktop/legged_nav_rl/install/unitree_go/include/unitree_go/unitree_go/msg/detail/motor_state__type_support.h
[1.014s] -- Up-to-date: /home/tang-yucheng/Desktop/legged_nav_rl/install/unitree_go/include/unitree_go/unitree_go/msg/detail/motor_state__functions.h
[1.014s] -- Up-to-date: /home/tang-yucheng/Desktop/legged_nav_rl/install/unitree_go/include/unitree_go/unitree_go/msg/detail/audio_data__type_support.h
[1.014s] -- Up-to-date: /home/tang-yucheng/Desktop/legged_nav_rl/install/unitree_go/include/unitree_go/unitree_go/msg/detail/audio_data__functions.h
[1.014s] -- Up-to-date: /home/tang-yucheng/Desktop/legged_nav_rl/install/unitree_go/include/unitree_go/unitree_go/msg/detail/motor_state__functions.c
[1.014s] -- Up-to-date: /home/tang-yucheng/Desktop/legged_nav_rl/install/unitree_go/include/unitree_go/unitree_go/msg/detail/error__type_support.h
[1.014s] -- Up-to-date: /home/tang-yucheng/Desktop/legged_nav_rl/install/unitree_go/include/unitree_go/unitree_go/msg/detail/low_state__functions.c
[1.014s] -- Up-to-date: /home/tang-yucheng/Desktop/legged_nav_rl/install/unitree_go/include/unitree_go/unitree_go/msg/detail/bms_state__functions.h
[1.014s] -- Up-to-date: /home/tang-yucheng/Desktop/legged_nav_rl/install/unitree_go/include/unitree_go/unitree_go/msg/detail/height_map__functions.c
[1.015s] -- Up-to-date: /home/tang-yucheng/Desktop/legged_nav_rl/install/unitree_go/include/unitree_go/unitree_go/msg/detail/go2_front_video_data__type_support.h
[1.015s] -- Up-to-date: /home/tang-yucheng/Desktop/legged_nav_rl/install/unitree_go/include/unitree_go/unitree_go/msg/detail/time_spec__type_support.h
[1.015s] -- Up-to-date: /home/tang-yucheng/Desktop/legged_nav_rl/install/unitree_go/include/unitree_go/unitree_go/msg/detail/low_cmd__functions.c
[1.015s] -- Up-to-date: /home/tang-yucheng/Desktop/legged_nav_rl/install/unitree_go/include/unitree_go/unitree_go/msg/detail/motor_state__struct.h
[1.015s] -- Up-to-date: /home/tang-yucheng/Desktop/legged_nav_rl/install/unitree_go/include/unitree_go/unitree_go/msg/detail/motor_states__struct.h
[1.015s] -- Up-to-date: /home/tang-yucheng/Desktop/legged_nav_rl/install/unitree_go/include/unitree_go/unitree_go/msg/detail/motor_cmd__type_support.h
[1.015s] -- Up-to-date: /home/tang-yucheng/Desktop/legged_nav_rl/install/unitree_go/include/unitree_go/unitree_go/msg/detail/audio_data__functions.c
[1.015s] -- Up-to-date: /home/tang-yucheng/Desktop/legged_nav_rl/install/unitree_go/include/unitree_go/unitree_go/msg/detail/height_map__struct.h
[1.015s] -- Up-to-date: /home/tang-yucheng/Desktop/legged_nav_rl/install/unitree_go/include/unitree_go/unitree_go/msg/detail/interface_config__functions.h
[1.015s] -- Up-to-date: /home/tang-yucheng/Desktop/legged_nav_rl/install/unitree_go/include/unitree_go/unitree_go/msg/detail/imu_state__type_support.h
[1.015s] -- Up-to-date: /home/tang-yucheng/Desktop/legged_nav_rl/install/unitree_go/include/unitree_go/unitree_go/msg/detail/go2_front_video_data__struct.h
[1.015s] -- Up-to-date: /home/tang-yucheng/Desktop/legged_nav_rl/install/unitree_go/include/unitree_go/unitree_go/msg/detail/path_point__type_support.h
[1.015s] -- Up-to-date: /home/tang-yucheng/Desktop/legged_nav_rl/install/unitree_go/include/unitree_go/unitree_go/msg/detail/bms_cmd__functions.c
[1.015s] -- Up-to-date: /home/tang-yucheng/Desktop/legged_nav_rl/install/unitree_go/include/unitree_go/unitree_go/msg/detail/wireless_controller__functions.c
[1.015s] -- Up-to-date: /home/tang-yucheng/Desktop/legged_nav_rl/install/unitree_go/include/unitree_go/unitree_go/msg/detail/motor_states__functions.h
[1.015s] -- Up-to-date: /home/tang-yucheng/Desktop/legged_nav_rl/install/unitree_go/include/unitree_go/unitree_go/msg/detail/time_spec__struct.h
[1.015s] -- Up-to-date: /home/tang-yucheng/Desktop/legged_nav_rl/install/unitree_go/include/unitree_go/unitree_go/msg/detail/low_state__type_support.h
[1.015s] -- Up-to-date: /home/tang-yucheng/Desktop/legged_nav_rl/install/unitree_go/include/unitree_go/unitree_go/msg/detail/uwb_switch__struct.h
[1.015s] -- Up-to-date: /home/tang-yucheng/Desktop/legged_nav_rl/install/unitree_go/include/unitree_go/unitree_go/msg/detail/uwb_state__struct.h
[1.015s] -- Up-to-date: /home/tang-yucheng/Desktop/legged_nav_rl/install/unitree_go/include/unitree_go/unitree_go/msg/detail/uwb_state__functions.h
[1.016s] -- Up-to-date: /home/tang-yucheng/Desktop/legged_nav_rl/install/unitree_go/include/unitree_go/unitree_go/msg/detail/wireless_controller__functions.h
[1.016s] -- Up-to-date: /home/tang-yucheng/Desktop/legged_nav_rl/install/unitree_go/include/unitree_go/unitree_go/msg/detail/interface_config__functions.c
[1.016s] -- Up-to-date: /home/tang-yucheng/Desktop/legged_nav_rl/install/unitree_go/include/unitree_go/unitree_go/msg/detail/lidar_state__functions.c
[1.016s] -- Up-to-date: /home/tang-yucheng/Desktop/legged_nav_rl/install/unitree_go/include/unitree_go/unitree_go/msg/detail/path_point__functions.h
[1.016s] -- Up-to-date: /home/tang-yucheng/Desktop/legged_nav_rl/install/unitree_go/include/unitree_go/unitree_go/msg/detail/req__struct.h
[1.016s] -- Up-to-date: /home/tang-yucheng/Desktop/legged_nav_rl/install/unitree_go/include/unitree_go/unitree_go/msg/detail/sport_mode_state__functions.h
[1.016s] -- Up-to-date: /home/tang-yucheng/Desktop/legged_nav_rl/install/unitree_go/include/unitree_go/unitree_go/msg/detail/motor_cmds__struct.h
[1.016s] -- Up-to-date: /home/tang-yucheng/Desktop/legged_nav_rl/install/unitree_go/include/unitree_go/unitree_go/msg/detail/motor_cmds__functions.c
[1.016s] -- Up-to-date: /home/tang-yucheng/Desktop/legged_nav_rl/install/unitree_go/include/unitree_go/unitree_go/msg/detail/imu_state__functions.c
[1.016s] -- Up-to-date: /home/tang-yucheng/Desktop/legged_nav_rl/install/unitree_go/include/unitree_go/unitree_go/msg/detail/bms_state__struct.h
[1.016s] -- Up-to-date: /home/tang-yucheng/Desktop/legged_nav_rl/install/unitree_go/include/unitree_go/unitree_go/msg/detail/uwb_switch__functions.c
[1.016s] -- Up-to-date: /home/tang-yucheng/Desktop/legged_nav_rl/install/unitree_go/include/unitree_go/unitree_go/msg/detail/bms_cmd__type_support.h
[1.016s] -- Up-to-date: /home/tang-yucheng/Desktop/legged_nav_rl/install/unitree_go/include/unitree_go/unitree_go/msg/detail/uwb_switch__functions.h
[1.016s] -- Up-to-date: /home/tang-yucheng/Desktop/legged_nav_rl/install/unitree_go/include/unitree_go/unitree_go/msg/detail/uwb_state__functions.c
[1.016s] -- Up-to-date: /home/tang-yucheng/Desktop/legged_nav_rl/install/unitree_go/include/unitree_go/unitree_go/msg/detail/lidar_state__type_support.h
[1.016s] -- Up-to-date: /home/tang-yucheng/Desktop/legged_nav_rl/install/unitree_go/include/unitree_go/unitree_go/msg/detail/error__functions.h
[1.016s] -- Up-to-date: /home/tang-yucheng/Desktop/legged_nav_rl/install/unitree_go/include/unitree_go/unitree_go/msg/detail/bms_cmd__struct.h
[1.016s] -- Up-to-date: /home/tang-yucheng/Desktop/legged_nav_rl/install/unitree_go/include/unitree_go/unitree_go/msg/detail/bms_state__functions.c
[1.016s] -- Up-to-date: /home/tang-yucheng/Desktop/legged_nav_rl/install/unitree_go/include/unitree_go/unitree_go/msg/detail/lidar_state__functions.h
[1.016s] -- Up-to-date: /home/tang-yucheng/Desktop/legged_nav_rl/install/unitree_go/include/unitree_go/unitree_go/msg/detail/sport_mode_state__struct.h
[1.016s] -- Up-to-date: /home/tang-yucheng/Desktop/legged_nav_rl/install/unitree_go/include/unitree_go/unitree_go/msg/detail/interface_config__struct.h
[1.016s] -- Up-to-date: /home/tang-yucheng/Desktop/legged_nav_rl/install/unitree_go/include/unitree_go/unitree_go/msg/detail/motor_cmds__functions.h
[1.016s] -- Up-to-date: /home/tang-yucheng/Desktop/legged_nav_rl/install/unitree_go/include/unitree_go/unitree_go/msg/detail/sport_mode_cmd__struct.h
[1.017s] -- Up-to-date: /home/tang-yucheng/Desktop/legged_nav_rl/install/unitree_go/include/unitree_go/unitree_go/msg/detail/path_point__struct.h
[1.017s] -- Up-to-date: /home/tang-yucheng/Desktop/legged_nav_rl/install/unitree_go/include/unitree_go/unitree_go/msg/detail/error__struct.h
[1.017s] -- Up-to-date: /home/tang-yucheng/Desktop/legged_nav_rl/install/unitree_go/include/unitree_go/unitree_go/msg/detail/height_map__type_support.h
[1.017s] -- Up-to-date: /home/tang-yucheng/Desktop/legged_nav_rl/install/unitree_go/include/unitree_go/unitree_go/msg/detail/sport_mode_cmd__functions.c
[1.017s] -- Up-to-date: /home/tang-yucheng/Desktop/legged_nav_rl/install/unitree_go/include/unitree_go/unitree_go/msg/detail/time_spec__functions.h
[1.017s] -- Up-to-date: /home/tang-yucheng/Desktop/legged_nav_rl/install/unitree_go/include/unitree_go/unitree_go/msg/detail/sport_mode_cmd__functions.h
[1.017s] -- Up-to-date: /home/tang-yucheng/Desktop/legged_nav_rl/install/unitree_go/include/unitree_go/unitree_go/msg/detail/height_map__functions.h
[1.017s] -- Up-to-date: /home/tang-yucheng/Desktop/legged_nav_rl/install/unitree_go/include/unitree_go/unitree_go/msg/detail/req__functions.h
[1.017s] -- Up-to-date: /home/tang-yucheng/Desktop/legged_nav_rl/install/unitree_go/include/unitree_go/unitree_go/msg/detail/low_cmd__functions.h
[1.017s] -- Up-to-date: /home/tang-yucheng/Desktop/legged_nav_rl/install/unitree_go/include/unitree_go/unitree_go/msg/detail/res__functions.c
[1.017s] -- Up-to-date: /home/tang-yucheng/Desktop/legged_nav_rl/install/unitree_go/include/unitree_go/unitree_go/msg/detail/low_state__struct.h
[1.017s] -- Up-to-date: /home/tang-yucheng/Desktop/legged_nav_rl/install/unitree_go/include/unitree_go/unitree_go/msg/detail/bms_state__type_support.h
[1.017s] -- Up-to-date: /home/tang-yucheng/Desktop/legged_nav_rl/install/unitree_go/include/unitree_go/unitree_go/msg/detail/sport_mode_state__functions.c
[1.017s] -- Up-to-date: /home/tang-yucheng/Desktop/legged_nav_rl/install/unitree_go/include/unitree_go/unitree_go/msg/detail/go2_front_video_data__functions.c
[1.017s] -- Up-to-date: /home/tang-yucheng/Desktop/legged_nav_rl/install/unitree_go/include/unitree_go/unitree_go/msg/detail/low_cmd__type_support.h
[1.017s] -- Up-to-date: /home/tang-yucheng/Desktop/legged_nav_rl/install/unitree_go/include/unitree_go/unitree_go/msg/detail/res__functions.h
[1.017s] -- Up-to-date: /home/tang-yucheng/Desktop/legged_nav_rl/install/unitree_go/include/unitree_go/unitree_go/msg/detail/req__type_support.h
[1.017s] -- Up-to-date: /home/tang-yucheng/Desktop/legged_nav_rl/install/unitree_go/include/unitree_go/unitree_go/msg/detail/sport_mode_state__type_support.h
[1.017s] -- Up-to-date: /home/tang-yucheng/Desktop/legged_nav_rl/install/unitree_go/include/unitree_go/unitree_go/msg/detail/interface_config__type_support.h
[1.017s] -- Up-to-date: /home/tang-yucheng/Desktop/legged_nav_rl/install/unitree_go/include/unitree_go/unitree_go/msg/detail/sport_mode_cmd__type_support.h
[1.017s] -- Up-to-date: /home/tang-yucheng/Desktop/legged_nav_rl/install/unitree_go/include/unitree_go/unitree_go/msg/detail/bms_cmd__functions.h
[1.018s] -- Up-to-date: /home/tang-yucheng/Desktop/legged_nav_rl/install/unitree_go/include/unitree_go/unitree_go/msg/detail/go2_front_video_data__functions.h
[1.018s] -- Up-to-date: /home/tang-yucheng/Desktop/legged_nav_rl/install/unitree_go/include/unitree_go/unitree_go/msg/detail/low_state__functions.h
[1.018s] -- Up-to-date: /home/tang-yucheng/Desktop/legged_nav_rl/install/unitree_go/include/unitree_go/unitree_go/msg/detail/motor_cmds__type_support.h
[1.018s] -- Up-to-date: /home/tang-yucheng/Desktop/legged_nav_rl/install/unitree_go/include/unitree_go/unitree_go/msg/detail/audio_data__struct.h
[1.018s] -- Up-to-date: /home/tang-yucheng/Desktop/legged_nav_rl/install/unitree_go/include/unitree_go/unitree_go/msg/detail/low_cmd__struct.h
[1.018s] -- Up-to-date: /home/tang-yucheng/Desktop/legged_nav_rl/install/unitree_go/include/unitree_go/unitree_go/msg/detail/imu_state__struct.h
[1.018s] -- Up-to-date: /home/tang-yucheng/Desktop/legged_nav_rl/install/unitree_go/include/unitree_go/unitree_go/msg/detail/motor_states__type_support.h
[1.018s] -- Up-to-date: /home/tang-yucheng/Desktop/legged_nav_rl/install/unitree_go/include/unitree_go/unitree_go/msg/detail/motor_cmd__struct.h
[1.019s] -- Up-to-date: /home/tang-yucheng/Desktop/legged_nav_rl/install/unitree_go/include/unitree_go/unitree_go/msg/detail/imu_state__functions.h
[1.019s] -- Up-to-date: /home/tang-yucheng/Desktop/legged_nav_rl/install/unitree_go/include/unitree_go/unitree_go/msg/detail/uwb_switch__type_support.h
[1.019s] -- Up-to-date: /home/tang-yucheng/Desktop/legged_nav_rl/install/unitree_go/include/unitree_go/unitree_go/msg/detail/uwb_state__type_support.h
[1.019s] -- Up-to-date: /home/tang-yucheng/Desktop/legged_nav_rl/install/unitree_go/include/unitree_go/unitree_go/msg/detail/time_spec__functions.c
[1.019s] -- Up-to-date: /home/tang-yucheng/Desktop/legged_nav_rl/install/unitree_go/include/unitree_go/unitree_go/msg/detail/path_point__functions.c
[1.019s] -- Up-to-date: /home/tang-yucheng/Desktop/legged_nav_rl/install/unitree_go/include/unitree_go/unitree_go/msg/detail/motor_cmd__functions.c
[1.019s] -- Up-to-date: /home/tang-yucheng/Desktop/legged_nav_rl/install/unitree_go/include/unitree_go/unitree_go/msg/detail/wireless_controller__type_support.h
[1.019s] -- Up-to-date: /home/tang-yucheng/Desktop/legged_nav_rl/install/unitree_go/include/unitree_go/unitree_go/msg/detail/motor_cmd__functions.h
[1.019s] -- Up-to-date: /home/tang-yucheng/Desktop/legged_nav_rl/install/unitree_go/include/unitree_go/unitree_go/msg/detail/res__type_support.h
[1.019s] -- Up-to-date: /home/tang-yucheng/Desktop/legged_nav_rl/install/unitree_go/include/unitree_go/unitree_go/msg/detail/wireless_controller__struct.h
[1.019s] -- Up-to-date: /home/tang-yucheng/Desktop/legged_nav_rl/install/unitree_go/include/unitree_go/unitree_go/msg/detail/res__struct.h
[1.019s] -- Up-to-date: /home/tang-yucheng/Desktop/legged_nav_rl/install/unitree_go/include/unitree_go/unitree_go/msg/interface_config.h
[1.019s] -- Up-to-date: /home/tang-yucheng/Desktop/legged_nav_rl/install/unitree_go/include/unitree_go/unitree_go/msg/motor_cmd.h
[1.019s] -- Up-to-date: /home/tang-yucheng/Desktop/legged_nav_rl/install/unitree_go/share/unitree_go/environment/library_path.sh
[1.019s] -- Up-to-date: /home/tang-yucheng/Desktop/legged_nav_rl/install/unitree_go/share/unitree_go/environment/library_path.dsv
[1.019s] -- Up-to-date: /home/tang-yucheng/Desktop/legged_nav_rl/install/unitree_go/lib/libunitree_go__rosidl_generator_c.so
[1.019s] -- Up-to-date: /home/tang-yucheng/Desktop/legged_nav_rl/install/unitree_go/include/unitree_go/unitree_go
[1.019s] -- Up-to-date: /home/tang-yucheng/Desktop/legged_nav_rl/install/unitree_go/include/unitree_go/unitree_go/msg
[1.019s] -- Up-to-date: /home/tang-yucheng/Desktop/legged_nav_rl/install/unitree_go/include/unitree_go/unitree_go/msg/rosidl_typesupport_fastrtps_c__visibility_control.h
[1.019s] -- Up-to-date: /home/tang-yucheng/Desktop/legged_nav_rl/install/unitree_go/include/unitree_go/unitree_go/msg/detail
[1.019s] -- Up-to-date: /home/tang-yucheng/Desktop/legged_nav_rl/install/unitree_go/include/unitree_go/unitree_go/msg/detail/wireless_controller__rosidl_typesupport_fastrtps_c.h
[1.020s] -- Up-to-date: /home/tang-yucheng/Desktop/legged_nav_rl/install/unitree_go/include/unitree_go/unitree_go/msg/detail/bms_cmd__rosidl_typesupport_fastrtps_c.h
[1.020s] -- Up-to-date: /home/tang-yucheng/Desktop/legged_nav_rl/install/unitree_go/include/unitree_go/unitree_go/msg/detail/bms_state__rosidl_typesupport_fastrtps_c.h
[1.020s] -- Up-to-date: /home/tang-yucheng/Desktop/legged_nav_rl/install/unitree_go/include/unitree_go/unitree_go/msg/detail/req__rosidl_typesupport_fastrtps_c.h
[1.020s] -- Up-to-date: /home/tang-yucheng/Desktop/legged_nav_rl/install/unitree_go/include/unitree_go/unitree_go/msg/detail/motor_state__rosidl_typesupport_fastrtps_c.h
[1.020s] -- Up-to-date: /home/tang-yucheng/Desktop/legged_nav_rl/install/unitree_go/include/unitree_go/unitree_go/msg/detail/uwb_state__rosidl_typesupport_fastrtps_c.h
[1.020s] -- Up-to-date: /home/tang-yucheng/Desktop/legged_nav_rl/install/unitree_go/include/unitree_go/unitree_go/msg/detail/motor_cmd__rosidl_typesupport_fastrtps_c.h
[1.020s] -- Up-to-date: /home/tang-yucheng/Desktop/legged_nav_rl/install/unitree_go/include/unitree_go/unitree_go/msg/detail/low_state__rosidl_typesupport_fastrtps_c.h
[1.020s] -- Up-to-date: /home/tang-yucheng/Desktop/legged_nav_rl/install/unitree_go/include/unitree_go/unitree_go/msg/detail/time_spec__rosidl_typesupport_fastrtps_c.h
[1.020s] -- Up-to-date: /home/tang-yucheng/Desktop/legged_nav_rl/install/unitree_go/include/unitree_go/unitree_go/msg/detail/res__rosidl_typesupport_fastrtps_c.h
[1.020s] -- Up-to-date: /home/tang-yucheng/Desktop/legged_nav_rl/install/unitree_go/include/unitree_go/unitree_go/msg/detail/error__rosidl_typesupport_fastrtps_c.h
[1.020s] -- Up-to-date: /home/tang-yucheng/Desktop/legged_nav_rl/install/unitree_go/include/unitree_go/unitree_go/msg/detail/low_cmd__rosidl_typesupport_fastrtps_c.h
[1.020s] -- Up-to-date: /home/tang-yucheng/Desktop/legged_nav_rl/install/unitree_go/include/unitree_go/unitree_go/msg/detail/sport_mode_cmd__rosidl_typesupport_fastrtps_c.h
[1.020s] -- Up-to-date: /home/tang-yucheng/Desktop/legged_nav_rl/install/unitree_go/include/unitree_go/unitree_go/msg/detail/height_map__rosidl_typesupport_fastrtps_c.h
[1.020s] -- Up-to-date: /home/tang-yucheng/Desktop/legged_nav_rl/install/unitree_go/include/unitree_go/unitree_go/msg/detail/imu_state__rosidl_typesupport_fastrtps_c.h
[1.020s] -- Up-to-date: /home/tang-yucheng/Desktop/legged_nav_rl/install/unitree_go/include/unitree_go/unitree_go/msg/detail/motor_cmds__rosidl_typesupport_fastrtps_c.h
[1.020s] -- Up-to-date: /home/tang-yucheng/Desktop/legged_nav_rl/install/unitree_go/include/unitree_go/unitree_go/msg/detail/interface_config__rosidl_typesupport_fastrtps_c.h
[1.020s] -- Up-to-date: /home/tang-yucheng/Desktop/legged_nav_rl/install/unitree_go/include/unitree_go/unitree_go/msg/detail/uwb_switch__rosidl_typesupport_fastrtps_c.h
[1.020s] -- Up-to-date: /home/tang-yucheng/Desktop/legged_nav_rl/install/unitree_go/include/unitree_go/unitree_go/msg/detail/sport_mode_state__rosidl_typesupport_fastrtps_c.h
[1.020s] -- Up-to-date: /home/tang-yucheng/Desktop/legged_nav_rl/install/unitree_go/include/unitree_go/unitree_go/msg/detail/motor_states__rosidl_typesupport_fastrtps_c.h
[1.020s] -- Up-to-date: /home/tang-yucheng/Desktop/legged_nav_rl/install/unitree_go/include/unitree_go/unitree_go/msg/detail/go2_front_video_data__rosidl_typesupport_fastrtps_c.h
[1.020s] -- Up-to-date: /home/tang-yucheng/Desktop/legged_nav_rl/install/unitree_go/include/unitree_go/unitree_go/msg/detail/audio_data__rosidl_typesupport_fastrtps_c.h
[1.020s] -- Up-to-date: /home/tang-yucheng/Desktop/legged_nav_rl/install/unitree_go/include/unitree_go/unitree_go/msg/detail/path_point__rosidl_typesupport_fastrtps_c.h
[1.020s] -- Up-to-date: /home/tang-yucheng/Desktop/legged_nav_rl/install/unitree_go/include/unitree_go/unitree_go/msg/detail/lidar_state__rosidl_typesupport_fastrtps_c.h
[1.020s] -- Up-to-date: /home/tang-yucheng/Desktop/legged_nav_rl/install/unitree_go/lib/libunitree_go__rosidl_typesupport_fastrtps_c.so
[1.020s] -- Up-to-date: /home/tang-yucheng/Desktop/legged_nav_rl/install/unitree_go/include/unitree_go/unitree_go
[1.020s] -- Up-to-date: /home/tang-yucheng/Desktop/legged_nav_rl/install/unitree_go/include/unitree_go/unitree_go/msg
[1.021s] -- Up-to-date: /home/tang-yucheng/Desktop/legged_nav_rl/install/unitree_go/include/unitree_go/unitree_go/msg/motor_cmd.hpp
[1.021s] -- Up-to-date: /home/tang-yucheng/Desktop/legged_nav_rl/install/unitree_go/include/unitree_go/unitree_go/msg/lidar_state.hpp
[1.021s] -- Up-to-date: /home/tang-yucheng/Desktop/legged_nav_rl/install/unitree_go/include/unitree_go/unitree_go/msg/error.hpp
[1.021s] -- Up-to-date: /home/tang-yucheng/Desktop/legged_nav_rl/install/unitree_go/include/unitree_go/unitree_go/msg/motor_states.hpp
[1.021s] -- Up-to-date: /home/tang-yucheng/Desktop/legged_nav_rl/install/unitree_go/include/unitree_go/unitree_go/msg/sport_mode_cmd.hpp
[1.021s] -- Up-to-date: /home/tang-yucheng/Desktop/legged_nav_rl/install/unitree_go/include/unitree_go/unitree_go/msg/audio_data.hpp
[1.021s] -- Up-to-date: /home/tang-yucheng/Desktop/legged_nav_rl/install/unitree_go/include/unitree_go/unitree_go/msg/bms_cmd.hpp
[1.021s] -- Up-to-date: /home/tang-yucheng/Desktop/legged_nav_rl/install/unitree_go/include/unitree_go/unitree_go/msg/wireless_controller.hpp
[1.021s] -- Up-to-date: /home/tang-yucheng/Desktop/legged_nav_rl/install/unitree_go/include/unitree_go/unitree_go/msg/path_point.hpp
[1.021s] -- Up-to-date: /home/tang-yucheng/Desktop/legged_nav_rl/install/unitree_go/include/unitree_go/unitree_go/msg/imu_state.hpp
[1.021s] -- Up-to-date: /home/tang-yucheng/Desktop/legged_nav_rl/install/unitree_go/include/unitree_go/unitree_go/msg/uwb_state.hpp
[1.021s] -- Up-to-date: /home/tang-yucheng/Desktop/legged_nav_rl/install/unitree_go/include/unitree_go/unitree_go/msg/interface_config.hpp
[1.021s] -- Up-to-date: /home/tang-yucheng/Desktop/legged_nav_rl/install/unitree_go/include/unitree_go/unitree_go/msg/bms_state.hpp
[1.021s] -- Up-to-date: /home/tang-yucheng/Desktop/legged_nav_rl/install/unitree_go/include/unitree_go/unitree_go/msg/res.hpp
[1.021s] -- Up-to-date: /home/tang-yucheng/Desktop/legged_nav_rl/install/unitree_go/include/unitree_go/unitree_go/msg/motor_state.hpp
[1.021s] -- Up-to-date: /home/tang-yucheng/Desktop/legged_nav_rl/install/unitree_go/include/unitree_go/unitree_go/msg/sport_mode_state.hpp
[1.021s] -- Up-to-date: /home/tang-yucheng/Desktop/legged_nav_rl/install/unitree_go/include/unitree_go/unitree_go/msg/req.hpp
[1.021s] -- Up-to-date: /home/tang-yucheng/Desktop/legged_nav_rl/install/unitree_go/include/unitree_go/unitree_go/msg/low_state.hpp
[1.021s] -- Up-to-date: /home/tang-yucheng/Desktop/legged_nav_rl/install/unitree_go/include/unitree_go/unitree_go/msg/motor_cmds.hpp
[1.021s] -- Up-to-date: /home/tang-yucheng/Desktop/legged_nav_rl/install/unitree_go/include/unitree_go/unitree_go/msg/uwb_switch.hpp
[1.021s] -- Up-to-date: /home/tang-yucheng/Desktop/legged_nav_rl/install/unitree_go/include/unitree_go/unitree_go/msg/low_cmd.hpp
[1.021s] -- Up-to-date: /home/tang-yucheng/Desktop/legged_nav_rl/install/unitree_go/include/unitree_go/unitree_go/msg/detail
[1.021s] -- Up-to-date: /home/tang-yucheng/Desktop/legged_nav_rl/install/unitree_go/include/unitree_go/unitree_go/msg/detail/sport_mode_cmd__builder.hpp
[1.021s] -- Up-to-date: /home/tang-yucheng/Desktop/legged_nav_rl/install/unitree_go/include/unitree_go/unitree_go/msg/detail/interface_config__struct.hpp
[1.021s] -- Up-to-date: /home/tang-yucheng/Desktop/legged_nav_rl/install/unitree_go/include/unitree_go/unitree_go/msg/detail/bms_cmd__traits.hpp
[1.021s] -- Up-to-date: /home/tang-yucheng/Desktop/legged_nav_rl/install/unitree_go/include/unitree_go/unitree_go/msg/detail/bms_cmd__builder.hpp
[1.021s] -- Up-to-date: /home/tang-yucheng/Desktop/legged_nav_rl/install/unitree_go/include/unitree_go/unitree_go/msg/detail/sport_mode_state__traits.hpp
[1.021s] -- Up-to-date: /home/tang-yucheng/Desktop/legged_nav_rl/install/unitree_go/include/unitree_go/unitree_go/msg/detail/low_state__builder.hpp
[1.021s] -- Up-to-date: /home/tang-yucheng/Desktop/legged_nav_rl/install/unitree_go/include/unitree_go/unitree_go/msg/detail/motor_cmd__traits.hpp
[1.021s] -- Up-to-date: /home/tang-yucheng/Desktop/legged_nav_rl/install/unitree_go/include/unitree_go/unitree_go/msg/detail/error__traits.hpp
[1.021s] -- Up-to-date: /home/tang-yucheng/Desktop/legged_nav_rl/install/unitree_go/include/unitree_go/unitree_go/msg/detail/time_spec__traits.hpp
[1.021s] -- Up-to-date: /home/tang-yucheng/Desktop/legged_nav_rl/install/unitree_go/include/unitree_go/unitree_go/msg/detail/sport_mode_state__struct.hpp
[1.021s] -- Up-to-date: /home/tang-yucheng/Desktop/legged_nav_rl/install/unitree_go/include/unitree_go/unitree_go/msg/detail/height_map__builder.hpp
[1.021s] -- Up-to-date: /home/tang-yucheng/Desktop/legged_nav_rl/install/unitree_go/include/unitree_go/unitree_go/msg/detail/low_cmd__traits.hpp
[1.022s] -- Up-to-date: /home/tang-yucheng/Desktop/legged_nav_rl/install/unitree_go/include/unitree_go/unitree_go/msg/detail/motor_cmds__builder.hpp
[1.022s] -- Up-to-date: /home/tang-yucheng/Desktop/legged_nav_rl/install/unitree_go/include/unitree_go/unitree_go/msg/detail/go2_front_video_data__struct.hpp
[1.022s] -- Up-to-date: /home/tang-yucheng/Desktop/legged_nav_rl/install/unitree_go/include/unitree_go/unitree_go/msg/detail/sport_mode_cmd__traits.hpp
[1.022s] -- Up-to-date: /home/tang-yucheng/Desktop/legged_nav_rl/install/unitree_go/include/unitree_go/unitree_go/msg/detail/imu_state__struct.hpp
[1.022s] -- Up-to-date: /home/tang-yucheng/Desktop/legged_nav_rl/install/unitree_go/include/unitree_go/unitree_go/msg/detail/low_state__traits.hpp
[1.022s] -- Up-to-date: /home/tang-yucheng/Desktop/legged_nav_rl/install/unitree_go/include/unitree_go/unitree_go/msg/detail/uwb_state__struct.hpp
[1.022s] -- Up-to-date: /home/tang-yucheng/Desktop/legged_nav_rl/install/unitree_go/include/unitree_go/unitree_go/msg/detail/error__builder.hpp
[1.022s] -- Up-to-date: /home/tang-yucheng/Desktop/legged_nav_rl/install/unitree_go/include/unitree_go/unitree_go/msg/detail/motor_cmds__traits.hpp
[1.022s] -- Up-to-date: /home/tang-yucheng/Desktop/legged_nav_rl/install/unitree_go/include/unitree_go/unitree_go/msg/detail/path_point__traits.hpp
[1.022s] -- Up-to-date: /home/tang-yucheng/Desktop/legged_nav_rl/install/unitree_go/include/unitree_go/unitree_go/msg/detail/lidar_state__struct.hpp
[1.022s] -- Up-to-date: /home/tang-yucheng/Desktop/legged_nav_rl/install/unitree_go/include/unitree_go/unitree_go/msg/detail/motor_state__builder.hpp
[1.022s] -- Up-to-date: /home/tang-yucheng/Desktop/legged_nav_rl/install/unitree_go/include/unitree_go/unitree_go/msg/detail/path_point__builder.hpp
[1.022s] -- Up-to-date: /home/tang-yucheng/Desktop/legged_nav_rl/install/unitree_go/include/unitree_go/unitree_go/msg/detail/interface_config__traits.hpp
[1.022s] -- Up-to-date: /home/tang-yucheng/Desktop/legged_nav_rl/install/unitree_go/include/unitree_go/unitree_go/msg/detail/motor_cmds__struct.hpp
[1.022s] -- Up-to-date: /home/tang-yucheng/Desktop/legged_nav_rl/install/unitree_go/include/unitree_go/unitree_go/msg/detail/low_cmd__struct.hpp
[1.022s] -- Up-to-date: /home/tang-yucheng/Desktop/legged_nav_rl/install/unitree_go/include/unitree_go/unitree_go/msg/detail/motor_cmd__struct.hpp
[1.022s] -- Up-to-date: /home/tang-yucheng/Desktop/legged_nav_rl/install/unitree_go/include/unitree_go/unitree_go/msg/detail/req__traits.hpp
[1.022s] -- Up-to-date: /home/tang-yucheng/Desktop/legged_nav_rl/install/unitree_go/include/unitree_go/unitree_go/msg/detail/time_spec__builder.hpp
[1.022s] -- Up-to-date: /home/tang-yucheng/Desktop/legged_nav_rl/install/unitree_go/include/unitree_go/unitree_go/msg/detail/imu_state__builder.hpp
[1.022s] -- Up-to-date: /home/tang-yucheng/Desktop/legged_nav_rl/install/unitree_go/include/unitree_go/unitree_go/msg/detail/bms_state__traits.hpp
[1.022s] -- Up-to-date: /home/tang-yucheng/Desktop/legged_nav_rl/install/unitree_go/include/unitree_go/unitree_go/msg/detail/go2_front_video_data__traits.hpp
[1.022s] -- Up-to-date: /home/tang-yucheng/Desktop/legged_nav_rl/install/unitree_go/include/unitree_go/unitree_go/msg/detail/req__struct.hpp
[1.023s] -- Up-to-date: /home/tang-yucheng/Desktop/legged_nav_rl/install/unitree_go/include/unitree_go/unitree_go/msg/detail/motor_states__struct.hpp
[1.023s] -- Up-to-date: /home/tang-yucheng/Desktop/legged_nav_rl/install/unitree_go/include/unitree_go/unitree_go/msg/detail/bms_cmd__struct.hpp
[1.023s] -- Up-to-date: /home/tang-yucheng/Desktop/legged_nav_rl/install/unitree_go/include/unitree_go/unitree_go/msg/detail/interface_config__builder.hpp
[1.023s] -- Up-to-date: /home/tang-yucheng/Desktop/legged_nav_rl/install/unitree_go/include/unitree_go/unitree_go/msg/detail/low_cmd__builder.hpp
[1.023s] -- Up-to-date: /home/tang-yucheng/Desktop/legged_nav_rl/install/unitree_go/include/unitree_go/unitree_go/msg/detail/audio_data__traits.hpp
[1.023s] -- Up-to-date: /home/tang-yucheng/Desktop/legged_nav_rl/install/unitree_go/include/unitree_go/unitree_go/msg/detail/time_spec__struct.hpp
[1.023s] -- Up-to-date: /home/tang-yucheng/Desktop/legged_nav_rl/install/unitree_go/include/unitree_go/unitree_go/msg/detail/low_state__struct.hpp
[1.023s] -- Up-to-date: /home/tang-yucheng/Desktop/legged_nav_rl/install/unitree_go/include/unitree_go/unitree_go/msg/detail/wireless_controller__struct.hpp
[1.023s] -- Up-to-date: /home/tang-yucheng/Desktop/legged_nav_rl/install/unitree_go/include/unitree_go/unitree_go/msg/detail/uwb_state__builder.hpp
[1.023s] -- Up-to-date: /home/tang-yucheng/Desktop/legged_nav_rl/install/unitree_go/include/unitree_go/unitree_go/msg/detail/motor_states__traits.hpp
[1.023s] -- Up-to-date: /home/tang-yucheng/Desktop/legged_nav_rl/install/unitree_go/include/unitree_go/unitree_go/msg/detail/bms_state__builder.hpp
[1.023s] -- Up-to-date: /home/tang-yucheng/Desktop/legged_nav_rl/install/unitree_go/include/unitree_go/unitree_go/msg/detail/motor_state__traits.hpp
[1.023s] -- Up-to-date: /home/tang-yucheng/Desktop/legged_nav_rl/install/unitree_go/include/unitree_go/unitree_go/msg/detail/lidar_state__builder.hpp
[1.023s] -- Up-to-date: /home/tang-yucheng/Desktop/legged_nav_rl/install/unitree_go/include/unitree_go/unitree_go/msg/detail/req__builder.hpp
[1.023s] -- Up-to-date: /home/tang-yucheng/Desktop/legged_nav_rl/install/unitree_go/include/unitree_go/unitree_go/msg/detail/uwb_switch__struct.hpp
[1.023s] -- Up-to-date: /home/tang-yucheng/Desktop/legged_nav_rl/install/unitree_go/include/unitree_go/unitree_go/msg/detail/lidar_state__traits.hpp
[1.023s] -- Up-to-date: /home/tang-yucheng/Desktop/legged_nav_rl/install/unitree_go/include/unitree_go/unitree_go/msg/detail/path_point__struct.hpp
[1.023s] -- Up-to-date: /home/tang-yucheng/Desktop/legged_nav_rl/install/unitree_go/include/unitree_go/unitree_go/msg/detail/audio_data__builder.hpp
[1.023s] -- Up-to-date: /home/tang-yucheng/Desktop/legged_nav_rl/install/unitree_go/include/unitree_go/unitree_go/msg/detail/res__traits.hpp
[1.023s] -- Up-to-date: /home/tang-yucheng/Desktop/legged_nav_rl/install/unitree_go/include/unitree_go/unitree_go/msg/detail/motor_state__struct.hpp
[1.023s] -- Up-to-date: /home/tang-yucheng/Desktop/legged_nav_rl/install/unitree_go/include/unitree_go/unitree_go/msg/detail/height_map__struct.hpp
[1.023s] -- Up-to-date: /home/tang-yucheng/Desktop/legged_nav_rl/install/unitree_go/include/unitree_go/unitree_go/msg/detail/motor_cmd__builder.hpp
[1.023s] -- Up-to-date: /home/tang-yucheng/Desktop/legged_nav_rl/install/unitree_go/include/unitree_go/unitree_go/msg/detail/imu_state__traits.hpp
[1.023s] -- Up-to-date: /home/tang-yucheng/Desktop/legged_nav_rl/install/unitree_go/include/unitree_go/unitree_go/msg/detail/bms_state__struct.hpp
[1.023s] -- Up-to-date: /home/tang-yucheng/Desktop/legged_nav_rl/install/unitree_go/include/unitree_go/unitree_go/msg/detail/uwb_switch__traits.hpp
[1.023s] -- Up-to-date: /home/tang-yucheng/Desktop/legged_nav_rl/install/unitree_go/include/unitree_go/unitree_go/msg/detail/motor_states__builder.hpp
[1.023s] -- Up-to-date: /home/tang-yucheng/Desktop/legged_nav_rl/install/unitree_go/include/unitree_go/unitree_go/msg/detail/go2_front_video_data__builder.hpp
[1.023s] -- Up-to-date: /home/tang-yucheng/Desktop/legged_nav_rl/install/unitree_go/include/unitree_go/unitree_go/msg/detail/wireless_controller__traits.hpp
[1.024s] -- Up-to-date: /home/tang-yucheng/Desktop/legged_nav_rl/install/unitree_go/include/unitree_go/unitree_go/msg/detail/uwb_switch__builder.hpp
[1.024s] -- Up-to-date: /home/tang-yucheng/Desktop/legged_nav_rl/install/unitree_go/include/unitree_go/unitree_go/msg/detail/res__builder.hpp
[1.024s] -- Up-to-date: /home/tang-yucheng/Desktop/legged_nav_rl/install/unitree_go/include/unitree_go/unitree_go/msg/detail/sport_mode_state__builder.hpp
[1.024s] -- Up-to-date: /home/tang-yucheng/Desktop/legged_nav_rl/install/unitree_go/include/unitree_go/unitree_go/msg/detail/uwb_state__traits.hpp
[1.024s] -- Up-to-date: /home/tang-yucheng/Desktop/legged_nav_rl/install/unitree_go/include/unitree_go/unitree_go/msg/detail/wireless_controller__builder.hpp
[1.024s] -- Up-to-date: /home/tang-yucheng/Desktop/legged_nav_rl/install/unitree_go/include/unitree_go/unitree_go/msg/detail/res__struct.hpp
[1.024s] -- Up-to-date: /home/tang-yucheng/Desktop/legged_nav_rl/install/unitree_go/include/unitree_go/unitree_go/msg/detail/error__struct.hpp
[1.024s] -- Up-to-date: /home/tang-yucheng/Desktop/legged_nav_rl/install/unitree_go/include/unitree_go/unitree_go/msg/detail/audio_data__struct.hpp
[1.024s] -- Up-to-date: /home/tang-yucheng/Desktop/legged_nav_rl/install/unitree_go/include/unitree_go/unitree_go/msg/detail/height_map__traits.hpp
[1.024s] -- Up-to-date: /home/tang-yucheng/Desktop/legged_nav_rl/install/unitree_go/include/unitree_go/unitree_go/msg/detail/sport_mode_cmd__struct.hpp
[1.024s] -- Up-to-date: /home/tang-yucheng/Desktop/legged_nav_rl/install/unitree_go/include/unitree_go/unitree_go/msg/height_map.hpp
[1.024s] -- Up-to-date: /home/tang-yucheng/Desktop/legged_nav_rl/install/unitree_go/include/unitree_go/unitree_go/msg/time_spec.hpp
[1.024s] -- Up-to-date: /home/tang-yucheng/Desktop/legged_nav_rl/install/unitree_go/include/unitree_go/unitree_go/msg/go2_front_video_data.hpp
[1.024s] -- Up-to-date: /home/tang-yucheng/Desktop/legged_nav_rl/install/unitree_go/include/unitree_go/unitree_go
[1.024s] -- Up-to-date: /home/tang-yucheng/Desktop/legged_nav_rl/install/unitree_go/include/unitree_go/unitree_go/msg
[1.024s] -- Up-to-date: /home/tang-yucheng/Desktop/legged_nav_rl/install/unitree_go/include/unitree_go/unitree_go/msg/rosidl_typesupport_fastrtps_cpp__visibility_control.h
[1.024s] -- Up-to-date: /home/tang-yucheng/Desktop/legged_nav_rl/install/unitree_go/include/unitree_go/unitree_go/msg/detail
[1.024s] -- Up-to-date: /home/tang-yucheng/Desktop/legged_nav_rl/install/unitree_go/include/unitree_go/unitree_go/msg/detail/uwb_switch__rosidl_typesupport_fastrtps_cpp.hpp
[1.024s] -- Up-to-date: /home/tang-yucheng/Desktop/legged_nav_rl/install/unitree_go/include/unitree_go/unitree_go/msg/detail/time_spec__rosidl_typesupport_fastrtps_cpp.hpp
[1.024s] -- Up-to-date: /home/tang-yucheng/Desktop/legged_nav_rl/install/unitree_go/include/unitree_go/unitree_go/msg/detail/sport_mode_state__rosidl_typesupport_fastrtps_cpp.hpp
[1.024s] -- Up-to-date: /home/tang-yucheng/Desktop/legged_nav_rl/install/unitree_go/include/unitree_go/unitree_go/msg/detail/motor_cmds__rosidl_typesupport_fastrtps_cpp.hpp
[1.024s] -- Up-to-date: /home/tang-yucheng/Desktop/legged_nav_rl/install/unitree_go/include/unitree_go/unitree_go/msg/detail/req__rosidl_typesupport_fastrtps_cpp.hpp
[1.024s] -- Up-to-date: /home/tang-yucheng/Desktop/legged_nav_rl/install/unitree_go/include/unitree_go/unitree_go/msg/detail/low_state__rosidl_typesupport_fastrtps_cpp.hpp
[1.024s] -- Up-to-date: /home/tang-yucheng/Desktop/legged_nav_rl/install/unitree_go/include/unitree_go/unitree_go/msg/detail/audio_data__rosidl_typesupport_fastrtps_cpp.hpp
[1.024s] -- Up-to-date: /home/tang-yucheng/Desktop/legged_nav_rl/install/unitree_go/include/unitree_go/unitree_go/msg/detail/lidar_state__rosidl_typesupport_fastrtps_cpp.hpp
[1.024s] -- Up-to-date: /home/tang-yucheng/Desktop/legged_nav_rl/install/unitree_go/include/unitree_go/unitree_go/msg/detail/motor_state__rosidl_typesupport_fastrtps_cpp.hpp
[1.024s] -- Up-to-date: /home/tang-yucheng/Desktop/legged_nav_rl/install/unitree_go/include/unitree_go/unitree_go/msg/detail/dds_fastrtps
[1.024s] -- Up-to-date: /home/tang-yucheng/Desktop/legged_nav_rl/install/unitree_go/include/unitree_go/unitree_go/msg/detail/res__rosidl_typesupport_fastrtps_cpp.hpp
[1.024s] -- Up-to-date: /home/tang-yucheng/Desktop/legged_nav_rl/install/unitree_go/include/unitree_go/unitree_go/msg/detail/wireless_controller__rosidl_typesupport_fastrtps_cpp.hpp
[1.024s] -- Up-to-date: /home/tang-yucheng/Desktop/legged_nav_rl/install/unitree_go/include/unitree_go/unitree_go/msg/detail/sport_mode_cmd__rosidl_typesupport_fastrtps_cpp.hpp
[1.024s] -- Up-to-date: /home/tang-yucheng/Desktop/legged_nav_rl/install/unitree_go/include/unitree_go/unitree_go/msg/detail/bms_state__rosidl_typesupport_fastrtps_cpp.hpp
[1.024s] -- Up-to-date: /home/tang-yucheng/Desktop/legged_nav_rl/install/unitree_go/include/unitree_go/unitree_go/msg/detail/go2_front_video_data__rosidl_typesupport_fastrtps_cpp.hpp
[1.024s] -- Up-to-date: /home/tang-yucheng/Desktop/legged_nav_rl/install/unitree_go/include/unitree_go/unitree_go/msg/detail/low_cmd__rosidl_typesupport_fastrtps_cpp.hpp
[1.024s] -- Up-to-date: /home/tang-yucheng/Desktop/legged_nav_rl/install/unitree_go/include/unitree_go/unitree_go/msg/detail/imu_state__rosidl_typesupport_fastrtps_cpp.hpp
[1.025s] -- Up-to-date: /home/tang-yucheng/Desktop/legged_nav_rl/install/unitree_go/include/unitree_go/unitree_go/msg/detail/motor_states__rosidl_typesupport_fastrtps_cpp.hpp
[1.025s] -- Up-to-date: /home/tang-yucheng/Desktop/legged_nav_rl/install/unitree_go/include/unitree_go/unitree_go/msg/detail/motor_cmd__rosidl_typesupport_fastrtps_cpp.hpp
[1.025s] -- Up-to-date: /home/tang-yucheng/Desktop/legged_nav_rl/install/unitree_go/include/unitree_go/unitree_go/msg/detail/uwb_state__rosidl_typesupport_fastrtps_cpp.hpp
[1.025s] -- Up-to-date: /home/tang-yucheng/Desktop/legged_nav_rl/install/unitree_go/include/unitree_go/unitree_go/msg/detail/interface_config__rosidl_typesupport_fastrtps_cpp.hpp
[1.025s] -- Up-to-date: /home/tang-yucheng/Desktop/legged_nav_rl/install/unitree_go/include/unitree_go/unitree_go/msg/detail/error__rosidl_typesupport_fastrtps_cpp.hpp
[1.025s] -- Up-to-date: /home/tang-yucheng/Desktop/legged_nav_rl/install/unitree_go/include/unitree_go/unitree_go/msg/detail/path_point__rosidl_typesupport_fastrtps_cpp.hpp
[1.025s] -- Up-to-date: /home/tang-yucheng/Desktop/legged_nav_rl/install/unitree_go/include/unitree_go/unitree_go/msg/detail/bms_cmd__rosidl_typesupport_fastrtps_cpp.hpp
[1.025s] -- Up-to-date: /home/tang-yucheng/Desktop/legged_nav_rl/install/unitree_go/include/unitree_go/unitree_go/msg/detail/height_map__rosidl_typesupport_fastrtps_cpp.hpp
[1.025s] -- Up-to-date: /home/tang-yucheng/Desktop/legged_nav_rl/install/unitree_go/lib/libunitree_go__rosidl_typesupport_fastrtps_cpp.so
[1.025s] -- Up-to-date: /home/tang-yucheng/Desktop/legged_nav_rl/install/unitree_go/include/unitree_go/unitree_go
[1.025s] -- Up-to-date: /home/tang-yucheng/Desktop/legged_nav_rl/install/unitree_go/include/unitree_go/unitree_go/msg
[1.025s] -- Up-to-date: /home/tang-yucheng/Desktop/legged_nav_rl/install/unitree_go/include/unitree_go/unitree_go/msg/rosidl_typesupport_introspection_c__visibility_control.h
[1.025s] -- Up-to-date: /home/tang-yucheng/Desktop/legged_nav_rl/install/unitree_go/include/unitree_go/unitree_go/msg/detail
[1.025s] -- Up-to-date: /home/tang-yucheng/Desktop/legged_nav_rl/install/unitree_go/include/unitree_go/unitree_go/msg/detail/bms_state__type_support.c
[1.025s] -- Up-to-date: /home/tang-yucheng/Desktop/legged_nav_rl/install/unitree_go/include/unitree_go/unitree_go/msg/detail/interface_config__type_support.c
[1.025s] -- Up-to-date: /home/tang-yucheng/Desktop/legged_nav_rl/install/unitree_go/include/unitree_go/unitree_go/msg/detail/go2_front_video_data__rosidl_typesupport_introspection_c.h
[1.025s] -- Up-to-date: /home/tang-yucheng/Desktop/legged_nav_rl/install/unitree_go/include/unitree_go/unitree_go/msg/detail/time_spec__rosidl_typesupport_introspection_c.h
[1.025s] -- Up-to-date: /home/tang-yucheng/Desktop/legged_nav_rl/install/unitree_go/include/unitree_go/unitree_go/msg/detail/motor_states__rosidl_typesupport_introspection_c.h
[1.025s] -- Up-to-date: /home/tang-yucheng/Desktop/legged_nav_rl/install/unitree_go/include/unitree_go/unitree_go/msg/detail/motor_cmd__rosidl_typesupport_introspection_c.h
[1.025s] -- Up-to-date: /home/tang-yucheng/Desktop/legged_nav_rl/install/unitree_go/include/unitree_go/unitree_go/msg/detail/uwb_state__type_support.c
[1.025s] -- Up-to-date: /home/tang-yucheng/Desktop/legged_nav_rl/install/unitree_go/include/unitree_go/unitree_go/msg/detail/path_point__rosidl_typesupport_introspection_c.h
[1.025s] -- Up-to-date: /home/tang-yucheng/Desktop/legged_nav_rl/install/unitree_go/include/unitree_go/unitree_go/msg/detail/uwb_state__rosidl_typesupport_introspection_c.h
[1.025s] -- Up-to-date: /home/tang-yucheng/Desktop/legged_nav_rl/install/unitree_go/include/unitree_go/unitree_go/msg/detail/wireless_controller__rosidl_typesupport_introspection_c.h
[1.025s] -- Up-to-date: /home/tang-yucheng/Desktop/legged_nav_rl/install/unitree_go/include/unitree_go/unitree_go/msg/detail/audio_data__type_support.c
[1.025s] -- Up-to-date: /home/tang-yucheng/Desktop/legged_nav_rl/install/unitree_go/include/unitree_go/unitree_go/msg/detail/low_cmd__type_support.c
[1.025s] -- Up-to-date: /home/tang-yucheng/Desktop/legged_nav_rl/install/unitree_go/include/unitree_go/unitree_go/msg/detail/uwb_switch__rosidl_typesupport_introspection_c.h
[1.025s] -- Up-to-date: /home/tang-yucheng/Desktop/legged_nav_rl/install/unitree_go/include/unitree_go/unitree_go/msg/detail/height_map__rosidl_typesupport_introspection_c.h
[1.025s] -- Up-to-date: /home/tang-yucheng/Desktop/legged_nav_rl/install/unitree_go/include/unitree_go/unitree_go/msg/detail/error__rosidl_typesupport_introspection_c.h
[1.025s] -- Up-to-date: /home/tang-yucheng/Desktop/legged_nav_rl/install/unitree_go/include/unitree_go/unitree_go/msg/detail/low_state__rosidl_typesupport_introspection_c.h
[1.025s] -- Up-to-date: /home/tang-yucheng/Desktop/legged_nav_rl/install/unitree_go/include/unitree_go/unitree_go/msg/detail/bms_state__rosidl_typesupport_introspection_c.h
[1.025s] -- Up-to-date: /home/tang-yucheng/Desktop/legged_nav_rl/install/unitree_go/include/unitree_go/unitree_go/msg/detail/bms_cmd__type_support.c
[1.025s] -- Up-to-date: /home/tang-yucheng/Desktop/legged_nav_rl/install/unitree_go/include/unitree_go/unitree_go/msg/detail/sport_mode_state__rosidl_typesupport_introspection_c.h
[1.025s] -- Up-to-date: /home/tang-yucheng/Desktop/legged_nav_rl/install/unitree_go/include/unitree_go/unitree_go/msg/detail/lidar_state__rosidl_typesupport_introspection_c.h
[1.026s] -- Up-to-date: /home/tang-yucheng/Desktop/legged_nav_rl/install/unitree_go/include/unitree_go/unitree_go/msg/detail/req__rosidl_typesupport_introspection_c.h
[1.026s] -- Up-to-date: /home/tang-yucheng/Desktop/legged_nav_rl/install/unitree_go/include/unitree_go/unitree_go/msg/detail/time_spec__type_support.c
[1.026s] -- Up-to-date: /home/tang-yucheng/Desktop/legged_nav_rl/install/unitree_go/include/unitree_go/unitree_go/msg/detail/motor_state__type_support.c
[1.026s] -- Up-to-date: /home/tang-yucheng/Desktop/legged_nav_rl/install/unitree_go/include/unitree_go/unitree_go/msg/detail/res__rosidl_typesupport_introspection_c.h
[1.026s] -- Up-to-date: /home/tang-yucheng/Desktop/legged_nav_rl/install/unitree_go/include/unitree_go/unitree_go/msg/detail/res__type_support.c
[1.026s] -- Up-to-date: /home/tang-yucheng/Desktop/legged_nav_rl/install/unitree_go/include/unitree_go/unitree_go/msg/detail/lidar_state__type_support.c
[1.026s] -- Up-to-date: /home/tang-yucheng/Desktop/legged_nav_rl/install/unitree_go/include/unitree_go/unitree_go/msg/detail/imu_state__rosidl_typesupport_introspection_c.h
[1.026s] -- Up-to-date: /home/tang-yucheng/Desktop/legged_nav_rl/install/unitree_go/include/unitree_go/unitree_go/msg/detail/motor_cmds__rosidl_typesupport_introspection_c.h
[1.026s] -- Up-to-date: /home/tang-yucheng/Desktop/legged_nav_rl/install/unitree_go/include/unitree_go/unitree_go/msg/detail/go2_front_video_data__type_support.c
[1.026s] -- Up-to-date: /home/tang-yucheng/Desktop/legged_nav_rl/install/unitree_go/include/unitree_go/unitree_go/msg/detail/req__type_support.c
[1.026s] -- Up-to-date: /home/tang-yucheng/Desktop/legged_nav_rl/install/unitree_go/include/unitree_go/unitree_go/msg/detail/motor_cmds__type_support.c
[1.026s] -- Up-to-date: /home/tang-yucheng/Desktop/legged_nav_rl/install/unitree_go/include/unitree_go/unitree_go/msg/detail/error__type_support.c
[1.026s] -- Up-to-date: /home/tang-yucheng/Desktop/legged_nav_rl/install/unitree_go/include/unitree_go/unitree_go/msg/detail/audio_data__rosidl_typesupport_introspection_c.h
[1.026s] -- Up-to-date: /home/tang-yucheng/Desktop/legged_nav_rl/install/unitree_go/include/unitree_go/unitree_go/msg/detail/sport_mode_cmd__rosidl_typesupport_introspection_c.h
[1.026s] -- Up-to-date: /home/tang-yucheng/Desktop/legged_nav_rl/install/unitree_go/include/unitree_go/unitree_go/msg/detail/motor_state__rosidl_typesupport_introspection_c.h
[1.026s] -- Up-to-date: /home/tang-yucheng/Desktop/legged_nav_rl/install/unitree_go/include/unitree_go/unitree_go/msg/detail/sport_mode_state__type_support.c
[1.026s] -- Up-to-date: /home/tang-yucheng/Desktop/legged_nav_rl/install/unitree_go/include/unitree_go/unitree_go/msg/detail/imu_state__type_support.c
[1.026s] -- Up-to-date: /home/tang-yucheng/Desktop/legged_nav_rl/install/unitree_go/include/unitree_go/unitree_go/msg/detail/sport_mode_cmd__type_support.c
[1.026s] -- Up-to-date: /home/tang-yucheng/Desktop/legged_nav_rl/install/unitree_go/include/unitree_go/unitree_go/msg/detail/height_map__type_support.c
[1.026s] -- Up-to-date: /home/tang-yucheng/Desktop/legged_nav_rl/install/unitree_go/include/unitree_go/unitree_go/msg/detail/low_state__type_support.c
[1.026s] -- Up-to-date: /home/tang-yucheng/Desktop/legged_nav_rl/install/unitree_go/include/unitree_go/unitree_go/msg/detail/wireless_controller__type_support.c
[1.026s] -- Up-to-date: /home/tang-yucheng/Desktop/legged_nav_rl/install/unitree_go/include/unitree_go/unitree_go/msg/detail/interface_config__rosidl_typesupport_introspection_c.h
[1.026s] -- Up-to-date: /home/tang-yucheng/Desktop/legged_nav_rl/install/unitree_go/include/unitree_go/unitree_go/msg/detail/low_cmd__rosidl_typesupport_introspection_c.h
[1.026s] -- Up-to-date: /home/tang-yucheng/Desktop/legged_nav_rl/install/unitree_go/include/unitree_go/unitree_go/msg/detail/path_point__type_support.c
[1.026s] -- Up-to-date: /home/tang-yucheng/Desktop/legged_nav_rl/install/unitree_go/include/unitree_go/unitree_go/msg/detail/uwb_switch__type_support.c
[1.026s] -- Up-to-date: /home/tang-yucheng/Desktop/legged_nav_rl/install/unitree_go/include/unitree_go/unitree_go/msg/detail/motor_cmd__type_support.c
[1.026s] -- Up-to-date: /home/tang-yucheng/Desktop/legged_nav_rl/install/unitree_go/include/unitree_go/unitree_go/msg/detail/motor_states__type_support.c
[1.026s] -- Up-to-date: /home/tang-yucheng/Desktop/legged_nav_rl/install/unitree_go/include/unitree_go/unitree_go/msg/detail/bms_cmd__rosidl_typesupport_introspection_c.h
[1.026s] -- Up-to-date: /home/tang-yucheng/Desktop/legged_nav_rl/install/unitree_go/lib/libunitree_go__rosidl_typesupport_introspection_c.so
[1.026s] -- Up-to-date: /home/tang-yucheng/Desktop/legged_nav_rl/install/unitree_go/lib/libunitree_go__rosidl_typesupport_c.so
[1.026s] -- Up-to-date: /home/tang-yucheng/Desktop/legged_nav_rl/install/unitree_go/include/unitree_go/unitree_go
[1.026s] -- Up-to-date: /home/tang-yucheng/Desktop/legged_nav_rl/install/unitree_go/include/unitree_go/unitree_go/msg
[1.026s] -- Up-to-date: /home/tang-yucheng/Desktop/legged_nav_rl/install/unitree_go/include/unitree_go/unitree_go/msg/detail
[1.026s] -- Up-to-date: /home/tang-yucheng/Desktop/legged_nav_rl/install/unitree_go/include/unitree_go/unitree_go/msg/detail/lidar_state__rosidl_typesupport_introspection_cpp.hpp
[1.027s] -- Up-to-date: /home/tang-yucheng/Desktop/legged_nav_rl/install/unitree_go/include/unitree_go/unitree_go/msg/detail/sport_mode_cmd__rosidl_typesupport_introspection_cpp.hpp
[1.027s] -- Up-to-date: /home/tang-yucheng/Desktop/legged_nav_rl/install/unitree_go/include/unitree_go/unitree_go/msg/detail/motor_cmd__rosidl_typesupport_introspection_cpp.hpp
[1.027s] -- Up-to-date: /home/tang-yucheng/Desktop/legged_nav_rl/install/unitree_go/include/unitree_go/unitree_go/msg/detail/wireless_controller__type_support.cpp
[1.027s] -- Up-to-date: /home/tang-yucheng/Desktop/legged_nav_rl/install/unitree_go/include/unitree_go/unitree_go/msg/detail/motor_cmd__type_support.cpp
[1.027s] -- Up-to-date: /home/tang-yucheng/Desktop/legged_nav_rl/install/unitree_go/include/unitree_go/unitree_go/msg/detail/sport_mode_state__rosidl_typesupport_introspection_cpp.hpp
[1.027s] -- Up-to-date: /home/tang-yucheng/Desktop/legged_nav_rl/install/unitree_go/include/unitree_go/unitree_go/msg/detail/audio_data__rosidl_typesupport_introspection_cpp.hpp
[1.027s] -- Up-to-date: /home/tang-yucheng/Desktop/legged_nav_rl/install/unitree_go/include/unitree_go/unitree_go/msg/detail/motor_state__type_support.cpp
[1.027s] -- Up-to-date: /home/tang-yucheng/Desktop/legged_nav_rl/install/unitree_go/include/unitree_go/unitree_go/msg/detail/imu_state__rosidl_typesupport_introspection_cpp.hpp
[1.027s] -- Up-to-date: /home/tang-yucheng/Desktop/legged_nav_rl/install/unitree_go/include/unitree_go/unitree_go/msg/detail/sport_mode_cmd__type_support.cpp
[1.027s] -- Up-to-date: /home/tang-yucheng/Desktop/legged_nav_rl/install/unitree_go/include/unitree_go/unitree_go/msg/detail/error__type_support.cpp
[1.027s] -- Up-to-date: /home/tang-yucheng/Desktop/legged_nav_rl/install/unitree_go/include/unitree_go/unitree_go/msg/detail/res__rosidl_typesupport_introspection_cpp.hpp
[1.027s] -- Up-to-date: /home/tang-yucheng/Desktop/legged_nav_rl/install/unitree_go/include/unitree_go/unitree_go/msg/detail/bms_cmd__type_support.cpp
[1.027s] -- Up-to-date: /home/tang-yucheng/Desktop/legged_nav_rl/install/unitree_go/include/unitree_go/unitree_go/msg/detail/go2_front_video_data__rosidl_typesupport_introspection_cpp.hpp
[1.027s] -- Up-to-date: /home/tang-yucheng/Desktop/legged_nav_rl/install/unitree_go/include/unitree_go/unitree_go/msg/detail/go2_front_video_data__type_support.cpp
[1.027s] -- Up-to-date: /home/tang-yucheng/Desktop/legged_nav_rl/install/unitree_go/include/unitree_go/unitree_go/msg/detail/interface_config__type_support.cpp
[1.027s] -- Up-to-date: /home/tang-yucheng/Desktop/legged_nav_rl/install/unitree_go/include/unitree_go/unitree_go/msg/detail/req__rosidl_typesupport_introspection_cpp.hpp
[1.027s] -- Up-to-date: /home/tang-yucheng/Desktop/legged_nav_rl/install/unitree_go/include/unitree_go/unitree_go/msg/detail/lidar_state__type_support.cpp
[1.027s] -- Up-to-date: /home/tang-yucheng/Desktop/legged_nav_rl/install/unitree_go/include/unitree_go/unitree_go/msg/detail/path_point__rosidl_typesupport_introspection_cpp.hpp
[1.027s] -- Up-to-date: /home/tang-yucheng/Desktop/legged_nav_rl/install/unitree_go/include/unitree_go/unitree_go/msg/detail/time_spec__type_support.cpp
[1.027s] -- Up-to-date: /home/tang-yucheng/Desktop/legged_nav_rl/install/unitree_go/include/unitree_go/unitree_go/msg/detail/uwb_state__type_support.cpp
[1.027s] -- Up-to-date: /home/tang-yucheng/Desktop/legged_nav_rl/install/unitree_go/include/unitree_go/unitree_go/msg/detail/low_cmd__type_support.cpp
[1.027s] -- Up-to-date: /home/tang-yucheng/Desktop/legged_nav_rl/install/unitree_go/include/unitree_go/unitree_go/msg/detail/res__type_support.cpp
[1.027s] -- Up-to-date: /home/tang-yucheng/Desktop/legged_nav_rl/install/unitree_go/include/unitree_go/unitree_go/msg/detail/path_point__type_support.cpp
[1.027s] -- Up-to-date: /home/tang-yucheng/Desktop/legged_nav_rl/install/unitree_go/include/unitree_go/unitree_go/msg/detail/low_state__rosidl_typesupport_introspection_cpp.hpp
[1.027s] -- Up-to-date: /home/tang-yucheng/Desktop/legged_nav_rl/install/unitree_go/include/unitree_go/unitree_go/msg/detail/req__type_support.cpp
[1.027s] -- Up-to-date: /home/tang-yucheng/Desktop/legged_nav_rl/install/unitree_go/include/unitree_go/unitree_go/msg/detail/height_map__rosidl_typesupport_introspection_cpp.hpp
[1.028s] -- Up-to-date: /home/tang-yucheng/Desktop/legged_nav_rl/install/unitree_go/include/unitree_go/unitree_go/msg/detail/uwb_switch__type_support.cpp
[1.028s] -- Up-to-date: /home/tang-yucheng/Desktop/legged_nav_rl/install/unitree_go/include/unitree_go/unitree_go/msg/detail/motor_states__type_support.cpp
[1.028s] -- Up-to-date: /home/tang-yucheng/Desktop/legged_nav_rl/install/unitree_go/include/unitree_go/unitree_go/msg/detail/wireless_controller__rosidl_typesupport_introspection_cpp.hpp
[1.028s] -- Up-to-date: /home/tang-yucheng/Desktop/legged_nav_rl/install/unitree_go/include/unitree_go/unitree_go/msg/detail/sport_mode_state__type_support.cpp
[1.028s] -- Up-to-date: /home/tang-yucheng/Desktop/legged_nav_rl/install/unitree_go/include/unitree_go/unitree_go/msg/detail/bms_state__rosidl_typesupport_introspection_cpp.hpp
[1.028s] -- Up-to-date: /home/tang-yucheng/Desktop/legged_nav_rl/install/unitree_go/include/unitree_go/unitree_go/msg/detail/bms_cmd__rosidl_typesupport_introspection_cpp.hpp
[1.028s] -- Up-to-date: /home/tang-yucheng/Desktop/legged_nav_rl/install/unitree_go/include/unitree_go/unitree_go/msg/detail/motor_cmds__type_support.cpp
[1.028s] -- Up-to-date: /home/tang-yucheng/Desktop/legged_nav_rl/install/unitree_go/include/unitree_go/unitree_go/msg/detail/motor_state__rosidl_typesupport_introspection_cpp.hpp
[1.028s] -- Up-to-date: /home/tang-yucheng/Desktop/legged_nav_rl/install/unitree_go/include/unitree_go/unitree_go/msg/detail/low_cmd__rosidl_typesupport_introspection_cpp.hpp
[1.028s] -- Up-to-date: /home/tang-yucheng/Desktop/legged_nav_rl/install/unitree_go/include/unitree_go/unitree_go/msg/detail/uwb_switch__rosidl_typesupport_introspection_cpp.hpp
[1.028s] -- Up-to-date: /home/tang-yucheng/Desktop/legged_nav_rl/install/unitree_go/include/unitree_go/unitree_go/msg/detail/bms_state__type_support.cpp
[1.028s] -- Up-to-date: /home/tang-yucheng/Desktop/legged_nav_rl/install/unitree_go/include/unitree_go/unitree_go/msg/detail/imu_state__type_support.cpp
[1.029s] -- Up-to-date: /home/tang-yucheng/Desktop/legged_nav_rl/install/unitree_go/include/unitree_go/unitree_go/msg/detail/error__rosidl_typesupport_introspection_cpp.hpp
[1.029s] -- Up-to-date: /home/tang-yucheng/Desktop/legged_nav_rl/install/unitree_go/include/unitree_go/unitree_go/msg/detail/time_spec__rosidl_typesupport_introspection_cpp.hpp
[1.029s] -- Up-to-date: /home/tang-yucheng/Desktop/legged_nav_rl/install/unitree_go/include/unitree_go/unitree_go/msg/detail/audio_data__type_support.cpp
[1.029s] -- Up-to-date: /home/tang-yucheng/Desktop/legged_nav_rl/install/unitree_go/include/unitree_go/unitree_go/msg/detail/height_map__type_support.cpp
[1.029s] -- Up-to-date: /home/tang-yucheng/Desktop/legged_nav_rl/install/unitree_go/include/unitree_go/unitree_go/msg/detail/motor_cmds__rosidl_typesupport_introspection_cpp.hpp
[1.029s] -- Up-to-date: /home/tang-yucheng/Desktop/legged_nav_rl/install/unitree_go/include/unitree_go/unitree_go/msg/detail/low_state__type_support.cpp
[1.029s] -- Up-to-date: /home/tang-yucheng/Desktop/legged_nav_rl/install/unitree_go/include/unitree_go/unitree_go/msg/detail/interface_config__rosidl_typesupport_introspection_cpp.hpp
[1.029s] -- Up-to-date: /home/tang-yucheng/Desktop/legged_nav_rl/install/unitree_go/include/unitree_go/unitree_go/msg/detail/motor_states__rosidl_typesupport_introspection_cpp.hpp
[1.029s] -- Up-to-date: /home/tang-yucheng/Desktop/legged_nav_rl/install/unitree_go/include/unitree_go/unitree_go/msg/detail/uwb_state__rosidl_typesupport_introspection_cpp.hpp
[1.029s] -- Up-to-date: /home/tang-yucheng/Desktop/legged_nav_rl/install/unitree_go/lib/libunitree_go__rosidl_typesupport_introspection_cpp.so
[1.029s] -- Up-to-date: /home/tang-yucheng/Desktop/legged_nav_rl/install/unitree_go/lib/libunitree_go__rosidl_typesupport_cpp.so
[1.029s] -- Up-to-date: /home/tang-yucheng/Desktop/legged_nav_rl/install/unitree_go/share/unitree_go/environment/pythonpath.sh
[1.029s] -- Up-to-date: /home/tang-yucheng/Desktop/legged_nav_rl/install/unitree_go/share/unitree_go/environment/pythonpath.dsv
[1.029s] -- Up-to-date: /home/tang-yucheng/Desktop/legged_nav_rl/install/unitree_go/local/lib/python3.10/dist-packages/unitree_go-0.0.0-py3.10.egg-info
[1.030s] -- Installing: /home/tang-yucheng/Desktop/legged_nav_rl/install/unitree_go/local/lib/python3.10/dist-packages/unitree_go-0.0.0-py3.10.egg-info/SOURCES.txt
[1.030s] -- Installing: /home/tang-yucheng/Desktop/legged_nav_rl/install/unitree_go/local/lib/python3.10/dist-packages/unitree_go-0.0.0-py3.10.egg-info/dependency_links.txt
[1.030s] -- Installing: /home/tang-yucheng/Desktop/legged_nav_rl/install/unitree_go/local/lib/python3.10/dist-packages/unitree_go-0.0.0-py3.10.egg-info/PKG-INFO
[1.030s] -- Installing: /home/tang-yucheng/Desktop/legged_nav_rl/install/unitree_go/local/lib/python3.10/dist-packages/unitree_go-0.0.0-py3.10.egg-info/top_level.txt
[1.030s] -- Up-to-date: /home/tang-yucheng/Desktop/legged_nav_rl/install/unitree_go/local/lib/python3.10/dist-packages/unitree_go
[1.030s] -- Up-to-date: /home/tang-yucheng/Desktop/legged_nav_rl/install/unitree_go/local/lib/python3.10/dist-packages/unitree_go/__init__.py
[1.030s] -- Up-to-date: /home/tang-yucheng/Desktop/legged_nav_rl/install/unitree_go/local/lib/python3.10/dist-packages/unitree_go/_unitree_go_s.ep.rosidl_typesupport_introspection_c.c
[1.030s] -- Up-to-date: /home/tang-yucheng/Desktop/legged_nav_rl/install/unitree_go/local/lib/python3.10/dist-packages/unitree_go/_unitree_go_s.ep.rosidl_typesupport_c.c
[1.030s] -- Up-to-date: /home/tang-yucheng/Desktop/legged_nav_rl/install/unitree_go/local/lib/python3.10/dist-packages/unitree_go/unitree_go_s__rosidl_typesupport_fastrtps_c.cpython-310-x86_64-linux-gnu.so
[1.030s] -- Up-to-date: /home/tang-yucheng/Desktop/legged_nav_rl/install/unitree_go/local/lib/python3.10/dist-packages/unitree_go/_unitree_go_s.ep.rosidl_typesupport_fastrtps_c.c
[1.030s] -- Up-to-date: /home/tang-yucheng/Desktop/legged_nav_rl/install/unitree_go/local/lib/python3.10/dist-packages/unitree_go/unitree_go_s__rosidl_typesupport_c.cpython-310-x86_64-linux-gnu.so
[1.030s] -- Up-to-date: /home/tang-yucheng/Desktop/legged_nav_rl/install/unitree_go/local/lib/python3.10/dist-packages/unitree_go/libunitree_go__rosidl_generator_py.so
[1.030s] -- Up-to-date: /home/tang-yucheng/Desktop/legged_nav_rl/install/unitree_go/local/lib/python3.10/dist-packages/unitree_go/unitree_go_s__rosidl_typesupport_introspection_c.cpython-310-x86_64-linux-gnu.so
[1.030s] -- Up-to-date: /home/tang-yucheng/Desktop/legged_nav_rl/install/unitree_go/local/lib/python3.10/dist-packages/unitree_go/msg
[1.030s] -- Up-to-date: /home/tang-yucheng/Desktop/legged_nav_rl/install/unitree_go/local/lib/python3.10/dist-packages/unitree_go/msg/__init__.py
[1.030s] -- Up-to-date: /home/tang-yucheng/Desktop/legged_nav_rl/install/unitree_go/local/lib/python3.10/dist-packages/unitree_go/msg/_lidar_state_s.c
[1.030s] -- Up-to-date: /home/tang-yucheng/Desktop/legged_nav_rl/install/unitree_go/local/lib/python3.10/dist-packages/unitree_go/msg/_wireless_controller_s.c
[1.030s] -- Up-to-date: /home/tang-yucheng/Desktop/legged_nav_rl/install/unitree_go/local/lib/python3.10/dist-packages/unitree_go/msg/_sport_mode_state.py
[1.030s] -- Up-to-date: /home/tang-yucheng/Desktop/legged_nav_rl/install/unitree_go/local/lib/python3.10/dist-packages/unitree_go/msg/_motor_state.py
[1.030s] -- Up-to-date: /home/tang-yucheng/Desktop/legged_nav_rl/install/unitree_go/local/lib/python3.10/dist-packages/unitree_go/msg/_motor_states_s.c
[1.030s] -- Up-to-date: /home/tang-yucheng/Desktop/legged_nav_rl/install/unitree_go/local/lib/python3.10/dist-packages/unitree_go/msg/_sport_mode_cmd_s.c
[1.030s] -- Up-to-date: /home/tang-yucheng/Desktop/legged_nav_rl/install/unitree_go/local/lib/python3.10/dist-packages/unitree_go/msg/_uwb_switch.py
[1.030s] -- Up-to-date: /home/tang-yucheng/Desktop/legged_nav_rl/install/unitree_go/local/lib/python3.10/dist-packages/unitree_go/msg/_time_spec.py
[1.030s] -- Up-to-date: /home/tang-yucheng/Desktop/legged_nav_rl/install/unitree_go/local/lib/python3.10/dist-packages/unitree_go/msg/_interface_config_s.c
[1.030s] -- Up-to-date: /home/tang-yucheng/Desktop/legged_nav_rl/install/unitree_go/local/lib/python3.10/dist-packages/unitree_go/msg/_motor_cmd_s.c
[1.030s] -- Up-to-date: /home/tang-yucheng/Desktop/legged_nav_rl/install/unitree_go/local/lib/python3.10/dist-packages/unitree_go/msg/_uwb_state.py
[1.030s] -- Up-to-date: /home/tang-yucheng/Desktop/legged_nav_rl/install/unitree_go/local/lib/python3.10/dist-packages/unitree_go/msg/_res.py
[1.030s] -- Up-to-date: /home/tang-yucheng/Desktop/legged_nav_rl/install/unitree_go/local/lib/python3.10/dist-packages/unitree_go/msg/_height_map_s.c
[1.030s] -- Up-to-date: /home/tang-yucheng/Desktop/legged_nav_rl/install/unitree_go/local/lib/python3.10/dist-packages/unitree_go/msg/_lidar_state.py
[1.030s] -- Up-to-date: /home/tang-yucheng/Desktop/legged_nav_rl/install/unitree_go/local/lib/python3.10/dist-packages/unitree_go/msg/_audio_data.py
[1.030s] -- Up-to-date: /home/tang-yucheng/Desktop/legged_nav_rl/install/unitree_go/local/lib/python3.10/dist-packages/unitree_go/msg/_path_point.py
[1.030s] -- Up-to-date: /home/tang-yucheng/Desktop/legged_nav_rl/install/unitree_go/local/lib/python3.10/dist-packages/unitree_go/msg/_low_cmd_s.c
[1.030s] -- Up-to-date: /home/tang-yucheng/Desktop/legged_nav_rl/install/unitree_go/local/lib/python3.10/dist-packages/unitree_go/msg/_imu_state.py
[1.031s] -- Up-to-date: /home/tang-yucheng/Desktop/legged_nav_rl/install/unitree_go/local/lib/python3.10/dist-packages/unitree_go/msg/_go2_front_video_data_s.c
[1.031s] -- Up-to-date: /home/tang-yucheng/Desktop/legged_nav_rl/install/unitree_go/local/lib/python3.10/dist-packages/unitree_go/msg/_time_spec_s.c
[1.031s] -- Up-to-date: /home/tang-yucheng/Desktop/legged_nav_rl/install/unitree_go/local/lib/python3.10/dist-packages/unitree_go/msg/_req.py
[1.031s] -- Up-to-date: /home/tang-yucheng/Desktop/legged_nav_rl/install/unitree_go/local/lib/python3.10/dist-packages/unitree_go/msg/_low_state_s.c
[1.031s] -- Up-to-date: /home/tang-yucheng/Desktop/legged_nav_rl/install/unitree_go/local/lib/python3.10/dist-packages/unitree_go/msg/_bms_cmd_s.c
[1.031s] -- Up-to-date: /home/tang-yucheng/Desktop/legged_nav_rl/install/unitree_go/local/lib/python3.10/dist-packages/unitree_go/msg/_bms_state.py
[1.031s] -- Up-to-date: /home/tang-yucheng/Desktop/legged_nav_rl/install/unitree_go/local/lib/python3.10/dist-packages/unitree_go/msg/_motor_states.py
[1.031s] -- Up-to-date: /home/tang-yucheng/Desktop/legged_nav_rl/install/unitree_go/local/lib/python3.10/dist-packages/unitree_go/msg/_audio_data_s.c
[1.031s] -- Up-to-date: /home/tang-yucheng/Desktop/legged_nav_rl/install/unitree_go/local/lib/python3.10/dist-packages/unitree_go/msg/_height_map.py
[1.031s] -- Up-to-date: /home/tang-yucheng/Desktop/legged_nav_rl/install/unitree_go/local/lib/python3.10/dist-packages/unitree_go/msg/_error.py
[1.031s] -- Up-to-date: /home/tang-yucheng/Desktop/legged_nav_rl/install/unitree_go/local/lib/python3.10/dist-packages/unitree_go/msg/_uwb_state_s.c
[1.031s] -- Up-to-date: /home/tang-yucheng/Desktop/legged_nav_rl/install/unitree_go/local/lib/python3.10/dist-packages/unitree_go/msg/_error_s.c
[1.031s] -- Up-to-date: /home/tang-yucheng/Desktop/legged_nav_rl/install/unitree_go/local/lib/python3.10/dist-packages/unitree_go/msg/_motor_cmds_s.c
[1.031s] -- Up-to-date: /home/tang-yucheng/Desktop/legged_nav_rl/install/unitree_go/local/lib/python3.10/dist-packages/unitree_go/msg/_low_state.py
[1.031s] -- Up-to-date: /home/tang-yucheng/Desktop/legged_nav_rl/install/unitree_go/local/lib/python3.10/dist-packages/unitree_go/msg/_uwb_switch_s.c
[1.031s] -- Up-to-date: /home/tang-yucheng/Desktop/legged_nav_rl/install/unitree_go/local/lib/python3.10/dist-packages/unitree_go/msg/_motor_cmd.py
[1.031s] -- Up-to-date: /home/tang-yucheng/Desktop/legged_nav_rl/install/unitree_go/local/lib/python3.10/dist-packages/unitree_go/msg/_motor_state_s.c
[1.031s] -- Up-to-date: /home/tang-yucheng/Desktop/legged_nav_rl/install/unitree_go/local/lib/python3.10/dist-packages/unitree_go/msg/_low_cmd.py
[1.031s] -- Up-to-date: /home/tang-yucheng/Desktop/legged_nav_rl/install/unitree_go/local/lib/python3.10/dist-packages/unitree_go/msg/_wireless_controller.py
[1.031s] -- Up-to-date: /home/tang-yucheng/Desktop/legged_nav_rl/install/unitree_go/local/lib/python3.10/dist-packages/unitree_go/msg/_imu_state_s.c
[1.031s] -- Up-to-date: /home/tang-yucheng/Desktop/legged_nav_rl/install/unitree_go/local/lib/python3.10/dist-packages/unitree_go/msg/_res_s.c
[1.031s] -- Up-to-date: /home/tang-yucheng/Desktop/legged_nav_rl/install/unitree_go/local/lib/python3.10/dist-packages/unitree_go/msg/_bms_state_s.c
[1.031s] -- Up-to-date: /home/tang-yucheng/Desktop/legged_nav_rl/install/unitree_go/local/lib/python3.10/dist-packages/unitree_go/msg/_motor_cmds.py
[1.031s] -- Up-to-date: /home/tang-yucheng/Desktop/legged_nav_rl/install/unitree_go/local/lib/python3.10/dist-packages/unitree_go/msg/_sport_mode_cmd.py
[1.031s] -- Up-to-date: /home/tang-yucheng/Desktop/legged_nav_rl/install/unitree_go/local/lib/python3.10/dist-packages/unitree_go/msg/_path_point_s.c
[1.031s] -- Up-to-date: /home/tang-yucheng/Desktop/legged_nav_rl/install/unitree_go/local/lib/python3.10/dist-packages/unitree_go/msg/_bms_cmd.py
[1.031s] -- Up-to-date: /home/tang-yucheng/Desktop/legged_nav_rl/install/unitree_go/local/lib/python3.10/dist-packages/unitree_go/msg/_interface_config.py
[1.031s] -- Up-to-date: /home/tang-yucheng/Desktop/legged_nav_rl/install/unitree_go/local/lib/python3.10/dist-packages/unitree_go/msg/_req_s.c
[1.031s] -- Up-to-date: /home/tang-yucheng/Desktop/legged_nav_rl/install/unitree_go/local/lib/python3.10/dist-packages/unitree_go/msg/_go2_front_video_data.py
[1.031s] -- Up-to-date: /home/tang-yucheng/Desktop/legged_nav_rl/install/unitree_go/local/lib/python3.10/dist-packages/unitree_go/msg/_sport_mode_state_s.c
[1.047s] Listing '/home/tang-yucheng/Desktop/legged_nav_rl/install/unitree_go/local/lib/python3.10/dist-packages/unitree_go'...
[1.047s] Listing '/home/tang-yucheng/Desktop/legged_nav_rl/install/unitree_go/local/lib/python3.10/dist-packages/unitree_go/msg'...
[1.050s] -- Up-to-date: /home/tang-yucheng/Desktop/legged_nav_rl/install/unitree_go/local/lib/python3.10/dist-packages/unitree_go/unitree_go_s__rosidl_typesupport_fastrtps_c.cpython-310-x86_64-linux-gnu.so
[1.051s] -- Up-to-date: /home/tang-yucheng/Desktop/legged_nav_rl/install/unitree_go/local/lib/python3.10/dist-packages/unitree_go/unitree_go_s__rosidl_typesupport_introspection_c.cpython-310-x86_64-linux-gnu.so
[1.051s] -- Up-to-date: /home/tang-yucheng/Desktop/legged_nav_rl/install/unitree_go/local/lib/python3.10/dist-packages/unitree_go/unitree_go_s__rosidl_typesupport_c.cpython-310-x86_64-linux-gnu.so
[1.051s] -- Up-to-date: /home/tang-yucheng/Desktop/legged_nav_rl/install/unitree_go/lib/libunitree_go__rosidl_generator_py.so
[1.051s] -- Up-to-date: /home/tang-yucheng/Desktop/legged_nav_rl/install/unitree_go/share/unitree_go/msg/AudioData.idl
[1.051s] -- Up-to-date: /home/tang-yucheng/Desktop/legged_nav_rl/install/unitree_go/share/unitree_go/msg/BmsCmd.idl
[1.051s] -- Up-to-date: /home/tang-yucheng/Desktop/legged_nav_rl/install/unitree_go/share/unitree_go/msg/BmsState.idl
[1.051s] -- Up-to-date: /home/tang-yucheng/Desktop/legged_nav_rl/install/unitree_go/share/unitree_go/msg/Error.idl
[1.051s] -- Up-to-date: /home/tang-yucheng/Desktop/legged_nav_rl/install/unitree_go/share/unitree_go/msg/Go2FrontVideoData.idl
[1.052s] -- Up-to-date: /home/tang-yucheng/Desktop/legged_nav_rl/install/unitree_go/share/unitree_go/msg/HeightMap.idl
[1.052s] -- Up-to-date: /home/tang-yucheng/Desktop/legged_nav_rl/install/unitree_go/share/unitree_go/msg/IMUState.idl
[1.052s] -- Up-to-date: /home/tang-yucheng/Desktop/legged_nav_rl/install/unitree_go/share/unitree_go/msg/InterfaceConfig.idl
[1.052s] -- Up-to-date: /home/tang-yucheng/Desktop/legged_nav_rl/install/unitree_go/share/unitree_go/msg/LidarState.idl
[1.052s] -- Up-to-date: /home/tang-yucheng/Desktop/legged_nav_rl/install/unitree_go/share/unitree_go/msg/LowCmd.idl
[1.052s] -- Up-to-date: /home/tang-yucheng/Desktop/legged_nav_rl/install/unitree_go/share/unitree_go/msg/LowState.idl
[1.052s] -- Up-to-date: /home/tang-yucheng/Desktop/legged_nav_rl/install/unitree_go/share/unitree_go/msg/MotorCmd.idl
[1.052s] -- Up-to-date: /home/tang-yucheng/Desktop/legged_nav_rl/install/unitree_go/share/unitree_go/msg/MotorCmds.idl
[1.052s] -- Up-to-date: /home/tang-yucheng/Desktop/legged_nav_rl/install/unitree_go/share/unitree_go/msg/MotorState.idl
[1.053s] -- Up-to-date: /home/tang-yucheng/Desktop/legged_nav_rl/install/unitree_go/share/unitree_go/msg/MotorStates.idl
[1.053s] -- Up-to-date: /home/tang-yucheng/Desktop/legged_nav_rl/install/unitree_go/share/unitree_go/msg/PathPoint.idl
[1.053s] -- Up-to-date: /home/tang-yucheng/Desktop/legged_nav_rl/install/unitree_go/share/unitree_go/msg/Req.idl
[1.053s] -- Up-to-date: /home/tang-yucheng/Desktop/legged_nav_rl/install/unitree_go/share/unitree_go/msg/Res.idl
[1.053s] -- Up-to-date: /home/tang-yucheng/Desktop/legged_nav_rl/install/unitree_go/share/unitree_go/msg/SportModeCmd.idl
[1.053s] -- Up-to-date: /home/tang-yucheng/Desktop/legged_nav_rl/install/unitree_go/share/unitree_go/msg/SportModeState.idl
[1.053s] -- Up-to-date: /home/tang-yucheng/Desktop/legged_nav_rl/install/unitree_go/share/unitree_go/msg/TimeSpec.idl
[1.053s] -- Up-to-date: /home/tang-yucheng/Desktop/legged_nav_rl/install/unitree_go/share/unitree_go/msg/UwbState.idl
[1.053s] -- Up-to-date: /home/tang-yucheng/Desktop/legged_nav_rl/install/unitree_go/share/unitree_go/msg/UwbSwitch.idl
[1.053s] -- Up-to-date: /home/tang-yucheng/Desktop/legged_nav_rl/install/unitree_go/share/unitree_go/msg/WirelessController.idl
[1.053s] -- Up-to-date: /home/tang-yucheng/Desktop/legged_nav_rl/install/unitree_go/share/unitree_go/msg/AudioData.msg
[1.053s] -- Up-to-date: /home/tang-yucheng/Desktop/legged_nav_rl/install/unitree_go/share/unitree_go/msg/BmsCmd.msg
[1.053s] -- Up-to-date: /home/tang-yucheng/Desktop/legged_nav_rl/install/unitree_go/share/unitree_go/msg/BmsState.msg
[1.053s] -- Up-to-date: /home/tang-yucheng/Desktop/legged_nav_rl/install/unitree_go/share/unitree_go/msg/Error.msg
[1.053s] -- Up-to-date: /home/tang-yucheng/Desktop/legged_nav_rl/install/unitree_go/share/unitree_go/msg/Go2FrontVideoData.msg
[1.053s] -- Up-to-date: /home/tang-yucheng/Desktop/legged_nav_rl/install/unitree_go/share/unitree_go/msg/HeightMap.msg
[1.053s] -- Up-to-date: /home/tang-yucheng/Desktop/legged_nav_rl/install/unitree_go/share/unitree_go/msg/IMUState.msg
[1.053s] -- Up-to-date: /home/tang-yucheng/Desktop/legged_nav_rl/install/unitree_go/share/unitree_go/msg/InterfaceConfig.msg
[1.053s] -- Up-to-date: /home/tang-yucheng/Desktop/legged_nav_rl/install/unitree_go/share/unitree_go/msg/LidarState.msg
[1.053s] -- Up-to-date: /home/tang-yucheng/Desktop/legged_nav_rl/install/unitree_go/share/unitree_go/msg/LowCmd.msg
[1.053s] -- Up-to-date: /home/tang-yucheng/Desktop/legged_nav_rl/install/unitree_go/share/unitree_go/msg/LowState.msg
[1.053s] -- Up-to-date: /home/tang-yucheng/Desktop/legged_nav_rl/install/unitree_go/share/unitree_go/msg/MotorCmd.msg
[1.053s] -- Up-to-date: /home/tang-yucheng/Desktop/legged_nav_rl/install/unitree_go/share/unitree_go/msg/MotorCmds.msg
[1.053s] -- Up-to-date: /home/tang-yucheng/Desktop/legged_nav_rl/install/unitree_go/share/unitree_go/msg/MotorState.msg
[1.054s] -- Up-to-date: /home/tang-yucheng/Desktop/legged_nav_rl/install/unitree_go/share/unitree_go/msg/MotorStates.msg
[1.054s] -- Up-to-date: /home/tang-yucheng/Desktop/legged_nav_rl/install/unitree_go/share/unitree_go/msg/PathPoint.msg
[1.054s] -- Up-to-date: /home/tang-yucheng/Desktop/legged_nav_rl/install/unitree_go/share/unitree_go/msg/Req.msg
[1.054s] -- Up-to-date: /home/tang-yucheng/Desktop/legged_nav_rl/install/unitree_go/share/unitree_go/msg/Res.msg
[1.054s] -- Up-to-date: /home/tang-yucheng/Desktop/legged_nav_rl/install/unitree_go/share/unitree_go/msg/SportModeCmd.msg
[1.054s] -- Up-to-date: /home/tang-yucheng/Desktop/legged_nav_rl/install/unitree_go/share/unitree_go/msg/SportModeState.msg
[1.054s] -- Up-to-date: /home/tang-yucheng/Desktop/legged_nav_rl/install/unitree_go/share/unitree_go/msg/TimeSpec.msg
[1.054s] -- Up-to-date: /home/tang-yucheng/Desktop/legged_nav_rl/install/unitree_go/share/unitree_go/msg/UwbState.msg
[1.054s] -- Up-to-date: /home/tang-yucheng/Desktop/legged_nav_rl/install/unitree_go/share/unitree_go/msg/UwbSwitch.msg
[1.054s] -- Up-to-date: /home/tang-yucheng/Desktop/legged_nav_rl/install/unitree_go/share/unitree_go/msg/WirelessController.msg
[1.054s] -- Up-to-date: /home/tang-yucheng/Desktop/legged_nav_rl/install/unitree_go/share/unitree_go/msg/dds_connext
[1.054s] -- Up-to-date: /home/tang-yucheng/Desktop/legged_nav_rl/install/unitree_go/share/unitree_go/msg/dds_connext/BmsCmd_.idl
[1.054s] -- Up-to-date: /home/tang-yucheng/Desktop/legged_nav_rl/install/unitree_go/share/unitree_go/msg/dds_connext/WirelessController_.idl
[1.054s] -- Up-to-date: /home/tang-yucheng/Desktop/legged_nav_rl/install/unitree_go/share/unitree_go/msg/dds_connext/MotorCmds_.idl
[1.054s] -- Up-to-date: /home/tang-yucheng/Desktop/legged_nav_rl/install/unitree_go/share/unitree_go/msg/dds_connext/HeightMap_.idl
[1.054s] -- Up-to-date: /home/tang-yucheng/Desktop/legged_nav_rl/install/unitree_go/share/unitree_go/msg/dds_connext/LidarState_.idl
[1.054s] -- Up-to-date: /home/tang-yucheng/Desktop/legged_nav_rl/install/unitree_go/share/unitree_go/msg/dds_connext/Error_.idl
[1.054s] -- Up-to-date: /home/tang-yucheng/Desktop/legged_nav_rl/install/unitree_go/share/unitree_go/msg/dds_connext/MotorState_.idl
[1.054s] -- Up-to-date: /home/tang-yucheng/Desktop/legged_nav_rl/install/unitree_go/share/unitree_go/msg/dds_connext/MotorCmd_.idl
[1.054s] -- Up-to-date: /home/tang-yucheng/Desktop/legged_nav_rl/install/unitree_go/share/unitree_go/msg/dds_connext/UwbState_.idl
[1.054s] -- Up-to-date: /home/tang-yucheng/Desktop/legged_nav_rl/install/unitree_go/share/unitree_go/msg/dds_connext/TimeSpec_.idl
[1.054s] -- Up-to-date: /home/tang-yucheng/Desktop/legged_nav_rl/install/unitree_go/share/unitree_go/msg/dds_connext/LowCmd_.idl
[1.054s] -- Up-to-date: /home/tang-yucheng/Desktop/legged_nav_rl/install/unitree_go/share/unitree_go/msg/dds_connext/LowState_.idl
[1.054s] -- Up-to-date: /home/tang-yucheng/Desktop/legged_nav_rl/install/unitree_go/share/unitree_go/msg/dds_connext/SportModeState_.idl
[1.054s] -- Up-to-date: /home/tang-yucheng/Desktop/legged_nav_rl/install/unitree_go/share/unitree_go/msg/dds_connext/InterfaceConfig_.idl
[1.054s] -- Up-to-date: /home/tang-yucheng/Desktop/legged_nav_rl/install/unitree_go/share/unitree_go/msg/dds_connext/Res_.idl
[1.054s] -- Up-to-date: /home/tang-yucheng/Desktop/legged_nav_rl/install/unitree_go/share/unitree_go/msg/dds_connext/Req_.idl
[1.054s] -- Up-to-date: /home/tang-yucheng/Desktop/legged_nav_rl/install/unitree_go/share/unitree_go/msg/dds_connext/BmsState_.idl
[1.054s] -- Up-to-date: /home/tang-yucheng/Desktop/legged_nav_rl/install/unitree_go/share/unitree_go/msg/dds_connext/PathPoint_.idl
[1.054s] -- Up-to-date: /home/tang-yucheng/Desktop/legged_nav_rl/install/unitree_go/share/unitree_go/msg/dds_connext/MotorStates_.idl
[1.055s] -- Up-to-date: /home/tang-yucheng/Desktop/legged_nav_rl/install/unitree_go/share/unitree_go/msg/dds_connext/AudioData_.idl
[1.055s] -- Up-to-date: /home/tang-yucheng/Desktop/legged_nav_rl/install/unitree_go/share/unitree_go/msg/dds_connext/Go2FrontVideoData_.idl
[1.055s] -- Up-to-date: /home/tang-yucheng/Desktop/legged_nav_rl/install/unitree_go/share/unitree_go/msg/dds_connext/UwbSwitch_.idl
[1.055s] -- Up-to-date: /home/tang-yucheng/Desktop/legged_nav_rl/install/unitree_go/share/unitree_go/msg/dds_connext/SportModeCmd_.idl
[1.055s] -- Up-to-date: /home/tang-yucheng/Desktop/legged_nav_rl/install/unitree_go/share/unitree_go/msg/dds_connext/IMUState_.idl
[1.055s] -- Up-to-date: /home/tang-yucheng/Desktop/legged_nav_rl/install/unitree_go/share/ament_index/resource_index/package_run_dependencies/unitree_go
[1.055s] -- Up-to-date: /home/tang-yucheng/Desktop/legged_nav_rl/install/unitree_go/share/ament_index/resource_index/parent_prefix_path/unitree_go
[1.055s] -- Up-to-date: /home/tang-yucheng/Desktop/legged_nav_rl/install/unitree_go/share/unitree_go/environment/ament_prefix_path.sh
[1.055s] -- Up-to-date: /home/tang-yucheng/Desktop/legged_nav_rl/install/unitree_go/share/unitree_go/environment/ament_prefix_path.dsv
[1.055s] -- Up-to-date: /home/tang-yucheng/Desktop/legged_nav_rl/install/unitree_go/share/unitree_go/environment/path.sh
[1.055s] -- Up-to-date: /home/tang-yucheng/Desktop/legged_nav_rl/install/unitree_go/share/unitree_go/environment/path.dsv
[1.055s] -- Up-to-date: /home/tang-yucheng/Desktop/legged_nav_rl/install/unitree_go/share/unitree_go/local_setup.bash
[1.055s] -- Up-to-date: /home/tang-yucheng/Desktop/legged_nav_rl/install/unitree_go/share/unitree_go/local_setup.sh
[1.055s] -- Up-to-date: /home/tang-yucheng/Desktop/legged_nav_rl/install/unitree_go/share/unitree_go/local_setup.zsh
[1.055s] -- Up-to-date: /home/tang-yucheng/Desktop/legged_nav_rl/install/unitree_go/share/unitree_go/local_setup.dsv
[1.055s] -- Installing: /home/tang-yucheng/Desktop/legged_nav_rl/install/unitree_go/share/unitree_go/package.dsv
[1.055s] -- Up-to-date: /home/tang-yucheng/Desktop/legged_nav_rl/install/unitree_go/share/ament_index/resource_index/packages/unitree_go
[1.055s] -- Up-to-date: /home/tang-yucheng/Desktop/legged_nav_rl/install/unitree_go/share/unitree_go/cmake/export_unitree_go__rosidl_generator_cExport.cmake
[1.055s] -- Up-to-date: /home/tang-yucheng/Desktop/legged_nav_rl/install/unitree_go/share/unitree_go/cmake/export_unitree_go__rosidl_generator_cExport-noconfig.cmake
[1.055s] -- Up-to-date: /home/tang-yucheng/Desktop/legged_nav_rl/install/unitree_go/share/unitree_go/cmake/export_unitree_go__rosidl_typesupport_fastrtps_cExport.cmake
[1.055s] -- Up-to-date: /home/tang-yucheng/Desktop/legged_nav_rl/install/unitree_go/share/unitree_go/cmake/export_unitree_go__rosidl_typesupport_fastrtps_cExport-noconfig.cmake
[1.055s] -- Up-to-date: /home/tang-yucheng/Desktop/legged_nav_rl/install/unitree_go/share/unitree_go/cmake/export_unitree_go__rosidl_generator_cppExport.cmake
[1.055s] -- Up-to-date: /home/tang-yucheng/Desktop/legged_nav_rl/install/unitree_go/share/unitree_go/cmake/export_unitree_go__rosidl_typesupport_fastrtps_cppExport.cmake
[1.055s] -- Up-to-date: /home/tang-yucheng/Desktop/legged_nav_rl/install/unitree_go/share/unitree_go/cmake/export_unitree_go__rosidl_typesupport_fastrtps_cppExport-noconfig.cmake
[1.055s] -- Up-to-date: /home/tang-yucheng/Desktop/legged_nav_rl/install/unitree_go/share/unitree_go/cmake/unitree_go__rosidl_typesupport_introspection_cExport.cmake
[1.055s] -- Up-to-date: /home/tang-yucheng/Desktop/legged_nav_rl/install/unitree_go/share/unitree_go/cmake/unitree_go__rosidl_typesupport_introspection_cExport-noconfig.cmake
[1.055s] -- Up-to-date: /home/tang-yucheng/Desktop/legged_nav_rl/install/unitree_go/share/unitree_go/cmake/unitree_go__rosidl_typesupport_cExport.cmake
[1.055s] -- Up-to-date: /home/tang-yucheng/Desktop/legged_nav_rl/install/unitree_go/share/unitree_go/cmake/unitree_go__rosidl_typesupport_cExport-noconfig.cmake
[1.055s] -- Up-to-date: /home/tang-yucheng/Desktop/legged_nav_rl/install/unitree_go/share/unitree_go/cmake/unitree_go__rosidl_typesupport_introspection_cppExport.cmake
[1.056s] -- Up-to-date: /home/tang-yucheng/Desktop/legged_nav_rl/install/unitree_go/share/unitree_go/cmake/unitree_go__rosidl_typesupport_introspection_cppExport-noconfig.cmake
[1.056s] -- Up-to-date: /home/tang-yucheng/Desktop/legged_nav_rl/install/unitree_go/share/unitree_go/cmake/unitree_go__rosidl_typesupport_cppExport.cmake
[1.056s] -- Up-to-date: /home/tang-yucheng/Desktop/legged_nav_rl/install/unitree_go/share/unitree_go/cmake/unitree_go__rosidl_typesupport_cppExport-noconfig.cmake
[1.056s] -- Up-to-date: /home/tang-yucheng/Desktop/legged_nav_rl/install/unitree_go/share/unitree_go/cmake/export_unitree_go__rosidl_generator_pyExport.cmake
[1.056s] -- Up-to-date: /home/tang-yucheng/Desktop/legged_nav_rl/install/unitree_go/share/unitree_go/cmake/export_unitree_go__rosidl_generator_pyExport-noconfig.cmake
[1.056s] -- Up-to-date: /home/tang-yucheng/Desktop/legged_nav_rl/install/unitree_go/share/unitree_go/cmake/rosidl_cmake-extras.cmake
[1.056s] -- Up-to-date: /home/tang-yucheng/Desktop/legged_nav_rl/install/unitree_go/share/unitree_go/cmake/ament_cmake_export_dependencies-extras.cmake
[1.056s] -- Up-to-date: /home/tang-yucheng/Desktop/legged_nav_rl/install/unitree_go/share/unitree_go/cmake/ament_cmake_export_include_directories-extras.cmake
[1.056s] -- Up-to-date: /home/tang-yucheng/Desktop/legged_nav_rl/install/unitree_go/share/unitree_go/cmake/ament_cmake_export_libraries-extras.cmake
[1.056s] -- Up-to-date: /home/tang-yucheng/Desktop/legged_nav_rl/install/unitree_go/share/unitree_go/cmake/ament_cmake_export_targets-extras.cmake
[1.056s] -- Up-to-date: /home/tang-yucheng/Desktop/legged_nav_rl/install/unitree_go/share/unitree_go/cmake/rosidl_cmake_export_typesupport_targets-extras.cmake
[1.056s] -- Up-to-date: /home/tang-yucheng/Desktop/legged_nav_rl/install/unitree_go/share/unitree_go/cmake/rosidl_cmake_export_typesupport_libraries-extras.cmake
[1.056s] -- Up-to-date: /home/tang-yucheng/Desktop/legged_nav_rl/install/unitree_go/share/unitree_go/cmake/unitree_goConfig.cmake
[1.056s] -- Up-to-date: /home/tang-yucheng/Desktop/legged_nav_rl/install/unitree_go/share/unitree_go/cmake/unitree_goConfig-version.cmake
[1.056s] -- Up-to-date: /home/tang-yucheng/Desktop/legged_nav_rl/install/unitree_go/share/unitree_go/package.xml
[1.058s] Invoked command in '/home/tang-yucheng/Desktop/legged_nav_rl/build/unitree_go' returned '0': CMAKE_PREFIX_PATH=${CMAKE_PREFIX_PATH}:/opt/ros/humble /usr/bin/cmake --install /home/tang-yucheng/Desktop/legged_nav_rl/build/unitree_go
