[0.020s] Invoking command in '/home/tang-yucheng/Desktop/legged_nav_rl/build/unitree_api': CMAKE_PREFIX_PATH=${CMAKE_PREFIX_PATH}:/opt/ros/humble /usr/bin/cmake /home/tang-yucheng/Desktop/legged_nav_rl/src/unitree_ros2/cyclonedds_ws/src/unitree/unitree_api -DCMAKE_INSTALL_PREFIX=/home/tang-yucheng/Desktop/legged_nav_rl/install/unitree_api
[0.066s] -- The C compiler identification is GNU 11.4.0
[0.120s] -- The CXX compiler identification is GNU 11.4.0
[0.126s] -- Detecting C compiler ABI info
[0.182s] -- Detecting C compiler ABI info - done
[0.189s] -- Check for working C compiler: /usr/bin/cc - skipped
[0.189s] -- Detecting C compile features
[0.189s] -- Detecting C compile features - done
[0.191s] -- Detecting CXX compiler ABI info
[0.257s] -- Detecting CXX compiler ABI info - done
[0.264s] -- Check for working CXX compiler: /usr/bin/c++ - skipped
[0.264s] -- Detecting CXX compile features
[0.265s] -- Detecting CXX compile features - done
[0.266s] -- Found ament_cmake: 1.3.9 (/opt/ros/humble/share/ament_cmake/cmake)
[0.387s] -- Found Python3: /usr/bin/python3 (found version "3.10.12") found components: Interpreter 
[0.476s] -- Found geometry_msgs: 4.2.4 (/opt/ros/humble/share/geometry_msgs/cmake)
[0.516s] -- Found rosidl_generator_c: 3.1.5 (/opt/ros/humble/share/rosidl_generator_c/cmake)
[0.524s] -- Found rosidl_adapter: 3.1.5 (/opt/ros/humble/share/rosidl_adapter/cmake)
[0.533s] -- Found rosidl_generator_cpp: 3.1.5 (/opt/ros/humble/share/rosidl_generator_cpp/cmake)
[0.547s] -- Using all available rosidl_typesupport_c: rosidl_typesupport_fastrtps_c;rosidl_typesupport_introspection_c
[0.577s] -- Using all available rosidl_typesupport_cpp: rosidl_typesupport_fastrtps_cpp;rosidl_typesupport_introspection_cpp
[0.725s] -- Found rosidl_default_generators: 1.2.0 (/opt/ros/humble/share/rosidl_default_generators/cmake)
[0.738s] -- Found rosidl_generator_dds_idl: 0.8.1 (/opt/ros/humble/share/rosidl_generator_dds_idl/cmake)
[0.983s] -- Found ament_cmake_ros: 0.10.0 (/opt/ros/humble/share/ament_cmake_ros/cmake)
[1.427s] -- Using all available rosidl_typesupport_c: rosidl_typesupport_fastrtps_c;rosidl_typesupport_introspection_c
[1.585s] -- Using all available rosidl_typesupport_cpp: rosidl_typesupport_fastrtps_cpp;rosidl_typesupport_introspection_cpp
[1.613s] -- Found PythonInterp: /usr/bin/python3 (found suitable version "3.10.12", minimum required is "3.6") 
[1.618s] -- Found python_cmake_module: 0.10.0 (/opt/ros/humble/share/python_cmake_module/cmake)
[1.642s] -- Found PythonLibs: /usr/lib/x86_64-linux-gnu/libpython3.10.so (found suitable version "3.10.12", minimum required is "3.5") 
[1.642s] -- Using PYTHON_EXECUTABLE: /usr/bin/python3
[1.642s] -- Using PYTHON_INCLUDE_DIRS: /usr/include/python3.10
[1.642s] -- Using PYTHON_LIBRARIES: /usr/lib/x86_64-linux-gnu/libpython3.10.so
[1.663s] -- Found PythonExtra: .so  
[1.748s] -- Found ament_lint_auto: 0.12.11 (/opt/ros/humble/share/ament_lint_auto/cmake)
[1.797s] -- Added test 'copyright' to check source files copyright and LICENSE
[1.800s] -- Added test 'lint_cmake' to check CMake code style
[1.802s] -- Added test 'xmllint' to check XML markup files
[1.806s] -- Configuring done
[1.867s] -- Generating done
[1.872s] -- Build files have been written to: /home/tang-yucheng/Desktop/legged_nav_rl/build/unitree_api
[1.882s] Invoked command in '/home/tang-yucheng/Desktop/legged_nav_rl/build/unitree_api' returned '0': CMAKE_PREFIX_PATH=${CMAKE_PREFIX_PATH}:/opt/ros/humble /usr/bin/cmake /home/tang-yucheng/Desktop/legged_nav_rl/src/unitree_ros2/cyclonedds_ws/src/unitree/unitree_api -DCMAKE_INSTALL_PREFIX=/home/tang-yucheng/Desktop/legged_nav_rl/install/unitree_api
[1.884s] Invoking command in '/home/tang-yucheng/Desktop/legged_nav_rl/build/unitree_api': CMAKE_PREFIX_PATH=${CMAKE_PREFIX_PATH}:/opt/ros/humble /usr/bin/cmake --build /home/tang-yucheng/Desktop/legged_nav_rl/build/unitree_api -- -j20 -l20
[1.944s] [  1%] [34m[1mGenerating C code for ROS interfaces[0m
[1.954s] [  2%] [34m[1mGenerating DDS interfaces[0m
[1.959s] [  3%] [34m[1mGenerating C++ code for ROS interfaces[0m
[1.975s] [  3%] Built target ament_cmake_python_copy_unitree_api
[2.208s] running egg_info
[2.209s] creating unitree_api.egg-info
[2.209s] writing unitree_api.egg-info/PKG-INFO
[2.209s] writing dependency_links to unitree_api.egg-info/dependency_links.txt
[2.209s] writing top-level names to unitree_api.egg-info/top_level.txt
[2.210s] writing manifest file 'unitree_api.egg-info/SOURCES.txt'
[2.212s] reading manifest file 'unitree_api.egg-info/SOURCES.txt'
[2.212s] writing manifest file 'unitree_api.egg-info/SOURCES.txt'
[2.238s] [  3%] Built target ament_cmake_python_build_unitree_api_egg
[2.315s] [  3%] Built target unitree_api__dds_connext_idl
[2.543s] [  3%] Built target unitree_api__cpp
[2.556s] [  4%] [34m[1mGenerating C++ type support dispatch for ROS interfaces[0m
[2.558s] [  5%] [34m[1mGenerating C++ type support for eProsima Fast-RTPS[0m
[2.560s] [  6%] [34m[1mGenerating C++ introspection for ROS interfaces[0m
[2.579s] [  7%] [32mBuilding C object CMakeFiles/unitree_api__rosidl_generator_c.dir/rosidl_generator_c/unitree_api/msg/detail/response_header__functions.c.o[0m
[2.579s] [  9%] [32mBuilding C object CMakeFiles/unitree_api__rosidl_generator_c.dir/rosidl_generator_c/unitree_api/msg/detail/request_policy__functions.c.o[0m
[2.579s] [ 10%] [32mBuilding C object CMakeFiles/unitree_api__rosidl_generator_c.dir/rosidl_generator_c/unitree_api/msg/detail/response__functions.c.o[0m
[2.579s] [ 11%] [32mBuilding C object CMakeFiles/unitree_api__rosidl_generator_c.dir/rosidl_generator_c/unitree_api/msg/detail/request_header__functions.c.o[0m
[2.579s] [ 12%] [32mBuilding C object CMakeFiles/unitree_api__rosidl_generator_c.dir/rosidl_generator_c/unitree_api/msg/detail/request_lease__functions.c.o[0m
[2.580s] [ 13%] [32mBuilding C object CMakeFiles/unitree_api__rosidl_generator_c.dir/rosidl_generator_c/unitree_api/msg/detail/request_identity__functions.c.o[0m
[2.580s] [ 14%] [32mBuilding C object CMakeFiles/unitree_api__rosidl_generator_c.dir/rosidl_generator_c/unitree_api/msg/detail/request__functions.c.o[0m
[2.584s] [ 15%] [32mBuilding C object CMakeFiles/unitree_api__rosidl_generator_c.dir/rosidl_generator_c/unitree_api/msg/detail/response_status__functions.c.o[0m
[2.692s] [ 17%] [32m[1mLinking C shared library libunitree_api__rosidl_generator_c.so[0m
[2.763s] [ 17%] Built target unitree_api__rosidl_generator_c
[2.783s] [ 18%] [34m[1mGenerating C type support dispatch for ROS interfaces[0m
[2.788s] [ 19%] [34m[1mGenerating C introspection for ROS interfaces[0m
[2.797s] [ 20%] [34m[1mGenerating C type support for eProsima Fast-RTPS[0m
[3.153s] [ 21%] [32mBuilding CXX object CMakeFiles/unitree_api__rosidl_typesupport_cpp.dir/rosidl_typesupport_cpp/unitree_api/msg/request_header__type_support.cpp.o[0m
[3.155s] [ 22%] [32mBuilding CXX object CMakeFiles/unitree_api__rosidl_typesupport_cpp.dir/rosidl_typesupport_cpp/unitree_api/msg/request__type_support.cpp.o[0m
[3.157s] [ 23%] [32mBuilding CXX object CMakeFiles/unitree_api__rosidl_typesupport_cpp.dir/rosidl_typesupport_cpp/unitree_api/msg/request_identity__type_support.cpp.o[0m
[3.157s] [ 25%] [32mBuilding CXX object CMakeFiles/unitree_api__rosidl_typesupport_cpp.dir/rosidl_typesupport_cpp/unitree_api/msg/request_lease__type_support.cpp.o[0m
[3.157s] [ 26%] [32mBuilding CXX object CMakeFiles/unitree_api__rosidl_typesupport_cpp.dir/rosidl_typesupport_cpp/unitree_api/msg/request_policy__type_support.cpp.o[0m
[3.160s] [ 27%] [32mBuilding CXX object CMakeFiles/unitree_api__rosidl_typesupport_cpp.dir/rosidl_typesupport_cpp/unitree_api/msg/response_status__type_support.cpp.o[0m
[3.164s] [ 28%] [32mBuilding CXX object CMakeFiles/unitree_api__rosidl_typesupport_cpp.dir/rosidl_typesupport_cpp/unitree_api/msg/response__type_support.cpp.o[0m
[3.172s] [ 29%] [32mBuilding CXX object CMakeFiles/unitree_api__rosidl_typesupport_cpp.dir/rosidl_typesupport_cpp/unitree_api/msg/response_header__type_support.cpp.o[0m
[3.252s] [ 30%] [32mBuilding CXX object CMakeFiles/unitree_api__rosidl_typesupport_introspection_cpp.dir/rosidl_typesupport_introspection_cpp/unitree_api/msg/detail/request__type_support.cpp.o[0m
[3.253s] [ 31%] [32mBuilding CXX object CMakeFiles/unitree_api__rosidl_typesupport_introspection_cpp.dir/rosidl_typesupport_introspection_cpp/unitree_api/msg/detail/request_header__type_support.cpp.o[0m
[3.265s] [ 34%] [32mBuilding CXX object CMakeFiles/unitree_api__rosidl_typesupport_introspection_cpp.dir/rosidl_typesupport_introspection_cpp/unitree_api/msg/detail/request_identity__type_support.cpp.o[0m
[3.265s] [ 34%] [32mBuilding CXX object CMakeFiles/unitree_api__rosidl_typesupport_introspection_cpp.dir/rosidl_typesupport_introspection_cpp/unitree_api/msg/detail/request_lease__type_support.cpp.o[0m
[3.275s] [ 35%] [32mBuilding CXX object CMakeFiles/unitree_api__rosidl_typesupport_introspection_cpp.dir/rosidl_typesupport_introspection_cpp/unitree_api/msg/detail/request_policy__type_support.cpp.o[0m
[3.279s] [ 36%] [32mBuilding CXX object CMakeFiles/unitree_api__rosidl_typesupport_introspection_cpp.dir/rosidl_typesupport_introspection_cpp/unitree_api/msg/detail/response__type_support.cpp.o[0m
[3.294s] [ 37%] [32mBuilding CXX object CMakeFiles/unitree_api__rosidl_typesupport_introspection_cpp.dir/rosidl_typesupport_introspection_cpp/unitree_api/msg/detail/response_status__type_support.cpp.o[0m
[3.295s] [ 38%] [32mBuilding CXX object CMakeFiles/unitree_api__rosidl_typesupport_introspection_cpp.dir/rosidl_typesupport_introspection_cpp/unitree_api/msg/detail/response_header__type_support.cpp.o[0m
[3.565s] [ 39%] [32mBuilding CXX object CMakeFiles/unitree_api__rosidl_typesupport_fastrtps_cpp.dir/rosidl_typesupport_fastrtps_cpp/unitree_api/msg/detail/dds_fastrtps/request__type_support.cpp.o[0m
[3.612s] [ 40%] [32mBuilding CXX object CMakeFiles/unitree_api__rosidl_typesupport_fastrtps_cpp.dir/rosidl_typesupport_fastrtps_cpp/unitree_api/msg/detail/dds_fastrtps/request_header__type_support.cpp.o[0m
[3.634s] [ 42%] [32mBuilding CXX object CMakeFiles/unitree_api__rosidl_typesupport_c.dir/rosidl_typesupport_c/unitree_api/msg/request__type_support.cpp.o[0m
[3.713s] [ 43%] [32mBuilding CXX object CMakeFiles/unitree_api__rosidl_typesupport_c.dir/rosidl_typesupport_c/unitree_api/msg/request_header__type_support.cpp.o[0m
[3.747s] [ 44%] [32mBuilding CXX object CMakeFiles/unitree_api__rosidl_typesupport_fastrtps_cpp.dir/rosidl_typesupport_fastrtps_cpp/unitree_api/msg/detail/dds_fastrtps/request_identity__type_support.cpp.o[0m
[3.767s] [ 45%] [32mBuilding CXX object CMakeFiles/unitree_api__rosidl_typesupport_c.dir/rosidl_typesupport_c/unitree_api/msg/request_identity__type_support.cpp.o[0m
[3.774s] [ 46%] [32mBuilding CXX object CMakeFiles/unitree_api__rosidl_typesupport_fastrtps_cpp.dir/rosidl_typesupport_fastrtps_cpp/unitree_api/msg/detail/dds_fastrtps/request_lease__type_support.cpp.o[0m
[3.800s] [ 47%] [32mBuilding CXX object CMakeFiles/unitree_api__rosidl_typesupport_fastrtps_cpp.dir/rosidl_typesupport_fastrtps_cpp/unitree_api/msg/detail/dds_fastrtps/request_policy__type_support.cpp.o[0m
[3.810s] [ 48%] [32mBuilding CXX object CMakeFiles/unitree_api__rosidl_typesupport_fastrtps_cpp.dir/rosidl_typesupport_fastrtps_cpp/unitree_api/msg/detail/dds_fastrtps/response__type_support.cpp.o[0m
[3.818s] [ 50%] [32mBuilding CXX object CMakeFiles/unitree_api__rosidl_typesupport_c.dir/rosidl_typesupport_c/unitree_api/msg/request_lease__type_support.cpp.o[0m
[3.826s] [ 51%] [32mBuilding CXX object CMakeFiles/unitree_api__rosidl_typesupport_c.dir/rosidl_typesupport_c/unitree_api/msg/request_policy__type_support.cpp.o[0m
[3.832s] [ 52%] [32mBuilding C object CMakeFiles/unitree_api__rosidl_typesupport_introspection_c.dir/rosidl_typesupport_introspection_c/unitree_api/msg/detail/request__type_support.c.o[0m
[3.850s] [ 53%] [32mBuilding CXX object CMakeFiles/unitree_api__rosidl_typesupport_fastrtps_cpp.dir/rosidl_typesupport_fastrtps_cpp/unitree_api/msg/detail/dds_fastrtps/response_header__type_support.cpp.o[0m
[3.895s] [ 54%] [32m[1mLinking CXX shared library libunitree_api__rosidl_typesupport_cpp.so[0m
[3.895s] [ 55%] [32mBuilding CXX object CMakeFiles/unitree_api__rosidl_typesupport_c.dir/rosidl_typesupport_c/unitree_api/msg/response__type_support.cpp.o[0m
[3.906s] [ 56%] [32mBuilding CXX object CMakeFiles/unitree_api__rosidl_typesupport_fastrtps_cpp.dir/rosidl_typesupport_fastrtps_cpp/unitree_api/msg/detail/dds_fastrtps/response_status__type_support.cpp.o[0m
[3.918s] [ 57%] [32mBuilding CXX object CMakeFiles/unitree_api__rosidl_typesupport_fastrtps_c.dir/rosidl_typesupport_fastrtps_c/unitree_api/msg/detail/request__type_support_c.cpp.o[0m
[3.927s] [ 59%] [32mBuilding C object CMakeFiles/unitree_api__rosidl_typesupport_introspection_c.dir/rosidl_typesupport_introspection_c/unitree_api/msg/detail/request_header__type_support.c.o[0m
[3.934s] [ 60%] [32mBuilding CXX object CMakeFiles/unitree_api__rosidl_typesupport_fastrtps_c.dir/rosidl_typesupport_fastrtps_c/unitree_api/msg/detail/request_header__type_support_c.cpp.o[0m
[3.995s] [ 61%] [32mBuilding C object CMakeFiles/unitree_api__rosidl_typesupport_introspection_c.dir/rosidl_typesupport_introspection_c/unitree_api/msg/detail/request_identity__type_support.c.o[0m
[3.996s] [ 62%] [32mBuilding CXX object CMakeFiles/unitree_api__rosidl_typesupport_c.dir/rosidl_typesupport_c/unitree_api/msg/response_header__type_support.cpp.o[0m
[4.025s] [ 63%] [32mBuilding CXX object CMakeFiles/unitree_api__rosidl_typesupport_fastrtps_c.dir/rosidl_typesupport_fastrtps_c/unitree_api/msg/detail/request_identity__type_support_c.cpp.o[0m
[4.056s] [ 63%] Built target unitree_api__rosidl_typesupport_cpp
[4.085s] [ 64%] [32mBuilding CXX object CMakeFiles/unitree_api__rosidl_typesupport_fastrtps_c.dir/rosidl_typesupport_fastrtps_c/unitree_api/msg/detail/request_lease__type_support_c.cpp.o[0m
[4.090s] [ 65%] [32mBuilding CXX object CMakeFiles/unitree_api__rosidl_typesupport_c.dir/rosidl_typesupport_c/unitree_api/msg/response_status__type_support.cpp.o[0m
[4.091s] [ 67%] [32mBuilding C object CMakeFiles/unitree_api__rosidl_typesupport_introspection_c.dir/rosidl_typesupport_introspection_c/unitree_api/msg/detail/request_lease__type_support.c.o[0m
[4.110s] [ 68%] [32mBuilding CXX object CMakeFiles/unitree_api__rosidl_typesupport_fastrtps_c.dir/rosidl_typesupport_fastrtps_c/unitree_api/msg/detail/request_policy__type_support_c.cpp.o[0m
[4.210s] [ 69%] [32m[1mLinking CXX shared library libunitree_api__rosidl_typesupport_c.so[0m
[4.214s] [ 70%] [32mBuilding C object CMakeFiles/unitree_api__rosidl_typesupport_introspection_c.dir/rosidl_typesupport_introspection_c/unitree_api/msg/detail/request_policy__type_support.c.o[0m
[4.342s] [ 71%] [32mBuilding C object CMakeFiles/unitree_api__rosidl_typesupport_introspection_c.dir/rosidl_typesupport_introspection_c/unitree_api/msg/detail/response__type_support.c.o[0m
[4.388s] [ 71%] Built target unitree_api__rosidl_typesupport_c
[4.419s] [ 72%] [32mBuilding CXX object CMakeFiles/unitree_api__rosidl_typesupport_fastrtps_c.dir/rosidl_typesupport_fastrtps_c/unitree_api/msg/detail/response__type_support_c.cpp.o[0m
[4.517s] [ 73%] [32mBuilding C object CMakeFiles/unitree_api__rosidl_typesupport_introspection_c.dir/rosidl_typesupport_introspection_c/unitree_api/msg/detail/response_header__type_support.c.o[0m
[4.527s] [ 75%] [32mBuilding C object CMakeFiles/unitree_api__rosidl_typesupport_introspection_c.dir/rosidl_typesupport_introspection_c/unitree_api/msg/detail/response_status__type_support.c.o[0m
[4.588s] [ 76%] [32mBuilding CXX object CMakeFiles/unitree_api__rosidl_typesupport_fastrtps_c.dir/rosidl_typesupport_fastrtps_c/unitree_api/msg/detail/response_header__type_support_c.cpp.o[0m
[4.592s] [ 77%] [32mBuilding CXX object CMakeFiles/unitree_api__rosidl_typesupport_fastrtps_c.dir/rosidl_typesupport_fastrtps_c/unitree_api/msg/detail/response_status__type_support_c.cpp.o[0m
[4.648s] [ 78%] [32m[1mLinking CXX shared library libunitree_api__rosidl_typesupport_introspection_cpp.so[0m
[4.679s] [ 79%] [32m[1mLinking C shared library libunitree_api__rosidl_typesupport_introspection_c.so[0m
[4.838s] [ 79%] Built target unitree_api__rosidl_typesupport_introspection_c
[5.019s] [ 79%] Built target unitree_api__rosidl_typesupport_introspection_cpp
[5.517s] [ 80%] [32m[1mLinking CXX shared library libunitree_api__rosidl_typesupport_fastrtps_cpp.so[0m
[5.760s] [ 81%] [32m[1mLinking CXX shared library libunitree_api__rosidl_typesupport_fastrtps_c.so[0m
[5.766s] [ 81%] Built target unitree_api__rosidl_typesupport_fastrtps_cpp
[6.008s] [ 81%] Built target unitree_api__rosidl_typesupport_fastrtps_c
[6.064s] [ 81%] Built target unitree_api
[6.127s] [ 82%] [34m[1mGenerating Python code for ROS interfaces[0m
[7.614s] [ 82%] Built target unitree_api__py
[7.678s] [ 84%] [32mBuilding C object CMakeFiles/unitree_api__rosidl_generator_py.dir/rosidl_generator_py/unitree_api/msg/_request_identity_s.c.o[0m
[7.678s] [ 85%] [32mBuilding C object CMakeFiles/unitree_api__rosidl_generator_py.dir/rosidl_generator_py/unitree_api/msg/_request_s.c.o[0m
[7.678s] [ 86%] [32mBuilding C object CMakeFiles/unitree_api__rosidl_generator_py.dir/rosidl_generator_py/unitree_api/msg/_request_policy_s.c.o[0m
[7.678s] [ 87%] [32mBuilding C object CMakeFiles/unitree_api__rosidl_generator_py.dir/rosidl_generator_py/unitree_api/msg/_request_header_s.c.o[0m
[7.678s] [ 88%] [32mBuilding C object CMakeFiles/unitree_api__rosidl_generator_py.dir/rosidl_generator_py/unitree_api/msg/_request_lease_s.c.o[0m
[7.680s] [ 89%] [32mBuilding C object CMakeFiles/unitree_api__rosidl_generator_py.dir/rosidl_generator_py/unitree_api/msg/_response_header_s.c.o[0m
[7.691s] [ 92%] [32mBuilding C object CMakeFiles/unitree_api__rosidl_generator_py.dir/rosidl_generator_py/unitree_api/msg/_response_s.c.o[0m
[7.694s] [ 92%] [32mBuilding C object CMakeFiles/unitree_api__rosidl_generator_py.dir/rosidl_generator_py/unitree_api/msg/_response_status_s.c.o[0m
[7.999s] [ 93%] [32m[1mLinking C shared library rosidl_generator_py/unitree_api/libunitree_api__rosidl_generator_py.so[0m
[8.100s] [ 93%] Built target unitree_api__rosidl_generator_py
[8.128s] [ 94%] [32mBuilding C object CMakeFiles/unitree_api__rosidl_typesupport_fastrtps_c__pyext.dir/rosidl_generator_py/unitree_api/_unitree_api_s.ep.rosidl_typesupport_fastrtps_c.c.o[0m
[8.158s] [ 95%] [32mBuilding C object CMakeFiles/unitree_api__rosidl_typesupport_c__pyext.dir/rosidl_generator_py/unitree_api/_unitree_api_s.ep.rosidl_typesupport_c.c.o[0m
[8.162s] [ 96%] [32mBuilding C object CMakeFiles/unitree_api__rosidl_typesupport_introspection_c__pyext.dir/rosidl_generator_py/unitree_api/_unitree_api_s.ep.rosidl_typesupport_introspection_c.c.o[0m
[8.330s] [ 97%] [32m[1mLinking C shared library rosidl_generator_py/unitree_api/unitree_api_s__rosidl_typesupport_fastrtps_c.cpython-310-x86_64-linux-gnu.so[0m
[8.363s] [ 98%] [32m[1mLinking C shared library rosidl_generator_py/unitree_api/unitree_api_s__rosidl_typesupport_c.cpython-310-x86_64-linux-gnu.so[0m
[8.376s] [100%] [32m[1mLinking C shared library rosidl_generator_py/unitree_api/unitree_api_s__rosidl_typesupport_introspection_c.cpython-310-x86_64-linux-gnu.so[0m
[8.430s] [100%] Built target unitree_api__rosidl_typesupport_fastrtps_c__pyext
[8.447s] [100%] Built target unitree_api__rosidl_typesupport_c__pyext
[8.478s] [100%] Built target unitree_api__rosidl_typesupport_introspection_c__pyext
[8.500s] Invoked command in '/home/tang-yucheng/Desktop/legged_nav_rl/build/unitree_api' returned '0': CMAKE_PREFIX_PATH=${CMAKE_PREFIX_PATH}:/opt/ros/humble /usr/bin/cmake --build /home/tang-yucheng/Desktop/legged_nav_rl/build/unitree_api -- -j20 -l20
[9.282s] Invoking command in '/home/tang-yucheng/Desktop/legged_nav_rl/build/unitree_api': CMAKE_PREFIX_PATH=${CMAKE_PREFIX_PATH}:/opt/ros/humble /usr/bin/cmake --install /home/tang-yucheng/Desktop/legged_nav_rl/build/unitree_api
[9.316s] -- Install configuration: ""
[9.316s] -- Installing: /home/tang-yucheng/Desktop/legged_nav_rl/install/unitree_api/share/ament_index/resource_index/rosidl_interfaces/unitree_api
[9.320s] -- Installing: /home/tang-yucheng/Desktop/legged_nav_rl/install/unitree_api/include/unitree_api/unitree_api
[9.320s] -- Installing: /home/tang-yucheng/Desktop/legged_nav_rl/install/unitree_api/include/unitree_api/unitree_api/msg
[9.321s] -- Installing: /home/tang-yucheng/Desktop/legged_nav_rl/install/unitree_api/include/unitree_api/unitree_api/msg/response_header.h
[9.321s] -- Installing: /home/tang-yucheng/Desktop/legged_nav_rl/install/unitree_api/include/unitree_api/unitree_api/msg/rosidl_generator_c__visibility_control.h
[9.321s] -- Installing: /home/tang-yucheng/Desktop/legged_nav_rl/install/unitree_api/include/unitree_api/unitree_api/msg/request_identity.h
[9.321s] -- Installing: /home/tang-yucheng/Desktop/legged_nav_rl/install/unitree_api/include/unitree_api/unitree_api/msg/request_header.h
[9.322s] -- Installing: /home/tang-yucheng/Desktop/legged_nav_rl/install/unitree_api/include/unitree_api/unitree_api/msg/request.h
[9.322s] -- Installing: /home/tang-yucheng/Desktop/legged_nav_rl/install/unitree_api/include/unitree_api/unitree_api/msg/request_policy.h
[9.322s] -- Installing: /home/tang-yucheng/Desktop/legged_nav_rl/install/unitree_api/include/unitree_api/unitree_api/msg/response.h
[9.322s] -- Installing: /home/tang-yucheng/Desktop/legged_nav_rl/install/unitree_api/include/unitree_api/unitree_api/msg/request_lease.h
[9.322s] -- Installing: /home/tang-yucheng/Desktop/legged_nav_rl/install/unitree_api/include/unitree_api/unitree_api/msg/detail
[9.322s] -- Installing: /home/tang-yucheng/Desktop/legged_nav_rl/install/unitree_api/include/unitree_api/unitree_api/msg/detail/request_identity__functions.c
[9.322s] -- Installing: /home/tang-yucheng/Desktop/legged_nav_rl/install/unitree_api/include/unitree_api/unitree_api/msg/detail/response_status__functions.c
[9.322s] -- Installing: /home/tang-yucheng/Desktop/legged_nav_rl/install/unitree_api/include/unitree_api/unitree_api/msg/detail/request__functions.h
[9.322s] -- Installing: /home/tang-yucheng/Desktop/legged_nav_rl/install/unitree_api/include/unitree_api/unitree_api/msg/detail/response__type_support.h
[9.322s] -- Installing: /home/tang-yucheng/Desktop/legged_nav_rl/install/unitree_api/include/unitree_api/unitree_api/msg/detail/request_header__functions.h
[9.323s] -- Installing: /home/tang-yucheng/Desktop/legged_nav_rl/install/unitree_api/include/unitree_api/unitree_api/msg/detail/request__struct.h
[9.323s] -- Installing: /home/tang-yucheng/Desktop/legged_nav_rl/install/unitree_api/include/unitree_api/unitree_api/msg/detail/request_identity__type_support.h
[9.323s] -- Installing: /home/tang-yucheng/Desktop/legged_nav_rl/install/unitree_api/include/unitree_api/unitree_api/msg/detail/request_policy__struct.h
[9.323s] -- Installing: /home/tang-yucheng/Desktop/legged_nav_rl/install/unitree_api/include/unitree_api/unitree_api/msg/detail/request__functions.c
[9.323s] -- Installing: /home/tang-yucheng/Desktop/legged_nav_rl/install/unitree_api/include/unitree_api/unitree_api/msg/detail/response_header__functions.c
[9.323s] -- Installing: /home/tang-yucheng/Desktop/legged_nav_rl/install/unitree_api/include/unitree_api/unitree_api/msg/detail/response__functions.c
[9.323s] -- Installing: /home/tang-yucheng/Desktop/legged_nav_rl/install/unitree_api/include/unitree_api/unitree_api/msg/detail/request__type_support.h
[9.323s] -- Installing: /home/tang-yucheng/Desktop/legged_nav_rl/install/unitree_api/include/unitree_api/unitree_api/msg/detail/response_status__struct.h
[9.323s] -- Installing: /home/tang-yucheng/Desktop/legged_nav_rl/install/unitree_api/include/unitree_api/unitree_api/msg/detail/response_header__struct.h
[9.323s] -- Installing: /home/tang-yucheng/Desktop/legged_nav_rl/install/unitree_api/include/unitree_api/unitree_api/msg/detail/request_header__functions.c
[9.323s] -- Installing: /home/tang-yucheng/Desktop/legged_nav_rl/install/unitree_api/include/unitree_api/unitree_api/msg/detail/response__struct.h
[9.324s] -- Installing: /home/tang-yucheng/Desktop/legged_nav_rl/install/unitree_api/include/unitree_api/unitree_api/msg/detail/request_policy__functions.h
[9.324s] -- Installing: /home/tang-yucheng/Desktop/legged_nav_rl/install/unitree_api/include/unitree_api/unitree_api/msg/detail/request_policy__type_support.h
[9.324s] -- Installing: /home/tang-yucheng/Desktop/legged_nav_rl/install/unitree_api/include/unitree_api/unitree_api/msg/detail/request_lease__type_support.h
[9.324s] -- Installing: /home/tang-yucheng/Desktop/legged_nav_rl/install/unitree_api/include/unitree_api/unitree_api/msg/detail/response_status__type_support.h
[9.324s] -- Installing: /home/tang-yucheng/Desktop/legged_nav_rl/install/unitree_api/include/unitree_api/unitree_api/msg/detail/request_lease__struct.h
[9.324s] -- Installing: /home/tang-yucheng/Desktop/legged_nav_rl/install/unitree_api/include/unitree_api/unitree_api/msg/detail/response__functions.h
[9.324s] -- Installing: /home/tang-yucheng/Desktop/legged_nav_rl/install/unitree_api/include/unitree_api/unitree_api/msg/detail/response_header__functions.h
[9.339s] -- Installing: /home/tang-yucheng/Desktop/legged_nav_rl/install/unitree_api/include/unitree_api/unitree_api/msg/detail/response_status__functions.h
[9.339s] -- Installing: /home/tang-yucheng/Desktop/legged_nav_rl/install/unitree_api/include/unitree_api/unitree_api/msg/detail/response_header__type_support.h
[9.339s] -- Installing: /home/tang-yucheng/Desktop/legged_nav_rl/install/unitree_api/include/unitree_api/unitree_api/msg/detail/request_lease__functions.c
[9.339s] -- Installing: /home/tang-yucheng/Desktop/legged_nav_rl/install/unitree_api/include/unitree_api/unitree_api/msg/detail/request_identity__functions.h
[9.339s] -- Installing: /home/tang-yucheng/Desktop/legged_nav_rl/install/unitree_api/include/unitree_api/unitree_api/msg/detail/request_lease__functions.h
[9.339s] -- Installing: /home/tang-yucheng/Desktop/legged_nav_rl/install/unitree_api/include/unitree_api/unitree_api/msg/detail/request_policy__functions.c
[9.339s] -- Installing: /home/tang-yucheng/Desktop/legged_nav_rl/install/unitree_api/include/unitree_api/unitree_api/msg/detail/request_identity__struct.h
[9.339s] -- Installing: /home/tang-yucheng/Desktop/legged_nav_rl/install/unitree_api/include/unitree_api/unitree_api/msg/detail/request_header__type_support.h
[9.339s] -- Installing: /home/tang-yucheng/Desktop/legged_nav_rl/install/unitree_api/include/unitree_api/unitree_api/msg/detail/request_header__struct.h
[9.339s] -- Installing: /home/tang-yucheng/Desktop/legged_nav_rl/install/unitree_api/include/unitree_api/unitree_api/msg/response_status.h
[9.340s] -- Installing: /home/tang-yucheng/Desktop/legged_nav_rl/install/unitree_api/share/unitree_api/environment/library_path.sh
[9.340s] -- Installing: /home/tang-yucheng/Desktop/legged_nav_rl/install/unitree_api/share/unitree_api/environment/library_path.dsv
[9.340s] -- Installing: /home/tang-yucheng/Desktop/legged_nav_rl/install/unitree_api/lib/libunitree_api__rosidl_generator_c.so
[9.340s] -- Set runtime path of "/home/tang-yucheng/Desktop/legged_nav_rl/install/unitree_api/lib/libunitree_api__rosidl_generator_c.so" to ""
[9.340s] -- Up-to-date: /home/tang-yucheng/Desktop/legged_nav_rl/install/unitree_api/include/unitree_api/unitree_api
[9.340s] -- Up-to-date: /home/tang-yucheng/Desktop/legged_nav_rl/install/unitree_api/include/unitree_api/unitree_api/msg
[9.340s] -- Installing: /home/tang-yucheng/Desktop/legged_nav_rl/install/unitree_api/include/unitree_api/unitree_api/msg/rosidl_typesupport_fastrtps_c__visibility_control.h
[9.340s] -- Up-to-date: /home/tang-yucheng/Desktop/legged_nav_rl/install/unitree_api/include/unitree_api/unitree_api/msg/detail
[9.340s] -- Installing: /home/tang-yucheng/Desktop/legged_nav_rl/install/unitree_api/include/unitree_api/unitree_api/msg/detail/response_status__rosidl_typesupport_fastrtps_c.h
[9.340s] -- Installing: /home/tang-yucheng/Desktop/legged_nav_rl/install/unitree_api/include/unitree_api/unitree_api/msg/detail/request_header__rosidl_typesupport_fastrtps_c.h
[9.340s] -- Installing: /home/tang-yucheng/Desktop/legged_nav_rl/install/unitree_api/include/unitree_api/unitree_api/msg/detail/request_policy__rosidl_typesupport_fastrtps_c.h
[9.341s] -- Installing: /home/tang-yucheng/Desktop/legged_nav_rl/install/unitree_api/include/unitree_api/unitree_api/msg/detail/request_lease__rosidl_typesupport_fastrtps_c.h
[9.341s] -- Installing: /home/tang-yucheng/Desktop/legged_nav_rl/install/unitree_api/include/unitree_api/unitree_api/msg/detail/response__rosidl_typesupport_fastrtps_c.h
[9.341s] -- Installing: /home/tang-yucheng/Desktop/legged_nav_rl/install/unitree_api/include/unitree_api/unitree_api/msg/detail/request__rosidl_typesupport_fastrtps_c.h
[9.341s] -- Installing: /home/tang-yucheng/Desktop/legged_nav_rl/install/unitree_api/include/unitree_api/unitree_api/msg/detail/request_identity__rosidl_typesupport_fastrtps_c.h
[9.341s] -- Installing: /home/tang-yucheng/Desktop/legged_nav_rl/install/unitree_api/include/unitree_api/unitree_api/msg/detail/response_header__rosidl_typesupport_fastrtps_c.h
[9.341s] -- Installing: /home/tang-yucheng/Desktop/legged_nav_rl/install/unitree_api/lib/libunitree_api__rosidl_typesupport_fastrtps_c.so
[9.341s] -- Set runtime path of "/home/tang-yucheng/Desktop/legged_nav_rl/install/unitree_api/lib/libunitree_api__rosidl_typesupport_fastrtps_c.so" to ""
[9.341s] -- Up-to-date: /home/tang-yucheng/Desktop/legged_nav_rl/install/unitree_api/include/unitree_api/unitree_api
[9.341s] -- Up-to-date: /home/tang-yucheng/Desktop/legged_nav_rl/install/unitree_api/include/unitree_api/unitree_api/msg
[9.342s] -- Installing: /home/tang-yucheng/Desktop/legged_nav_rl/install/unitree_api/include/unitree_api/unitree_api/msg/response_header.hpp
[9.342s] -- Installing: /home/tang-yucheng/Desktop/legged_nav_rl/install/unitree_api/include/unitree_api/unitree_api/msg/request_header.hpp
[9.342s] -- Installing: /home/tang-yucheng/Desktop/legged_nav_rl/install/unitree_api/include/unitree_api/unitree_api/msg/response.hpp
[9.342s] -- Installing: /home/tang-yucheng/Desktop/legged_nav_rl/install/unitree_api/include/unitree_api/unitree_api/msg/request_identity.hpp
[9.342s] -- Installing: /home/tang-yucheng/Desktop/legged_nav_rl/install/unitree_api/include/unitree_api/unitree_api/msg/response_status.hpp
[9.342s] -- Installing: /home/tang-yucheng/Desktop/legged_nav_rl/install/unitree_api/include/unitree_api/unitree_api/msg/request.hpp
[9.342s] -- Installing: /home/tang-yucheng/Desktop/legged_nav_rl/install/unitree_api/include/unitree_api/unitree_api/msg/request_lease.hpp
[9.342s] -- Installing: /home/tang-yucheng/Desktop/legged_nav_rl/install/unitree_api/include/unitree_api/unitree_api/msg/request_policy.hpp
[9.342s] -- Up-to-date: /home/tang-yucheng/Desktop/legged_nav_rl/install/unitree_api/include/unitree_api/unitree_api/msg/detail
[9.348s] -- Installing: /home/tang-yucheng/Desktop/legged_nav_rl/install/unitree_api/include/unitree_api/unitree_api/msg/detail/response__traits.hpp
[9.348s] -- Installing: /home/tang-yucheng/Desktop/legged_nav_rl/install/unitree_api/include/unitree_api/unitree_api/msg/detail/request__traits.hpp
[9.348s] -- Installing: /home/tang-yucheng/Desktop/legged_nav_rl/install/unitree_api/include/unitree_api/unitree_api/msg/detail/request_identity__builder.hpp
[9.348s] -- Installing: /home/tang-yucheng/Desktop/legged_nav_rl/install/unitree_api/include/unitree_api/unitree_api/msg/detail/request_header__builder.hpp
[9.348s] -- Installing: /home/tang-yucheng/Desktop/legged_nav_rl/install/unitree_api/include/unitree_api/unitree_api/msg/detail/request_identity__traits.hpp
[9.348s] -- Installing: /home/tang-yucheng/Desktop/legged_nav_rl/install/unitree_api/include/unitree_api/unitree_api/msg/detail/request__builder.hpp
[9.348s] -- Installing: /home/tang-yucheng/Desktop/legged_nav_rl/install/unitree_api/include/unitree_api/unitree_api/msg/detail/request__struct.hpp
[9.354s] -- Installing: /home/tang-yucheng/Desktop/legged_nav_rl/install/unitree_api/include/unitree_api/unitree_api/msg/detail/response_status__builder.hpp
[9.354s] -- Installing: /home/tang-yucheng/Desktop/legged_nav_rl/install/unitree_api/include/unitree_api/unitree_api/msg/detail/response_status__traits.hpp
[9.354s] -- Installing: /home/tang-yucheng/Desktop/legged_nav_rl/install/unitree_api/include/unitree_api/unitree_api/msg/detail/request_lease__builder.hpp
[9.354s] -- Installing: /home/tang-yucheng/Desktop/legged_nav_rl/install/unitree_api/include/unitree_api/unitree_api/msg/detail/request_policy__traits.hpp
[9.355s] -- Installing: /home/tang-yucheng/Desktop/legged_nav_rl/install/unitree_api/include/unitree_api/unitree_api/msg/detail/response_header__traits.hpp
[9.355s] -- Installing: /home/tang-yucheng/Desktop/legged_nav_rl/install/unitree_api/include/unitree_api/unitree_api/msg/detail/response_header__struct.hpp
[9.355s] -- Installing: /home/tang-yucheng/Desktop/legged_nav_rl/install/unitree_api/include/unitree_api/unitree_api/msg/detail/response_header__builder.hpp
[9.355s] -- Installing: /home/tang-yucheng/Desktop/legged_nav_rl/install/unitree_api/include/unitree_api/unitree_api/msg/detail/request_lease__traits.hpp
[9.355s] -- Installing: /home/tang-yucheng/Desktop/legged_nav_rl/install/unitree_api/include/unitree_api/unitree_api/msg/detail/request_policy__builder.hpp
[9.355s] -- Installing: /home/tang-yucheng/Desktop/legged_nav_rl/install/unitree_api/include/unitree_api/unitree_api/msg/detail/response__struct.hpp
[9.355s] -- Installing: /home/tang-yucheng/Desktop/legged_nav_rl/install/unitree_api/include/unitree_api/unitree_api/msg/detail/request_header__traits.hpp
[9.355s] -- Installing: /home/tang-yucheng/Desktop/legged_nav_rl/install/unitree_api/include/unitree_api/unitree_api/msg/detail/request_identity__struct.hpp
[9.355s] -- Installing: /home/tang-yucheng/Desktop/legged_nav_rl/install/unitree_api/include/unitree_api/unitree_api/msg/detail/response__builder.hpp
[9.355s] -- Installing: /home/tang-yucheng/Desktop/legged_nav_rl/install/unitree_api/include/unitree_api/unitree_api/msg/detail/response_status__struct.hpp
[9.355s] -- Installing: /home/tang-yucheng/Desktop/legged_nav_rl/install/unitree_api/include/unitree_api/unitree_api/msg/detail/request_policy__struct.hpp
[9.356s] -- Installing: /home/tang-yucheng/Desktop/legged_nav_rl/install/unitree_api/include/unitree_api/unitree_api/msg/detail/request_header__struct.hpp
[9.356s] -- Installing: /home/tang-yucheng/Desktop/legged_nav_rl/install/unitree_api/include/unitree_api/unitree_api/msg/detail/request_lease__struct.hpp
[9.356s] -- Up-to-date: /home/tang-yucheng/Desktop/legged_nav_rl/install/unitree_api/include/unitree_api/unitree_api
[9.356s] -- Up-to-date: /home/tang-yucheng/Desktop/legged_nav_rl/install/unitree_api/include/unitree_api/unitree_api/msg
[9.356s] -- Installing: /home/tang-yucheng/Desktop/legged_nav_rl/install/unitree_api/include/unitree_api/unitree_api/msg/rosidl_typesupport_fastrtps_cpp__visibility_control.h
[9.356s] -- Up-to-date: /home/tang-yucheng/Desktop/legged_nav_rl/install/unitree_api/include/unitree_api/unitree_api/msg/detail
[9.356s] -- Installing: /home/tang-yucheng/Desktop/legged_nav_rl/install/unitree_api/include/unitree_api/unitree_api/msg/detail/request_lease__rosidl_typesupport_fastrtps_cpp.hpp
[9.356s] -- Installing: /home/tang-yucheng/Desktop/legged_nav_rl/install/unitree_api/include/unitree_api/unitree_api/msg/detail/response_header__rosidl_typesupport_fastrtps_cpp.hpp
[9.356s] -- Installing: /home/tang-yucheng/Desktop/legged_nav_rl/install/unitree_api/include/unitree_api/unitree_api/msg/detail/request_identity__rosidl_typesupport_fastrtps_cpp.hpp
[9.356s] -- Installing: /home/tang-yucheng/Desktop/legged_nav_rl/install/unitree_api/include/unitree_api/unitree_api/msg/detail/dds_fastrtps
[9.356s] -- Installing: /home/tang-yucheng/Desktop/legged_nav_rl/install/unitree_api/include/unitree_api/unitree_api/msg/detail/request_header__rosidl_typesupport_fastrtps_cpp.hpp
[9.357s] -- Installing: /home/tang-yucheng/Desktop/legged_nav_rl/install/unitree_api/include/unitree_api/unitree_api/msg/detail/response__rosidl_typesupport_fastrtps_cpp.hpp
[9.357s] -- Installing: /home/tang-yucheng/Desktop/legged_nav_rl/install/unitree_api/include/unitree_api/unitree_api/msg/detail/response_status__rosidl_typesupport_fastrtps_cpp.hpp
[9.357s] -- Installing: /home/tang-yucheng/Desktop/legged_nav_rl/install/unitree_api/include/unitree_api/unitree_api/msg/detail/request_policy__rosidl_typesupport_fastrtps_cpp.hpp
[9.357s] -- Installing: /home/tang-yucheng/Desktop/legged_nav_rl/install/unitree_api/include/unitree_api/unitree_api/msg/detail/request__rosidl_typesupport_fastrtps_cpp.hpp
[9.357s] -- Installing: /home/tang-yucheng/Desktop/legged_nav_rl/install/unitree_api/lib/libunitree_api__rosidl_typesupport_fastrtps_cpp.so
[9.357s] -- Set runtime path of "/home/tang-yucheng/Desktop/legged_nav_rl/install/unitree_api/lib/libunitree_api__rosidl_typesupport_fastrtps_cpp.so" to ""
[9.357s] -- Up-to-date: /home/tang-yucheng/Desktop/legged_nav_rl/install/unitree_api/include/unitree_api/unitree_api
[9.357s] -- Up-to-date: /home/tang-yucheng/Desktop/legged_nav_rl/install/unitree_api/include/unitree_api/unitree_api/msg
[9.357s] -- Installing: /home/tang-yucheng/Desktop/legged_nav_rl/install/unitree_api/include/unitree_api/unitree_api/msg/rosidl_typesupport_introspection_c__visibility_control.h
[9.357s] -- Up-to-date: /home/tang-yucheng/Desktop/legged_nav_rl/install/unitree_api/include/unitree_api/unitree_api/msg/detail
[9.363s] -- Installing: /home/tang-yucheng/Desktop/legged_nav_rl/install/unitree_api/include/unitree_api/unitree_api/msg/detail/request_identity__rosidl_typesupport_introspection_c.h
[9.363s] -- Installing: /home/tang-yucheng/Desktop/legged_nav_rl/install/unitree_api/include/unitree_api/unitree_api/msg/detail/request_header__rosidl_typesupport_introspection_c.h
[9.363s] -- Installing: /home/tang-yucheng/Desktop/legged_nav_rl/install/unitree_api/include/unitree_api/unitree_api/msg/detail/response_header__type_support.c
[9.363s] -- Installing: /home/tang-yucheng/Desktop/legged_nav_rl/install/unitree_api/include/unitree_api/unitree_api/msg/detail/response_header__rosidl_typesupport_introspection_c.h
[9.363s] -- Installing: /home/tang-yucheng/Desktop/legged_nav_rl/install/unitree_api/include/unitree_api/unitree_api/msg/detail/response_status__rosidl_typesupport_introspection_c.h
[9.363s] -- Installing: /home/tang-yucheng/Desktop/legged_nav_rl/install/unitree_api/include/unitree_api/unitree_api/msg/detail/request_identity__type_support.c
[9.363s] -- Installing: /home/tang-yucheng/Desktop/legged_nav_rl/install/unitree_api/include/unitree_api/unitree_api/msg/detail/response__type_support.c
[9.363s] -- Installing: /home/tang-yucheng/Desktop/legged_nav_rl/install/unitree_api/include/unitree_api/unitree_api/msg/detail/request_lease__type_support.c
[9.366s] -- Installing: /home/tang-yucheng/Desktop/legged_nav_rl/install/unitree_api/include/unitree_api/unitree_api/msg/detail/request_policy__rosidl_typesupport_introspection_c.h
[9.367s] -- Installing: /home/tang-yucheng/Desktop/legged_nav_rl/install/unitree_api/include/unitree_api/unitree_api/msg/detail/response__rosidl_typesupport_introspection_c.h
[9.367s] -- Installing: /home/tang-yucheng/Desktop/legged_nav_rl/install/unitree_api/include/unitree_api/unitree_api/msg/detail/request__rosidl_typesupport_introspection_c.h
[9.367s] -- Installing: /home/tang-yucheng/Desktop/legged_nav_rl/install/unitree_api/include/unitree_api/unitree_api/msg/detail/request_lease__rosidl_typesupport_introspection_c.h
[9.367s] -- Installing: /home/tang-yucheng/Desktop/legged_nav_rl/install/unitree_api/include/unitree_api/unitree_api/msg/detail/request_policy__type_support.c
[9.367s] -- Installing: /home/tang-yucheng/Desktop/legged_nav_rl/install/unitree_api/include/unitree_api/unitree_api/msg/detail/request_header__type_support.c
[9.367s] -- Installing: /home/tang-yucheng/Desktop/legged_nav_rl/install/unitree_api/include/unitree_api/unitree_api/msg/detail/request__type_support.c
[9.367s] -- Installing: /home/tang-yucheng/Desktop/legged_nav_rl/install/unitree_api/include/unitree_api/unitree_api/msg/detail/response_status__type_support.c
[9.367s] -- Installing: /home/tang-yucheng/Desktop/legged_nav_rl/install/unitree_api/lib/libunitree_api__rosidl_typesupport_introspection_c.so
[9.367s] -- Set runtime path of "/home/tang-yucheng/Desktop/legged_nav_rl/install/unitree_api/lib/libunitree_api__rosidl_typesupport_introspection_c.so" to ""
[9.367s] -- Installing: /home/tang-yucheng/Desktop/legged_nav_rl/install/unitree_api/lib/libunitree_api__rosidl_typesupport_c.so
[9.368s] -- Set runtime path of "/home/tang-yucheng/Desktop/legged_nav_rl/install/unitree_api/lib/libunitree_api__rosidl_typesupport_c.so" to ""
[9.368s] -- Up-to-date: /home/tang-yucheng/Desktop/legged_nav_rl/install/unitree_api/include/unitree_api/unitree_api
[9.368s] -- Up-to-date: /home/tang-yucheng/Desktop/legged_nav_rl/install/unitree_api/include/unitree_api/unitree_api/msg
[9.368s] -- Up-to-date: /home/tang-yucheng/Desktop/legged_nav_rl/install/unitree_api/include/unitree_api/unitree_api/msg/detail
[9.368s] -- Installing: /home/tang-yucheng/Desktop/legged_nav_rl/install/unitree_api/include/unitree_api/unitree_api/msg/detail/request_header__rosidl_typesupport_introspection_cpp.hpp
[9.368s] -- Installing: /home/tang-yucheng/Desktop/legged_nav_rl/install/unitree_api/include/unitree_api/unitree_api/msg/detail/request_identity__rosidl_typesupport_introspection_cpp.hpp
[9.368s] -- Installing: /home/tang-yucheng/Desktop/legged_nav_rl/install/unitree_api/include/unitree_api/unitree_api/msg/detail/response_status__rosidl_typesupport_introspection_cpp.hpp
[9.368s] -- Installing: /home/tang-yucheng/Desktop/legged_nav_rl/install/unitree_api/include/unitree_api/unitree_api/msg/detail/response__rosidl_typesupport_introspection_cpp.hpp
[9.368s] -- Installing: /home/tang-yucheng/Desktop/legged_nav_rl/install/unitree_api/include/unitree_api/unitree_api/msg/detail/request__rosidl_typesupport_introspection_cpp.hpp
[9.368s] -- Installing: /home/tang-yucheng/Desktop/legged_nav_rl/install/unitree_api/include/unitree_api/unitree_api/msg/detail/response_header__type_support.cpp
[9.368s] -- Installing: /home/tang-yucheng/Desktop/legged_nav_rl/install/unitree_api/include/unitree_api/unitree_api/msg/detail/request_header__type_support.cpp
[9.369s] -- Installing: /home/tang-yucheng/Desktop/legged_nav_rl/install/unitree_api/include/unitree_api/unitree_api/msg/detail/response_header__rosidl_typesupport_introspection_cpp.hpp
[9.369s] -- Installing: /home/tang-yucheng/Desktop/legged_nav_rl/install/unitree_api/include/unitree_api/unitree_api/msg/detail/request_lease__type_support.cpp
[9.369s] -- Installing: /home/tang-yucheng/Desktop/legged_nav_rl/install/unitree_api/include/unitree_api/unitree_api/msg/detail/request_policy__rosidl_typesupport_introspection_cpp.hpp
[9.369s] -- Installing: /home/tang-yucheng/Desktop/legged_nav_rl/install/unitree_api/include/unitree_api/unitree_api/msg/detail/request_identity__type_support.cpp
[9.369s] -- Installing: /home/tang-yucheng/Desktop/legged_nav_rl/install/unitree_api/include/unitree_api/unitree_api/msg/detail/request__type_support.cpp
[9.369s] -- Installing: /home/tang-yucheng/Desktop/legged_nav_rl/install/unitree_api/include/unitree_api/unitree_api/msg/detail/response__type_support.cpp
[9.369s] -- Installing: /home/tang-yucheng/Desktop/legged_nav_rl/install/unitree_api/include/unitree_api/unitree_api/msg/detail/request_lease__rosidl_typesupport_introspection_cpp.hpp
[9.369s] -- Installing: /home/tang-yucheng/Desktop/legged_nav_rl/install/unitree_api/include/unitree_api/unitree_api/msg/detail/request_policy__type_support.cpp
[9.369s] -- Installing: /home/tang-yucheng/Desktop/legged_nav_rl/install/unitree_api/include/unitree_api/unitree_api/msg/detail/response_status__type_support.cpp
[9.369s] -- Installing: /home/tang-yucheng/Desktop/legged_nav_rl/install/unitree_api/lib/libunitree_api__rosidl_typesupport_introspection_cpp.so
[9.378s] -- Set runtime path of "/home/tang-yucheng/Desktop/legged_nav_rl/install/unitree_api/lib/libunitree_api__rosidl_typesupport_introspection_cpp.so" to ""
[9.378s] -- Installing: /home/tang-yucheng/Desktop/legged_nav_rl/install/unitree_api/lib/libunitree_api__rosidl_typesupport_cpp.so
[9.378s] -- Set runtime path of "/home/tang-yucheng/Desktop/legged_nav_rl/install/unitree_api/lib/libunitree_api__rosidl_typesupport_cpp.so" to ""
[9.378s] -- Installing: /home/tang-yucheng/Desktop/legged_nav_rl/install/unitree_api/share/unitree_api/environment/pythonpath.sh
[9.378s] -- Installing: /home/tang-yucheng/Desktop/legged_nav_rl/install/unitree_api/share/unitree_api/environment/pythonpath.dsv
[9.378s] -- Installing: /home/tang-yucheng/Desktop/legged_nav_rl/install/unitree_api/local/lib/python3.10/dist-packages/unitree_api-0.0.0-py3.10.egg-info
[9.378s] -- Installing: /home/tang-yucheng/Desktop/legged_nav_rl/install/unitree_api/local/lib/python3.10/dist-packages/unitree_api-0.0.0-py3.10.egg-info/SOURCES.txt
[9.378s] -- Installing: /home/tang-yucheng/Desktop/legged_nav_rl/install/unitree_api/local/lib/python3.10/dist-packages/unitree_api-0.0.0-py3.10.egg-info/dependency_links.txt
[9.378s] -- Installing: /home/tang-yucheng/Desktop/legged_nav_rl/install/unitree_api/local/lib/python3.10/dist-packages/unitree_api-0.0.0-py3.10.egg-info/PKG-INFO
[9.378s] -- Installing: /home/tang-yucheng/Desktop/legged_nav_rl/install/unitree_api/local/lib/python3.10/dist-packages/unitree_api-0.0.0-py3.10.egg-info/top_level.txt
[9.378s] -- Installing: /home/tang-yucheng/Desktop/legged_nav_rl/install/unitree_api/local/lib/python3.10/dist-packages/unitree_api
[9.379s] -- Installing: /home/tang-yucheng/Desktop/legged_nav_rl/install/unitree_api/local/lib/python3.10/dist-packages/unitree_api/__init__.py
[9.379s] -- Installing: /home/tang-yucheng/Desktop/legged_nav_rl/install/unitree_api/local/lib/python3.10/dist-packages/unitree_api/_unitree_api_s.ep.rosidl_typesupport_c.c
[9.379s] -- Installing: /home/tang-yucheng/Desktop/legged_nav_rl/install/unitree_api/local/lib/python3.10/dist-packages/unitree_api/unitree_api_s__rosidl_typesupport_c.cpython-310-x86_64-linux-gnu.so
[9.379s] -- Installing: /home/tang-yucheng/Desktop/legged_nav_rl/install/unitree_api/local/lib/python3.10/dist-packages/unitree_api/libunitree_api__rosidl_generator_py.so
[9.379s] -- Installing: /home/tang-yucheng/Desktop/legged_nav_rl/install/unitree_api/local/lib/python3.10/dist-packages/unitree_api/_unitree_api_s.ep.rosidl_typesupport_fastrtps_c.c
[9.379s] -- Installing: /home/tang-yucheng/Desktop/legged_nav_rl/install/unitree_api/local/lib/python3.10/dist-packages/unitree_api/_unitree_api_s.ep.rosidl_typesupport_introspection_c.c
[9.379s] -- Installing: /home/tang-yucheng/Desktop/legged_nav_rl/install/unitree_api/local/lib/python3.10/dist-packages/unitree_api/unitree_api_s__rosidl_typesupport_fastrtps_c.cpython-310-x86_64-linux-gnu.so
[9.379s] -- Installing: /home/tang-yucheng/Desktop/legged_nav_rl/install/unitree_api/local/lib/python3.10/dist-packages/unitree_api/unitree_api_s__rosidl_typesupport_introspection_c.cpython-310-x86_64-linux-gnu.so
[9.379s] -- Installing: /home/tang-yucheng/Desktop/legged_nav_rl/install/unitree_api/local/lib/python3.10/dist-packages/unitree_api/msg
[9.379s] -- Installing: /home/tang-yucheng/Desktop/legged_nav_rl/install/unitree_api/local/lib/python3.10/dist-packages/unitree_api/msg/__init__.py
[9.380s] -- Installing: /home/tang-yucheng/Desktop/legged_nav_rl/install/unitree_api/local/lib/python3.10/dist-packages/unitree_api/msg/_response_header_s.c
[9.380s] -- Installing: /home/tang-yucheng/Desktop/legged_nav_rl/install/unitree_api/local/lib/python3.10/dist-packages/unitree_api/msg/_response_header.py
[9.380s] -- Installing: /home/tang-yucheng/Desktop/legged_nav_rl/install/unitree_api/local/lib/python3.10/dist-packages/unitree_api/msg/_response_status_s.c
[9.380s] -- Installing: /home/tang-yucheng/Desktop/legged_nav_rl/install/unitree_api/local/lib/python3.10/dist-packages/unitree_api/msg/_request_policy_s.c
[9.380s] -- Installing: /home/tang-yucheng/Desktop/legged_nav_rl/install/unitree_api/local/lib/python3.10/dist-packages/unitree_api/msg/_request.py
[9.380s] -- Installing: /home/tang-yucheng/Desktop/legged_nav_rl/install/unitree_api/local/lib/python3.10/dist-packages/unitree_api/msg/_request_identity.py
[9.380s] -- Installing: /home/tang-yucheng/Desktop/legged_nav_rl/install/unitree_api/local/lib/python3.10/dist-packages/unitree_api/msg/_response_status.py
[9.380s] -- Installing: /home/tang-yucheng/Desktop/legged_nav_rl/install/unitree_api/local/lib/python3.10/dist-packages/unitree_api/msg/_response.py
[9.380s] -- Installing: /home/tang-yucheng/Desktop/legged_nav_rl/install/unitree_api/local/lib/python3.10/dist-packages/unitree_api/msg/_request_s.c
[9.380s] -- Installing: /home/tang-yucheng/Desktop/legged_nav_rl/install/unitree_api/local/lib/python3.10/dist-packages/unitree_api/msg/_request_policy.py
[9.380s] -- Installing: /home/tang-yucheng/Desktop/legged_nav_rl/install/unitree_api/local/lib/python3.10/dist-packages/unitree_api/msg/_request_header.py
[9.381s] -- Installing: /home/tang-yucheng/Desktop/legged_nav_rl/install/unitree_api/local/lib/python3.10/dist-packages/unitree_api/msg/_request_lease.py
[9.381s] -- Installing: /home/tang-yucheng/Desktop/legged_nav_rl/install/unitree_api/local/lib/python3.10/dist-packages/unitree_api/msg/_response_s.c
[9.381s] -- Installing: /home/tang-yucheng/Desktop/legged_nav_rl/install/unitree_api/local/lib/python3.10/dist-packages/unitree_api/msg/_request_identity_s.c
[9.381s] -- Installing: /home/tang-yucheng/Desktop/legged_nav_rl/install/unitree_api/local/lib/python3.10/dist-packages/unitree_api/msg/_request_lease_s.c
[9.381s] -- Installing: /home/tang-yucheng/Desktop/legged_nav_rl/install/unitree_api/local/lib/python3.10/dist-packages/unitree_api/msg/_request_header_s.c
[9.488s] Listing '/home/tang-yucheng/Desktop/legged_nav_rl/install/unitree_api/local/lib/python3.10/dist-packages/unitree_api'...
[9.488s] Compiling '/home/tang-yucheng/Desktop/legged_nav_rl/install/unitree_api/local/lib/python3.10/dist-packages/unitree_api/__init__.py'...
[9.488s] Listing '/home/tang-yucheng/Desktop/legged_nav_rl/install/unitree_api/local/lib/python3.10/dist-packages/unitree_api/msg'...
[9.488s] Compiling '/home/tang-yucheng/Desktop/legged_nav_rl/install/unitree_api/local/lib/python3.10/dist-packages/unitree_api/msg/__init__.py'...
[9.488s] Compiling '/home/tang-yucheng/Desktop/legged_nav_rl/install/unitree_api/local/lib/python3.10/dist-packages/unitree_api/msg/_request.py'...
[9.488s] Compiling '/home/tang-yucheng/Desktop/legged_nav_rl/install/unitree_api/local/lib/python3.10/dist-packages/unitree_api/msg/_request_header.py'...
[9.488s] Compiling '/home/tang-yucheng/Desktop/legged_nav_rl/install/unitree_api/local/lib/python3.10/dist-packages/unitree_api/msg/_request_identity.py'...
[9.488s] Compiling '/home/tang-yucheng/Desktop/legged_nav_rl/install/unitree_api/local/lib/python3.10/dist-packages/unitree_api/msg/_request_lease.py'...
[9.488s] Compiling '/home/tang-yucheng/Desktop/legged_nav_rl/install/unitree_api/local/lib/python3.10/dist-packages/unitree_api/msg/_request_policy.py'...
[9.488s] Compiling '/home/tang-yucheng/Desktop/legged_nav_rl/install/unitree_api/local/lib/python3.10/dist-packages/unitree_api/msg/_response.py'...
[9.488s] Compiling '/home/tang-yucheng/Desktop/legged_nav_rl/install/unitree_api/local/lib/python3.10/dist-packages/unitree_api/msg/_response_header.py'...
[9.489s] Compiling '/home/tang-yucheng/Desktop/legged_nav_rl/install/unitree_api/local/lib/python3.10/dist-packages/unitree_api/msg/_response_status.py'...
[9.501s] -- Installing: /home/tang-yucheng/Desktop/legged_nav_rl/install/unitree_api/local/lib/python3.10/dist-packages/unitree_api/unitree_api_s__rosidl_typesupport_fastrtps_c.cpython-310-x86_64-linux-gnu.so
[9.501s] -- Set runtime path of "/home/tang-yucheng/Desktop/legged_nav_rl/install/unitree_api/local/lib/python3.10/dist-packages/unitree_api/unitree_api_s__rosidl_typesupport_fastrtps_c.cpython-310-x86_64-linux-gnu.so" to ""
[9.502s] -- Installing: /home/tang-yucheng/Desktop/legged_nav_rl/install/unitree_api/local/lib/python3.10/dist-packages/unitree_api/unitree_api_s__rosidl_typesupport_introspection_c.cpython-310-x86_64-linux-gnu.so
[9.503s] -- Set runtime path of "/home/tang-yucheng/Desktop/legged_nav_rl/install/unitree_api/local/lib/python3.10/dist-packages/unitree_api/unitree_api_s__rosidl_typesupport_introspection_c.cpython-310-x86_64-linux-gnu.so" to ""
[9.503s] -- Installing: /home/tang-yucheng/Desktop/legged_nav_rl/install/unitree_api/local/lib/python3.10/dist-packages/unitree_api/unitree_api_s__rosidl_typesupport_c.cpython-310-x86_64-linux-gnu.so
[9.504s] -- Set runtime path of "/home/tang-yucheng/Desktop/legged_nav_rl/install/unitree_api/local/lib/python3.10/dist-packages/unitree_api/unitree_api_s__rosidl_typesupport_c.cpython-310-x86_64-linux-gnu.so" to ""
[9.504s] -- Installing: /home/tang-yucheng/Desktop/legged_nav_rl/install/unitree_api/lib/libunitree_api__rosidl_generator_py.so
[9.504s] -- Set runtime path of "/home/tang-yucheng/Desktop/legged_nav_rl/install/unitree_api/lib/libunitree_api__rosidl_generator_py.so" to ""
[9.504s] -- Installing: /home/tang-yucheng/Desktop/legged_nav_rl/install/unitree_api/share/unitree_api/msg/Request.idl
[9.504s] -- Installing: /home/tang-yucheng/Desktop/legged_nav_rl/install/unitree_api/share/unitree_api/msg/RequestHeader.idl
[9.504s] -- Installing: /home/tang-yucheng/Desktop/legged_nav_rl/install/unitree_api/share/unitree_api/msg/RequestIdentity.idl
[9.505s] -- Installing: /home/tang-yucheng/Desktop/legged_nav_rl/install/unitree_api/share/unitree_api/msg/RequestLease.idl
[9.505s] -- Installing: /home/tang-yucheng/Desktop/legged_nav_rl/install/unitree_api/share/unitree_api/msg/RequestPolicy.idl
[9.509s] -- Installing: /home/tang-yucheng/Desktop/legged_nav_rl/install/unitree_api/share/unitree_api/msg/Response.idl
[9.509s] -- Installing: /home/tang-yucheng/Desktop/legged_nav_rl/install/unitree_api/share/unitree_api/msg/ResponseHeader.idl
[9.509s] -- Installing: /home/tang-yucheng/Desktop/legged_nav_rl/install/unitree_api/share/unitree_api/msg/ResponseStatus.idl
[9.509s] -- Installing: /home/tang-yucheng/Desktop/legged_nav_rl/install/unitree_api/share/unitree_api/msg/Request.msg
[9.509s] -- Installing: /home/tang-yucheng/Desktop/legged_nav_rl/install/unitree_api/share/unitree_api/msg/RequestHeader.msg
[9.509s] -- Installing: /home/tang-yucheng/Desktop/legged_nav_rl/install/unitree_api/share/unitree_api/msg/RequestIdentity.msg
[9.509s] -- Installing: /home/tang-yucheng/Desktop/legged_nav_rl/install/unitree_api/share/unitree_api/msg/RequestLease.msg
[9.509s] -- Installing: /home/tang-yucheng/Desktop/legged_nav_rl/install/unitree_api/share/unitree_api/msg/RequestPolicy.msg
[9.510s] -- Installing: /home/tang-yucheng/Desktop/legged_nav_rl/install/unitree_api/share/unitree_api/msg/Response.msg
[9.510s] -- Installing: /home/tang-yucheng/Desktop/legged_nav_rl/install/unitree_api/share/unitree_api/msg/ResponseHeader.msg
[9.510s] -- Installing: /home/tang-yucheng/Desktop/legged_nav_rl/install/unitree_api/share/unitree_api/msg/ResponseStatus.msg
[9.510s] -- Installing: /home/tang-yucheng/Desktop/legged_nav_rl/install/unitree_api/share/unitree_api/msg/dds_connext
[9.510s] -- Installing: /home/tang-yucheng/Desktop/legged_nav_rl/install/unitree_api/share/unitree_api/msg/dds_connext/ResponseStatus_.idl
[9.511s] -- Installing: /home/tang-yucheng/Desktop/legged_nav_rl/install/unitree_api/share/unitree_api/msg/dds_connext/ResponseHeader_.idl
[9.511s] -- Installing: /home/tang-yucheng/Desktop/legged_nav_rl/install/unitree_api/share/unitree_api/msg/dds_connext/RequestIdentity_.idl
[9.512s] -- Installing: /home/tang-yucheng/Desktop/legged_nav_rl/install/unitree_api/share/unitree_api/msg/dds_connext/Request_.idl
[9.512s] -- Installing: /home/tang-yucheng/Desktop/legged_nav_rl/install/unitree_api/share/unitree_api/msg/dds_connext/RequestHeader_.idl
[9.512s] -- Installing: /home/tang-yucheng/Desktop/legged_nav_rl/install/unitree_api/share/unitree_api/msg/dds_connext/RequestPolicy_.idl
[9.512s] -- Installing: /home/tang-yucheng/Desktop/legged_nav_rl/install/unitree_api/share/unitree_api/msg/dds_connext/Response_.idl
[9.514s] -- Installing: /home/tang-yucheng/Desktop/legged_nav_rl/install/unitree_api/share/unitree_api/msg/dds_connext/RequestLease_.idl
[9.514s] -- Installing: /home/tang-yucheng/Desktop/legged_nav_rl/install/unitree_api/share/ament_index/resource_index/package_run_dependencies/unitree_api
[9.514s] -- Installing: /home/tang-yucheng/Desktop/legged_nav_rl/install/unitree_api/share/ament_index/resource_index/parent_prefix_path/unitree_api
[9.518s] -- Installing: /home/tang-yucheng/Desktop/legged_nav_rl/install/unitree_api/share/unitree_api/environment/ament_prefix_path.sh
[9.518s] -- Installing: /home/tang-yucheng/Desktop/legged_nav_rl/install/unitree_api/share/unitree_api/environment/ament_prefix_path.dsv
[9.518s] -- Installing: /home/tang-yucheng/Desktop/legged_nav_rl/install/unitree_api/share/unitree_api/environment/path.sh
[9.518s] -- Installing: /home/tang-yucheng/Desktop/legged_nav_rl/install/unitree_api/share/unitree_api/environment/path.dsv
[9.518s] -- Installing: /home/tang-yucheng/Desktop/legged_nav_rl/install/unitree_api/share/unitree_api/local_setup.bash
[9.518s] -- Installing: /home/tang-yucheng/Desktop/legged_nav_rl/install/unitree_api/share/unitree_api/local_setup.sh
[9.519s] -- Installing: /home/tang-yucheng/Desktop/legged_nav_rl/install/unitree_api/share/unitree_api/local_setup.zsh
[9.519s] -- Installing: /home/tang-yucheng/Desktop/legged_nav_rl/install/unitree_api/share/unitree_api/local_setup.dsv
[9.519s] -- Installing: /home/tang-yucheng/Desktop/legged_nav_rl/install/unitree_api/share/unitree_api/package.dsv
[9.519s] -- Installing: /home/tang-yucheng/Desktop/legged_nav_rl/install/unitree_api/share/ament_index/resource_index/packages/unitree_api
[9.519s] -- Installing: /home/tang-yucheng/Desktop/legged_nav_rl/install/unitree_api/share/unitree_api/cmake/export_unitree_api__rosidl_generator_cExport.cmake
[9.519s] -- Installing: /home/tang-yucheng/Desktop/legged_nav_rl/install/unitree_api/share/unitree_api/cmake/export_unitree_api__rosidl_generator_cExport-noconfig.cmake
[9.519s] -- Installing: /home/tang-yucheng/Desktop/legged_nav_rl/install/unitree_api/share/unitree_api/cmake/export_unitree_api__rosidl_typesupport_fastrtps_cExport.cmake
[9.523s] -- Installing: /home/tang-yucheng/Desktop/legged_nav_rl/install/unitree_api/share/unitree_api/cmake/export_unitree_api__rosidl_typesupport_fastrtps_cExport-noconfig.cmake
[9.523s] -- Installing: /home/tang-yucheng/Desktop/legged_nav_rl/install/unitree_api/share/unitree_api/cmake/export_unitree_api__rosidl_generator_cppExport.cmake
[9.523s] -- Installing: /home/tang-yucheng/Desktop/legged_nav_rl/install/unitree_api/share/unitree_api/cmake/export_unitree_api__rosidl_typesupport_fastrtps_cppExport.cmake
[9.523s] -- Installing: /home/tang-yucheng/Desktop/legged_nav_rl/install/unitree_api/share/unitree_api/cmake/export_unitree_api__rosidl_typesupport_fastrtps_cppExport-noconfig.cmake
[9.523s] -- Installing: /home/tang-yucheng/Desktop/legged_nav_rl/install/unitree_api/share/unitree_api/cmake/unitree_api__rosidl_typesupport_introspection_cExport.cmake
[9.523s] -- Installing: /home/tang-yucheng/Desktop/legged_nav_rl/install/unitree_api/share/unitree_api/cmake/unitree_api__rosidl_typesupport_introspection_cExport-noconfig.cmake
[9.524s] -- Installing: /home/tang-yucheng/Desktop/legged_nav_rl/install/unitree_api/share/unitree_api/cmake/unitree_api__rosidl_typesupport_cExport.cmake
[9.524s] -- Installing: /home/tang-yucheng/Desktop/legged_nav_rl/install/unitree_api/share/unitree_api/cmake/unitree_api__rosidl_typesupport_cExport-noconfig.cmake
[9.530s] -- Installing: /home/tang-yucheng/Desktop/legged_nav_rl/install/unitree_api/share/unitree_api/cmake/unitree_api__rosidl_typesupport_introspection_cppExport.cmake
[9.530s] -- Installing: /home/tang-yucheng/Desktop/legged_nav_rl/install/unitree_api/share/unitree_api/cmake/unitree_api__rosidl_typesupport_introspection_cppExport-noconfig.cmake
[9.530s] -- Installing: /home/tang-yucheng/Desktop/legged_nav_rl/install/unitree_api/share/unitree_api/cmake/unitree_api__rosidl_typesupport_cppExport.cmake
[9.530s] -- Installing: /home/tang-yucheng/Desktop/legged_nav_rl/install/unitree_api/share/unitree_api/cmake/unitree_api__rosidl_typesupport_cppExport-noconfig.cmake
[9.530s] -- Installing: /home/tang-yucheng/Desktop/legged_nav_rl/install/unitree_api/share/unitree_api/cmake/export_unitree_api__rosidl_generator_pyExport.cmake
[9.530s] -- Installing: /home/tang-yucheng/Desktop/legged_nav_rl/install/unitree_api/share/unitree_api/cmake/export_unitree_api__rosidl_generator_pyExport-noconfig.cmake
[9.530s] -- Installing: /home/tang-yucheng/Desktop/legged_nav_rl/install/unitree_api/share/unitree_api/cmake/rosidl_cmake-extras.cmake
[9.530s] -- Installing: /home/tang-yucheng/Desktop/legged_nav_rl/install/unitree_api/share/unitree_api/cmake/ament_cmake_export_dependencies-extras.cmake
[9.531s] -- Installing: /home/tang-yucheng/Desktop/legged_nav_rl/install/unitree_api/share/unitree_api/cmake/ament_cmake_export_include_directories-extras.cmake
[9.531s] -- Installing: /home/tang-yucheng/Desktop/legged_nav_rl/install/unitree_api/share/unitree_api/cmake/ament_cmake_export_libraries-extras.cmake
[9.531s] -- Installing: /home/tang-yucheng/Desktop/legged_nav_rl/install/unitree_api/share/unitree_api/cmake/ament_cmake_export_targets-extras.cmake
[9.531s] -- Installing: /home/tang-yucheng/Desktop/legged_nav_rl/install/unitree_api/share/unitree_api/cmake/rosidl_cmake_export_typesupport_targets-extras.cmake
[9.531s] -- Installing: /home/tang-yucheng/Desktop/legged_nav_rl/install/unitree_api/share/unitree_api/cmake/rosidl_cmake_export_typesupport_libraries-extras.cmake
[9.531s] -- Installing: /home/tang-yucheng/Desktop/legged_nav_rl/install/unitree_api/share/unitree_api/cmake/unitree_apiConfig.cmake
[9.532s] -- Installing: /home/tang-yucheng/Desktop/legged_nav_rl/install/unitree_api/share/unitree_api/cmake/unitree_apiConfig-version.cmake
[9.532s] -- Installing: /home/tang-yucheng/Desktop/legged_nav_rl/install/unitree_api/share/unitree_api/package.xml
[9.546s] Invoked command in '/home/tang-yucheng/Desktop/legged_nav_rl/build/unitree_api' returned '0': CMAKE_PREFIX_PATH=${CMAKE_PREFIX_PATH}:/opt/ros/humble /usr/bin/cmake --install /home/tang-yucheng/Desktop/legged_nav_rl/build/unitree_api
