[35m[1mConsolidate compiler generated dependencies of target go2_interaction[0m
[ 50%] Built target legged_interaction_node
[100%] Built target go2_interaction
-- Install configuration: ""
-- Up-to-date: /home/tang-yucheng/Desktop/legged_nav_rl/install/go2_interaction/lib/go2_interaction/legged_interaction_node
-- Up-to-date: /home/tang-yucheng/Desktop/legged_nav_rl/install/go2_interaction/include
-- Up-to-date: /home/tang-yucheng/Desktop/legged_nav_rl/install/go2_interaction/include/legged_interaction_node.hpp
-- Up-to-date: /home/tang-yucheng/Desktop/legged_nav_rl/install/go2_interaction/share/go2_interaction/environment/library_path.sh
-- Up-to-date: /home/tang-yucheng/Desktop/legged_nav_rl/install/go2_interaction/share/go2_interaction/environment/library_path.dsv
-- Up-to-date: /home/tang-yucheng/Desktop/legged_nav_rl/install/go2_interaction/lib/libgo2_interaction.so
-- Up-to-date: /home/tang-yucheng/Desktop/legged_nav_rl/install/go2_interaction/share/ament_index/resource_index/package_run_dependencies/go2_interaction
-- Up-to-date: /home/tang-yucheng/Desktop/legged_nav_rl/install/go2_interaction/share/ament_index/resource_index/parent_prefix_path/go2_interaction
-- Up-to-date: /home/tang-yucheng/Desktop/legged_nav_rl/install/go2_interaction/share/go2_interaction/environment/ament_prefix_path.sh
-- Up-to-date: /home/tang-yucheng/Desktop/legged_nav_rl/install/go2_interaction/share/go2_interaction/environment/ament_prefix_path.dsv
-- Up-to-date: /home/tang-yucheng/Desktop/legged_nav_rl/install/go2_interaction/share/go2_interaction/environment/path.sh
-- Up-to-date: /home/tang-yucheng/Desktop/legged_nav_rl/install/go2_interaction/share/go2_interaction/environment/path.dsv
-- Up-to-date: /home/tang-yucheng/Desktop/legged_nav_rl/install/go2_interaction/share/go2_interaction/local_setup.bash
-- Up-to-date: /home/tang-yucheng/Desktop/legged_nav_rl/install/go2_interaction/share/go2_interaction/local_setup.sh
-- Up-to-date: /home/tang-yucheng/Desktop/legged_nav_rl/install/go2_interaction/share/go2_interaction/local_setup.zsh
-- Up-to-date: /home/tang-yucheng/Desktop/legged_nav_rl/install/go2_interaction/share/go2_interaction/local_setup.dsv
-- Installing: /home/tang-yucheng/Desktop/legged_nav_rl/install/go2_interaction/share/go2_interaction/package.dsv
-- Up-to-date: /home/tang-yucheng/Desktop/legged_nav_rl/install/go2_interaction/share/ament_index/resource_index/packages/go2_interaction
-- Up-to-date: /home/tang-yucheng/Desktop/legged_nav_rl/install/go2_interaction/share/ament_index/resource_index/rclcpp_components/go2_interaction
-- Up-to-date: /home/tang-yucheng/Desktop/legged_nav_rl/install/go2_interaction/share/go2_interaction/cmake/ament_cmake_export_dependencies-extras.cmake
-- Up-to-date: /home/tang-yucheng/Desktop/legged_nav_rl/install/go2_interaction/share/go2_interaction/cmake/ament_cmake_export_include_directories-extras.cmake
-- Up-to-date: /home/tang-yucheng/Desktop/legged_nav_rl/install/go2_interaction/share/go2_interaction/cmake/ament_cmake_export_libraries-extras.cmake
-- Up-to-date: /home/tang-yucheng/Desktop/legged_nav_rl/install/go2_interaction/share/go2_interaction/cmake/go2_interactionConfig.cmake
-- Up-to-date: /home/tang-yucheng/Desktop/legged_nav_rl/install/go2_interaction/share/go2_interaction/cmake/go2_interactionConfig-version.cmake
-- Up-to-date: /home/tang-yucheng/Desktop/legged_nav_rl/install/go2_interaction/share/go2_interaction/package.xml
