[0.020s] Invoking command in '/home/tang-yucheng/Desktop/legged_nav_rl/build/unitree_api': CMAKE_PREFIX_PATH=${CMAKE_PREFIX_PATH}:/opt/ros/humble /usr/bin/cmake /home/tang-yucheng/Desktop/legged_nav_rl/src/unitree_ros2/cyclonedds_ws/src/unitree/unitree_api -DCMAKE_INSTALL_PREFIX=/home/tang-yucheng/Desktop/legged_nav_rl/install/unitree_api
[0.069s] -- The C compiler identification is GNU 11.4.0
[0.124s] -- The CXX compiler identification is GNU 11.4.0
[0.129s] -- Detecting C compiler ABI info
[0.183s] -- Detecting C compiler ABI info - done
[0.189s] -- Check for working C compiler: /usr/bin/cc - skipped
[0.189s] -- Detecting C compile features
[0.189s] -- Detecting C compile features - done
[0.192s] -- Detecting CXX compiler ABI info
[0.253s] -- Detecting CXX compiler ABI info - done
[0.258s] -- Check for working CXX compiler: /usr/bin/c++ - skipped
[0.259s] -- Detecting CXX compile features
[0.259s] -- Detecting CXX compile features - done
[0.262s] -- Found ament_cmake: 1.3.9 (/opt/ros/humble/share/ament_cmake/cmake)
[0.391s] -- Found Python3: /usr/bin/python3 (found version "3.10.12") found components: Interpreter 
[0.477s] -- Found geometry_msgs: 4.2.4 (/opt/ros/humble/share/geometry_msgs/cmake)
[0.535s] -- Found rosidl_generator_c: 3.1.5 (/opt/ros/humble/share/rosidl_generator_c/cmake)
[0.541s] -- Found rosidl_adapter: 3.1.5 (/opt/ros/humble/share/rosidl_adapter/cmake)
[0.550s] -- Found rosidl_generator_cpp: 3.1.5 (/opt/ros/humble/share/rosidl_generator_cpp/cmake)
[0.563s] -- Using all available rosidl_typesupport_c: rosidl_typesupport_fastrtps_c;rosidl_typesupport_introspection_c
[0.581s] -- Using all available rosidl_typesupport_cpp: rosidl_typesupport_fastrtps_cpp;rosidl_typesupport_introspection_cpp
[0.685s] -- Found rosidl_default_generators: 1.2.0 (/opt/ros/humble/share/rosidl_default_generators/cmake)
[0.702s] -- Found rosidl_generator_dds_idl: 0.8.1 (/opt/ros/humble/share/rosidl_generator_dds_idl/cmake)
[0.999s] -- Found ament_cmake_ros: 0.10.0 (/opt/ros/humble/share/ament_cmake_ros/cmake)
[1.321s] -- Using all available rosidl_typesupport_c: rosidl_typesupport_fastrtps_c;rosidl_typesupport_introspection_c
[1.450s] -- Using all available rosidl_typesupport_cpp: rosidl_typesupport_fastrtps_cpp;rosidl_typesupport_introspection_cpp
[1.467s] -- Found PythonInterp: /usr/bin/python3 (found suitable version "3.10.12", minimum required is "3.6") 
[1.469s] -- Found python_cmake_module: 0.10.0 (/opt/ros/humble/share/python_cmake_module/cmake)
[1.499s] -- Found PythonLibs: /usr/lib/x86_64-linux-gnu/libpython3.10.so (found suitable version "3.10.12", minimum required is "3.5") 
[1.499s] -- Using PYTHON_EXECUTABLE: /usr/bin/python3
[1.499s] -- Using PYTHON_INCLUDE_DIRS: /usr/include/python3.10
[1.499s] -- Using PYTHON_LIBRARIES: /usr/lib/x86_64-linux-gnu/libpython3.10.so
[1.517s] -- Found PythonExtra: .so  
[1.590s] -- Found ament_lint_auto: 0.12.11 (/opt/ros/humble/share/ament_lint_auto/cmake)
[1.622s] -- Added test 'copyright' to check source files copyright and LICENSE
[1.626s] -- Added test 'lint_cmake' to check CMake code style
[1.626s] -- Added test 'xmllint' to check XML markup files
[1.631s] -- Configuring done
[1.689s] -- Generating done
[1.693s] -- Build files have been written to: /home/tang-yucheng/Desktop/legged_nav_rl/build/unitree_api
[1.704s] Invoked command in '/home/tang-yucheng/Desktop/legged_nav_rl/build/unitree_api' returned '0': CMAKE_PREFIX_PATH=${CMAKE_PREFIX_PATH}:/opt/ros/humble /usr/bin/cmake /home/tang-yucheng/Desktop/legged_nav_rl/src/unitree_ros2/cyclonedds_ws/src/unitree/unitree_api -DCMAKE_INSTALL_PREFIX=/home/tang-yucheng/Desktop/legged_nav_rl/install/unitree_api
[1.705s] Invoking command in '/home/tang-yucheng/Desktop/legged_nav_rl/build/unitree_api': CMAKE_PREFIX_PATH=${CMAKE_PREFIX_PATH}:/opt/ros/humble /usr/bin/cmake --build /home/tang-yucheng/Desktop/legged_nav_rl/build/unitree_api -- -j20 -l20
[1.746s] [  1%] [34m[1mGenerating C code for ROS interfaces[0m
[1.761s] [  2%] [34m[1mGenerating C++ code for ROS interfaces[0m
[1.761s] [  3%] [34m[1mGenerating DDS interfaces[0m
[1.773s] [  3%] Built target ament_cmake_python_copy_unitree_api
[2.259s] running egg_info
[2.260s] creating unitree_api.egg-info
[2.260s] writing unitree_api.egg-info/PKG-INFO
[2.261s] writing dependency_links to unitree_api.egg-info/dependency_links.txt
[2.262s] writing top-level names to unitree_api.egg-info/top_level.txt
[2.262s] writing manifest file 'unitree_api.egg-info/SOURCES.txt'
[2.285s] reading manifest file 'unitree_api.egg-info/SOURCES.txt'
[2.285s] writing manifest file 'unitree_api.egg-info/SOURCES.txt'
[2.371s] [  3%] Built target ament_cmake_python_build_unitree_api_egg
[2.541s] [  3%] Built target unitree_api__dds_connext_idl
[2.741s] [  4%] [32mBuilding C object CMakeFiles/unitree_api__rosidl_generator_c.dir/rosidl_generator_c/unitree_api/msg/detail/request__functions.c.o[0m
[2.748s] [  5%] [32mBuilding C object CMakeFiles/unitree_api__rosidl_generator_c.dir/rosidl_generator_c/unitree_api/msg/detail/request_policy__functions.c.o[0m
[2.748s] [  6%] [32mBuilding C object CMakeFiles/unitree_api__rosidl_generator_c.dir/rosidl_generator_c/unitree_api/msg/detail/request_header__functions.c.o[0m
[2.749s] [  7%] [32mBuilding C object CMakeFiles/unitree_api__rosidl_generator_c.dir/rosidl_generator_c/unitree_api/msg/detail/request_lease__functions.c.o[0m
[2.752s] [  9%] [32mBuilding C object CMakeFiles/unitree_api__rosidl_generator_c.dir/rosidl_generator_c/unitree_api/msg/detail/response_header__functions.c.o[0m
[2.753s] [ 11%] [32mBuilding C object CMakeFiles/unitree_api__rosidl_generator_c.dir/rosidl_generator_c/unitree_api/msg/detail/request_identity__functions.c.o[0m
[2.753s] [ 10%] [32mBuilding C object CMakeFiles/unitree_api__rosidl_generator_c.dir/rosidl_generator_c/unitree_api/msg/detail/response_status__functions.c.o[0m
[2.763s] [ 12%] [32mBuilding C object CMakeFiles/unitree_api__rosidl_generator_c.dir/rosidl_generator_c/unitree_api/msg/detail/response__functions.c.o[0m
[2.847s] [ 12%] Built target unitree_api__cpp
[2.878s] [ 13%] [34m[1mGenerating C++ introspection for ROS interfaces[0m
[2.883s] [ 14%] [34m[1mGenerating C++ type support dispatch for ROS interfaces[0m
[2.885s] [ 15%] [34m[1mGenerating C++ type support for eProsima Fast-RTPS[0m
[2.951s] [ 17%] [32m[1mLinking C shared library libunitree_api__rosidl_generator_c.so[0m
[3.085s] [ 17%] Built target unitree_api__rosidl_generator_c
[3.115s] [ 18%] [34m[1mGenerating C introspection for ROS interfaces[0m
[3.120s] [ 19%] [34m[1mGenerating C type support for eProsima Fast-RTPS[0m
[3.124s] [ 20%] [34m[1mGenerating C type support dispatch for ROS interfaces[0m
[3.997s] [ 21%] [32mBuilding CXX object CMakeFiles/unitree_api__rosidl_typesupport_introspection_cpp.dir/rosidl_typesupport_introspection_cpp/unitree_api/msg/detail/request__type_support.cpp.o[0m
[4.003s] [ 22%] [32mBuilding CXX object CMakeFiles/unitree_api__rosidl_typesupport_introspection_cpp.dir/rosidl_typesupport_introspection_cpp/unitree_api/msg/detail/request_identity__type_support.cpp.o[0m
[4.006s] [ 23%] [32mBuilding CXX object CMakeFiles/unitree_api__rosidl_typesupport_introspection_cpp.dir/rosidl_typesupport_introspection_cpp/unitree_api/msg/detail/request_policy__type_support.cpp.o[0m
[4.015s] [ 25%] [32mBuilding CXX object CMakeFiles/unitree_api__rosidl_typesupport_introspection_cpp.dir/rosidl_typesupport_introspection_cpp/unitree_api/msg/detail/request_header__type_support.cpp.o[0m
[4.016s] [ 26%] [32mBuilding CXX object CMakeFiles/unitree_api__rosidl_typesupport_introspection_cpp.dir/rosidl_typesupport_introspection_cpp/unitree_api/msg/detail/response__type_support.cpp.o[0m
[4.016s] [ 27%] [32mBuilding CXX object CMakeFiles/unitree_api__rosidl_typesupport_introspection_cpp.dir/rosidl_typesupport_introspection_cpp/unitree_api/msg/detail/request_lease__type_support.cpp.o[0m
[4.017s] [ 28%] [32mBuilding CXX object CMakeFiles/unitree_api__rosidl_typesupport_introspection_cpp.dir/rosidl_typesupport_introspection_cpp/unitree_api/msg/detail/response_header__type_support.cpp.o[0m
[4.032s] [ 29%] [32mBuilding CXX object CMakeFiles/unitree_api__rosidl_typesupport_introspection_cpp.dir/rosidl_typesupport_introspection_cpp/unitree_api/msg/detail/response_status__type_support.cpp.o[0m
[4.135s] [ 31%] [32mBuilding CXX object CMakeFiles/unitree_api__rosidl_typesupport_cpp.dir/rosidl_typesupport_cpp/unitree_api/msg/request__type_support.cpp.o[0m
[4.137s] [ 31%] [32mBuilding CXX object CMakeFiles/unitree_api__rosidl_typesupport_cpp.dir/rosidl_typesupport_cpp/unitree_api/msg/request_identity__type_support.cpp.o[0m
[4.145s] [ 32%] [32mBuilding CXX object CMakeFiles/unitree_api__rosidl_typesupport_cpp.dir/rosidl_typesupport_cpp/unitree_api/msg/request_header__type_support.cpp.o[0m
[4.146s] [ 34%] [32mBuilding CXX object CMakeFiles/unitree_api__rosidl_typesupport_cpp.dir/rosidl_typesupport_cpp/unitree_api/msg/request_lease__type_support.cpp.o[0m
[4.151s] [ 35%] [32mBuilding CXX object CMakeFiles/unitree_api__rosidl_typesupport_cpp.dir/rosidl_typesupport_cpp/unitree_api/msg/response__type_support.cpp.o[0m
[4.159s] [ 36%] [32mBuilding CXX object CMakeFiles/unitree_api__rosidl_typesupport_cpp.dir/rosidl_typesupport_cpp/unitree_api/msg/response_header__type_support.cpp.o[0m
[4.161s] [ 37%] [32mBuilding CXX object CMakeFiles/unitree_api__rosidl_typesupport_cpp.dir/rosidl_typesupport_cpp/unitree_api/msg/request_policy__type_support.cpp.o[0m
[4.163s] [ 38%] [32mBuilding CXX object CMakeFiles/unitree_api__rosidl_typesupport_cpp.dir/rosidl_typesupport_cpp/unitree_api/msg/response_status__type_support.cpp.o[0m
[4.627s] [ 39%] [32mBuilding CXX object CMakeFiles/unitree_api__rosidl_typesupport_c.dir/rosidl_typesupport_c/unitree_api/msg/request__type_support.cpp.o[0m
[4.737s] [ 40%] [32mBuilding CXX object CMakeFiles/unitree_api__rosidl_typesupport_fastrtps_cpp.dir/rosidl_typesupport_fastrtps_cpp/unitree_api/msg/detail/dds_fastrtps/request__type_support.cpp.o[0m
[5.234s] [ 42%] [32mBuilding C object CMakeFiles/unitree_api__rosidl_typesupport_introspection_c.dir/rosidl_typesupport_introspection_c/unitree_api/msg/detail/request__type_support.c.o[0m
[5.486s] [ 43%] [32mBuilding CXX object CMakeFiles/unitree_api__rosidl_typesupport_fastrtps_cpp.dir/rosidl_typesupport_fastrtps_cpp/unitree_api/msg/detail/dds_fastrtps/request_identity__type_support.cpp.o[0m
[5.499s] [ 44%] [32mBuilding CXX object CMakeFiles/unitree_api__rosidl_typesupport_fastrtps_c.dir/rosidl_typesupport_fastrtps_c/unitree_api/msg/detail/request__type_support_c.cpp.o[0m
[5.503s] [ 45%] [32mBuilding CXX object CMakeFiles/unitree_api__rosidl_typesupport_fastrtps_cpp.dir/rosidl_typesupport_fastrtps_cpp/unitree_api/msg/detail/dds_fastrtps/request_lease__type_support.cpp.o[0m
[5.503s] [ 46%] [32mBuilding CXX object CMakeFiles/unitree_api__rosidl_typesupport_fastrtps_cpp.dir/rosidl_typesupport_fastrtps_cpp/unitree_api/msg/detail/dds_fastrtps/request_header__type_support.cpp.o[0m
[5.508s] [ 47%] [32mBuilding CXX object CMakeFiles/unitree_api__rosidl_typesupport_c.dir/rosidl_typesupport_c/unitree_api/msg/request_header__type_support.cpp.o[0m
[5.510s] [ 48%] [32mBuilding CXX object CMakeFiles/unitree_api__rosidl_typesupport_c.dir/rosidl_typesupport_c/unitree_api/msg/request_identity__type_support.cpp.o[0m
[5.512s] [ 50%] [32mBuilding CXX object CMakeFiles/unitree_api__rosidl_typesupport_c.dir/rosidl_typesupport_c/unitree_api/msg/request_lease__type_support.cpp.o[0m
[5.514s] [ 51%] [32mBuilding C object CMakeFiles/unitree_api__rosidl_typesupport_introspection_c.dir/rosidl_typesupport_introspection_c/unitree_api/msg/detail/request_lease__type_support.c.o[0m
[5.516s] [ 52%] [32mBuilding CXX object CMakeFiles/unitree_api__rosidl_typesupport_fastrtps_c.dir/rosidl_typesupport_fastrtps_c/unitree_api/msg/detail/request_header__type_support_c.cpp.o[0m
[5.523s] [ 53%] [32mBuilding C object CMakeFiles/unitree_api__rosidl_typesupport_introspection_c.dir/rosidl_typesupport_introspection_c/unitree_api/msg/detail/request_identity__type_support.c.o[0m
[5.527s] [ 54%] [32mBuilding CXX object CMakeFiles/unitree_api__rosidl_typesupport_fastrtps_cpp.dir/rosidl_typesupport_fastrtps_cpp/unitree_api/msg/detail/dds_fastrtps/request_policy__type_support.cpp.o[0m
[5.539s] [ 55%] [32mBuilding CXX object CMakeFiles/unitree_api__rosidl_typesupport_fastrtps_c.dir/rosidl_typesupport_fastrtps_c/unitree_api/msg/detail/request_identity__type_support_c.cpp.o[0m
[5.540s] [ 56%] [32mBuilding C object CMakeFiles/unitree_api__rosidl_typesupport_introspection_c.dir/rosidl_typesupport_introspection_c/unitree_api/msg/detail/request_header__type_support.c.o[0m
[5.557s] [ 57%] [32mBuilding CXX object CMakeFiles/unitree_api__rosidl_typesupport_fastrtps_c.dir/rosidl_typesupport_fastrtps_c/unitree_api/msg/detail/request_lease__type_support_c.cpp.o[0m
[5.565s] [ 59%] [32m[1mLinking CXX shared library libunitree_api__rosidl_typesupport_cpp.so[0m
[5.572s] [ 60%] [32mBuilding CXX object CMakeFiles/unitree_api__rosidl_typesupport_c.dir/rosidl_typesupport_c/unitree_api/msg/request_policy__type_support.cpp.o[0m
[5.594s] [ 61%] [32mBuilding C object CMakeFiles/unitree_api__rosidl_typesupport_introspection_c.dir/rosidl_typesupport_introspection_c/unitree_api/msg/detail/request_policy__type_support.c.o[0m
[5.643s] [ 62%] [32mBuilding CXX object CMakeFiles/unitree_api__rosidl_typesupport_fastrtps_c.dir/rosidl_typesupport_fastrtps_c/unitree_api/msg/detail/response__type_support_c.cpp.o[0m
[5.644s] [ 63%] [32m[1mLinking CXX shared library libunitree_api__rosidl_typesupport_introspection_cpp.so[0m
[5.647s] [ 64%] [32mBuilding CXX object CMakeFiles/unitree_api__rosidl_typesupport_fastrtps_c.dir/rosidl_typesupport_fastrtps_c/unitree_api/msg/detail/request_policy__type_support_c.cpp.o[0m
[5.665s] [ 65%] [32mBuilding CXX object CMakeFiles/unitree_api__rosidl_typesupport_fastrtps_cpp.dir/rosidl_typesupport_fastrtps_cpp/unitree_api/msg/detail/dds_fastrtps/response__type_support.cpp.o[0m
[5.676s] [ 67%] [32mBuilding C object CMakeFiles/unitree_api__rosidl_typesupport_introspection_c.dir/rosidl_typesupport_introspection_c/unitree_api/msg/detail/response__type_support.c.o[0m
[5.692s] [ 68%] [32mBuilding CXX object CMakeFiles/unitree_api__rosidl_typesupport_fastrtps_c.dir/rosidl_typesupport_fastrtps_c/unitree_api/msg/detail/response_header__type_support_c.cpp.o[0m
[5.694s] [ 69%] [32mBuilding C object CMakeFiles/unitree_api__rosidl_typesupport_introspection_c.dir/rosidl_typesupport_introspection_c/unitree_api/msg/detail/response_status__type_support.c.o[0m
[5.702s] [ 70%] [32mBuilding C object CMakeFiles/unitree_api__rosidl_typesupport_introspection_c.dir/rosidl_typesupport_introspection_c/unitree_api/msg/detail/response_header__type_support.c.o[0m
[5.743s] [ 71%] [32mBuilding CXX object CMakeFiles/unitree_api__rosidl_typesupport_c.dir/rosidl_typesupport_c/unitree_api/msg/response__type_support.cpp.o[0m
[5.764s] [ 72%] [32mBuilding CXX object CMakeFiles/unitree_api__rosidl_typesupport_fastrtps_cpp.dir/rosidl_typesupport_fastrtps_cpp/unitree_api/msg/detail/dds_fastrtps/response_header__type_support.cpp.o[0m
[5.791s] [ 72%] Built target unitree_api__rosidl_typesupport_cpp
[5.839s] [ 73%] [32mBuilding CXX object CMakeFiles/unitree_api__rosidl_typesupport_fastrtps_c.dir/rosidl_typesupport_fastrtps_c/unitree_api/msg/detail/response_status__type_support_c.cpp.o[0m
[5.862s] [ 75%] [32mBuilding CXX object CMakeFiles/unitree_api__rosidl_typesupport_fastrtps_cpp.dir/rosidl_typesupport_fastrtps_cpp/unitree_api/msg/detail/dds_fastrtps/response_status__type_support.cpp.o[0m
[5.869s] [ 76%] [32mBuilding CXX object CMakeFiles/unitree_api__rosidl_typesupport_c.dir/rosidl_typesupport_c/unitree_api/msg/response_header__type_support.cpp.o[0m
[5.916s] [ 77%] [32m[1mLinking C shared library libunitree_api__rosidl_typesupport_introspection_c.so[0m
[5.954s] [ 78%] [32mBuilding CXX object CMakeFiles/unitree_api__rosidl_typesupport_c.dir/rosidl_typesupport_c/unitree_api/msg/response_status__type_support.cpp.o[0m
[6.104s] [ 78%] Built target unitree_api__rosidl_typesupport_introspection_c
[6.117s] [ 78%] Built target unitree_api__rosidl_typesupport_introspection_cpp
[6.137s] [ 79%] [32m[1mLinking CXX shared library libunitree_api__rosidl_typesupport_c.so[0m
[6.347s] [ 79%] Built target unitree_api__rosidl_typesupport_c
[8.028s] [ 80%] [32m[1mLinking CXX shared library libunitree_api__rosidl_typesupport_fastrtps_c.so[0m
[8.308s] [ 80%] Built target unitree_api__rosidl_typesupport_fastrtps_c
[8.802s] [ 81%] [32m[1mLinking CXX shared library libunitree_api__rosidl_typesupport_fastrtps_cpp.so[0m
[9.241s] [ 81%] Built target unitree_api__rosidl_typesupport_fastrtps_cpp
[9.296s] [ 81%] Built target unitree_api
[9.401s] [ 82%] [34m[1mGenerating Python code for ROS interfaces[0m
[11.536s] [ 82%] Built target unitree_api__py
[11.611s] [ 84%] [32mBuilding C object CMakeFiles/unitree_api__rosidl_generator_py.dir/rosidl_generator_py/unitree_api/msg/_request_s.c.o[0m
[11.616s] [ 85%] [32mBuilding C object CMakeFiles/unitree_api__rosidl_generator_py.dir/rosidl_generator_py/unitree_api/msg/_request_identity_s.c.o[0m
[11.616s] [ 87%] [32mBuilding C object CMakeFiles/unitree_api__rosidl_generator_py.dir/rosidl_generator_py/unitree_api/msg/_request_lease_s.c.o[0m
[11.616s] [ 87%] [32mBuilding C object CMakeFiles/unitree_api__rosidl_generator_py.dir/rosidl_generator_py/unitree_api/msg/_request_header_s.c.o[0m
[11.621s] [ 88%] [32mBuilding C object CMakeFiles/unitree_api__rosidl_generator_py.dir/rosidl_generator_py/unitree_api/msg/_request_policy_s.c.o[0m
[11.625s] [ 89%] [32mBuilding C object CMakeFiles/unitree_api__rosidl_generator_py.dir/rosidl_generator_py/unitree_api/msg/_response_status_s.c.o[0m
[11.644s] [ 90%] [32mBuilding C object CMakeFiles/unitree_api__rosidl_generator_py.dir/rosidl_generator_py/unitree_api/msg/_response_header_s.c.o[0m
[11.644s] [ 92%] [32mBuilding C object CMakeFiles/unitree_api__rosidl_generator_py.dir/rosidl_generator_py/unitree_api/msg/_response_s.c.o[0m
[12.071s] [ 93%] [32m[1mLinking C shared library rosidl_generator_py/unitree_api/libunitree_api__rosidl_generator_py.so[0m
[12.174s] [ 93%] Built target unitree_api__rosidl_generator_py
[12.232s] [ 94%] [32mBuilding C object CMakeFiles/unitree_api__rosidl_typesupport_introspection_c__pyext.dir/rosidl_generator_py/unitree_api/_unitree_api_s.ep.rosidl_typesupport_introspection_c.c.o[0m
[12.248s] [ 95%] [32mBuilding C object CMakeFiles/unitree_api__rosidl_typesupport_fastrtps_c__pyext.dir/rosidl_generator_py/unitree_api/_unitree_api_s.ep.rosidl_typesupport_fastrtps_c.c.o[0m
[12.267s] [ 96%] [32mBuilding C object CMakeFiles/unitree_api__rosidl_typesupport_c__pyext.dir/rosidl_generator_py/unitree_api/_unitree_api_s.ep.rosidl_typesupport_c.c.o[0m
[12.554s] [ 97%] [32m[1mLinking C shared library rosidl_generator_py/unitree_api/unitree_api_s__rosidl_typesupport_introspection_c.cpython-310-x86_64-linux-gnu.so[0m
[12.594s] [ 98%] [32m[1mLinking C shared library rosidl_generator_py/unitree_api/unitree_api_s__rosidl_typesupport_c.cpython-310-x86_64-linux-gnu.so[0m
[12.604s] [100%] [32m[1mLinking C shared library rosidl_generator_py/unitree_api/unitree_api_s__rosidl_typesupport_fastrtps_c.cpython-310-x86_64-linux-gnu.so[0m
[12.627s] [100%] Built target unitree_api__rosidl_typesupport_introspection_c__pyext
[12.718s] [100%] Built target unitree_api__rosidl_typesupport_c__pyext
[12.727s] [100%] Built target unitree_api__rosidl_typesupport_fastrtps_c__pyext
[12.773s] Invoked command in '/home/tang-yucheng/Desktop/legged_nav_rl/build/unitree_api' returned '0': CMAKE_PREFIX_PATH=${CMAKE_PREFIX_PATH}:/opt/ros/humble /usr/bin/cmake --build /home/tang-yucheng/Desktop/legged_nav_rl/build/unitree_api -- -j20 -l20
[13.626s] Invoking command in '/home/tang-yucheng/Desktop/legged_nav_rl/build/unitree_api': CMAKE_PREFIX_PATH=${CMAKE_PREFIX_PATH}:/opt/ros/humble /usr/bin/cmake --install /home/tang-yucheng/Desktop/legged_nav_rl/build/unitree_api
[13.655s] -- Install configuration: ""
[13.655s] -- Installing: /home/tang-yucheng/Desktop/legged_nav_rl/install/unitree_api/share/ament_index/resource_index/rosidl_interfaces/unitree_api
[13.656s] -- Installing: /home/tang-yucheng/Desktop/legged_nav_rl/install/unitree_api/include/unitree_api/unitree_api
[13.656s] -- Installing: /home/tang-yucheng/Desktop/legged_nav_rl/install/unitree_api/include/unitree_api/unitree_api/msg
[13.656s] -- Installing: /home/tang-yucheng/Desktop/legged_nav_rl/install/unitree_api/include/unitree_api/unitree_api/msg/response_header.h
[13.656s] -- Installing: /home/tang-yucheng/Desktop/legged_nav_rl/install/unitree_api/include/unitree_api/unitree_api/msg/rosidl_generator_c__visibility_control.h
[13.656s] -- Installing: /home/tang-yucheng/Desktop/legged_nav_rl/install/unitree_api/include/unitree_api/unitree_api/msg/request_identity.h
[13.656s] -- Installing: /home/tang-yucheng/Desktop/legged_nav_rl/install/unitree_api/include/unitree_api/unitree_api/msg/request_header.h
[13.656s] -- Installing: /home/tang-yucheng/Desktop/legged_nav_rl/install/unitree_api/include/unitree_api/unitree_api/msg/request.h
[13.656s] -- Installing: /home/tang-yucheng/Desktop/legged_nav_rl/install/unitree_api/include/unitree_api/unitree_api/msg/request_policy.h
[13.656s] -- Installing: /home/tang-yucheng/Desktop/legged_nav_rl/install/unitree_api/include/unitree_api/unitree_api/msg/response.h
[13.656s] -- Installing: /home/tang-yucheng/Desktop/legged_nav_rl/install/unitree_api/include/unitree_api/unitree_api/msg/request_lease.h
[13.656s] -- Installing: /home/tang-yucheng/Desktop/legged_nav_rl/install/unitree_api/include/unitree_api/unitree_api/msg/detail
[13.656s] -- Installing: /home/tang-yucheng/Desktop/legged_nav_rl/install/unitree_api/include/unitree_api/unitree_api/msg/detail/request_identity__functions.c
[13.656s] -- Installing: /home/tang-yucheng/Desktop/legged_nav_rl/install/unitree_api/include/unitree_api/unitree_api/msg/detail/response_status__functions.c
[13.656s] -- Installing: /home/tang-yucheng/Desktop/legged_nav_rl/install/unitree_api/include/unitree_api/unitree_api/msg/detail/request__functions.h
[13.657s] -- Installing: /home/tang-yucheng/Desktop/legged_nav_rl/install/unitree_api/include/unitree_api/unitree_api/msg/detail/response__type_support.h
[13.657s] -- Installing: /home/tang-yucheng/Desktop/legged_nav_rl/install/unitree_api/include/unitree_api/unitree_api/msg/detail/request_header__functions.h
[13.657s] -- Installing: /home/tang-yucheng/Desktop/legged_nav_rl/install/unitree_api/include/unitree_api/unitree_api/msg/detail/request__struct.h
[13.657s] -- Installing: /home/tang-yucheng/Desktop/legged_nav_rl/install/unitree_api/include/unitree_api/unitree_api/msg/detail/request_identity__type_support.h
[13.657s] -- Installing: /home/tang-yucheng/Desktop/legged_nav_rl/install/unitree_api/include/unitree_api/unitree_api/msg/detail/request_policy__struct.h
[13.657s] -- Installing: /home/tang-yucheng/Desktop/legged_nav_rl/install/unitree_api/include/unitree_api/unitree_api/msg/detail/request__functions.c
[13.657s] -- Installing: /home/tang-yucheng/Desktop/legged_nav_rl/install/unitree_api/include/unitree_api/unitree_api/msg/detail/response_header__functions.c
[13.658s] -- Installing: /home/tang-yucheng/Desktop/legged_nav_rl/install/unitree_api/include/unitree_api/unitree_api/msg/detail/response__functions.c
[13.658s] -- Installing: /home/tang-yucheng/Desktop/legged_nav_rl/install/unitree_api/include/unitree_api/unitree_api/msg/detail/request__type_support.h
[13.658s] -- Installing: /home/tang-yucheng/Desktop/legged_nav_rl/install/unitree_api/include/unitree_api/unitree_api/msg/detail/response_status__struct.h
[13.658s] -- Installing: /home/tang-yucheng/Desktop/legged_nav_rl/install/unitree_api/include/unitree_api/unitree_api/msg/detail/response_header__struct.h
[13.658s] -- Installing: /home/tang-yucheng/Desktop/legged_nav_rl/install/unitree_api/include/unitree_api/unitree_api/msg/detail/request_header__functions.c
[13.658s] -- Installing: /home/tang-yucheng/Desktop/legged_nav_rl/install/unitree_api/include/unitree_api/unitree_api/msg/detail/response__struct.h
[13.658s] -- Installing: /home/tang-yucheng/Desktop/legged_nav_rl/install/unitree_api/include/unitree_api/unitree_api/msg/detail/request_policy__functions.h
[13.658s] -- Installing: /home/tang-yucheng/Desktop/legged_nav_rl/install/unitree_api/include/unitree_api/unitree_api/msg/detail/request_policy__type_support.h
[13.659s] -- Installing: /home/tang-yucheng/Desktop/legged_nav_rl/install/unitree_api/include/unitree_api/unitree_api/msg/detail/request_lease__type_support.h
[13.659s] -- Installing: /home/tang-yucheng/Desktop/legged_nav_rl/install/unitree_api/include/unitree_api/unitree_api/msg/detail/response_status__type_support.h
[13.659s] -- Installing: /home/tang-yucheng/Desktop/legged_nav_rl/install/unitree_api/include/unitree_api/unitree_api/msg/detail/request_lease__struct.h
[13.659s] -- Installing: /home/tang-yucheng/Desktop/legged_nav_rl/install/unitree_api/include/unitree_api/unitree_api/msg/detail/response__functions.h
[13.659s] -- Installing: /home/tang-yucheng/Desktop/legged_nav_rl/install/unitree_api/include/unitree_api/unitree_api/msg/detail/response_header__functions.h
[13.659s] -- Installing: /home/tang-yucheng/Desktop/legged_nav_rl/install/unitree_api/include/unitree_api/unitree_api/msg/detail/response_status__functions.h
[13.659s] -- Installing: /home/tang-yucheng/Desktop/legged_nav_rl/install/unitree_api/include/unitree_api/unitree_api/msg/detail/response_header__type_support.h
[13.659s] -- Installing: /home/tang-yucheng/Desktop/legged_nav_rl/install/unitree_api/include/unitree_api/unitree_api/msg/detail/request_lease__functions.c
[13.659s] -- Installing: /home/tang-yucheng/Desktop/legged_nav_rl/install/unitree_api/include/unitree_api/unitree_api/msg/detail/request_identity__functions.h
[13.663s] -- Installing: /home/tang-yucheng/Desktop/legged_nav_rl/install/unitree_api/include/unitree_api/unitree_api/msg/detail/request_lease__functions.h
[13.663s] -- Installing: /home/tang-yucheng/Desktop/legged_nav_rl/install/unitree_api/include/unitree_api/unitree_api/msg/detail/request_policy__functions.c
[13.663s] -- Installing: /home/tang-yucheng/Desktop/legged_nav_rl/install/unitree_api/include/unitree_api/unitree_api/msg/detail/request_identity__struct.h
[13.664s] -- Installing: /home/tang-yucheng/Desktop/legged_nav_rl/install/unitree_api/include/unitree_api/unitree_api/msg/detail/request_header__type_support.h
[13.664s] -- Installing: /home/tang-yucheng/Desktop/legged_nav_rl/install/unitree_api/include/unitree_api/unitree_api/msg/detail/request_header__struct.h
[13.664s] -- Installing: /home/tang-yucheng/Desktop/legged_nav_rl/install/unitree_api/include/unitree_api/unitree_api/msg/response_status.h
[13.664s] -- Installing: /home/tang-yucheng/Desktop/legged_nav_rl/install/unitree_api/share/unitree_api/environment/library_path.sh
[13.664s] -- Installing: /home/tang-yucheng/Desktop/legged_nav_rl/install/unitree_api/share/unitree_api/environment/library_path.dsv
[13.664s] -- Installing: /home/tang-yucheng/Desktop/legged_nav_rl/install/unitree_api/lib/libunitree_api__rosidl_generator_c.so
[13.664s] -- Set runtime path of "/home/tang-yucheng/Desktop/legged_nav_rl/install/unitree_api/lib/libunitree_api__rosidl_generator_c.so" to ""
[13.664s] -- Up-to-date: /home/tang-yucheng/Desktop/legged_nav_rl/install/unitree_api/include/unitree_api/unitree_api
[13.664s] -- Up-to-date: /home/tang-yucheng/Desktop/legged_nav_rl/install/unitree_api/include/unitree_api/unitree_api/msg
[13.664s] -- Installing: /home/tang-yucheng/Desktop/legged_nav_rl/install/unitree_api/include/unitree_api/unitree_api/msg/rosidl_typesupport_fastrtps_c__visibility_control.h
[13.664s] -- Up-to-date: /home/tang-yucheng/Desktop/legged_nav_rl/install/unitree_api/include/unitree_api/unitree_api/msg/detail
[13.664s] -- Installing: /home/tang-yucheng/Desktop/legged_nav_rl/install/unitree_api/include/unitree_api/unitree_api/msg/detail/response_status__rosidl_typesupport_fastrtps_c.h
[13.665s] -- Installing: /home/tang-yucheng/Desktop/legged_nav_rl/install/unitree_api/include/unitree_api/unitree_api/msg/detail/request_header__rosidl_typesupport_fastrtps_c.h
[13.665s] -- Installing: /home/tang-yucheng/Desktop/legged_nav_rl/install/unitree_api/include/unitree_api/unitree_api/msg/detail/request_policy__rosidl_typesupport_fastrtps_c.h
[13.665s] -- Installing: /home/tang-yucheng/Desktop/legged_nav_rl/install/unitree_api/include/unitree_api/unitree_api/msg/detail/request_lease__rosidl_typesupport_fastrtps_c.h
[13.667s] -- Installing: /home/tang-yucheng/Desktop/legged_nav_rl/install/unitree_api/include/unitree_api/unitree_api/msg/detail/response__rosidl_typesupport_fastrtps_c.h
[13.667s] -- Installing: /home/tang-yucheng/Desktop/legged_nav_rl/install/unitree_api/include/unitree_api/unitree_api/msg/detail/request__rosidl_typesupport_fastrtps_c.h
[13.667s] -- Installing: /home/tang-yucheng/Desktop/legged_nav_rl/install/unitree_api/include/unitree_api/unitree_api/msg/detail/request_identity__rosidl_typesupport_fastrtps_c.h
[13.667s] -- Installing: /home/tang-yucheng/Desktop/legged_nav_rl/install/unitree_api/include/unitree_api/unitree_api/msg/detail/response_header__rosidl_typesupport_fastrtps_c.h
[13.667s] -- Installing: /home/tang-yucheng/Desktop/legged_nav_rl/install/unitree_api/lib/libunitree_api__rosidl_typesupport_fastrtps_c.so
[13.667s] -- Set runtime path of "/home/tang-yucheng/Desktop/legged_nav_rl/install/unitree_api/lib/libunitree_api__rosidl_typesupport_fastrtps_c.so" to ""
[13.667s] -- Up-to-date: /home/tang-yucheng/Desktop/legged_nav_rl/install/unitree_api/include/unitree_api/unitree_api
[13.667s] -- Up-to-date: /home/tang-yucheng/Desktop/legged_nav_rl/install/unitree_api/include/unitree_api/unitree_api/msg
[13.667s] -- Installing: /home/tang-yucheng/Desktop/legged_nav_rl/install/unitree_api/include/unitree_api/unitree_api/msg/response_header.hpp
[13.667s] -- Installing: /home/tang-yucheng/Desktop/legged_nav_rl/install/unitree_api/include/unitree_api/unitree_api/msg/request_header.hpp
[13.667s] -- Installing: /home/tang-yucheng/Desktop/legged_nav_rl/install/unitree_api/include/unitree_api/unitree_api/msg/response.hpp
[13.668s] -- Installing: /home/tang-yucheng/Desktop/legged_nav_rl/install/unitree_api/include/unitree_api/unitree_api/msg/request_identity.hpp
[13.668s] -- Installing: /home/tang-yucheng/Desktop/legged_nav_rl/install/unitree_api/include/unitree_api/unitree_api/msg/response_status.hpp
[13.668s] -- Installing: /home/tang-yucheng/Desktop/legged_nav_rl/install/unitree_api/include/unitree_api/unitree_api/msg/request.hpp
[13.668s] -- Installing: /home/tang-yucheng/Desktop/legged_nav_rl/install/unitree_api/include/unitree_api/unitree_api/msg/request_lease.hpp
[13.669s] -- Installing: /home/tang-yucheng/Desktop/legged_nav_rl/install/unitree_api/include/unitree_api/unitree_api/msg/request_policy.hpp
[13.669s] -- Up-to-date: /home/tang-yucheng/Desktop/legged_nav_rl/install/unitree_api/include/unitree_api/unitree_api/msg/detail
[13.669s] -- Installing: /home/tang-yucheng/Desktop/legged_nav_rl/install/unitree_api/include/unitree_api/unitree_api/msg/detail/response__traits.hpp
[13.669s] -- Installing: /home/tang-yucheng/Desktop/legged_nav_rl/install/unitree_api/include/unitree_api/unitree_api/msg/detail/request__traits.hpp
[13.669s] -- Installing: /home/tang-yucheng/Desktop/legged_nav_rl/install/unitree_api/include/unitree_api/unitree_api/msg/detail/request_identity__builder.hpp
[13.672s] -- Installing: /home/tang-yucheng/Desktop/legged_nav_rl/install/unitree_api/include/unitree_api/unitree_api/msg/detail/request_header__builder.hpp
[13.672s] -- Installing: /home/tang-yucheng/Desktop/legged_nav_rl/install/unitree_api/include/unitree_api/unitree_api/msg/detail/request_identity__traits.hpp
[13.672s] -- Installing: /home/tang-yucheng/Desktop/legged_nav_rl/install/unitree_api/include/unitree_api/unitree_api/msg/detail/request__builder.hpp
[13.672s] -- Installing: /home/tang-yucheng/Desktop/legged_nav_rl/install/unitree_api/include/unitree_api/unitree_api/msg/detail/request__struct.hpp
[13.672s] -- Installing: /home/tang-yucheng/Desktop/legged_nav_rl/install/unitree_api/include/unitree_api/unitree_api/msg/detail/response_status__builder.hpp
[13.674s] -- Installing: /home/tang-yucheng/Desktop/legged_nav_rl/install/unitree_api/include/unitree_api/unitree_api/msg/detail/response_status__traits.hpp
[13.674s] -- Installing: /home/tang-yucheng/Desktop/legged_nav_rl/install/unitree_api/include/unitree_api/unitree_api/msg/detail/request_lease__builder.hpp
[13.674s] -- Installing: /home/tang-yucheng/Desktop/legged_nav_rl/install/unitree_api/include/unitree_api/unitree_api/msg/detail/request_policy__traits.hpp
[13.675s] -- Installing: /home/tang-yucheng/Desktop/legged_nav_rl/install/unitree_api/include/unitree_api/unitree_api/msg/detail/response_header__traits.hpp
[13.675s] -- Installing: /home/tang-yucheng/Desktop/legged_nav_rl/install/unitree_api/include/unitree_api/unitree_api/msg/detail/response_header__struct.hpp
[13.675s] -- Installing: /home/tang-yucheng/Desktop/legged_nav_rl/install/unitree_api/include/unitree_api/unitree_api/msg/detail/response_header__builder.hpp
[13.675s] -- Installing: /home/tang-yucheng/Desktop/legged_nav_rl/install/unitree_api/include/unitree_api/unitree_api/msg/detail/request_lease__traits.hpp
[13.675s] -- Installing: /home/tang-yucheng/Desktop/legged_nav_rl/install/unitree_api/include/unitree_api/unitree_api/msg/detail/request_policy__builder.hpp
[13.675s] -- Installing: /home/tang-yucheng/Desktop/legged_nav_rl/install/unitree_api/include/unitree_api/unitree_api/msg/detail/response__struct.hpp
[13.675s] -- Installing: /home/tang-yucheng/Desktop/legged_nav_rl/install/unitree_api/include/unitree_api/unitree_api/msg/detail/request_header__traits.hpp
[13.675s] -- Installing: /home/tang-yucheng/Desktop/legged_nav_rl/install/unitree_api/include/unitree_api/unitree_api/msg/detail/request_identity__struct.hpp
[13.675s] -- Installing: /home/tang-yucheng/Desktop/legged_nav_rl/install/unitree_api/include/unitree_api/unitree_api/msg/detail/response__builder.hpp
[13.675s] -- Installing: /home/tang-yucheng/Desktop/legged_nav_rl/install/unitree_api/include/unitree_api/unitree_api/msg/detail/response_status__struct.hpp
[13.675s] -- Installing: /home/tang-yucheng/Desktop/legged_nav_rl/install/unitree_api/include/unitree_api/unitree_api/msg/detail/request_policy__struct.hpp
[13.675s] -- Installing: /home/tang-yucheng/Desktop/legged_nav_rl/install/unitree_api/include/unitree_api/unitree_api/msg/detail/request_header__struct.hpp
[13.675s] -- Installing: /home/tang-yucheng/Desktop/legged_nav_rl/install/unitree_api/include/unitree_api/unitree_api/msg/detail/request_lease__struct.hpp
[13.675s] -- Up-to-date: /home/tang-yucheng/Desktop/legged_nav_rl/install/unitree_api/include/unitree_api/unitree_api
[13.675s] -- Up-to-date: /home/tang-yucheng/Desktop/legged_nav_rl/install/unitree_api/include/unitree_api/unitree_api/msg
[13.675s] -- Installing: /home/tang-yucheng/Desktop/legged_nav_rl/install/unitree_api/include/unitree_api/unitree_api/msg/rosidl_typesupport_fastrtps_cpp__visibility_control.h
[13.675s] -- Up-to-date: /home/tang-yucheng/Desktop/legged_nav_rl/install/unitree_api/include/unitree_api/unitree_api/msg/detail
[13.675s] -- Installing: /home/tang-yucheng/Desktop/legged_nav_rl/install/unitree_api/include/unitree_api/unitree_api/msg/detail/request_lease__rosidl_typesupport_fastrtps_cpp.hpp
[13.675s] -- Installing: /home/tang-yucheng/Desktop/legged_nav_rl/install/unitree_api/include/unitree_api/unitree_api/msg/detail/response_header__rosidl_typesupport_fastrtps_cpp.hpp
[13.676s] -- Installing: /home/tang-yucheng/Desktop/legged_nav_rl/install/unitree_api/include/unitree_api/unitree_api/msg/detail/request_identity__rosidl_typesupport_fastrtps_cpp.hpp
[13.676s] -- Installing: /home/tang-yucheng/Desktop/legged_nav_rl/install/unitree_api/include/unitree_api/unitree_api/msg/detail/dds_fastrtps
[13.676s] -- Installing: /home/tang-yucheng/Desktop/legged_nav_rl/install/unitree_api/include/unitree_api/unitree_api/msg/detail/request_header__rosidl_typesupport_fastrtps_cpp.hpp
[13.676s] -- Installing: /home/tang-yucheng/Desktop/legged_nav_rl/install/unitree_api/include/unitree_api/unitree_api/msg/detail/response__rosidl_typesupport_fastrtps_cpp.hpp
[13.676s] -- Installing: /home/tang-yucheng/Desktop/legged_nav_rl/install/unitree_api/include/unitree_api/unitree_api/msg/detail/response_status__rosidl_typesupport_fastrtps_cpp.hpp
[13.676s] -- Installing: /home/tang-yucheng/Desktop/legged_nav_rl/install/unitree_api/include/unitree_api/unitree_api/msg/detail/request_policy__rosidl_typesupport_fastrtps_cpp.hpp
[13.676s] -- Installing: /home/tang-yucheng/Desktop/legged_nav_rl/install/unitree_api/include/unitree_api/unitree_api/msg/detail/request__rosidl_typesupport_fastrtps_cpp.hpp
[13.676s] -- Installing: /home/tang-yucheng/Desktop/legged_nav_rl/install/unitree_api/lib/libunitree_api__rosidl_typesupport_fastrtps_cpp.so
[13.679s] -- Set runtime path of "/home/tang-yucheng/Desktop/legged_nav_rl/install/unitree_api/lib/libunitree_api__rosidl_typesupport_fastrtps_cpp.so" to ""
[13.679s] -- Up-to-date: /home/tang-yucheng/Desktop/legged_nav_rl/install/unitree_api/include/unitree_api/unitree_api
[13.683s] -- Up-to-date: /home/tang-yucheng/Desktop/legged_nav_rl/install/unitree_api/include/unitree_api/unitree_api/msg
[13.683s] -- Installing: /home/tang-yucheng/Desktop/legged_nav_rl/install/unitree_api/include/unitree_api/unitree_api/msg/rosidl_typesupport_introspection_c__visibility_control.h
[13.683s] -- Up-to-date: /home/tang-yucheng/Desktop/legged_nav_rl/install/unitree_api/include/unitree_api/unitree_api/msg/detail
[13.683s] -- Installing: /home/tang-yucheng/Desktop/legged_nav_rl/install/unitree_api/include/unitree_api/unitree_api/msg/detail/request_identity__rosidl_typesupport_introspection_c.h
[13.684s] -- Installing: /home/tang-yucheng/Desktop/legged_nav_rl/install/unitree_api/include/unitree_api/unitree_api/msg/detail/request_header__rosidl_typesupport_introspection_c.h
[13.684s] -- Installing: /home/tang-yucheng/Desktop/legged_nav_rl/install/unitree_api/include/unitree_api/unitree_api/msg/detail/response_header__type_support.c
[13.684s] -- Installing: /home/tang-yucheng/Desktop/legged_nav_rl/install/unitree_api/include/unitree_api/unitree_api/msg/detail/response_header__rosidl_typesupport_introspection_c.h
[13.684s] -- Installing: /home/tang-yucheng/Desktop/legged_nav_rl/install/unitree_api/include/unitree_api/unitree_api/msg/detail/response_status__rosidl_typesupport_introspection_c.h
[13.684s] -- Installing: /home/tang-yucheng/Desktop/legged_nav_rl/install/unitree_api/include/unitree_api/unitree_api/msg/detail/request_identity__type_support.c
[13.684s] -- Installing: /home/tang-yucheng/Desktop/legged_nav_rl/install/unitree_api/include/unitree_api/unitree_api/msg/detail/response__type_support.c
[13.684s] -- Installing: /home/tang-yucheng/Desktop/legged_nav_rl/install/unitree_api/include/unitree_api/unitree_api/msg/detail/request_lease__type_support.c
[13.684s] -- Installing: /home/tang-yucheng/Desktop/legged_nav_rl/install/unitree_api/include/unitree_api/unitree_api/msg/detail/request_policy__rosidl_typesupport_introspection_c.h
[13.684s] -- Installing: /home/tang-yucheng/Desktop/legged_nav_rl/install/unitree_api/include/unitree_api/unitree_api/msg/detail/response__rosidl_typesupport_introspection_c.h
[13.684s] -- Installing: /home/tang-yucheng/Desktop/legged_nav_rl/install/unitree_api/include/unitree_api/unitree_api/msg/detail/request__rosidl_typesupport_introspection_c.h
[13.684s] -- Installing: /home/tang-yucheng/Desktop/legged_nav_rl/install/unitree_api/include/unitree_api/unitree_api/msg/detail/request_lease__rosidl_typesupport_introspection_c.h
[13.684s] -- Installing: /home/tang-yucheng/Desktop/legged_nav_rl/install/unitree_api/include/unitree_api/unitree_api/msg/detail/request_policy__type_support.c
[13.684s] -- Installing: /home/tang-yucheng/Desktop/legged_nav_rl/install/unitree_api/include/unitree_api/unitree_api/msg/detail/request_header__type_support.c
[13.684s] -- Installing: /home/tang-yucheng/Desktop/legged_nav_rl/install/unitree_api/include/unitree_api/unitree_api/msg/detail/request__type_support.c
[13.684s] -- Installing: /home/tang-yucheng/Desktop/legged_nav_rl/install/unitree_api/include/unitree_api/unitree_api/msg/detail/response_status__type_support.c
[13.688s] -- Installing: /home/tang-yucheng/Desktop/legged_nav_rl/install/unitree_api/lib/libunitree_api__rosidl_typesupport_introspection_c.so
[13.688s] -- Set runtime path of "/home/tang-yucheng/Desktop/legged_nav_rl/install/unitree_api/lib/libunitree_api__rosidl_typesupport_introspection_c.so" to ""
[13.688s] -- Installing: /home/tang-yucheng/Desktop/legged_nav_rl/install/unitree_api/lib/libunitree_api__rosidl_typesupport_c.so
[13.688s] -- Set runtime path of "/home/tang-yucheng/Desktop/legged_nav_rl/install/unitree_api/lib/libunitree_api__rosidl_typesupport_c.so" to ""
[13.688s] -- Up-to-date: /home/tang-yucheng/Desktop/legged_nav_rl/install/unitree_api/include/unitree_api/unitree_api
[13.689s] -- Up-to-date: /home/tang-yucheng/Desktop/legged_nav_rl/install/unitree_api/include/unitree_api/unitree_api/msg
[13.689s] -- Up-to-date: /home/tang-yucheng/Desktop/legged_nav_rl/install/unitree_api/include/unitree_api/unitree_api/msg/detail
[13.689s] -- Installing: /home/tang-yucheng/Desktop/legged_nav_rl/install/unitree_api/include/unitree_api/unitree_api/msg/detail/request_header__rosidl_typesupport_introspection_cpp.hpp
[13.689s] -- Installing: /home/tang-yucheng/Desktop/legged_nav_rl/install/unitree_api/include/unitree_api/unitree_api/msg/detail/request_identity__rosidl_typesupport_introspection_cpp.hpp
[13.689s] -- Installing: /home/tang-yucheng/Desktop/legged_nav_rl/install/unitree_api/include/unitree_api/unitree_api/msg/detail/response_status__rosidl_typesupport_introspection_cpp.hpp
[13.689s] -- Installing: /home/tang-yucheng/Desktop/legged_nav_rl/install/unitree_api/include/unitree_api/unitree_api/msg/detail/response__rosidl_typesupport_introspection_cpp.hpp
[13.689s] -- Installing: /home/tang-yucheng/Desktop/legged_nav_rl/install/unitree_api/include/unitree_api/unitree_api/msg/detail/request__rosidl_typesupport_introspection_cpp.hpp
[13.689s] -- Installing: /home/tang-yucheng/Desktop/legged_nav_rl/install/unitree_api/include/unitree_api/unitree_api/msg/detail/response_header__type_support.cpp
[13.689s] -- Installing: /home/tang-yucheng/Desktop/legged_nav_rl/install/unitree_api/include/unitree_api/unitree_api/msg/detail/request_header__type_support.cpp
[13.689s] -- Installing: /home/tang-yucheng/Desktop/legged_nav_rl/install/unitree_api/include/unitree_api/unitree_api/msg/detail/response_header__rosidl_typesupport_introspection_cpp.hpp
[13.689s] -- Installing: /home/tang-yucheng/Desktop/legged_nav_rl/install/unitree_api/include/unitree_api/unitree_api/msg/detail/request_lease__type_support.cpp
[13.689s] -- Installing: /home/tang-yucheng/Desktop/legged_nav_rl/install/unitree_api/include/unitree_api/unitree_api/msg/detail/request_policy__rosidl_typesupport_introspection_cpp.hpp
[13.690s] -- Installing: /home/tang-yucheng/Desktop/legged_nav_rl/install/unitree_api/include/unitree_api/unitree_api/msg/detail/request_identity__type_support.cpp
[13.690s] -- Installing: /home/tang-yucheng/Desktop/legged_nav_rl/install/unitree_api/include/unitree_api/unitree_api/msg/detail/request__type_support.cpp
[13.690s] -- Installing: /home/tang-yucheng/Desktop/legged_nav_rl/install/unitree_api/include/unitree_api/unitree_api/msg/detail/response__type_support.cpp
[13.690s] -- Installing: /home/tang-yucheng/Desktop/legged_nav_rl/install/unitree_api/include/unitree_api/unitree_api/msg/detail/request_lease__rosidl_typesupport_introspection_cpp.hpp
[13.691s] -- Installing: /home/tang-yucheng/Desktop/legged_nav_rl/install/unitree_api/include/unitree_api/unitree_api/msg/detail/request_policy__type_support.cpp
[13.691s] -- Installing: /home/tang-yucheng/Desktop/legged_nav_rl/install/unitree_api/include/unitree_api/unitree_api/msg/detail/response_status__type_support.cpp
[13.691s] -- Installing: /home/tang-yucheng/Desktop/legged_nav_rl/install/unitree_api/lib/libunitree_api__rosidl_typesupport_introspection_cpp.so
[13.695s] -- Set runtime path of "/home/tang-yucheng/Desktop/legged_nav_rl/install/unitree_api/lib/libunitree_api__rosidl_typesupport_introspection_cpp.so" to ""
[13.695s] -- Installing: /home/tang-yucheng/Desktop/legged_nav_rl/install/unitree_api/lib/libunitree_api__rosidl_typesupport_cpp.so
[13.695s] -- Set runtime path of "/home/tang-yucheng/Desktop/legged_nav_rl/install/unitree_api/lib/libunitree_api__rosidl_typesupport_cpp.so" to ""
[13.695s] -- Installing: /home/tang-yucheng/Desktop/legged_nav_rl/install/unitree_api/share/unitree_api/environment/pythonpath.sh
[13.695s] -- Installing: /home/tang-yucheng/Desktop/legged_nav_rl/install/unitree_api/share/unitree_api/environment/pythonpath.dsv
[13.696s] -- Installing: /home/tang-yucheng/Desktop/legged_nav_rl/install/unitree_api/local/lib/python3.10/dist-packages/unitree_api-0.0.0-py3.10.egg-info
[13.696s] -- Installing: /home/tang-yucheng/Desktop/legged_nav_rl/install/unitree_api/local/lib/python3.10/dist-packages/unitree_api-0.0.0-py3.10.egg-info/SOURCES.txt
[13.696s] -- Installing: /home/tang-yucheng/Desktop/legged_nav_rl/install/unitree_api/local/lib/python3.10/dist-packages/unitree_api-0.0.0-py3.10.egg-info/dependency_links.txt
[13.696s] -- Installing: /home/tang-yucheng/Desktop/legged_nav_rl/install/unitree_api/local/lib/python3.10/dist-packages/unitree_api-0.0.0-py3.10.egg-info/PKG-INFO
[13.696s] -- Installing: /home/tang-yucheng/Desktop/legged_nav_rl/install/unitree_api/local/lib/python3.10/dist-packages/unitree_api-0.0.0-py3.10.egg-info/top_level.txt
[13.699s] -- Installing: /home/tang-yucheng/Desktop/legged_nav_rl/install/unitree_api/local/lib/python3.10/dist-packages/unitree_api
[13.699s] -- Installing: /home/tang-yucheng/Desktop/legged_nav_rl/install/unitree_api/local/lib/python3.10/dist-packages/unitree_api/__init__.py
[13.699s] -- Installing: /home/tang-yucheng/Desktop/legged_nav_rl/install/unitree_api/local/lib/python3.10/dist-packages/unitree_api/_unitree_api_s.ep.rosidl_typesupport_c.c
[13.699s] -- Installing: /home/tang-yucheng/Desktop/legged_nav_rl/install/unitree_api/local/lib/python3.10/dist-packages/unitree_api/unitree_api_s__rosidl_typesupport_c.cpython-310-x86_64-linux-gnu.so
[13.700s] -- Installing: /home/tang-yucheng/Desktop/legged_nav_rl/install/unitree_api/local/lib/python3.10/dist-packages/unitree_api/libunitree_api__rosidl_generator_py.so
[13.700s] -- Installing: /home/tang-yucheng/Desktop/legged_nav_rl/install/unitree_api/local/lib/python3.10/dist-packages/unitree_api/_unitree_api_s.ep.rosidl_typesupport_fastrtps_c.c
[13.700s] -- Installing: /home/tang-yucheng/Desktop/legged_nav_rl/install/unitree_api/local/lib/python3.10/dist-packages/unitree_api/_unitree_api_s.ep.rosidl_typesupport_introspection_c.c
[13.700s] -- Installing: /home/tang-yucheng/Desktop/legged_nav_rl/install/unitree_api/local/lib/python3.10/dist-packages/unitree_api/unitree_api_s__rosidl_typesupport_fastrtps_c.cpython-310-x86_64-linux-gnu.so
[13.700s] -- Installing: /home/tang-yucheng/Desktop/legged_nav_rl/install/unitree_api/local/lib/python3.10/dist-packages/unitree_api/unitree_api_s__rosidl_typesupport_introspection_c.cpython-310-x86_64-linux-gnu.so
[13.700s] -- Installing: /home/tang-yucheng/Desktop/legged_nav_rl/install/unitree_api/local/lib/python3.10/dist-packages/unitree_api/msg
[13.700s] -- Installing: /home/tang-yucheng/Desktop/legged_nav_rl/install/unitree_api/local/lib/python3.10/dist-packages/unitree_api/msg/__init__.py
[13.704s] -- Installing: /home/tang-yucheng/Desktop/legged_nav_rl/install/unitree_api/local/lib/python3.10/dist-packages/unitree_api/msg/_response_header_s.c
[13.704s] -- Installing: /home/tang-yucheng/Desktop/legged_nav_rl/install/unitree_api/local/lib/python3.10/dist-packages/unitree_api/msg/_response_header.py
[13.704s] -- Installing: /home/tang-yucheng/Desktop/legged_nav_rl/install/unitree_api/local/lib/python3.10/dist-packages/unitree_api/msg/_response_status_s.c
[13.704s] -- Installing: /home/tang-yucheng/Desktop/legged_nav_rl/install/unitree_api/local/lib/python3.10/dist-packages/unitree_api/msg/_request_policy_s.c
[13.704s] -- Installing: /home/tang-yucheng/Desktop/legged_nav_rl/install/unitree_api/local/lib/python3.10/dist-packages/unitree_api/msg/_request.py
[13.704s] -- Installing: /home/tang-yucheng/Desktop/legged_nav_rl/install/unitree_api/local/lib/python3.10/dist-packages/unitree_api/msg/_request_identity.py
[13.704s] -- Installing: /home/tang-yucheng/Desktop/legged_nav_rl/install/unitree_api/local/lib/python3.10/dist-packages/unitree_api/msg/_response_status.py
[13.704s] -- Installing: /home/tang-yucheng/Desktop/legged_nav_rl/install/unitree_api/local/lib/python3.10/dist-packages/unitree_api/msg/_response.py
[13.704s] -- Installing: /home/tang-yucheng/Desktop/legged_nav_rl/install/unitree_api/local/lib/python3.10/dist-packages/unitree_api/msg/_request_s.c
[13.704s] -- Installing: /home/tang-yucheng/Desktop/legged_nav_rl/install/unitree_api/local/lib/python3.10/dist-packages/unitree_api/msg/_request_policy.py
[13.704s] -- Installing: /home/tang-yucheng/Desktop/legged_nav_rl/install/unitree_api/local/lib/python3.10/dist-packages/unitree_api/msg/_request_header.py
[13.704s] -- Installing: /home/tang-yucheng/Desktop/legged_nav_rl/install/unitree_api/local/lib/python3.10/dist-packages/unitree_api/msg/_request_lease.py
[13.704s] -- Installing: /home/tang-yucheng/Desktop/legged_nav_rl/install/unitree_api/local/lib/python3.10/dist-packages/unitree_api/msg/_response_s.c
[13.705s] -- Installing: /home/tang-yucheng/Desktop/legged_nav_rl/install/unitree_api/local/lib/python3.10/dist-packages/unitree_api/msg/_request_identity_s.c
[13.705s] -- Installing: /home/tang-yucheng/Desktop/legged_nav_rl/install/unitree_api/local/lib/python3.10/dist-packages/unitree_api/msg/_request_lease_s.c
[13.705s] -- Installing: /home/tang-yucheng/Desktop/legged_nav_rl/install/unitree_api/local/lib/python3.10/dist-packages/unitree_api/msg/_request_header_s.c
[13.814s] Listing '/home/tang-yucheng/Desktop/legged_nav_rl/install/unitree_api/local/lib/python3.10/dist-packages/unitree_api'...
[13.814s] Compiling '/home/tang-yucheng/Desktop/legged_nav_rl/install/unitree_api/local/lib/python3.10/dist-packages/unitree_api/__init__.py'...
[13.814s] Listing '/home/tang-yucheng/Desktop/legged_nav_rl/install/unitree_api/local/lib/python3.10/dist-packages/unitree_api/msg'...
[13.814s] Compiling '/home/tang-yucheng/Desktop/legged_nav_rl/install/unitree_api/local/lib/python3.10/dist-packages/unitree_api/msg/__init__.py'...
[13.814s] Compiling '/home/tang-yucheng/Desktop/legged_nav_rl/install/unitree_api/local/lib/python3.10/dist-packages/unitree_api/msg/_request.py'...
[13.814s] Compiling '/home/tang-yucheng/Desktop/legged_nav_rl/install/unitree_api/local/lib/python3.10/dist-packages/unitree_api/msg/_request_header.py'...
[13.814s] Compiling '/home/tang-yucheng/Desktop/legged_nav_rl/install/unitree_api/local/lib/python3.10/dist-packages/unitree_api/msg/_request_identity.py'...
[13.815s] Compiling '/home/tang-yucheng/Desktop/legged_nav_rl/install/unitree_api/local/lib/python3.10/dist-packages/unitree_api/msg/_request_lease.py'...
[13.815s] Compiling '/home/tang-yucheng/Desktop/legged_nav_rl/install/unitree_api/local/lib/python3.10/dist-packages/unitree_api/msg/_request_policy.py'...
[13.815s] Compiling '/home/tang-yucheng/Desktop/legged_nav_rl/install/unitree_api/local/lib/python3.10/dist-packages/unitree_api/msg/_response.py'...
[13.815s] Compiling '/home/tang-yucheng/Desktop/legged_nav_rl/install/unitree_api/local/lib/python3.10/dist-packages/unitree_api/msg/_response_header.py'...
[13.815s] Compiling '/home/tang-yucheng/Desktop/legged_nav_rl/install/unitree_api/local/lib/python3.10/dist-packages/unitree_api/msg/_response_status.py'...
[13.831s] -- Installing: /home/tang-yucheng/Desktop/legged_nav_rl/install/unitree_api/local/lib/python3.10/dist-packages/unitree_api/unitree_api_s__rosidl_typesupport_fastrtps_c.cpython-310-x86_64-linux-gnu.so
[13.832s] -- Set runtime path of "/home/tang-yucheng/Desktop/legged_nav_rl/install/unitree_api/local/lib/python3.10/dist-packages/unitree_api/unitree_api_s__rosidl_typesupport_fastrtps_c.cpython-310-x86_64-linux-gnu.so" to ""
[13.832s] -- Installing: /home/tang-yucheng/Desktop/legged_nav_rl/install/unitree_api/local/lib/python3.10/dist-packages/unitree_api/unitree_api_s__rosidl_typesupport_introspection_c.cpython-310-x86_64-linux-gnu.so
[13.832s] -- Set runtime path of "/home/tang-yucheng/Desktop/legged_nav_rl/install/unitree_api/local/lib/python3.10/dist-packages/unitree_api/unitree_api_s__rosidl_typesupport_introspection_c.cpython-310-x86_64-linux-gnu.so" to ""
[13.832s] -- Installing: /home/tang-yucheng/Desktop/legged_nav_rl/install/unitree_api/local/lib/python3.10/dist-packages/unitree_api/unitree_api_s__rosidl_typesupport_c.cpython-310-x86_64-linux-gnu.so
[13.832s] -- Set runtime path of "/home/tang-yucheng/Desktop/legged_nav_rl/install/unitree_api/local/lib/python3.10/dist-packages/unitree_api/unitree_api_s__rosidl_typesupport_c.cpython-310-x86_64-linux-gnu.so" to ""
[13.833s] -- Installing: /home/tang-yucheng/Desktop/legged_nav_rl/install/unitree_api/lib/libunitree_api__rosidl_generator_py.so
[13.833s] -- Set runtime path of "/home/tang-yucheng/Desktop/legged_nav_rl/install/unitree_api/lib/libunitree_api__rosidl_generator_py.so" to ""
[13.833s] -- Installing: /home/tang-yucheng/Desktop/legged_nav_rl/install/unitree_api/share/unitree_api/msg/Request.idl
[13.833s] -- Installing: /home/tang-yucheng/Desktop/legged_nav_rl/install/unitree_api/share/unitree_api/msg/RequestHeader.idl
[13.835s] -- Installing: /home/tang-yucheng/Desktop/legged_nav_rl/install/unitree_api/share/unitree_api/msg/RequestIdentity.idl
[13.835s] -- Installing: /home/tang-yucheng/Desktop/legged_nav_rl/install/unitree_api/share/unitree_api/msg/RequestLease.idl
[13.835s] -- Installing: /home/tang-yucheng/Desktop/legged_nav_rl/install/unitree_api/share/unitree_api/msg/RequestPolicy.idl
[13.835s] -- Installing: /home/tang-yucheng/Desktop/legged_nav_rl/install/unitree_api/share/unitree_api/msg/Response.idl
[13.835s] -- Installing: /home/tang-yucheng/Desktop/legged_nav_rl/install/unitree_api/share/unitree_api/msg/ResponseHeader.idl
[13.835s] -- Installing: /home/tang-yucheng/Desktop/legged_nav_rl/install/unitree_api/share/unitree_api/msg/ResponseStatus.idl
[13.835s] -- Installing: /home/tang-yucheng/Desktop/legged_nav_rl/install/unitree_api/share/unitree_api/msg/Request.msg
[13.836s] -- Installing: /home/tang-yucheng/Desktop/legged_nav_rl/install/unitree_api/share/unitree_api/msg/RequestHeader.msg
[13.837s] -- Installing: /home/tang-yucheng/Desktop/legged_nav_rl/install/unitree_api/share/unitree_api/msg/RequestIdentity.msg
[13.837s] -- Installing: /home/tang-yucheng/Desktop/legged_nav_rl/install/unitree_api/share/unitree_api/msg/RequestLease.msg
[13.837s] -- Installing: /home/tang-yucheng/Desktop/legged_nav_rl/install/unitree_api/share/unitree_api/msg/RequestPolicy.msg
[13.838s] -- Installing: /home/tang-yucheng/Desktop/legged_nav_rl/install/unitree_api/share/unitree_api/msg/Response.msg
[13.838s] -- Installing: /home/tang-yucheng/Desktop/legged_nav_rl/install/unitree_api/share/unitree_api/msg/ResponseHeader.msg
[13.838s] -- Installing: /home/tang-yucheng/Desktop/legged_nav_rl/install/unitree_api/share/unitree_api/msg/ResponseStatus.msg
[13.839s] -- Installing: /home/tang-yucheng/Desktop/legged_nav_rl/install/unitree_api/share/unitree_api/msg/dds_connext
[13.839s] -- Installing: /home/tang-yucheng/Desktop/legged_nav_rl/install/unitree_api/share/unitree_api/msg/dds_connext/ResponseStatus_.idl
[13.839s] -- Installing: /home/tang-yucheng/Desktop/legged_nav_rl/install/unitree_api/share/unitree_api/msg/dds_connext/ResponseHeader_.idl
[13.839s] -- Installing: /home/tang-yucheng/Desktop/legged_nav_rl/install/unitree_api/share/unitree_api/msg/dds_connext/RequestIdentity_.idl
[13.839s] -- Installing: /home/tang-yucheng/Desktop/legged_nav_rl/install/unitree_api/share/unitree_api/msg/dds_connext/Request_.idl
[13.839s] -- Installing: /home/tang-yucheng/Desktop/legged_nav_rl/install/unitree_api/share/unitree_api/msg/dds_connext/RequestHeader_.idl
[13.840s] -- Installing: /home/tang-yucheng/Desktop/legged_nav_rl/install/unitree_api/share/unitree_api/msg/dds_connext/RequestPolicy_.idl
[13.840s] -- Installing: /home/tang-yucheng/Desktop/legged_nav_rl/install/unitree_api/share/unitree_api/msg/dds_connext/Response_.idl
[13.840s] -- Installing: /home/tang-yucheng/Desktop/legged_nav_rl/install/unitree_api/share/unitree_api/msg/dds_connext/RequestLease_.idl
[13.842s] -- Installing: /home/tang-yucheng/Desktop/legged_nav_rl/install/unitree_api/share/ament_index/resource_index/package_run_dependencies/unitree_api
[13.842s] -- Installing: /home/tang-yucheng/Desktop/legged_nav_rl/install/unitree_api/share/ament_index/resource_index/parent_prefix_path/unitree_api
[13.842s] -- Installing: /home/tang-yucheng/Desktop/legged_nav_rl/install/unitree_api/share/unitree_api/environment/ament_prefix_path.sh
[13.842s] -- Installing: /home/tang-yucheng/Desktop/legged_nav_rl/install/unitree_api/share/unitree_api/environment/ament_prefix_path.dsv
[13.842s] -- Installing: /home/tang-yucheng/Desktop/legged_nav_rl/install/unitree_api/share/unitree_api/environment/path.sh
[13.843s] -- Installing: /home/tang-yucheng/Desktop/legged_nav_rl/install/unitree_api/share/unitree_api/environment/path.dsv
[13.843s] -- Installing: /home/tang-yucheng/Desktop/legged_nav_rl/install/unitree_api/share/unitree_api/local_setup.bash
[13.843s] -- Installing: /home/tang-yucheng/Desktop/legged_nav_rl/install/unitree_api/share/unitree_api/local_setup.sh
[13.843s] -- Installing: /home/tang-yucheng/Desktop/legged_nav_rl/install/unitree_api/share/unitree_api/local_setup.zsh
[13.843s] -- Installing: /home/tang-yucheng/Desktop/legged_nav_rl/install/unitree_api/share/unitree_api/local_setup.dsv
[13.843s] -- Installing: /home/tang-yucheng/Desktop/legged_nav_rl/install/unitree_api/share/unitree_api/package.dsv
[13.843s] -- Installing: /home/tang-yucheng/Desktop/legged_nav_rl/install/unitree_api/share/ament_index/resource_index/packages/unitree_api
[13.843s] -- Installing: /home/tang-yucheng/Desktop/legged_nav_rl/install/unitree_api/share/unitree_api/cmake/export_unitree_api__rosidl_generator_cExport.cmake
[13.843s] -- Installing: /home/tang-yucheng/Desktop/legged_nav_rl/install/unitree_api/share/unitree_api/cmake/export_unitree_api__rosidl_generator_cExport-noconfig.cmake
[13.843s] -- Installing: /home/tang-yucheng/Desktop/legged_nav_rl/install/unitree_api/share/unitree_api/cmake/export_unitree_api__rosidl_typesupport_fastrtps_cExport.cmake
[13.843s] -- Installing: /home/tang-yucheng/Desktop/legged_nav_rl/install/unitree_api/share/unitree_api/cmake/export_unitree_api__rosidl_typesupport_fastrtps_cExport-noconfig.cmake
[13.843s] -- Installing: /home/tang-yucheng/Desktop/legged_nav_rl/install/unitree_api/share/unitree_api/cmake/export_unitree_api__rosidl_generator_cppExport.cmake
[13.843s] -- Installing: /home/tang-yucheng/Desktop/legged_nav_rl/install/unitree_api/share/unitree_api/cmake/export_unitree_api__rosidl_typesupport_fastrtps_cppExport.cmake
[13.843s] -- Installing: /home/tang-yucheng/Desktop/legged_nav_rl/install/unitree_api/share/unitree_api/cmake/export_unitree_api__rosidl_typesupport_fastrtps_cppExport-noconfig.cmake
[13.846s] -- Installing: /home/tang-yucheng/Desktop/legged_nav_rl/install/unitree_api/share/unitree_api/cmake/unitree_api__rosidl_typesupport_introspection_cExport.cmake
[13.846s] -- Installing: /home/tang-yucheng/Desktop/legged_nav_rl/install/unitree_api/share/unitree_api/cmake/unitree_api__rosidl_typesupport_introspection_cExport-noconfig.cmake
[13.847s] -- Installing: /home/tang-yucheng/Desktop/legged_nav_rl/install/unitree_api/share/unitree_api/cmake/unitree_api__rosidl_typesupport_cExport.cmake
[13.847s] -- Installing: /home/tang-yucheng/Desktop/legged_nav_rl/install/unitree_api/share/unitree_api/cmake/unitree_api__rosidl_typesupport_cExport-noconfig.cmake
[13.847s] -- Installing: /home/tang-yucheng/Desktop/legged_nav_rl/install/unitree_api/share/unitree_api/cmake/unitree_api__rosidl_typesupport_introspection_cppExport.cmake
[13.847s] -- Installing: /home/tang-yucheng/Desktop/legged_nav_rl/install/unitree_api/share/unitree_api/cmake/unitree_api__rosidl_typesupport_introspection_cppExport-noconfig.cmake
[13.847s] -- Installing: /home/tang-yucheng/Desktop/legged_nav_rl/install/unitree_api/share/unitree_api/cmake/unitree_api__rosidl_typesupport_cppExport.cmake
[13.847s] -- Installing: /home/tang-yucheng/Desktop/legged_nav_rl/install/unitree_api/share/unitree_api/cmake/unitree_api__rosidl_typesupport_cppExport-noconfig.cmake
[13.847s] -- Installing: /home/tang-yucheng/Desktop/legged_nav_rl/install/unitree_api/share/unitree_api/cmake/export_unitree_api__rosidl_generator_pyExport.cmake
[13.847s] -- Installing: /home/tang-yucheng/Desktop/legged_nav_rl/install/unitree_api/share/unitree_api/cmake/export_unitree_api__rosidl_generator_pyExport-noconfig.cmake
[13.847s] -- Installing: /home/tang-yucheng/Desktop/legged_nav_rl/install/unitree_api/share/unitree_api/cmake/rosidl_cmake-extras.cmake
[13.847s] -- Installing: /home/tang-yucheng/Desktop/legged_nav_rl/install/unitree_api/share/unitree_api/cmake/ament_cmake_export_dependencies-extras.cmake
[13.847s] -- Installing: /home/tang-yucheng/Desktop/legged_nav_rl/install/unitree_api/share/unitree_api/cmake/ament_cmake_export_include_directories-extras.cmake
[13.847s] -- Installing: /home/tang-yucheng/Desktop/legged_nav_rl/install/unitree_api/share/unitree_api/cmake/ament_cmake_export_libraries-extras.cmake
[13.848s] -- Installing: /home/tang-yucheng/Desktop/legged_nav_rl/install/unitree_api/share/unitree_api/cmake/ament_cmake_export_targets-extras.cmake
[13.848s] -- Installing: /home/tang-yucheng/Desktop/legged_nav_rl/install/unitree_api/share/unitree_api/cmake/rosidl_cmake_export_typesupport_targets-extras.cmake
[13.855s] -- Installing: /home/tang-yucheng/Desktop/legged_nav_rl/install/unitree_api/share/unitree_api/cmake/rosidl_cmake_export_typesupport_libraries-extras.cmake
[13.855s] -- Installing: /home/tang-yucheng/Desktop/legged_nav_rl/install/unitree_api/share/unitree_api/cmake/unitree_apiConfig.cmake
[13.855s] -- Installing: /home/tang-yucheng/Desktop/legged_nav_rl/install/unitree_api/share/unitree_api/cmake/unitree_apiConfig-version.cmake
[13.855s] -- Installing: /home/tang-yucheng/Desktop/legged_nav_rl/install/unitree_api/share/unitree_api/package.xml
[13.856s] Invoked command in '/home/tang-yucheng/Desktop/legged_nav_rl/build/unitree_api' returned '0': CMAKE_PREFIX_PATH=${CMAKE_PREFIX_PATH}:/opt/ros/humble /usr/bin/cmake --install /home/tang-yucheng/Desktop/legged_nav_rl/build/unitree_api
