[0.009s] Invoking command in '/home/tang-yucheng/Desktop/legged_nav_rl/build/cyclonedds': CMAKE_PREFIX_PATH=${CMAKE_PREFIX_PATH}:/opt/ros/humble /usr/bin/cmake /home/tang-yucheng/Desktop/legged_nav_rl/src/unitree_ros2/cyclonedds_ws/cyclonedds -DBUILD_IDLC=AUTO -DCMAKE_INSTALL_PREFIX=/home/tang-yucheng/Desktop/legged_nav_rl/install/cyclonedds
[0.053s] -- The C compiler identification is GNU 11.4.0
[0.059s] -- Detecting C compiler ABI info
[0.116s] -- Detecting C compiler ABI info - done
[0.123s] -- Check for working C compiler: /usr/bin/cc - skipped
[0.123s] -- Detecting C compile features
[0.124s] -- Detecting C compile features - done
[0.124s] -- Setting build type to 'RelWithDebInfo' as none was specified.
[0.127s] -- Looking for getopt.h
[0.188s] -- Looking for getopt.h - found
[0.246s] -- Building with OpenSSL support
[0.250s] -- Looking for stdint.h
[0.309s] -- Looking for stdint.h - found
[0.309s] -- Looking for inttypes.h
[0.366s] -- Looking for inttypes.h - found
[0.366s] -- Looking for sys/types.h
[0.424s] -- Looking for sys/types.h - found
[0.424s] -- Looking for stdint.h
[0.491s] -- Looking for stdint.h - found
[0.491s] -- Looking for stddef.h
[0.545s] -- Looking for stddef.h - found
[0.545s] -- Check size of intmax_t
[0.597s] -- Check size of intmax_t - done
[0.597s] -- Looking for stpcpy
[0.648s] -- Looking for stpcpy - found
[0.648s] -- Looking for strlcpy
[0.672s] -- Looking for strlcpy - not found
[0.672s] -- Looking for strlcat
[0.693s] -- Looking for strlcat - not found
[0.694s] -- Performing Test COMPILER_HAS_HIDDEN_VISIBILITY
[0.747s] -- Performing Test COMPILER_HAS_HIDDEN_VISIBILITY - Success
[0.748s] -- Performing Test COMPILER_HAS_HIDDEN_INLINE_VISIBILITY
[0.798s] -- Performing Test COMPILER_HAS_HIDDEN_INLINE_VISIBILITY - Failed
[0.799s] -- Performing Test COMPILER_HAS_DEPRECATED_ATTR
[0.853s] -- Performing Test COMPILER_HAS_DEPRECATED_ATTR - Success
[0.858s] -- Looking for gethostname
[0.918s] -- Looking for gethostname - found
[0.918s] -- Looking for inet_ntop
[0.980s] -- Looking for inet_ntop - found
[0.980s] -- Looking for inet_pton
[1.043s] -- Looking for inet_pton - found
[1.043s] -- Looking for getaddrinfo
[1.102s] -- Looking for getaddrinfo - found
[1.102s] -- Looking for gethostbyname_r
[1.160s] -- Looking for gethostbyname_r - found
[1.160s] -- Check size of struct sockaddr_in6
[1.218s] -- Check size of struct sockaddr_in6 - done
[1.219s] -- Looking for pthread.h
[1.276s] -- Looking for pthread.h - found
[1.276s] -- Performing Test CMAKE_HAVE_LIBC_PTHREAD
[1.336s] -- Performing Test CMAKE_HAVE_LIBC_PTHREAD - Success
[1.337s] -- Found Threads: TRUE  
[1.337s] -- Looking for clock_gettime in c
[1.392s] -- Looking for clock_gettime in c - found
[1.576s] -- Configuring done
[1.617s] -- Generating done
[1.618s] -- Build files have been written to: /home/tang-yucheng/Desktop/legged_nav_rl/build/cyclonedds
[1.623s] Invoked command in '/home/tang-yucheng/Desktop/legged_nav_rl/build/cyclonedds' returned '0': CMAKE_PREFIX_PATH=${CMAKE_PREFIX_PATH}:/opt/ros/humble /usr/bin/cmake /home/tang-yucheng/Desktop/legged_nav_rl/src/unitree_ros2/cyclonedds_ws/cyclonedds -DBUILD_IDLC=AUTO -DCMAKE_INSTALL_PREFIX=/home/tang-yucheng/Desktop/legged_nav_rl/install/cyclonedds
[1.624s] Invoking command in '/home/tang-yucheng/Desktop/legged_nav_rl/build/cyclonedds': CMAKE_PREFIX_PATH=${CMAKE_PREFIX_PATH}:/opt/ros/humble /usr/bin/cmake --build /home/tang-yucheng/Desktop/legged_nav_rl/build/cyclonedds -- -j20 -l20
[1.653s] [  1%] [34m[1mGenerating include/idl/attributes.h[0m
[1.653s] [  1%] [34m[1mGenerating include/idl/endian.h[0m
[1.653s] [  1%] [34m[1mGenerating include/idl/misc.h[0m
[1.654s] [  2%] [34m[1mGenerating include/idl/md5.h[0m
[1.655s] [  2%] [34m[1mGenerating src/md5.c[0m
[1.662s] [  2%] Built target _confgen
[1.662s] [  3%] [32mBuilding C object src/tools/idlpp/CMakeFiles/idlpp.dir/src/mbchar.c.o[0m
[1.662s] [  3%] [32mBuilding C object src/tools/idlpp/CMakeFiles/idlpp.dir/src/expand.c.o[0m
[1.662s] [  3%] [32mBuilding C object src/tools/idlpp/CMakeFiles/idlpp.dir/src/eval.c.o[0m
[1.663s] [  3%] [32mBuilding C object src/tools/idlpp/CMakeFiles/idlpp.dir/src/main.c.o[0m
[1.663s] [  4%] [32mBuilding C object src/tools/idlpp/CMakeFiles/idlpp.dir/src/directive.c.o[0m
[1.665s] [  4%] [32mBuilding C object src/tools/idlpp/CMakeFiles/idlpp.dir/src/system.c.o[0m
[1.665s] [  5%] [32mBuilding C object src/tools/idlpp/CMakeFiles/idlpp.dir/src/support.c.o[0m
[1.666s] [  5%] [32mBuilding C object src/ddsrt/CMakeFiles/ddsrt-internal.dir/src/io.c.o[0m
[1.666s] [  6%] [32mBuilding C object src/ddsrt/CMakeFiles/ddsrt-internal.dir/src/bswap.c.o[0m
[1.666s] [  6%] [32mBuilding C object src/ddsrt/CMakeFiles/ddsrt-internal.dir/src/avl.c.o[0m
[1.668s] [  7%] [32mBuilding C object src/ddsrt/CMakeFiles/ddsrt-internal.dir/src/retcode.c.o[0m
[1.668s] [  7%] [32mBuilding C object src/ddsrt/CMakeFiles/ddsrt-internal.dir/src/strtod.c.o[0m
[1.669s] [  8%] [32mBuilding C object src/ddsrt/CMakeFiles/ddsrt-internal.dir/src/atomics.c.o[0m
[1.669s] [  8%] [32mBuilding C object src/ddsrt/CMakeFiles/ddsrt-internal.dir/src/mh3.c.o[0m
[1.669s] [  8%] [32mBuilding C object src/ddsrt/CMakeFiles/ddsrt-internal.dir/src/log.c.o[0m
[1.671s] [  8%] [32mBuilding C object src/ddsrt/CMakeFiles/ddsrt-internal.dir/src/environ.c.o[0m
[1.672s] [  9%] [32mBuilding C object src/ddsrt/CMakeFiles/ddsrt-internal.dir/src/strtol.c.o[0m
[1.675s] [  9%] [32mBuilding C object src/ddsrt/CMakeFiles/ddsrt-internal.dir/src/fibheap.c.o[0m
[1.676s] [ 10%] [32mBuilding C object src/ddsrt/CMakeFiles/ddsrt-internal.dir/src/expand_vars.c.o[0m
[1.706s] [ 10%] [32mBuilding C object src/idl/CMakeFiles/idl.dir/src/symbol.c.o[0m
[1.721s] [ 10%] [32mBuilding C object src/ddsrt/CMakeFiles/ddsrt-internal.dir/src/hopscotch.c.o[0m
[1.742s] [ 11%] [32mBuilding C object src/idl/CMakeFiles/idl.dir/src/directive.c.o[0m
[1.746s] [ 12%] [32mBuilding C object src/ddsrt/CMakeFiles/ddsrt-internal.dir/src/circlist.c.o[0m
[1.761s] [ 12%] [32mBuilding C object src/idl/CMakeFiles/idl.dir/src/expression.c.o[0m
[1.772s] [ 12%] [32mBuilding C object src/core/CMakeFiles/ddsc.dir/ddsi/src/ddsi_eth.c.o[0m
[1.790s] [ 12%] [32mBuilding C object src/ddsrt/CMakeFiles/ddsrt-internal.dir/src/threads.c.o[0m
[1.796s] [ 13%] [32mBuilding C object src/core/CMakeFiles/ddsc.dir/ddsi/src/ddsi_ssl.c.o[0m
[1.820s] [ 13%] [32mBuilding C object src/idl/CMakeFiles/idl.dir/src/file.c.o[0m
[1.828s] [ 13%] [32mBuilding C object src/core/CMakeFiles/ddsc.dir/ddsi/src/ddsi_tcp.c.o[0m
[1.853s] [ 14%] [32mBuilding C object src/core/CMakeFiles/ddsc.dir/ddsi/src/ddsi_udp.c.o[0m
[1.855s] [ 14%] [32mBuilding C object src/core/CMakeFiles/ddsc.dir/ddsi/src/ddsi_tran.c.o[0m
[1.861s] [ 14%] [32mBuilding C object src/core/CMakeFiles/ddsc.dir/ddsi/src/ddsi_vnet.c.o[0m
[1.861s] [ 14%] [32mBuilding C object src/core/CMakeFiles/ddsc.dir/ddsi/src/ddsi_raweth.c.o[0m
[1.883s] [ 15%] [32mBuilding C object src/ddsrt/CMakeFiles/ddsrt-internal.dir/src/string.c.o[0m
[1.884s] [ 16%] [32mBuilding C object src/core/CMakeFiles/ddsc.dir/ddsi/src/ddsi_ipaddr.c.o[0m
[1.928s] [ 16%] [32mBuilding C object src/ddsrt/CMakeFiles/ddsrt-internal.dir/src/sockets.c.o[0m
[1.942s] [ 16%] [32mBuilding C object src/core/CMakeFiles/ddsc.dir/ddsi/src/ddsi_mcgroup.c.o[0m
[2.035s] [ 17%] [32mBuilding C object src/core/CMakeFiles/ddsc.dir/ddsi/src/ddsi_security_util.c.o[0m
[2.074s] [ 17%] [32mBuilding C object src/core/CMakeFiles/ddsc.dir/ddsi/src/ddsi_security_omg.c.o[0m
[2.086s] [ 17%] [32mBuilding C object src/ddsrt/CMakeFiles/ddsrt-internal.dir/src/md5.c.o[0m
[2.086s] [ 17%] [32mBuilding C object src/core/CMakeFiles/ddsc.dir/ddsi/src/ddsi_portmapping.c.o[0m
[2.095s] [ 18%] [32mBuilding C object src/ddsrt/CMakeFiles/ddsrt-internal.dir/src/xmlparser.c.o[0m
[2.112s] [ 19%] [32mBuilding C object src/core/CMakeFiles/ddsc.dir/ddsi/src/ddsi_handshake.c.o[0m
[2.116s] [ 20%] [32mBuilding C object src/idl/CMakeFiles/idl.dir/src/processor.c.o[0m
[2.163s] [ 20%] [32mBuilding C object src/core/CMakeFiles/ddsc.dir/ddsi/src/ddsi_serdata.c.o[0m
[2.165s] [ 20%] [32mBuilding C object src/ddsrt/CMakeFiles/ddsrt-internal.dir/src/ifaddrs.c.o[0m
[2.190s] [ 20%] [32mBuilding C object src/core/CMakeFiles/ddsc.dir/ddsi/src/ddsi_serdata_default.c.o[0m
[2.195s] [ 21%] [32mBuilding C object src/ddsrt/CMakeFiles/ddsrt-internal.dir/src/cdtors.c.o[0m
[2.213s] [ 22%] [32mBuilding C object src/idl/CMakeFiles/idl.dir/src/scanner.c.o[0m
[2.213s] [ 22%] [32mBuilding C object src/core/CMakeFiles/ddsc.dir/ddsi/src/ddsi_serdata_pserop.c.o[0m
[2.239s] [ 22%] [32mBuilding C object src/core/CMakeFiles/ddsc.dir/ddsi/src/ddsi_serdata_plist.c.o[0m
[2.241s] [ 23%] [32mBuilding C object src/idl/CMakeFiles/idl.dir/src/string.c.o[0m
[2.258s] [ 23%] [32mBuilding C object src/ddsrt/CMakeFiles/ddsrt-internal.dir/src/random.c.o[0m
[2.265s] [ 23%] [32mBuilding C object src/idl/CMakeFiles/idl.dir/src/annotation.c.o[0m
[2.271s] [ 23%] [32mBuilding C object src/idl/CMakeFiles/idl.dir/src/scope.c.o[0m
[2.295s] [ 23%] [32mBuilding C object src/ddsrt/CMakeFiles/ddsrt-internal.dir/src/time.c.o[0m
[2.301s] [ 24%] [32mBuilding C object src/idl/CMakeFiles/idl.dir/src/tree.c.o[0m
[2.348s] [ 25%] [32mBuilding C object src/ddsrt/CMakeFiles/ddsrt-internal.dir/src/ifaddrs/posix/ifaddrs.c.o[0m
[2.383s] [ 25%] [32mBuilding C object src/ddsrt/CMakeFiles/ddsrt-internal.dir/src/sockets/posix/socket.c.o[0m
[2.393s] [ 25%] [32mBuilding C object src/idl/CMakeFiles/idl.dir/src/visit.c.o[0m
[2.404s] [ 25%] [32mBuilding C object src/idl/CMakeFiles/idl.dir/src/print.c.o[0m
[2.419s] [ 26%] [32mBuilding C object src/core/CMakeFiles/ddsc.dir/ddsi/src/ddsi_sertype.c.o[0m
[2.430s] [ 26%] [32mBuilding C object src/ddsrt/CMakeFiles/ddsrt-internal.dir/src/sockets/posix/gethostname.c.o[0m
[2.471s] [ 26%] [32mBuilding C object src/core/CMakeFiles/ddsc.dir/ddsi/src/ddsi_sertype_default.c.o[0m
[2.478s] [ 27%] [32mBuilding C object src/idl/CMakeFiles/idl.dir/src/keylist.c.o[0m
[2.494s] [ 27%] [32mBuilding C object src/ddsrt/CMakeFiles/ddsrt-internal.dir/src/dynlib/posix/dynlib.c.o[0m
[2.494s] [ 28%] [32mBuilding C object src/ddsrt/CMakeFiles/ddsrt-internal.dir/src/heap/posix/heap.c.o[0m
[2.504s] [ 28%] [32mBuilding C object src/core/CMakeFiles/ddsc.dir/ddsi/src/ddsi_sertype_pserop.c.o[0m
[2.533s] [ 29%] [32mBuilding C object src/core/CMakeFiles/ddsc.dir/ddsi/src/ddsi_sertype_plist.c.o[0m
[2.547s] [ 29%] [32mBuilding C object src/idl/CMakeFiles/idl.dir/src/hashid.c.o[0m
[2.559s] [ 30%] [32mBuilding C object src/idl/CMakeFiles/idl.dir/src/parser.c.o[0m
[2.570s] [ 31%] [32mBuilding C object src/ddsrt/CMakeFiles/ddsrt-internal.dir/src/environ/posix/environ.c.o[0m
[2.578s] [ 31%] [32mBuilding C object src/core/CMakeFiles/ddsc.dir/ddsi/src/ddsi_sertopic.c.o[0m
[2.587s] [ 32%] [32mBuilding C object src/core/CMakeFiles/ddsc.dir/ddsi/src/ddsi_statistics.c.o[0m
[2.592s] [ 32%] [32mBuilding C object src/ddsrt/CMakeFiles/ddsrt-internal.dir/src/filesystem/posix/filesystem.c.o[0m
[2.596s] [ 32%] [32mBuilding C object src/idl/CMakeFiles/idl.dir/src/md5.c.o[0m
[2.600s] [ 33%] [32mBuilding C object src/ddsrt/CMakeFiles/ddsrt-internal.dir/src/random/posix/random.c.o[0m
[2.601s] [ 33%] [32mBuilding C object src/ddsrt/CMakeFiles/ddsrt-internal.dir/src/process/posix/process.c.o[0m
[2.607s] [ 33%] [32mBuilding C object src/ddsrt/CMakeFiles/ddsrt-internal.dir/src/sync/posix/sync.c.o[0m
[2.650s] [ 33%] [32mBuilding C object src/ddsrt/CMakeFiles/ddsrt-internal.dir/src/threads/posix/threads.c.o[0m
[2.658s] [ 34%] [32mBuilding C object src/ddsrt/CMakeFiles/ddsrt-internal.dir/src/netstat/linux/netstat.c.o[0m
[2.671s] [ 34%] [32mBuilding C object src/core/CMakeFiles/ddsc.dir/ddsi/src/ddsi_tkmap.c.o[0m
[2.678s] [ 34%] [32mBuilding C object src/core/CMakeFiles/ddsc.dir/ddsi/src/ddsi_iid.c.o[0m
[2.680s] [ 34%] [32mBuilding C object src/ddsrt/CMakeFiles/ddsrt-internal.dir/src/time/posix/time.c.o[0m
[2.686s] [ 35%] [32mBuilding C object src/ddsrt/CMakeFiles/ddsrt-internal.dir/src/rusage/posix/rusage.c.o[0m
[2.688s] [ 36%] [32mBuilding C object src/core/CMakeFiles/ddsc.dir/ddsi/src/ddsi_vendor.c.o[0m
[2.695s] [ 36%] [32mBuilding C object src/core/CMakeFiles/ddsc.dir/ddsi/src/ddsi_threadmon.c.o[0m
[2.698s] [ 36%] [32mBuilding C object src/core/CMakeFiles/ddsc.dir/ddsi/src/ddsi_rhc.c.o[0m
[2.731s] [ 37%] [32mBuilding C object src/core/CMakeFiles/ddsc.dir/ddsi/src/ddsi_pmd.c.o[0m
[2.740s] [ 38%] [32mBuilding C object src/core/CMakeFiles/ddsc.dir/ddsi/src/ddsi_deadline.c.o[0m
[2.746s] [ 38%] [32mBuilding C object src/core/CMakeFiles/ddsc.dir/ddsi/src/ddsi_entity_index.c.o[0m
[2.746s] [ 38%] [32mBuilding C object src/core/CMakeFiles/ddsc.dir/ddsi/src/ddsi_deliver_locally.c.o[0m
[2.753s] [ 38%] [32mBuilding C object src/core/CMakeFiles/ddsc.dir/ddsi/src/ddsi_plist.c.o[0m
[2.769s] [ 38%] [32mBuilding C object src/core/CMakeFiles/ddsc.dir/ddsi/src/ddsi_config.c.o[0m
[2.769s] [ 38%] [32mBuilding C object src/core/CMakeFiles/ddsc.dir/ddsi/src/ddsi_time.c.o[0m
[2.770s] [ 39%] [32mBuilding C object src/core/CMakeFiles/ddsc.dir/ddsi/src/ddsi_cdrstream.c.o[0m
[2.782s] [ 40%] [32mBuilding C object src/core/CMakeFiles/ddsc.dir/ddsi/src/ddsi_ownip.c.o[0m
[2.790s] [ 40%] [32mBuilding C object src/core/CMakeFiles/ddsc.dir/ddsi/src/ddsi_acknack.c.o[0m
[2.796s] [ 41%] [32m[1mLinking C static library ../../../lib/libidlpp.a[0m
[2.797s] [ 42%] [32mBuilding C object src/core/CMakeFiles/ddsc.dir/ddsi/src/ddsi_wraddrset.c.o[0m
[2.798s] [ 42%] [32mBuilding C object src/core/CMakeFiles/ddsc.dir/ddsi/src/ddsi_list_genptr.c.o[0m
[2.842s] [ 42%] [32mBuilding C object src/core/CMakeFiles/ddsc.dir/ddsi/src/ddsi_typelib.c.o[0m
[2.853s] [ 43%] [32mBuilding C object src/core/CMakeFiles/ddsc.dir/ddsi/src/ddsi_entity.c.o[0m
[2.876s] [ 43%] Built target idlpp
[2.879s] [ 43%] [32m[1mLinking C static library ../../lib/libddsrt-internal.a[0m
[2.895s] [ 44%] [32mBuilding C object src/core/CMakeFiles/ddsc.dir/ddsi/src/ddsi_participant.c.o[0m
[2.895s] [ 44%] [32mBuilding C object src/core/CMakeFiles/ddsc.dir/ddsi/src/ddsi_entity_match.c.o[0m
[2.907s] [ 44%] [32mBuilding C object src/core/CMakeFiles/ddsc.dir/ddsi/src/ddsi_proxy_participant.c.o[0m
[2.917s] [ 44%] [32mBuilding C object src/core/CMakeFiles/ddsc.dir/ddsi/src/ddsi_topic.c.o[0m
[2.949s] [ 45%] [32mBuilding C object src/core/CMakeFiles/ddsc.dir/ddsi/src/ddsi_endpoint.c.o[0m
[2.976s] [ 45%] [32mBuilding C object src/core/CMakeFiles/ddsc.dir/ddsi/src/ddsi_proxy_endpoint.c.o[0m
[2.987s] [ 45%] [32mBuilding C object src/core/CMakeFiles/ddsc.dir/ddsi/src/q_addrset.c.o[0m
[2.990s] [ 45%] Built target ddsrt-internal
[3.021s] [ 46%] [32mBuilding C object src/core/CMakeFiles/ddsc.dir/ddsi/src/q_bitset_inlines.c.o[0m
[3.105s] [ 46%] [32mBuilding C object src/core/CMakeFiles/ddsc.dir/ddsi/src/q_bswap.c.o[0m
[3.107s] [ 47%] [32mBuilding C object src/core/CMakeFiles/ddsc.dir/ddsi/src/q_ddsi_discovery.c.o[0m
[3.118s] [ 47%] [32mBuilding C object src/core/CMakeFiles/ddsc.dir/ddsi/src/q_debmon.c.o[0m
[3.138s] [ 47%] [32mBuilding C object src/core/CMakeFiles/ddsc.dir/ddsi/src/q_gc.c.o[0m
[3.258s] [ 47%] [32mBuilding C object src/core/CMakeFiles/ddsc.dir/ddsi/src/q_lat_estim.c.o[0m
[3.266s] [ 48%] [32mBuilding C object src/core/CMakeFiles/ddsc.dir/ddsi/src/q_init.c.o[0m
[3.282s] [ 49%] [32mBuilding C object src/core/CMakeFiles/ddsc.dir/ddsi/src/q_lease.c.o[0m
[3.328s] [ 49%] [32mBuilding C object src/core/CMakeFiles/ddsc.dir/ddsi/src/q_misc.c.o[0m
[3.347s] [ 49%] [32mBuilding C object src/core/CMakeFiles/ddsc.dir/ddsi/src/q_pcap.c.o[0m
[3.392s] [ 50%] [32mBuilding C object src/core/CMakeFiles/ddsc.dir/ddsi/src/q_qosmatch.c.o[0m
[3.436s] [ 50%] [32mBuilding C object src/core/CMakeFiles/ddsc.dir/ddsi/src/q_radmin.c.o[0m
[3.458s] [ 50%] [32mBuilding C object src/core/CMakeFiles/ddsc.dir/ddsi/src/q_receive.c.o[0m
[3.474s] [ 50%] [32m[1mLinking C shared library ../../lib/libcycloneddsidl.so[0m
[3.486s] [ 51%] [32mBuilding C object src/core/CMakeFiles/ddsc.dir/ddsi/src/q_sockwaitset.c.o[0m
[3.506s] [ 52%] [32mBuilding C object src/core/CMakeFiles/ddsc.dir/ddsi/src/q_transmit.c.o[0m
[3.507s] [ 52%] [32mBuilding C object src/core/CMakeFiles/ddsc.dir/ddsi/src/q_inverse_uint32_set.c.o[0m
[3.507s] [ 52%] [32mBuilding C object src/core/CMakeFiles/ddsc.dir/ddsi/src/q_thread.c.o[0m
[3.514s] [ 52%] [32mBuilding C object src/core/CMakeFiles/ddsc.dir/ddsi/src/q_whc.c.o[0m
[3.518s] [ 53%] [32mBuilding C object src/core/CMakeFiles/ddsc.dir/ddsi/src/q_xevent.c.o[0m
[3.596s] [ 53%] [32mBuilding C object src/core/CMakeFiles/ddsc.dir/ddsi/src/q_xmsg.c.o[0m
[3.620s] [ 53%] [32mBuilding C object src/core/CMakeFiles/ddsc.dir/ddsi/src/q_freelist.c.o[0m
[3.623s] [ 54%] [32mBuilding C object src/core/CMakeFiles/ddsc.dir/ddsi/src/sysdeps.c.o[0m
[3.624s] [ 54%] Built target idl
[3.650s] [ 54%] [32mBuilding C object src/core/CMakeFiles/ddsc.dir/ddsi/src/ddsi_lifespan.c.o[0m
[3.654s] [ 55%] [32mBuilding C object src/core/CMakeFiles/ddsc.dir/ddsi/src/ddsi_xt_typeinfo.c.o[0m
[3.685s] [ 55%] [32mBuilding C object src/core/CMakeFiles/ddsc.dir/ddsi/src/ddsi_xt_typelookup.c.o[0m
[3.703s] [ 55%] [32mBuilding C object src/core/CMakeFiles/ddsc.dir/ddsi/src/ddsi_xt_typemap.c.o[0m
[3.724s] [ 56%] [32mBuilding C object src/core/CMakeFiles/ddsc.dir/ddsi/src/ddsi_typelookup.c.o[0m
[3.742s] [ 57%] [32mBuilding C object src/core/CMakeFiles/ddsc.dir/ddsi/src/ddsi_typebuilder.c.o[0m
[3.742s] [ 57%] [32mBuilding C object src/core/CMakeFiles/ddsc.dir/ddsi/src/ddsi_typewrap.c.o[0m
[3.763s] [ 57%] [32mBuilding C object src/core/CMakeFiles/ddsc.dir/ddsi/src/ddsi_security_exchange.c.o[0m
[3.765s] [ 57%] [32mBuilding C object src/core/CMakeFiles/ddsc.dir/ddsi/src/ddsi_security_msg.c.o[0m
[3.773s] [ 58%] [32mBuilding C object src/core/CMakeFiles/ddsc.dir/ddsi/src/ddsi_shm_transport.c.o[0m
[3.802s] [ 58%] [32mBuilding C object src/core/CMakeFiles/ddsc.dir/ddsi/defconfig.c.o[0m
[3.837s] [ 58%] [32mBuilding C object src/core/CMakeFiles/ddsc.dir/ddsc/src/dds_alloc.c.o[0m
[3.886s] [ 59%] [32mBuilding C object src/core/CMakeFiles/ddsc.dir/ddsc/src/dds_builtin.c.o[0m
[3.890s] [ 59%] [32mBuilding C object src/core/CMakeFiles/ddsc.dir/ddsc/src/dds_coherent.c.o[0m
[3.927s] [ 60%] [32mBuilding C object src/core/CMakeFiles/ddsc.dir/ddsc/src/dds_participant.c.o[0m
[3.941s] [ 60%] [32mBuilding C object src/core/CMakeFiles/ddsc.dir/ddsc/src/dds_reader.c.o[0m
[3.989s] [ 61%] [32mBuilding C object src/core/CMakeFiles/ddsc.dir/ddsc/src/dds_init.c.o[0m
[3.991s] [ 61%] [32mBuilding C object src/core/CMakeFiles/ddsc.dir/ddsc/src/dds_writer.c.o[0m
[4.006s] [ 61%] [32mBuilding C object src/core/CMakeFiles/ddsc.dir/ddsc/src/dds_publisher.c.o[0m
[4.022s] [ 61%] [32mBuilding C object src/core/CMakeFiles/ddsc.dir/ddsc/src/dds_rhc.c.o[0m
[4.037s] [ 62%] [32mBuilding C object src/core/CMakeFiles/ddsc.dir/ddsc/src/dds_rhc_default.c.o[0m
[4.077s] [ 62%] [32mBuilding C object src/core/CMakeFiles/ddsc.dir/ddsc/src/dds_domain.c.o[0m
[4.115s] [ 63%] [32mBuilding C object src/core/CMakeFiles/ddsc.dir/ddsc/src/dds_instance.c.o[0m
[4.122s] [ 63%] [32mBuilding C object src/core/CMakeFiles/ddsc.dir/ddsc/src/dds_qos.c.o[0m
[4.135s] [ 63%] [32mBuilding C object src/core/CMakeFiles/ddsc.dir/ddsc/src/dds_handles.c.o[0m
[4.149s] [ 64%] [32mBuilding C object src/core/CMakeFiles/ddsc.dir/ddsc/src/dds_entity.c.o[0m
[4.150s] [ 64%] [32mBuilding C object src/core/CMakeFiles/ddsc.dir/ddsc/src/dds_matched.c.o[0m
[4.173s] [ 65%] [32mBuilding C object src/core/CMakeFiles/ddsc.dir/ddsc/src/dds_querycond.c.o[0m
[4.193s] [ 65%] [32mBuilding C object src/core/CMakeFiles/ddsc.dir/ddsc/src/dds_topic.c.o[0m
[4.201s] [ 65%] [32mBuilding C object src/core/CMakeFiles/ddsc.dir/ddsc/src/dds_listener.c.o[0m
[4.219s] [ 66%] [32mBuilding C object src/core/CMakeFiles/ddsc.dir/ddsc/src/dds_read.c.o[0m
[4.251s] [ 66%] [32mBuilding C object src/core/CMakeFiles/ddsc.dir/ddsc/src/dds_waitset.c.o[0m
[4.258s] [ 66%] [32mBuilding C object src/core/CMakeFiles/ddsc.dir/ddsc/src/dds_readcond.c.o[0m
[4.323s] [ 67%] [32mBuilding C object src/core/CMakeFiles/ddsc.dir/ddsc/src/dds_guardcond.c.o[0m
[4.371s] [ 68%] [32mBuilding C object src/core/CMakeFiles/ddsc.dir/ddsc/src/dds_subscriber.c.o[0m
[4.372s] [ 68%] [32mBuilding C object src/core/CMakeFiles/ddsc.dir/ddsc/src/dds_statistics.c.o[0m
[4.393s] [ 68%] [32mBuilding C object src/core/CMakeFiles/ddsc.dir/ddsc/src/dds_write.c.o[0m
[4.405s] [ 68%] [32mBuilding C object src/core/CMakeFiles/ddsc.dir/ddsc/src/dds_whc.c.o[0m
[4.412s] [ 69%] [32mBuilding C object src/core/CMakeFiles/ddsc.dir/ddsc/src/dds_whc_builtintopic.c.o[0m
[4.421s] [ 69%] [32mBuilding C object src/core/CMakeFiles/ddsc.dir/ddsc/src/dds_serdata_builtintopic.c.o[0m
[4.488s] [ 70%] [32mBuilding C object src/core/CMakeFiles/ddsc.dir/ddsc/src/dds_sertype_builtintopic.c.o[0m
[4.522s] [ 70%] [32mBuilding C object src/core/CMakeFiles/ddsc.dir/ddsc/src/dds_data_allocator.c.o[0m
[4.552s] [ 70%] [32mBuilding C object src/core/CMakeFiles/ddsc.dir/ddsc/src/dds_loan.c.o[0m
[4.574s] [ 70%] [32mBuilding C object src/core/CMakeFiles/ddsc.dir/__/security/core/src/dds_security_utils.c.o[0m
[4.575s] [ 71%] [32mBuilding C object src/core/CMakeFiles/ddsc.dir/ddsc/src/shm_monitor.c.o[0m
[4.575s] [ 71%] [32mBuilding C object src/core/CMakeFiles/ddsc.dir/__/security/core/src/dds_security_serialize.c.o[0m
[4.590s] [ 72%] [32mBuilding C object src/core/CMakeFiles/ddsc.dir/__/security/core/src/dds_security_plugins.c.o[0m
[4.658s] [ 72%] [32mBuilding C object src/core/CMakeFiles/ddsc.dir/__/security/core/src/shared_secret.c.o[0m
[4.658s] [ 73%] [32mBuilding C object src/core/CMakeFiles/ddsc.dir/__/security/core/src/dds_security_fsm.c.o[0m
[4.666s] [ 73%] [32mBuilding C object src/core/CMakeFiles/ddsc.dir/__/security/core/src/dds_security_timed_cb.c.o[0m
[4.668s] [ 73%] [32mBuilding C object src/core/CMakeFiles/ddsc.dir/__/ddsrt/src/atomics.c.o[0m
[4.675s] [ 74%] [32mBuilding C object src/core/CMakeFiles/ddsc.dir/__/ddsrt/src/avl.c.o[0m
[4.678s] [ 74%] [32mBuilding C object src/core/CMakeFiles/ddsc.dir/__/ddsrt/src/bswap.c.o[0m
[4.684s] [ 74%] [32mBuilding C object src/core/CMakeFiles/ddsc.dir/__/ddsrt/src/io.c.o[0m
[4.685s] [ 75%] [32mBuilding C object src/core/CMakeFiles/ddsc.dir/__/ddsrt/src/log.c.o[0m
[4.722s] [ 75%] [32mBuilding C object src/core/CMakeFiles/ddsc.dir/__/ddsrt/src/retcode.c.o[0m
[4.741s] [ 76%] [32mBuilding C object src/core/CMakeFiles/ddsc.dir/__/ddsrt/src/strtod.c.o[0m
[4.755s] [ 76%] [32mBuilding C object src/core/CMakeFiles/ddsc.dir/__/ddsrt/src/mh3.c.o[0m
[4.756s] [ 76%] [32mBuilding C object src/core/CMakeFiles/ddsc.dir/__/ddsrt/src/strtol.c.o[0m
[4.764s] [ 77%] [32mBuilding C object src/core/CMakeFiles/ddsc.dir/__/ddsrt/src/environ.c.o[0m
[4.774s] [ 78%] [32mBuilding C object src/core/CMakeFiles/ddsc.dir/__/ddsrt/src/fibheap.c.o[0m
[4.776s] [ 78%] [32mBuilding C object src/core/CMakeFiles/ddsc.dir/__/ddsrt/src/hopscotch.c.o[0m
[4.776s] [ 78%] [32mBuilding C object src/core/CMakeFiles/ddsc.dir/__/ddsrt/src/expand_vars.c.o[0m
[4.780s] [ 78%] [32mBuilding C object src/core/CMakeFiles/ddsc.dir/__/ddsrt/src/circlist.c.o[0m
[4.801s] [ 79%] [32mBuilding C object src/core/CMakeFiles/ddsc.dir/__/ddsrt/src/threads.c.o[0m
[4.806s] [ 79%] [32mBuilding C object src/core/CMakeFiles/ddsc.dir/__/ddsrt/src/string.c.o[0m
[4.809s] [ 79%] [32mBuilding C object src/core/CMakeFiles/ddsc.dir/__/ddsrt/src/sockets.c.o[0m
[4.839s] [ 80%] [32mBuilding C object src/core/CMakeFiles/ddsc.dir/__/ddsrt/src/md5.c.o[0m
[4.844s] [ 80%] [32mBuilding C object src/core/CMakeFiles/ddsc.dir/__/ddsrt/src/xmlparser.c.o[0m
[4.847s] [ 81%] [32mBuilding C object src/core/CMakeFiles/ddsc.dir/__/ddsrt/src/ifaddrs.c.o[0m
[4.849s] [ 81%] [32mBuilding C object src/core/CMakeFiles/ddsc.dir/__/ddsrt/src/cdtors.c.o[0m
[4.870s] [ 81%] [32mBuilding C object src/core/CMakeFiles/ddsc.dir/__/ddsrt/src/random.c.o[0m
[4.872s] [ 82%] [32mBuilding C object src/core/CMakeFiles/ddsc.dir/__/ddsrt/src/time.c.o[0m
[4.903s] [ 82%] [32mBuilding C object src/core/CMakeFiles/ddsc.dir/__/ddsrt/src/ifaddrs/posix/ifaddrs.c.o[0m
[4.914s] [ 82%] [32mBuilding C object src/core/CMakeFiles/ddsc.dir/__/ddsrt/src/sockets/posix/socket.c.o[0m
[4.918s] [ 83%] [32mBuilding C object src/core/CMakeFiles/ddsc.dir/__/ddsrt/src/sockets/posix/gethostname.c.o[0m
[4.938s] [ 83%] [32mBuilding C object src/core/CMakeFiles/ddsc.dir/__/ddsrt/src/heap/posix/heap.c.o[0m
[4.949s] [ 83%] [32mBuilding C object src/core/CMakeFiles/ddsc.dir/__/ddsrt/src/environ/posix/environ.c.o[0m
[4.956s] [ 84%] [32mBuilding C object src/core/CMakeFiles/ddsc.dir/__/ddsrt/src/dynlib/posix/dynlib.c.o[0m
[4.962s] [ 84%] [32mBuilding C object src/core/CMakeFiles/ddsc.dir/__/ddsrt/src/filesystem/posix/filesystem.c.o[0m
[4.967s] [ 85%] [32mBuilding C object src/core/CMakeFiles/ddsc.dir/__/ddsrt/src/process/posix/process.c.o[0m
[4.985s] [ 85%] [32mBuilding C object src/core/CMakeFiles/ddsc.dir/__/ddsrt/src/random/posix/random.c.o[0m
[4.991s] [ 85%] [32mBuilding C object src/core/CMakeFiles/ddsc.dir/__/ddsrt/src/threads/posix/threads.c.o[0m
[4.995s] [ 86%] [32mBuilding C object src/core/CMakeFiles/ddsc.dir/__/ddsrt/src/sync/posix/sync.c.o[0m
[5.004s] [ 86%] [32mBuilding C object src/core/CMakeFiles/ddsc.dir/__/ddsrt/src/netstat/linux/netstat.c.o[0m
[5.004s] [ 87%] [32mBuilding C object src/core/CMakeFiles/ddsc.dir/__/ddsrt/src/time/posix/time.c.o[0m
[5.032s] [ 87%] [32mBuilding C object src/core/CMakeFiles/ddsc.dir/__/ddsrt/src/rusage/posix/rusage.c.o[0m
[5.326s] [ 87%] [32m[1mLinking C shared library ../../lib/libddsc.so[0m
[5.464s] [ 87%] Built target ddsc
[5.493s] [ 87%] [32mBuilding C object src/security/builtin_plugins/authentication/CMakeFiles/dds_security_auth.dir/__/__/openssl/src/openssl_support.c.o[0m
[5.493s] [ 87%] [32mBuilding C object src/security/builtin_plugins/access_control/CMakeFiles/dds_security_ac.dir/src/access_control_parser.c.o[0m
[5.493s] [ 87%] [32mBuilding C object src/security/builtin_plugins/access_control/CMakeFiles/dds_security_ac.dir/__/__/openssl/src/openssl_support.c.o[0m
[5.493s] [ 87%] [32mBuilding C object src/security/builtin_plugins/access_control/CMakeFiles/dds_security_ac.dir/src/access_control.c.o[0m
[5.493s] [ 88%] [32mBuilding C object src/security/builtin_plugins/access_control/CMakeFiles/dds_security_ac.dir/src/access_control_utils.c.o[0m
[5.493s] [ 88%] [32mBuilding C object src/security/builtin_plugins/access_control/CMakeFiles/dds_security_ac.dir/src/access_control_objects.c.o[0m
[5.493s] [ 89%] [32mBuilding C object src/security/builtin_plugins/cryptographic/CMakeFiles/dds_security_crypto.dir/src/crypto_cipher.c.o[0m
[5.493s] [ 89%] [32mBuilding C object src/tools/idlc/CMakeFiles/idlc.dir/src/generator.c.o[0m
[5.494s] [ 90%] [32mBuilding C object src/tools/idlc/CMakeFiles/idlc.dir/src/options.c.o[0m
[5.494s] [ 90%] [32mBuilding C object src/security/builtin_plugins/authentication/CMakeFiles/dds_security_auth.dir/src/authentication.c.o[0m
[5.494s] [ 90%] [32mBuilding C object src/tools/idlc/CMakeFiles/idlc.dir/src/plugin.c.o[0m
[5.494s] [ 91%] [32mBuilding C object src/tools/idlc/CMakeFiles/idlc.dir/src/idlc.c.o[0m
[5.495s] [ 92%] [32mBuilding C object src/tools/idlc/CMakeFiles/idlc.dir/src/types.c.o[0m
[5.495s] [ 92%] [32mBuilding C object src/tools/idlc/CMakeFiles/idlc.dir/src/descriptor_type_meta.c.o[0m
[5.496s] [ 93%] [32mBuilding C object src/security/builtin_plugins/authentication/CMakeFiles/dds_security_auth.dir/src/auth_utils.c.o[0m
[5.497s] [ 93%] [32mBuilding C object src/security/builtin_plugins/cryptographic/CMakeFiles/dds_security_crypto.dir/src/crypto_transform.c.o[0m
[5.499s] [ 93%] [32mBuilding C object src/security/builtin_plugins/cryptographic/CMakeFiles/dds_security_crypto.dir/src/crypto_key_factory.c.o[0m
[5.500s] [ 93%] [32mBuilding C object src/security/builtin_plugins/cryptographic/CMakeFiles/dds_security_crypto.dir/src/crypto_key_exchange.c.o[0m
[5.503s] [ 93%] [32mBuilding C object src/tools/idlc/CMakeFiles/idlc.dir/src/descriptor.c.o[0m
[5.505s] [ 94%] [32mBuilding C object src/security/builtin_plugins/cryptographic/CMakeFiles/dds_security_crypto.dir/src/crypto_objects.c.o[0m
[5.593s] [ 95%] [32mBuilding C object src/security/builtin_plugins/cryptographic/CMakeFiles/dds_security_crypto.dir/src/crypto_utils.c.o[0m
[5.673s] [ 95%] [32mBuilding C object src/security/builtin_plugins/cryptographic/CMakeFiles/dds_security_crypto.dir/__/__/openssl/src/openssl_support.c.o[0m
[5.680s] [ 95%] [32mBuilding C object src/security/builtin_plugins/cryptographic/CMakeFiles/dds_security_crypto.dir/src/cryptography.c.o[0m
[5.951s] [ 96%] [32m[1mLinking C shared library ../../../../lib/libdds_security_crypto.so[0m
[6.009s] [ 96%] Built target dds_security_crypto
[6.057s] [ 97%] [32m[1mLinking C shared library ../../../../lib/libdds_security_ac.so[0m
[6.093s] [ 97%] [32m[1mLinking C shared library ../../../../lib/libdds_security_auth.so[0m
[6.104s] [ 97%] Built target dds_security_ac
[6.142s] [ 97%] Built target dds_security_auth
[6.226s] [ 97%] [32m[1mLinking C executable ../../../bin/idlc[0m
[6.294s] [ 97%] Built target idlc
[6.312s] [ 97%] [34m[1mGenerating ddsperf_types.c, ddsperf_types.h[0m
[6.335s] [ 97%] Built target ddsperf_types_generate
[6.357s] [ 97%] [32mBuilding C object src/tools/ddsperf/CMakeFiles/ddsperf.dir/ddsperf.c.o[0m
[6.358s] [ 97%] [32mBuilding C object src/tools/ddsperf/CMakeFiles/ddsperf.dir/netload.c.o[0m
[6.358s] [ 97%] [32mBuilding C object src/tools/ddsperf/CMakeFiles/ddsperf.dir/async_listener.c.o[0m
[6.358s] [ 98%] [32mBuilding C object src/tools/ddsperf/CMakeFiles/ddsperf.dir/cputime.c.o[0m
[6.358s] [ 99%] [32mBuilding C object src/tools/ddsperf/CMakeFiles/ddsperf.dir/ddsperf_types.c.o[0m
[6.851s] [ 99%] [32m[1mLinking C executable ../../../bin/ddsperf[0m
[6.914s] [100%] Built target ddsperf
[6.925s] Invoked command in '/home/tang-yucheng/Desktop/legged_nav_rl/build/cyclonedds' returned '0': CMAKE_PREFIX_PATH=${CMAKE_PREFIX_PATH}:/opt/ros/humble /usr/bin/cmake --build /home/tang-yucheng/Desktop/legged_nav_rl/build/cyclonedds -- -j20 -l20
[6.960s] Invoking command in '/home/tang-yucheng/Desktop/legged_nav_rl/build/cyclonedds': CMAKE_PREFIX_PATH=${CMAKE_PREFIX_PATH}:/opt/ros/humble /usr/bin/cmake --install /home/tang-yucheng/Desktop/legged_nav_rl/build/cyclonedds
[6.966s] -- Install configuration: "RelWithDebInfo"
[6.966s] -- Installing: /home/tang-yucheng/Desktop/legged_nav_rl/install/cyclonedds/lib/cmake/CycloneDDS/CycloneDDSConfig.cmake
[6.966s] -- Installing: /home/tang-yucheng/Desktop/legged_nav_rl/install/cyclonedds/lib/cmake/CycloneDDS/CycloneDDSConfigVersion.cmake
[6.966s] -- Installing: /home/tang-yucheng/Desktop/legged_nav_rl/install/cyclonedds/lib/cmake/CycloneDDS/CycloneDDSTargets.cmake
[6.966s] -- Installing: /home/tang-yucheng/Desktop/legged_nav_rl/install/cyclonedds/lib/cmake/CycloneDDS/CycloneDDSTargets-relwithdebinfo.cmake
[6.966s] -- Installing: /home/tang-yucheng/Desktop/legged_nav_rl/install/cyclonedds/lib/pkgconfig/CycloneDDS.pc
[6.966s] -- Installing: /home/tang-yucheng/Desktop/legged_nav_rl/install/cyclonedds/include/idlc
[6.966s] -- Installing: /home/tang-yucheng/Desktop/legged_nav_rl/install/cyclonedds/include/idlc/options.h
[6.967s] -- Installing: /home/tang-yucheng/Desktop/legged_nav_rl/install/cyclonedds/include/idlc/generator.h
[6.967s] -- Installing: /home/tang-yucheng/Desktop/legged_nav_rl/install/cyclonedds/bin/idlc
[6.967s] -- Set runtime path of "/home/tang-yucheng/Desktop/legged_nav_rl/install/cyclonedds/bin/idlc" to "$ORIGIN/../lib"
[6.967s] -- Installing: /home/tang-yucheng/Desktop/legged_nav_rl/install/cyclonedds/lib/cmake/CycloneDDS/idlc/Generate.cmake
[6.967s] -- Installing: /home/tang-yucheng/Desktop/legged_nav_rl/install/cyclonedds/bin/ddsperf
[6.968s] -- Set runtime path of "/home/tang-yucheng/Desktop/legged_nav_rl/install/cyclonedds/bin/ddsperf" to "$ORIGIN/../lib"
[6.968s] -- Up-to-date: /home/tang-yucheng/Desktop/legged_nav_rl/install/cyclonedds/include
[6.968s] -- Installing: /home/tang-yucheng/Desktop/legged_nav_rl/install/cyclonedds/include/dds
[6.968s] -- Installing: /home/tang-yucheng/Desktop/legged_nav_rl/install/cyclonedds/include/dds/ddsrt
[6.968s] -- Installing: /home/tang-yucheng/Desktop/legged_nav_rl/install/cyclonedds/include/dds/ddsrt/io.h
[6.968s] -- Installing: /home/tang-yucheng/Desktop/legged_nav_rl/install/cyclonedds/include/dds/ddsrt/environ.h
[6.968s] -- Installing: /home/tang-yucheng/Desktop/legged_nav_rl/install/cyclonedds/include/dds/ddsrt/sync
[6.968s] -- Installing: /home/tang-yucheng/Desktop/legged_nav_rl/install/cyclonedds/include/dds/ddsrt/sync/freertos.h
[6.968s] -- Installing: /home/tang-yucheng/Desktop/legged_nav_rl/install/cyclonedds/include/dds/ddsrt/sync/windows.h
[6.968s] -- Installing: /home/tang-yucheng/Desktop/legged_nav_rl/install/cyclonedds/include/dds/ddsrt/sync/posix.h
[6.968s] -- Installing: /home/tang-yucheng/Desktop/legged_nav_rl/install/cyclonedds/include/dds/ddsrt/dynlib.h
[6.968s] -- Installing: /home/tang-yucheng/Desktop/legged_nav_rl/install/cyclonedds/include/dds/ddsrt/threads.h
[6.968s] -- Installing: /home/tang-yucheng/Desktop/legged_nav_rl/install/cyclonedds/include/dds/ddsrt/static_assert.h
[6.968s] -- Installing: /home/tang-yucheng/Desktop/legged_nav_rl/install/cyclonedds/include/dds/ddsrt/types.h
[6.968s] -- Installing: /home/tang-yucheng/Desktop/legged_nav_rl/install/cyclonedds/include/dds/ddsrt/cdtors.h
[6.968s] -- Installing: /home/tang-yucheng/Desktop/legged_nav_rl/install/cyclonedds/include/dds/ddsrt/avl.h
[6.968s] -- Installing: /home/tang-yucheng/Desktop/legged_nav_rl/install/cyclonedds/include/dds/ddsrt/strtod.h
[6.968s] -- Installing: /home/tang-yucheng/Desktop/legged_nav_rl/install/cyclonedds/include/dds/ddsrt/rusage.h
[6.968s] -- Installing: /home/tang-yucheng/Desktop/legged_nav_rl/install/cyclonedds/include/dds/ddsrt/align.h
[6.968s] -- Installing: /home/tang-yucheng/Desktop/legged_nav_rl/install/cyclonedds/include/dds/ddsrt/random.h
[6.968s] -- Installing: /home/tang-yucheng/Desktop/legged_nav_rl/install/cyclonedds/include/dds/ddsrt/iovec.h
[6.968s] -- Installing: /home/tang-yucheng/Desktop/legged_nav_rl/install/cyclonedds/include/dds/ddsrt/misc.h
[6.968s] -- Installing: /home/tang-yucheng/Desktop/legged_nav_rl/install/cyclonedds/include/dds/ddsrt/threads
[6.968s] -- Installing: /home/tang-yucheng/Desktop/legged_nav_rl/install/cyclonedds/include/dds/ddsrt/threads/freertos.h
[6.968s] -- Installing: /home/tang-yucheng/Desktop/legged_nav_rl/install/cyclonedds/include/dds/ddsrt/threads/windows.h
[6.969s] -- Installing: /home/tang-yucheng/Desktop/legged_nav_rl/install/cyclonedds/include/dds/ddsrt/threads/posix.h
[6.969s] -- Installing: /home/tang-yucheng/Desktop/legged_nav_rl/install/cyclonedds/include/dds/ddsrt/filesystem
[6.969s] -- Installing: /home/tang-yucheng/Desktop/legged_nav_rl/install/cyclonedds/include/dds/ddsrt/filesystem/windows.h
[6.969s] -- Installing: /home/tang-yucheng/Desktop/legged_nav_rl/install/cyclonedds/include/dds/ddsrt/filesystem/posix.h
[6.969s] -- Installing: /home/tang-yucheng/Desktop/legged_nav_rl/install/cyclonedds/include/dds/ddsrt/arch.h
[6.969s] -- Installing: /home/tang-yucheng/Desktop/legged_nav_rl/install/cyclonedds/include/dds/ddsrt/atomics
[6.969s] -- Installing: /home/tang-yucheng/Desktop/legged_nav_rl/install/cyclonedds/include/dds/ddsrt/atomics/arm.h
[6.969s] -- Installing: /home/tang-yucheng/Desktop/legged_nav_rl/install/cyclonedds/include/dds/ddsrt/atomics/gcc.h
[6.969s] -- Installing: /home/tang-yucheng/Desktop/legged_nav_rl/install/cyclonedds/include/dds/ddsrt/atomics/msvc.h
[6.969s] -- Installing: /home/tang-yucheng/Desktop/legged_nav_rl/install/cyclonedds/include/dds/ddsrt/atomics/sun.h
[6.969s] -- Installing: /home/tang-yucheng/Desktop/legged_nav_rl/install/cyclonedds/include/dds/ddsrt/bswap.h
[6.969s] -- Installing: /home/tang-yucheng/Desktop/legged_nav_rl/install/cyclonedds/include/dds/ddsrt/types
[6.969s] -- Installing: /home/tang-yucheng/Desktop/legged_nav_rl/install/cyclonedds/include/dds/ddsrt/types/windows.h
[6.969s] -- Installing: /home/tang-yucheng/Desktop/legged_nav_rl/install/cyclonedds/include/dds/ddsrt/types/vxworks.h
[6.969s] -- Installing: /home/tang-yucheng/Desktop/legged_nav_rl/install/cyclonedds/include/dds/ddsrt/types/posix.h
[6.969s] -- Installing: /home/tang-yucheng/Desktop/legged_nav_rl/install/cyclonedds/include/dds/ddsrt/sockets.h
[6.969s] -- Installing: /home/tang-yucheng/Desktop/legged_nav_rl/install/cyclonedds/include/dds/ddsrt/netstat.h
[6.969s] -- Installing: /home/tang-yucheng/Desktop/legged_nav_rl/install/cyclonedds/include/dds/ddsrt/fibheap.h
[6.969s] -- Installing: /home/tang-yucheng/Desktop/legged_nav_rl/install/cyclonedds/include/dds/ddsrt/process.h
[6.969s] -- Installing: /home/tang-yucheng/Desktop/legged_nav_rl/install/cyclonedds/include/dds/ddsrt/strtol.h
[6.969s] -- Installing: /home/tang-yucheng/Desktop/legged_nav_rl/install/cyclonedds/include/dds/ddsrt/xmlparser.h
[6.969s] -- Installing: /home/tang-yucheng/Desktop/legged_nav_rl/install/cyclonedds/include/dds/ddsrt/md5.h
[6.969s] -- Installing: /home/tang-yucheng/Desktop/legged_nav_rl/install/cyclonedds/include/dds/ddsrt/attributes.h
[6.969s] -- Installing: /home/tang-yucheng/Desktop/legged_nav_rl/install/cyclonedds/include/dds/ddsrt/hopscotch.h
[6.970s] -- Installing: /home/tang-yucheng/Desktop/legged_nav_rl/install/cyclonedds/include/dds/ddsrt/retcode.h
[6.970s] -- Installing: /home/tang-yucheng/Desktop/legged_nav_rl/install/cyclonedds/include/dds/ddsrt/filesystem.h
[6.970s] -- Installing: /home/tang-yucheng/Desktop/legged_nav_rl/install/cyclonedds/include/dds/ddsrt/sync.h
[6.970s] -- Installing: /home/tang-yucheng/Desktop/legged_nav_rl/install/cyclonedds/include/dds/ddsrt/endian.h
[6.970s] -- Installing: /home/tang-yucheng/Desktop/legged_nav_rl/install/cyclonedds/include/dds/ddsrt/expand_vars.h
[6.970s] -- Installing: /home/tang-yucheng/Desktop/legged_nav_rl/install/cyclonedds/include/dds/ddsrt/circlist.h
[6.970s] -- Installing: /home/tang-yucheng/Desktop/legged_nav_rl/install/cyclonedds/include/dds/ddsrt/log.h
[6.970s] -- Installing: /home/tang-yucheng/Desktop/legged_nav_rl/install/cyclonedds/include/dds/ddsrt/sockets
[6.970s] -- Installing: /home/tang-yucheng/Desktop/legged_nav_rl/install/cyclonedds/include/dds/ddsrt/sockets/windows.h
[6.970s] -- Installing: /home/tang-yucheng/Desktop/legged_nav_rl/install/cyclonedds/include/dds/ddsrt/sockets/posix.h
[6.970s] -- Installing: /home/tang-yucheng/Desktop/legged_nav_rl/install/cyclonedds/include/dds/ddsrt/time.h
[6.970s] -- Installing: /home/tang-yucheng/Desktop/legged_nav_rl/install/cyclonedds/include/dds/ddsrt/ifaddrs.h
[6.970s] -- Installing: /home/tang-yucheng/Desktop/legged_nav_rl/install/cyclonedds/include/dds/ddsrt/countargs.h
[6.970s] -- Installing: /home/tang-yucheng/Desktop/legged_nav_rl/install/cyclonedds/include/dds/ddsrt/atomics.h
[6.970s] -- Installing: /home/tang-yucheng/Desktop/legged_nav_rl/install/cyclonedds/include/dds/ddsrt/heap.h
[6.970s] -- Installing: /home/tang-yucheng/Desktop/legged_nav_rl/install/cyclonedds/include/dds/ddsrt/time
[6.970s] -- Installing: /home/tang-yucheng/Desktop/legged_nav_rl/install/cyclonedds/include/dds/ddsrt/time/freertos.h
[6.970s] -- Installing: /home/tang-yucheng/Desktop/legged_nav_rl/install/cyclonedds/include/dds/ddsrt/sched.h
[6.970s] -- Installing: /home/tang-yucheng/Desktop/legged_nav_rl/install/cyclonedds/include/dds/ddsrt/mh3.h
[6.970s] -- Installing: /home/tang-yucheng/Desktop/legged_nav_rl/install/cyclonedds/include/dds/ddsrt/string.h
[6.970s] -- Up-to-date: /home/tang-yucheng/Desktop/legged_nav_rl/install/cyclonedds/include
[6.970s] -- Up-to-date: /home/tang-yucheng/Desktop/legged_nav_rl/install/cyclonedds/include/dds
[6.970s] -- Installing: /home/tang-yucheng/Desktop/legged_nav_rl/install/cyclonedds/include/dds/features.h
[6.970s] -- Installing: /home/tang-yucheng/Desktop/legged_nav_rl/install/cyclonedds/include/dds/version.h
[6.970s] -- Installing: /home/tang-yucheng/Desktop/legged_nav_rl/install/cyclonedds/include/dds/config.h
[6.970s] -- Installing: /home/tang-yucheng/Desktop/legged_nav_rl/install/cyclonedds/include/idl
[6.971s] -- Installing: /home/tang-yucheng/Desktop/legged_nav_rl/install/cyclonedds/include/idl/stream.h
[6.971s] -- Installing: /home/tang-yucheng/Desktop/legged_nav_rl/install/cyclonedds/include/idl/expression.h
[6.971s] -- Installing: /home/tang-yucheng/Desktop/legged_nav_rl/install/cyclonedds/include/idl/scope.h
[6.971s] -- Installing: /home/tang-yucheng/Desktop/legged_nav_rl/install/cyclonedds/include/idl/file.h
[6.971s] -- Installing: /home/tang-yucheng/Desktop/legged_nav_rl/install/cyclonedds/include/idl/visit.h
[6.971s] -- Installing: /home/tang-yucheng/Desktop/legged_nav_rl/install/cyclonedds/include/idl/print.h
[6.971s] -- Installing: /home/tang-yucheng/Desktop/legged_nav_rl/install/cyclonedds/include/idl/processor.h
[6.971s] -- Installing: /home/tang-yucheng/Desktop/legged_nav_rl/install/cyclonedds/include/idl/retcode.h
[6.971s] -- Installing: /home/tang-yucheng/Desktop/legged_nav_rl/install/cyclonedds/include/idl/tree.h
[6.971s] -- Installing: /home/tang-yucheng/Desktop/legged_nav_rl/install/cyclonedds/include/idl/symbol.h
[6.971s] -- Installing: /home/tang-yucheng/Desktop/legged_nav_rl/install/cyclonedds/include/idl/string.h
[6.971s] -- Up-to-date: /home/tang-yucheng/Desktop/legged_nav_rl/install/cyclonedds/include/idl
[6.971s] -- Installing: /home/tang-yucheng/Desktop/legged_nav_rl/install/cyclonedds/include/idl/export.h
[6.971s] -- Installing: /home/tang-yucheng/Desktop/legged_nav_rl/install/cyclonedds/include/idl/misc.h
[6.971s] -- Installing: /home/tang-yucheng/Desktop/legged_nav_rl/install/cyclonedds/include/idl/md5.h
[6.971s] -- Installing: /home/tang-yucheng/Desktop/legged_nav_rl/install/cyclonedds/include/idl/attributes.h
[6.972s] -- Installing: /home/tang-yucheng/Desktop/legged_nav_rl/install/cyclonedds/include/idl/version.h
[6.972s] -- Installing: /home/tang-yucheng/Desktop/legged_nav_rl/install/cyclonedds/include/idl/endian.h
[6.972s] -- Installing: /home/tang-yucheng/Desktop/legged_nav_rl/install/cyclonedds/lib/libcycloneddsidl.so.0.10.5
[6.972s] -- Installing: /home/tang-yucheng/Desktop/legged_nav_rl/install/cyclonedds/lib/libcycloneddsidl.so.0
[6.972s] -- Set runtime path of "/home/tang-yucheng/Desktop/legged_nav_rl/install/cyclonedds/lib/libcycloneddsidl.so.0.10.5" to "$ORIGIN/../lib"
[6.972s] -- Installing: /home/tang-yucheng/Desktop/legged_nav_rl/install/cyclonedds/lib/libcycloneddsidl.so
[6.972s] -- Up-to-date: /home/tang-yucheng/Desktop/legged_nav_rl/install/cyclonedds/include
[6.973s] -- Up-to-date: /home/tang-yucheng/Desktop/legged_nav_rl/install/cyclonedds/include/dds
[6.973s] -- Installing: /home/tang-yucheng/Desktop/legged_nav_rl/install/cyclonedds/include/dds/security
[6.973s] -- Installing: /home/tang-yucheng/Desktop/legged_nav_rl/install/cyclonedds/include/dds/security/dds_security_api_types.h
[6.973s] -- Installing: /home/tang-yucheng/Desktop/legged_nav_rl/install/cyclonedds/include/dds/security/dds_security_api_cryptography.h
[6.973s] -- Installing: /home/tang-yucheng/Desktop/legged_nav_rl/install/cyclonedds/include/dds/security/dds_security_api_defs.h
[6.973s] -- Installing: /home/tang-yucheng/Desktop/legged_nav_rl/install/cyclonedds/include/dds/security/dds_security_api_err.h
[6.973s] -- Installing: /home/tang-yucheng/Desktop/legged_nav_rl/install/cyclonedds/include/dds/security/dds_security_api.h
[6.973s] -- Installing: /home/tang-yucheng/Desktop/legged_nav_rl/install/cyclonedds/include/dds/security/dds_security_api_access_control.h
[6.973s] -- Installing: /home/tang-yucheng/Desktop/legged_nav_rl/install/cyclonedds/include/dds/security/dds_security_api_authentication.h
[6.973s] -- Installing: /home/tang-yucheng/Desktop/legged_nav_rl/install/cyclonedds/include/dds/security/core/
[6.973s] -- Installing: /home/tang-yucheng/Desktop/legged_nav_rl/install/cyclonedds/include/dds/security/core//dds_security_utils.h
[6.973s] -- Installing: /home/tang-yucheng/Desktop/legged_nav_rl/install/cyclonedds/include/dds/security/core//dds_security_types.h
[6.973s] -- Installing: /home/tang-yucheng/Desktop/legged_nav_rl/install/cyclonedds/include/dds/security/core//shared_secret.h
[6.973s] -- Installing: /home/tang-yucheng/Desktop/legged_nav_rl/install/cyclonedds/include/dds/security/core//dds_security_plugins.h
[6.973s] -- Installing: /home/tang-yucheng/Desktop/legged_nav_rl/install/cyclonedds/include/dds/security/core//dds_security_timed_cb.h
[6.974s] -- Installing: /home/tang-yucheng/Desktop/legged_nav_rl/install/cyclonedds/include/dds/security/core//dds_security_fsm.h
[6.974s] -- Installing: /home/tang-yucheng/Desktop/legged_nav_rl/install/cyclonedds/include/dds/security/core//dds_security_serialize.h
[6.974s] -- Installing: /home/tang-yucheng/Desktop/legged_nav_rl/install/cyclonedds/lib/libdds_security_ac.so
[6.974s] -- Set runtime path of "/home/tang-yucheng/Desktop/legged_nav_rl/install/cyclonedds/lib/libdds_security_ac.so" to "$ORIGIN/../lib"
[6.974s] -- Installing: /home/tang-yucheng/Desktop/legged_nav_rl/install/cyclonedds/lib/libdds_security_auth.so
[6.974s] -- Set runtime path of "/home/tang-yucheng/Desktop/legged_nav_rl/install/cyclonedds/lib/libdds_security_auth.so" to "$ORIGIN/../lib"
[6.974s] -- Installing: /home/tang-yucheng/Desktop/legged_nav_rl/install/cyclonedds/lib/libdds_security_crypto.so
[6.974s] -- Set runtime path of "/home/tang-yucheng/Desktop/legged_nav_rl/install/cyclonedds/lib/libdds_security_crypto.so" to "$ORIGIN/../lib"
[6.974s] -- Up-to-date: /home/tang-yucheng/Desktop/legged_nav_rl/install/cyclonedds/include
[6.975s] -- Up-to-date: /home/tang-yucheng/Desktop/legged_nav_rl/install/cyclonedds/include/dds
[6.975s] -- Installing: /home/tang-yucheng/Desktop/legged_nav_rl/install/cyclonedds/include/dds/ddsi
[6.975s] -- Installing: /home/tang-yucheng/Desktop/legged_nav_rl/install/cyclonedds/include/dds/ddsi/q_thread.h
[6.975s] -- Installing: /home/tang-yucheng/Desktop/legged_nav_rl/install/cyclonedds/include/dds/ddsi/ddsi_ipaddr.h
[6.975s] -- Installing: /home/tang-yucheng/Desktop/legged_nav_rl/install/cyclonedds/include/dds/ddsi/ddsi_topic.h
[6.975s] -- Installing: /home/tang-yucheng/Desktop/legged_nav_rl/install/cyclonedds/include/dds/ddsi/q_xevent.h
[6.975s] -- Installing: /home/tang-yucheng/Desktop/legged_nav_rl/install/cyclonedds/include/dds/ddsi/ddsi_entity_match.h
[6.975s] -- Installing: /home/tang-yucheng/Desktop/legged_nav_rl/install/cyclonedds/include/dds/ddsi/q_whc.h
[6.975s] -- Installing: /home/tang-yucheng/Desktop/legged_nav_rl/install/cyclonedds/include/dds/ddsi/q_gc.h
[6.975s] -- Installing: /home/tang-yucheng/Desktop/legged_nav_rl/install/cyclonedds/include/dds/ddsi/q_xmsg.h
[6.975s] -- Installing: /home/tang-yucheng/Desktop/legged_nav_rl/install/cyclonedds/include/dds/ddsi/ddsi_ownip.h
[6.975s] -- Installing: /home/tang-yucheng/Desktop/legged_nav_rl/install/cyclonedds/include/dds/ddsi/q_misc.h
[6.975s] -- Installing: /home/tang-yucheng/Desktop/legged_nav_rl/install/cyclonedds/include/dds/ddsi/ddsi_typelib.h
[6.975s] -- Installing: /home/tang-yucheng/Desktop/legged_nav_rl/install/cyclonedds/include/dds/ddsi/ddsi_domaingv.h
[6.975s] -- Installing: /home/tang-yucheng/Desktop/legged_nav_rl/install/cyclonedds/include/dds/ddsi/ddsi_serdata_plist.h
[6.975s] -- Installing: /home/tang-yucheng/Desktop/legged_nav_rl/install/cyclonedds/include/dds/ddsi/q_lease.h
[6.976s] -- Installing: /home/tang-yucheng/Desktop/legged_nav_rl/install/cyclonedds/include/dds/ddsi/ddsi_handshake.h
[6.976s] -- Installing: /home/tang-yucheng/Desktop/legged_nav_rl/install/cyclonedds/include/dds/ddsi/q_unused.h
[6.976s] -- Installing: /home/tang-yucheng/Desktop/legged_nav_rl/install/cyclonedds/include/dds/ddsi/ddsi_xt_typelookup.idl
[6.976s] -- Installing: /home/tang-yucheng/Desktop/legged_nav_rl/install/cyclonedds/include/dds/ddsi/ddsi_guid.h
[6.976s] -- Installing: /home/tang-yucheng/Desktop/legged_nav_rl/install/cyclonedds/include/dds/ddsi/ddsi_cfgunits.h
[6.976s] -- Installing: /home/tang-yucheng/Desktop/legged_nav_rl/install/cyclonedds/include/dds/ddsi/ddsi_mcgroup.h
[6.976s] -- Installing: /home/tang-yucheng/Desktop/legged_nav_rl/install/cyclonedds/include/dds/ddsi/ddsi_security_omg.h
[6.976s] -- Installing: /home/tang-yucheng/Desktop/legged_nav_rl/install/cyclonedds/include/dds/ddsi/ddsi_sertopic.h
[6.976s] -- Installing: /home/tang-yucheng/Desktop/legged_nav_rl/install/cyclonedds/include/dds/ddsi/ddsi_xqos.h
[6.976s] -- Installing: /home/tang-yucheng/Desktop/legged_nav_rl/install/cyclonedds/include/dds/ddsi/q_rtps.h
[6.976s] -- Installing: /home/tang-yucheng/Desktop/legged_nav_rl/install/cyclonedds/include/dds/ddsi/ddsi_pmd.h
[6.976s] -- Installing: /home/tang-yucheng/Desktop/legged_nav_rl/install/cyclonedds/include/dds/ddsi/ddsi_statistics.h
[6.976s] -- Installing: /home/tang-yucheng/Desktop/legged_nav_rl/install/cyclonedds/include/dds/ddsi/q_sockwaitset.h
[6.976s] -- Installing: /home/tang-yucheng/Desktop/legged_nav_rl/install/cyclonedds/include/dds/ddsi/q_lat_estim.h
[6.976s] -- Installing: /home/tang-yucheng/Desktop/legged_nav_rl/install/cyclonedds/include/dds/ddsi/q_inverse_uint32_set.h
[6.976s] -- Installing: /home/tang-yucheng/Desktop/legged_nav_rl/install/cyclonedds/include/dds/ddsi/ddsi_rhc.h
[6.976s] -- Installing: /home/tang-yucheng/Desktop/legged_nav_rl/install/cyclonedds/include/dds/ddsi/q_radmin.h
[6.977s] -- Installing: /home/tang-yucheng/Desktop/legged_nav_rl/install/cyclonedds/include/dds/ddsi/ddsi_xt_typemap.idl
[6.977s] -- Installing: /home/tang-yucheng/Desktop/legged_nav_rl/install/cyclonedds/include/dds/ddsi/ddsi_udp.h
[6.977s] -- Installing: /home/tang-yucheng/Desktop/legged_nav_rl/install/cyclonedds/include/dds/ddsi/ddsi_xt_typeinfo.h
[6.977s] -- Installing: /home/tang-yucheng/Desktop/legged_nav_rl/install/cyclonedds/include/dds/ddsi/ddsi_lifespan.h
[6.977s] -- Installing: /home/tang-yucheng/Desktop/legged_nav_rl/install/cyclonedds/include/dds/ddsi/q_pcap.h
[6.977s] -- Installing: /home/tang-yucheng/Desktop/legged_nav_rl/install/cyclonedds/include/dds/ddsi/ddsi_portmapping.h
[6.977s] -- Installing: /home/tang-yucheng/Desktop/legged_nav_rl/install/cyclonedds/include/dds/ddsi/ddsi_locator.h
[6.977s] -- Installing: /home/tang-yucheng/Desktop/legged_nav_rl/install/cyclonedds/include/dds/ddsi/ddsi_security_exchange.h
[6.977s] -- Installing: /home/tang-yucheng/Desktop/legged_nav_rl/install/cyclonedds/include/dds/ddsi/ddsi_time.h
[6.977s] -- Installing: /home/tang-yucheng/Desktop/legged_nav_rl/install/cyclonedds/include/dds/ddsi/ddsi_acknack.h
[6.977s] -- Installing: /home/tang-yucheng/Desktop/legged_nav_rl/install/cyclonedds/include/dds/ddsi/ddsi_cfgelems.h
[6.977s] -- Installing: /home/tang-yucheng/Desktop/legged_nav_rl/install/cyclonedds/include/dds/ddsi/ddsi_xt_typeinfo.idl
[6.977s] -- Installing: /home/tang-yucheng/Desktop/legged_nav_rl/install/cyclonedds/include/dds/ddsi/ddsi_deliver_locally.h
[6.977s] -- Installing: /home/tang-yucheng/Desktop/legged_nav_rl/install/cyclonedds/include/dds/ddsi/ddsi_config.h
[6.977s] -- Installing: /home/tang-yucheng/Desktop/legged_nav_rl/install/cyclonedds/include/dds/ddsi/ddsi_participant.h
[6.977s] -- Installing: /home/tang-yucheng/Desktop/legged_nav_rl/install/cyclonedds/include/dds/ddsi/ddsi_ssl.h
[6.978s] -- Installing: /home/tang-yucheng/Desktop/legged_nav_rl/install/cyclonedds/include/dds/ddsi/ddsi_endpoint.h
[6.978s] -- Installing: /home/tang-yucheng/Desktop/legged_nav_rl/install/cyclonedds/include/dds/ddsi/ddsi_tran.h
[6.978s] -- Installing: /home/tang-yucheng/Desktop/legged_nav_rl/install/cyclonedds/include/dds/ddsi/ddsi_list_tmpl.h
[6.978s] -- Installing: /home/tang-yucheng/Desktop/legged_nav_rl/install/cyclonedds/include/dds/ddsi/ddsi_list_genptr.h
[6.978s] -- Installing: /home/tang-yucheng/Desktop/legged_nav_rl/install/cyclonedds/include/dds/ddsi/q_qosmatch.h
[6.978s] -- Installing: /home/tang-yucheng/Desktop/legged_nav_rl/install/cyclonedds/include/dds/ddsi/ddsi_deadline.h
[6.978s] -- Installing: /home/tang-yucheng/Desktop/legged_nav_rl/install/cyclonedds/include/dds/ddsi/ddsi_iid.h
[6.978s] -- Installing: /home/tang-yucheng/Desktop/legged_nav_rl/install/cyclonedds/include/dds/ddsi/ddsi_raweth.h
[6.978s] -- Installing: /home/tang-yucheng/Desktop/legged_nav_rl/install/cyclonedds/include/dds/ddsi/ddsi_config_impl.h
[6.978s] -- Installing: /home/tang-yucheng/Desktop/legged_nav_rl/install/cyclonedds/include/dds/ddsi/ddsi_vnet.h
[6.978s] -- Installing: /home/tang-yucheng/Desktop/legged_nav_rl/install/cyclonedds/include/dds/ddsi/q_ddsi_discovery.h
[6.978s] -- Installing: /home/tang-yucheng/Desktop/legged_nav_rl/install/cyclonedds/include/dds/ddsi/ddsi_xt_impl.h
[6.978s] -- Installing: /home/tang-yucheng/Desktop/legged_nav_rl/install/cyclonedds/include/dds/ddsi/q_log.h
[6.978s] -- Installing: /home/tang-yucheng/Desktop/legged_nav_rl/install/cyclonedds/include/dds/ddsi/ddsi_serdata.h
[6.978s] -- Installing: /home/tang-yucheng/Desktop/legged_nav_rl/install/cyclonedds/include/dds/ddsi/ddsi_plist.h
[6.979s] -- Installing: /home/tang-yucheng/Desktop/legged_nav_rl/install/cyclonedds/include/dds/ddsi/q_init.h
[6.979s] -- Installing: /home/tang-yucheng/Desktop/legged_nav_rl/install/cyclonedds/include/dds/ddsi/q_freelist.h
[6.979s] -- Installing: /home/tang-yucheng/Desktop/legged_nav_rl/install/cyclonedds/include/dds/ddsi/q_transmit.h
[6.979s] -- Installing: /home/tang-yucheng/Desktop/legged_nav_rl/install/cyclonedds/include/dds/ddsi/ddsi_security_util.h
[6.979s] -- Installing: /home/tang-yucheng/Desktop/legged_nav_rl/install/cyclonedds/include/dds/ddsi/ddsi_security_msg.h
[6.979s] -- Installing: /home/tang-yucheng/Desktop/legged_nav_rl/install/cyclonedds/include/dds/ddsi/ddsi_wraddrset.h
[6.979s] -- Installing: /home/tang-yucheng/Desktop/legged_nav_rl/install/cyclonedds/include/dds/ddsi/ddsi_proxy_participant.h
[6.979s] -- Installing: /home/tang-yucheng/Desktop/legged_nav_rl/install/cyclonedds/include/dds/ddsi/ddsi_cdrstream.h
[6.979s] -- Installing: /home/tang-yucheng/Desktop/legged_nav_rl/install/cyclonedds/include/dds/ddsi/ddsi_proxy_endpoint.h
[6.979s] -- Installing: /home/tang-yucheng/Desktop/legged_nav_rl/install/cyclonedds/include/dds/ddsi/ddsi_builtin_topic_if.h
[6.979s] -- Installing: /home/tang-yucheng/Desktop/legged_nav_rl/install/cyclonedds/include/dds/ddsi/q_bswap.h
[6.979s] -- Installing: /home/tang-yucheng/Desktop/legged_nav_rl/install/cyclonedds/include/dds/ddsi/ddsi_shm_transport.h
[6.979s] -- Installing: /home/tang-yucheng/Desktop/legged_nav_rl/install/cyclonedds/include/dds/ddsi/q_receive.h
[6.979s] -- Installing: /home/tang-yucheng/Desktop/legged_nav_rl/install/cyclonedds/include/dds/ddsi/ddsi_vendor.h
[6.979s] -- Installing: /home/tang-yucheng/Desktop/legged_nav_rl/install/cyclonedds/include/dds/ddsi/ddsi_typebuilder.h
[6.979s] -- Installing: /home/tang-yucheng/Desktop/legged_nav_rl/install/cyclonedds/include/dds/ddsi/ddsi_tkmap.h
[6.979s] -- Installing: /home/tang-yucheng/Desktop/legged_nav_rl/install/cyclonedds/include/dds/ddsi/q_feature_check.h
[6.979s] -- Installing: /home/tang-yucheng/Desktop/legged_nav_rl/install/cyclonedds/include/dds/ddsi/q_debmon.h
[6.979s] -- Installing: /home/tang-yucheng/Desktop/legged_nav_rl/install/cyclonedds/include/dds/ddsi/ddsi_typelookup.h
[6.980s] -- Installing: /home/tang-yucheng/Desktop/legged_nav_rl/install/cyclonedds/include/dds/ddsi/ddsi_entity_index.h
[6.980s] -- Installing: /home/tang-yucheng/Desktop/legged_nav_rl/install/cyclonedds/include/dds/ddsi/ddsi_keyhash.h
[6.980s] -- Installing: /home/tang-yucheng/Desktop/legged_nav_rl/install/cyclonedds/include/dds/ddsi/q_addrset.h
[6.980s] -- Installing: /home/tang-yucheng/Desktop/legged_nav_rl/install/cyclonedds/include/dds/ddsi/q_hbcontrol.h
[6.980s] -- Installing: /home/tang-yucheng/Desktop/legged_nav_rl/install/cyclonedds/include/dds/ddsi/ddsi_serdata_default.h
[6.980s] -- Installing: /home/tang-yucheng/Desktop/legged_nav_rl/install/cyclonedds/include/dds/ddsi/ddsi_xt_typelookup.h
[6.980s] -- Installing: /home/tang-yucheng/Desktop/legged_nav_rl/install/cyclonedds/include/dds/ddsi/ddsi_sertype.h
[6.980s] -- Installing: /home/tang-yucheng/Desktop/legged_nav_rl/install/cyclonedds/include/dds/ddsi/sysdeps.h
[6.980s] -- Installing: /home/tang-yucheng/Desktop/legged_nav_rl/install/cyclonedds/include/dds/ddsi/ddsi_serdata_pserop.h
[6.980s] -- Installing: /home/tang-yucheng/Desktop/legged_nav_rl/install/cyclonedds/include/dds/ddsi/q_protocol.h
[6.980s] -- Installing: /home/tang-yucheng/Desktop/legged_nav_rl/install/cyclonedds/include/dds/ddsi/ddsi_entity.h
[6.980s] -- Installing: /home/tang-yucheng/Desktop/legged_nav_rl/install/cyclonedds/include/dds/ddsi/ddsi_tcp.h
[6.980s] -- Installing: /home/tang-yucheng/Desktop/legged_nav_rl/install/cyclonedds/include/dds/ddsi/ddsi_xt_typemap.h
[6.980s] -- Installing: /home/tang-yucheng/Desktop/legged_nav_rl/install/cyclonedds/include/dds/ddsi/ddsi_plist_generic.h
[6.980s] -- Installing: /home/tang-yucheng/Desktop/legged_nav_rl/install/cyclonedds/include/dds/ddsi/q_bitset.h
[6.980s] -- Installing: /home/tang-yucheng/Desktop/legged_nav_rl/install/cyclonedds/include/dds/ddsi/ddsi_typewrap.h
[6.980s] -- Installing: /home/tang-yucheng/Desktop/legged_nav_rl/install/cyclonedds/include/dds/ddsi/ddsi_threadmon.h
[6.980s] -- Up-to-date: /home/tang-yucheng/Desktop/legged_nav_rl/install/cyclonedds/include
[6.980s] -- Installing: /home/tang-yucheng/Desktop/legged_nav_rl/install/cyclonedds/include/ddsc
[6.980s] -- Installing: /home/tang-yucheng/Desktop/legged_nav_rl/install/cyclonedds/include/ddsc/dds.h
[6.980s] -- Up-to-date: /home/tang-yucheng/Desktop/legged_nav_rl/install/cyclonedds/include/dds
[6.980s] -- Installing: /home/tang-yucheng/Desktop/legged_nav_rl/install/cyclonedds/include/dds/ddsc
[6.980s] -- Installing: /home/tang-yucheng/Desktop/legged_nav_rl/install/cyclonedds/include/dds/ddsc/dds_rhc.h
[6.980s] -- Installing: /home/tang-yucheng/Desktop/legged_nav_rl/install/cyclonedds/include/dds/ddsc/dds_public_alloc.h
[6.980s] -- Installing: /home/tang-yucheng/Desktop/legged_nav_rl/install/cyclonedds/include/dds/ddsc/dds_data_allocator.h
[6.980s] -- Installing: /home/tang-yucheng/Desktop/legged_nav_rl/install/cyclonedds/include/dds/ddsc/dds_public_impl.h
[6.980s] -- Installing: /home/tang-yucheng/Desktop/legged_nav_rl/install/cyclonedds/include/dds/ddsc/dds_public_listener.h
[6.980s] -- Installing: /home/tang-yucheng/Desktop/legged_nav_rl/install/cyclonedds/include/dds/ddsc/dds_basic_types.h
[6.980s] -- Installing: /home/tang-yucheng/Desktop/legged_nav_rl/install/cyclonedds/include/dds/ddsc/dds_public_status.h
[6.981s] -- Installing: /home/tang-yucheng/Desktop/legged_nav_rl/install/cyclonedds/include/dds/ddsc/dds_opcodes.h
[6.981s] -- Installing: /home/tang-yucheng/Desktop/legged_nav_rl/install/cyclonedds/include/dds/ddsc/dds_statistics.h
[6.981s] -- Installing: /home/tang-yucheng/Desktop/legged_nav_rl/install/cyclonedds/include/dds/ddsc/dds_public_qos.h
[6.981s] -- Installing: /home/tang-yucheng/Desktop/legged_nav_rl/install/cyclonedds/include/dds/ddsc/dds_internal_api.h
[6.981s] -- Installing: /home/tang-yucheng/Desktop/legged_nav_rl/install/cyclonedds/include/dds/ddsc/dds_public_error.h
[6.981s] -- Installing: /home/tang-yucheng/Desktop/legged_nav_rl/install/cyclonedds/include/dds/ddsc/dds_public_qosdefs.h
[6.981s] -- Installing: /home/tang-yucheng/Desktop/legged_nav_rl/install/cyclonedds/include/dds/ddsc/dds_loan_api.h
[6.981s] -- Installing: /home/tang-yucheng/Desktop/legged_nav_rl/install/cyclonedds/include/dds/dds.h
[6.981s] -- Up-to-date: /home/tang-yucheng/Desktop/legged_nav_rl/install/cyclonedds/include
[6.981s] -- Up-to-date: /home/tang-yucheng/Desktop/legged_nav_rl/install/cyclonedds/include/dds
[6.981s] -- Installing: /home/tang-yucheng/Desktop/legged_nav_rl/install/cyclonedds/include/dds/export.h
[6.981s] -- Installing: /home/tang-yucheng/Desktop/legged_nav_rl/install/cyclonedds/lib/libddsc.so.0.10.5
[6.983s] -- Installing: /home/tang-yucheng/Desktop/legged_nav_rl/install/cyclonedds/lib/libddsc.so.0
[6.984s] -- Set runtime path of "/home/tang-yucheng/Desktop/legged_nav_rl/install/cyclonedds/lib/libddsc.so.0.10.5" to "$ORIGIN/../lib"
[6.984s] -- Installing: /home/tang-yucheng/Desktop/legged_nav_rl/install/cyclonedds/lib/libddsc.so
[6.984s] -- Installing: /home/tang-yucheng/Desktop/legged_nav_rl/install/cyclonedds/share/doc/CycloneDDS/CONTRIBUTING.md
[6.984s] -- Installing: /home/tang-yucheng/Desktop/legged_nav_rl/install/cyclonedds/share/doc/CycloneDDS/CYCLONEDDS_QUALITY_DECLARATION.md
[6.984s] -- Installing: /home/tang-yucheng/Desktop/legged_nav_rl/install/cyclonedds/share/doc/CycloneDDS/LICENSE
[6.984s] -- Installing: /home/tang-yucheng/Desktop/legged_nav_rl/install/cyclonedds/share/doc/CycloneDDS/NOTICE.md
[6.984s] -- Installing: /home/tang-yucheng/Desktop/legged_nav_rl/install/cyclonedds/share/doc/CycloneDDS/README.md
[6.984s] -- Installing: /home/tang-yucheng/Desktop/legged_nav_rl/install/cyclonedds/share/doc/CycloneDDS/CHANGELOG.rst
[6.986s] Invoked command in '/home/tang-yucheng/Desktop/legged_nav_rl/build/cyclonedds' returned '0': CMAKE_PREFIX_PATH=${CMAKE_PREFIX_PATH}:/opt/ros/humble /usr/bin/cmake --install /home/tang-yucheng/Desktop/legged_nav_rl/build/cyclonedds
