[0.028s] Invoking command in '/home/tang-yucheng/Desktop/legged_nav_rl/build/unitree_hg': CMAKE_PREFIX_PATH=${CMAKE_PREFIX_PATH}:/opt/ros/humble /usr/bin/cmake --build /home/tang-yucheng/Desktop/legged_nav_rl/build/unitree_hg -- -j20 -l20
[0.092s] [  1%] Built target unitree_hg__dds_connext_idl
[0.092s] [  1%] Built target unitree_hg__cpp
[0.100s] [ 13%] Built target unitree_hg__rosidl_generator_c
[0.114s] [ 13%] Built target ament_cmake_python_copy_unitree_hg
[0.133s] [ 24%] Built target unitree_hg__rosidl_typesupport_c
[0.138s] [ 36%] Built target unitree_hg__rosidl_typesupport_fastrtps_cpp
[0.139s] [ 48%] Built target unitree_hg__rosidl_typesupport_introspection_cpp
[0.139s] [ 70%] Built target unitree_hg__rosidl_typesupport_introspection_c
[0.140s] [ 71%] Built target unitree_hg__rosidl_typesupport_cpp
[0.142s] [ 82%] Built target unitree_hg__rosidl_typesupport_fastrtps_c
[0.165s] [ 82%] Built target unitree_hg
[0.183s] [ 83%] Built target unitree_hg__py
[0.207s] [ 94%] Built target unitree_hg__rosidl_generator_py
[0.230s] [ 96%] Built target unitree_hg__rosidl_typesupport_c__pyext
[0.231s] [ 98%] Built target unitree_hg__rosidl_typesupport_introspection_c__pyext
[0.237s] [100%] Built target unitree_hg__rosidl_typesupport_fastrtps_c__pyext
[0.342s] running egg_info
[0.342s] writing unitree_hg.egg-info/PKG-INFO
[0.342s] writing dependency_links to unitree_hg.egg-info/dependency_links.txt
[0.342s] writing top-level names to unitree_hg.egg-info/top_level.txt
[0.344s] reading manifest file 'unitree_hg.egg-info/SOURCES.txt'
[0.344s] writing manifest file 'unitree_hg.egg-info/SOURCES.txt'
[0.366s] [100%] Built target ament_cmake_python_build_unitree_hg_egg
[0.377s] Invoked command in '/home/tang-yucheng/Desktop/legged_nav_rl/build/unitree_hg' returned '0': CMAKE_PREFIX_PATH=${CMAKE_PREFIX_PATH}:/opt/ros/humble /usr/bin/cmake --build /home/tang-yucheng/Desktop/legged_nav_rl/build/unitree_hg -- -j20 -l20
[0.642s] Invoking command in '/home/tang-yucheng/Desktop/legged_nav_rl/build/unitree_hg': CMAKE_PREFIX_PATH=${CMAKE_PREFIX_PATH}:/opt/ros/humble /usr/bin/cmake --install /home/tang-yucheng/Desktop/legged_nav_rl/build/unitree_hg
[0.649s] -- Install configuration: ""
[0.649s] -- Up-to-date: /home/tang-yucheng/Desktop/legged_nav_rl/install/unitree_hg/share/ament_index/resource_index/rosidl_interfaces/unitree_hg
[0.649s] -- Up-to-date: /home/tang-yucheng/Desktop/legged_nav_rl/install/unitree_hg/include/unitree_hg/unitree_hg
[0.649s] -- Up-to-date: /home/tang-yucheng/Desktop/legged_nav_rl/install/unitree_hg/include/unitree_hg/unitree_hg/msg
[0.650s] -- Up-to-date: /home/tang-yucheng/Desktop/legged_nav_rl/install/unitree_hg/include/unitree_hg/unitree_hg/msg/rosidl_generator_c__visibility_control.h
[0.650s] -- Up-to-date: /home/tang-yucheng/Desktop/legged_nav_rl/install/unitree_hg/include/unitree_hg/unitree_hg/msg/bms_state.h
[0.650s] -- Up-to-date: /home/tang-yucheng/Desktop/legged_nav_rl/install/unitree_hg/include/unitree_hg/unitree_hg/msg/low_state.h
[0.650s] -- Up-to-date: /home/tang-yucheng/Desktop/legged_nav_rl/install/unitree_hg/include/unitree_hg/unitree_hg/msg/hand_state.h
[0.650s] -- Up-to-date: /home/tang-yucheng/Desktop/legged_nav_rl/install/unitree_hg/include/unitree_hg/unitree_hg/msg/low_cmd.h
[0.650s] -- Up-to-date: /home/tang-yucheng/Desktop/legged_nav_rl/install/unitree_hg/include/unitree_hg/unitree_hg/msg/bms_cmd.h
[0.650s] -- Up-to-date: /home/tang-yucheng/Desktop/legged_nav_rl/install/unitree_hg/include/unitree_hg/unitree_hg/msg/imu_state.h
[0.650s] -- Up-to-date: /home/tang-yucheng/Desktop/legged_nav_rl/install/unitree_hg/include/unitree_hg/unitree_hg/msg/motor_state.h
[0.650s] -- Up-to-date: /home/tang-yucheng/Desktop/legged_nav_rl/install/unitree_hg/include/unitree_hg/unitree_hg/msg/main_board_state.h
[0.650s] -- Up-to-date: /home/tang-yucheng/Desktop/legged_nav_rl/install/unitree_hg/include/unitree_hg/unitree_hg/msg/hand_cmd.h
[0.650s] -- Up-to-date: /home/tang-yucheng/Desktop/legged_nav_rl/install/unitree_hg/include/unitree_hg/unitree_hg/msg/detail
[0.650s] -- Up-to-date: /home/tang-yucheng/Desktop/legged_nav_rl/install/unitree_hg/include/unitree_hg/unitree_hg/msg/detail/press_sensor_state__struct.h
[0.650s] -- Up-to-date: /home/tang-yucheng/Desktop/legged_nav_rl/install/unitree_hg/include/unitree_hg/unitree_hg/msg/detail/hand_cmd__struct.h
[0.650s] -- Up-to-date: /home/tang-yucheng/Desktop/legged_nav_rl/install/unitree_hg/include/unitree_hg/unitree_hg/msg/detail/motor_state__type_support.h
[0.650s] -- Up-to-date: /home/tang-yucheng/Desktop/legged_nav_rl/install/unitree_hg/include/unitree_hg/unitree_hg/msg/detail/motor_state__functions.h
[0.650s] -- Up-to-date: /home/tang-yucheng/Desktop/legged_nav_rl/install/unitree_hg/include/unitree_hg/unitree_hg/msg/detail/motor_state__functions.c
[0.650s] -- Up-to-date: /home/tang-yucheng/Desktop/legged_nav_rl/install/unitree_hg/include/unitree_hg/unitree_hg/msg/detail/low_state__functions.c
[0.650s] -- Up-to-date: /home/tang-yucheng/Desktop/legged_nav_rl/install/unitree_hg/include/unitree_hg/unitree_hg/msg/detail/bms_state__functions.h
[0.651s] -- Up-to-date: /home/tang-yucheng/Desktop/legged_nav_rl/install/unitree_hg/include/unitree_hg/unitree_hg/msg/detail/main_board_state__struct.h
[0.651s] -- Up-to-date: /home/tang-yucheng/Desktop/legged_nav_rl/install/unitree_hg/include/unitree_hg/unitree_hg/msg/detail/low_cmd__functions.c
[0.651s] -- Up-to-date: /home/tang-yucheng/Desktop/legged_nav_rl/install/unitree_hg/include/unitree_hg/unitree_hg/msg/detail/motor_state__struct.h
[0.651s] -- Up-to-date: /home/tang-yucheng/Desktop/legged_nav_rl/install/unitree_hg/include/unitree_hg/unitree_hg/msg/detail/hand_cmd__type_support.h
[0.652s] -- Up-to-date: /home/tang-yucheng/Desktop/legged_nav_rl/install/unitree_hg/include/unitree_hg/unitree_hg/msg/detail/hand_state__functions.c
[0.652s] -- Up-to-date: /home/tang-yucheng/Desktop/legged_nav_rl/install/unitree_hg/include/unitree_hg/unitree_hg/msg/detail/motor_cmd__type_support.h
[0.652s] -- Up-to-date: /home/tang-yucheng/Desktop/legged_nav_rl/install/unitree_hg/include/unitree_hg/unitree_hg/msg/detail/imu_state__type_support.h
[0.652s] -- Up-to-date: /home/tang-yucheng/Desktop/legged_nav_rl/install/unitree_hg/include/unitree_hg/unitree_hg/msg/detail/bms_cmd__functions.c
[0.652s] -- Up-to-date: /home/tang-yucheng/Desktop/legged_nav_rl/install/unitree_hg/include/unitree_hg/unitree_hg/msg/detail/hand_state__functions.h
[0.652s] -- Up-to-date: /home/tang-yucheng/Desktop/legged_nav_rl/install/unitree_hg/include/unitree_hg/unitree_hg/msg/detail/low_state__type_support.h
[0.653s] -- Up-to-date: /home/tang-yucheng/Desktop/legged_nav_rl/install/unitree_hg/include/unitree_hg/unitree_hg/msg/detail/imu_state__functions.c
[0.653s] -- Up-to-date: /home/tang-yucheng/Desktop/legged_nav_rl/install/unitree_hg/include/unitree_hg/unitree_hg/msg/detail/bms_state__struct.h
[0.653s] -- Up-to-date: /home/tang-yucheng/Desktop/legged_nav_rl/install/unitree_hg/include/unitree_hg/unitree_hg/msg/detail/bms_cmd__type_support.h
[0.653s] -- Up-to-date: /home/tang-yucheng/Desktop/legged_nav_rl/install/unitree_hg/include/unitree_hg/unitree_hg/msg/detail/bms_cmd__struct.h
[0.653s] -- Up-to-date: /home/tang-yucheng/Desktop/legged_nav_rl/install/unitree_hg/include/unitree_hg/unitree_hg/msg/detail/bms_state__functions.c
[0.653s] -- Up-to-date: /home/tang-yucheng/Desktop/legged_nav_rl/install/unitree_hg/include/unitree_hg/unitree_hg/msg/detail/press_sensor_state__functions.c
[0.653s] -- Up-to-date: /home/tang-yucheng/Desktop/legged_nav_rl/install/unitree_hg/include/unitree_hg/unitree_hg/msg/detail/hand_cmd__functions.c
[0.653s] -- Up-to-date: /home/tang-yucheng/Desktop/legged_nav_rl/install/unitree_hg/include/unitree_hg/unitree_hg/msg/detail/low_cmd__functions.h
[0.653s] -- Up-to-date: /home/tang-yucheng/Desktop/legged_nav_rl/install/unitree_hg/include/unitree_hg/unitree_hg/msg/detail/low_state__struct.h
[0.653s] -- Up-to-date: /home/tang-yucheng/Desktop/legged_nav_rl/install/unitree_hg/include/unitree_hg/unitree_hg/msg/detail/bms_state__type_support.h
[0.654s] -- Up-to-date: /home/tang-yucheng/Desktop/legged_nav_rl/install/unitree_hg/include/unitree_hg/unitree_hg/msg/detail/low_cmd__type_support.h
[0.654s] -- Up-to-date: /home/tang-yucheng/Desktop/legged_nav_rl/install/unitree_hg/include/unitree_hg/unitree_hg/msg/detail/bms_cmd__functions.h
[0.654s] -- Up-to-date: /home/tang-yucheng/Desktop/legged_nav_rl/install/unitree_hg/include/unitree_hg/unitree_hg/msg/detail/press_sensor_state__functions.h
[0.654s] -- Up-to-date: /home/tang-yucheng/Desktop/legged_nav_rl/install/unitree_hg/include/unitree_hg/unitree_hg/msg/detail/low_state__functions.h
[0.654s] -- Up-to-date: /home/tang-yucheng/Desktop/legged_nav_rl/install/unitree_hg/include/unitree_hg/unitree_hg/msg/detail/low_cmd__struct.h
[0.654s] -- Up-to-date: /home/tang-yucheng/Desktop/legged_nav_rl/install/unitree_hg/include/unitree_hg/unitree_hg/msg/detail/imu_state__struct.h
[0.654s] -- Up-to-date: /home/tang-yucheng/Desktop/legged_nav_rl/install/unitree_hg/include/unitree_hg/unitree_hg/msg/detail/motor_cmd__struct.h
[0.654s] -- Up-to-date: /home/tang-yucheng/Desktop/legged_nav_rl/install/unitree_hg/include/unitree_hg/unitree_hg/msg/detail/imu_state__functions.h
[0.654s] -- Up-to-date: /home/tang-yucheng/Desktop/legged_nav_rl/install/unitree_hg/include/unitree_hg/unitree_hg/msg/detail/hand_cmd__functions.h
[0.654s] -- Up-to-date: /home/tang-yucheng/Desktop/legged_nav_rl/install/unitree_hg/include/unitree_hg/unitree_hg/msg/detail/motor_cmd__functions.c
[0.654s] -- Up-to-date: /home/tang-yucheng/Desktop/legged_nav_rl/install/unitree_hg/include/unitree_hg/unitree_hg/msg/detail/press_sensor_state__type_support.h
[0.654s] -- Up-to-date: /home/tang-yucheng/Desktop/legged_nav_rl/install/unitree_hg/include/unitree_hg/unitree_hg/msg/detail/motor_cmd__functions.h
[0.654s] -- Up-to-date: /home/tang-yucheng/Desktop/legged_nav_rl/install/unitree_hg/include/unitree_hg/unitree_hg/msg/detail/main_board_state__functions.h
[0.654s] -- Up-to-date: /home/tang-yucheng/Desktop/legged_nav_rl/install/unitree_hg/include/unitree_hg/unitree_hg/msg/detail/hand_state__type_support.h
[0.654s] -- Up-to-date: /home/tang-yucheng/Desktop/legged_nav_rl/install/unitree_hg/include/unitree_hg/unitree_hg/msg/detail/main_board_state__type_support.h
[0.654s] -- Up-to-date: /home/tang-yucheng/Desktop/legged_nav_rl/install/unitree_hg/include/unitree_hg/unitree_hg/msg/detail/main_board_state__functions.c
[0.655s] -- Up-to-date: /home/tang-yucheng/Desktop/legged_nav_rl/install/unitree_hg/include/unitree_hg/unitree_hg/msg/detail/hand_state__struct.h
[0.655s] -- Up-to-date: /home/tang-yucheng/Desktop/legged_nav_rl/install/unitree_hg/include/unitree_hg/unitree_hg/msg/press_sensor_state.h
[0.655s] -- Up-to-date: /home/tang-yucheng/Desktop/legged_nav_rl/install/unitree_hg/include/unitree_hg/unitree_hg/msg/motor_cmd.h
[0.655s] -- Up-to-date: /home/tang-yucheng/Desktop/legged_nav_rl/install/unitree_hg/share/unitree_hg/environment/library_path.sh
[0.655s] -- Up-to-date: /home/tang-yucheng/Desktop/legged_nav_rl/install/unitree_hg/share/unitree_hg/environment/library_path.dsv
[0.655s] -- Up-to-date: /home/tang-yucheng/Desktop/legged_nav_rl/install/unitree_hg/lib/libunitree_hg__rosidl_generator_c.so
[0.655s] -- Up-to-date: /home/tang-yucheng/Desktop/legged_nav_rl/install/unitree_hg/include/unitree_hg/unitree_hg
[0.655s] -- Up-to-date: /home/tang-yucheng/Desktop/legged_nav_rl/install/unitree_hg/include/unitree_hg/unitree_hg/msg
[0.655s] -- Up-to-date: /home/tang-yucheng/Desktop/legged_nav_rl/install/unitree_hg/include/unitree_hg/unitree_hg/msg/rosidl_typesupport_fastrtps_c__visibility_control.h
[0.655s] -- Up-to-date: /home/tang-yucheng/Desktop/legged_nav_rl/install/unitree_hg/include/unitree_hg/unitree_hg/msg/detail
[0.655s] -- Up-to-date: /home/tang-yucheng/Desktop/legged_nav_rl/install/unitree_hg/include/unitree_hg/unitree_hg/msg/detail/bms_cmd__rosidl_typesupport_fastrtps_c.h
[0.655s] -- Up-to-date: /home/tang-yucheng/Desktop/legged_nav_rl/install/unitree_hg/include/unitree_hg/unitree_hg/msg/detail/hand_state__rosidl_typesupport_fastrtps_c.h
[0.655s] -- Up-to-date: /home/tang-yucheng/Desktop/legged_nav_rl/install/unitree_hg/include/unitree_hg/unitree_hg/msg/detail/bms_state__rosidl_typesupport_fastrtps_c.h
[0.655s] -- Up-to-date: /home/tang-yucheng/Desktop/legged_nav_rl/install/unitree_hg/include/unitree_hg/unitree_hg/msg/detail/hand_cmd__rosidl_typesupport_fastrtps_c.h
[0.655s] -- Up-to-date: /home/tang-yucheng/Desktop/legged_nav_rl/install/unitree_hg/include/unitree_hg/unitree_hg/msg/detail/motor_state__rosidl_typesupport_fastrtps_c.h
[0.655s] -- Up-to-date: /home/tang-yucheng/Desktop/legged_nav_rl/install/unitree_hg/include/unitree_hg/unitree_hg/msg/detail/motor_cmd__rosidl_typesupport_fastrtps_c.h
[0.655s] -- Up-to-date: /home/tang-yucheng/Desktop/legged_nav_rl/install/unitree_hg/include/unitree_hg/unitree_hg/msg/detail/press_sensor_state__rosidl_typesupport_fastrtps_c.h
[0.655s] -- Up-to-date: /home/tang-yucheng/Desktop/legged_nav_rl/install/unitree_hg/include/unitree_hg/unitree_hg/msg/detail/low_state__rosidl_typesupport_fastrtps_c.h
[0.655s] -- Up-to-date: /home/tang-yucheng/Desktop/legged_nav_rl/install/unitree_hg/include/unitree_hg/unitree_hg/msg/detail/low_cmd__rosidl_typesupport_fastrtps_c.h
[0.655s] -- Up-to-date: /home/tang-yucheng/Desktop/legged_nav_rl/install/unitree_hg/include/unitree_hg/unitree_hg/msg/detail/imu_state__rosidl_typesupport_fastrtps_c.h
[0.655s] -- Up-to-date: /home/tang-yucheng/Desktop/legged_nav_rl/install/unitree_hg/include/unitree_hg/unitree_hg/msg/detail/main_board_state__rosidl_typesupport_fastrtps_c.h
[0.655s] -- Up-to-date: /home/tang-yucheng/Desktop/legged_nav_rl/install/unitree_hg/lib/libunitree_hg__rosidl_typesupport_fastrtps_c.so
[0.655s] -- Up-to-date: /home/tang-yucheng/Desktop/legged_nav_rl/install/unitree_hg/include/unitree_hg/unitree_hg
[0.655s] -- Up-to-date: /home/tang-yucheng/Desktop/legged_nav_rl/install/unitree_hg/include/unitree_hg/unitree_hg/msg
[0.656s] -- Up-to-date: /home/tang-yucheng/Desktop/legged_nav_rl/install/unitree_hg/include/unitree_hg/unitree_hg/msg/motor_cmd.hpp
[0.656s] -- Up-to-date: /home/tang-yucheng/Desktop/legged_nav_rl/install/unitree_hg/include/unitree_hg/unitree_hg/msg/bms_cmd.hpp
[0.656s] -- Up-to-date: /home/tang-yucheng/Desktop/legged_nav_rl/install/unitree_hg/include/unitree_hg/unitree_hg/msg/hand_cmd.hpp
[0.656s] -- Up-to-date: /home/tang-yucheng/Desktop/legged_nav_rl/install/unitree_hg/include/unitree_hg/unitree_hg/msg/imu_state.hpp
[0.656s] -- Up-to-date: /home/tang-yucheng/Desktop/legged_nav_rl/install/unitree_hg/include/unitree_hg/unitree_hg/msg/press_sensor_state.hpp
[0.656s] -- Up-to-date: /home/tang-yucheng/Desktop/legged_nav_rl/install/unitree_hg/include/unitree_hg/unitree_hg/msg/bms_state.hpp
[0.656s] -- Up-to-date: /home/tang-yucheng/Desktop/legged_nav_rl/install/unitree_hg/include/unitree_hg/unitree_hg/msg/motor_state.hpp
[0.656s] -- Up-to-date: /home/tang-yucheng/Desktop/legged_nav_rl/install/unitree_hg/include/unitree_hg/unitree_hg/msg/hand_state.hpp
[0.656s] -- Up-to-date: /home/tang-yucheng/Desktop/legged_nav_rl/install/unitree_hg/include/unitree_hg/unitree_hg/msg/main_board_state.hpp
[0.656s] -- Up-to-date: /home/tang-yucheng/Desktop/legged_nav_rl/install/unitree_hg/include/unitree_hg/unitree_hg/msg/low_state.hpp
[0.656s] -- Up-to-date: /home/tang-yucheng/Desktop/legged_nav_rl/install/unitree_hg/include/unitree_hg/unitree_hg/msg/low_cmd.hpp
[0.656s] -- Up-to-date: /home/tang-yucheng/Desktop/legged_nav_rl/install/unitree_hg/include/unitree_hg/unitree_hg/msg/detail
[0.656s] -- Up-to-date: /home/tang-yucheng/Desktop/legged_nav_rl/install/unitree_hg/include/unitree_hg/unitree_hg/msg/detail/press_sensor_state__struct.hpp
[0.656s] -- Up-to-date: /home/tang-yucheng/Desktop/legged_nav_rl/install/unitree_hg/include/unitree_hg/unitree_hg/msg/detail/bms_cmd__traits.hpp
[0.656s] -- Up-to-date: /home/tang-yucheng/Desktop/legged_nav_rl/install/unitree_hg/include/unitree_hg/unitree_hg/msg/detail/bms_cmd__builder.hpp
[0.656s] -- Up-to-date: /home/tang-yucheng/Desktop/legged_nav_rl/install/unitree_hg/include/unitree_hg/unitree_hg/msg/detail/low_state__builder.hpp
[0.656s] -- Up-to-date: /home/tang-yucheng/Desktop/legged_nav_rl/install/unitree_hg/include/unitree_hg/unitree_hg/msg/detail/motor_cmd__traits.hpp
[0.656s] -- Up-to-date: /home/tang-yucheng/Desktop/legged_nav_rl/install/unitree_hg/include/unitree_hg/unitree_hg/msg/detail/hand_cmd__struct.hpp
[0.656s] -- Up-to-date: /home/tang-yucheng/Desktop/legged_nav_rl/install/unitree_hg/include/unitree_hg/unitree_hg/msg/detail/hand_state__builder.hpp
[0.656s] -- Up-to-date: /home/tang-yucheng/Desktop/legged_nav_rl/install/unitree_hg/include/unitree_hg/unitree_hg/msg/detail/low_cmd__traits.hpp
[0.656s] -- Up-to-date: /home/tang-yucheng/Desktop/legged_nav_rl/install/unitree_hg/include/unitree_hg/unitree_hg/msg/detail/press_sensor_state__builder.hpp
[0.656s] -- Up-to-date: /home/tang-yucheng/Desktop/legged_nav_rl/install/unitree_hg/include/unitree_hg/unitree_hg/msg/detail/hand_state__struct.hpp
[0.656s] -- Up-to-date: /home/tang-yucheng/Desktop/legged_nav_rl/install/unitree_hg/include/unitree_hg/unitree_hg/msg/detail/imu_state__struct.hpp
[0.656s] -- Up-to-date: /home/tang-yucheng/Desktop/legged_nav_rl/install/unitree_hg/include/unitree_hg/unitree_hg/msg/detail/low_state__traits.hpp
[0.656s] -- Up-to-date: /home/tang-yucheng/Desktop/legged_nav_rl/install/unitree_hg/include/unitree_hg/unitree_hg/msg/detail/motor_state__builder.hpp
[0.656s] -- Up-to-date: /home/tang-yucheng/Desktop/legged_nav_rl/install/unitree_hg/include/unitree_hg/unitree_hg/msg/detail/low_cmd__struct.hpp
[0.656s] -- Up-to-date: /home/tang-yucheng/Desktop/legged_nav_rl/install/unitree_hg/include/unitree_hg/unitree_hg/msg/detail/motor_cmd__struct.hpp
[0.657s] -- Up-to-date: /home/tang-yucheng/Desktop/legged_nav_rl/install/unitree_hg/include/unitree_hg/unitree_hg/msg/detail/hand_state__traits.hpp
[0.657s] -- Up-to-date: /home/tang-yucheng/Desktop/legged_nav_rl/install/unitree_hg/include/unitree_hg/unitree_hg/msg/detail/press_sensor_state__traits.hpp
[0.657s] -- Up-to-date: /home/tang-yucheng/Desktop/legged_nav_rl/install/unitree_hg/include/unitree_hg/unitree_hg/msg/detail/imu_state__builder.hpp
[0.657s] -- Up-to-date: /home/tang-yucheng/Desktop/legged_nav_rl/install/unitree_hg/include/unitree_hg/unitree_hg/msg/detail/bms_state__traits.hpp
[0.657s] -- Up-to-date: /home/tang-yucheng/Desktop/legged_nav_rl/install/unitree_hg/include/unitree_hg/unitree_hg/msg/detail/bms_cmd__struct.hpp
[0.657s] -- Up-to-date: /home/tang-yucheng/Desktop/legged_nav_rl/install/unitree_hg/include/unitree_hg/unitree_hg/msg/detail/low_cmd__builder.hpp
[0.657s] -- Up-to-date: /home/tang-yucheng/Desktop/legged_nav_rl/install/unitree_hg/include/unitree_hg/unitree_hg/msg/detail/low_state__struct.hpp
[0.657s] -- Up-to-date: /home/tang-yucheng/Desktop/legged_nav_rl/install/unitree_hg/include/unitree_hg/unitree_hg/msg/detail/main_board_state__struct.hpp
[0.657s] -- Up-to-date: /home/tang-yucheng/Desktop/legged_nav_rl/install/unitree_hg/include/unitree_hg/unitree_hg/msg/detail/bms_state__builder.hpp
[0.657s] -- Up-to-date: /home/tang-yucheng/Desktop/legged_nav_rl/install/unitree_hg/include/unitree_hg/unitree_hg/msg/detail/motor_state__traits.hpp
[0.657s] -- Up-to-date: /home/tang-yucheng/Desktop/legged_nav_rl/install/unitree_hg/include/unitree_hg/unitree_hg/msg/detail/hand_cmd__builder.hpp
[0.657s] -- Up-to-date: /home/tang-yucheng/Desktop/legged_nav_rl/install/unitree_hg/include/unitree_hg/unitree_hg/msg/detail/motor_state__struct.hpp
[0.657s] -- Up-to-date: /home/tang-yucheng/Desktop/legged_nav_rl/install/unitree_hg/include/unitree_hg/unitree_hg/msg/detail/motor_cmd__builder.hpp
[0.657s] -- Up-to-date: /home/tang-yucheng/Desktop/legged_nav_rl/install/unitree_hg/include/unitree_hg/unitree_hg/msg/detail/imu_state__traits.hpp
[0.657s] -- Up-to-date: /home/tang-yucheng/Desktop/legged_nav_rl/install/unitree_hg/include/unitree_hg/unitree_hg/msg/detail/bms_state__struct.hpp
[0.657s] -- Up-to-date: /home/tang-yucheng/Desktop/legged_nav_rl/install/unitree_hg/include/unitree_hg/unitree_hg/msg/detail/main_board_state__builder.hpp
[0.657s] -- Up-to-date: /home/tang-yucheng/Desktop/legged_nav_rl/install/unitree_hg/include/unitree_hg/unitree_hg/msg/detail/main_board_state__traits.hpp
[0.657s] -- Up-to-date: /home/tang-yucheng/Desktop/legged_nav_rl/install/unitree_hg/include/unitree_hg/unitree_hg/msg/detail/hand_cmd__traits.hpp
[0.657s] -- Up-to-date: /home/tang-yucheng/Desktop/legged_nav_rl/install/unitree_hg/include/unitree_hg/unitree_hg
[0.657s] -- Up-to-date: /home/tang-yucheng/Desktop/legged_nav_rl/install/unitree_hg/include/unitree_hg/unitree_hg/msg
[0.657s] -- Up-to-date: /home/tang-yucheng/Desktop/legged_nav_rl/install/unitree_hg/include/unitree_hg/unitree_hg/msg/rosidl_typesupport_fastrtps_cpp__visibility_control.h
[0.657s] -- Up-to-date: /home/tang-yucheng/Desktop/legged_nav_rl/install/unitree_hg/include/unitree_hg/unitree_hg/msg/detail
[0.657s] -- Up-to-date: /home/tang-yucheng/Desktop/legged_nav_rl/install/unitree_hg/include/unitree_hg/unitree_hg/msg/detail/low_state__rosidl_typesupport_fastrtps_cpp.hpp
[0.657s] -- Up-to-date: /home/tang-yucheng/Desktop/legged_nav_rl/install/unitree_hg/include/unitree_hg/unitree_hg/msg/detail/motor_state__rosidl_typesupport_fastrtps_cpp.hpp
[0.657s] -- Up-to-date: /home/tang-yucheng/Desktop/legged_nav_rl/install/unitree_hg/include/unitree_hg/unitree_hg/msg/detail/dds_fastrtps
[0.657s] -- Up-to-date: /home/tang-yucheng/Desktop/legged_nav_rl/install/unitree_hg/include/unitree_hg/unitree_hg/msg/detail/main_board_state__rosidl_typesupport_fastrtps_cpp.hpp
[0.657s] -- Up-to-date: /home/tang-yucheng/Desktop/legged_nav_rl/install/unitree_hg/include/unitree_hg/unitree_hg/msg/detail/bms_state__rosidl_typesupport_fastrtps_cpp.hpp
[0.657s] -- Up-to-date: /home/tang-yucheng/Desktop/legged_nav_rl/install/unitree_hg/include/unitree_hg/unitree_hg/msg/detail/low_cmd__rosidl_typesupport_fastrtps_cpp.hpp
[0.657s] -- Up-to-date: /home/tang-yucheng/Desktop/legged_nav_rl/install/unitree_hg/include/unitree_hg/unitree_hg/msg/detail/hand_cmd__rosidl_typesupport_fastrtps_cpp.hpp
[0.658s] -- Up-to-date: /home/tang-yucheng/Desktop/legged_nav_rl/install/unitree_hg/include/unitree_hg/unitree_hg/msg/detail/imu_state__rosidl_typesupport_fastrtps_cpp.hpp
[0.658s] -- Up-to-date: /home/tang-yucheng/Desktop/legged_nav_rl/install/unitree_hg/include/unitree_hg/unitree_hg/msg/detail/motor_cmd__rosidl_typesupport_fastrtps_cpp.hpp
[0.658s] -- Up-to-date: /home/tang-yucheng/Desktop/legged_nav_rl/install/unitree_hg/include/unitree_hg/unitree_hg/msg/detail/hand_state__rosidl_typesupport_fastrtps_cpp.hpp
[0.658s] -- Up-to-date: /home/tang-yucheng/Desktop/legged_nav_rl/install/unitree_hg/include/unitree_hg/unitree_hg/msg/detail/press_sensor_state__rosidl_typesupport_fastrtps_cpp.hpp
[0.658s] -- Up-to-date: /home/tang-yucheng/Desktop/legged_nav_rl/install/unitree_hg/include/unitree_hg/unitree_hg/msg/detail/bms_cmd__rosidl_typesupport_fastrtps_cpp.hpp
[0.658s] -- Up-to-date: /home/tang-yucheng/Desktop/legged_nav_rl/install/unitree_hg/lib/libunitree_hg__rosidl_typesupport_fastrtps_cpp.so
[0.658s] -- Up-to-date: /home/tang-yucheng/Desktop/legged_nav_rl/install/unitree_hg/include/unitree_hg/unitree_hg
[0.658s] -- Up-to-date: /home/tang-yucheng/Desktop/legged_nav_rl/install/unitree_hg/include/unitree_hg/unitree_hg/msg
[0.658s] -- Up-to-date: /home/tang-yucheng/Desktop/legged_nav_rl/install/unitree_hg/include/unitree_hg/unitree_hg/msg/rosidl_typesupport_introspection_c__visibility_control.h
[0.658s] -- Up-to-date: /home/tang-yucheng/Desktop/legged_nav_rl/install/unitree_hg/include/unitree_hg/unitree_hg/msg/detail
[0.658s] -- Up-to-date: /home/tang-yucheng/Desktop/legged_nav_rl/install/unitree_hg/include/unitree_hg/unitree_hg/msg/detail/bms_state__type_support.c
[0.658s] -- Up-to-date: /home/tang-yucheng/Desktop/legged_nav_rl/install/unitree_hg/include/unitree_hg/unitree_hg/msg/detail/main_board_state__type_support.c
[0.658s] -- Up-to-date: /home/tang-yucheng/Desktop/legged_nav_rl/install/unitree_hg/include/unitree_hg/unitree_hg/msg/detail/hand_state__type_support.c
[0.658s] -- Up-to-date: /home/tang-yucheng/Desktop/legged_nav_rl/install/unitree_hg/include/unitree_hg/unitree_hg/msg/detail/press_sensor_state__rosidl_typesupport_introspection_c.h
[0.658s] -- Up-to-date: /home/tang-yucheng/Desktop/legged_nav_rl/install/unitree_hg/include/unitree_hg/unitree_hg/msg/detail/motor_cmd__rosidl_typesupport_introspection_c.h
[0.658s] -- Up-to-date: /home/tang-yucheng/Desktop/legged_nav_rl/install/unitree_hg/include/unitree_hg/unitree_hg/msg/detail/press_sensor_state__type_support.c
[0.658s] -- Up-to-date: /home/tang-yucheng/Desktop/legged_nav_rl/install/unitree_hg/include/unitree_hg/unitree_hg/msg/detail/low_cmd__type_support.c
[0.658s] -- Up-to-date: /home/tang-yucheng/Desktop/legged_nav_rl/install/unitree_hg/include/unitree_hg/unitree_hg/msg/detail/low_state__rosidl_typesupport_introspection_c.h
[0.658s] -- Up-to-date: /home/tang-yucheng/Desktop/legged_nav_rl/install/unitree_hg/include/unitree_hg/unitree_hg/msg/detail/bms_state__rosidl_typesupport_introspection_c.h
[0.658s] -- Up-to-date: /home/tang-yucheng/Desktop/legged_nav_rl/install/unitree_hg/include/unitree_hg/unitree_hg/msg/detail/bms_cmd__type_support.c
[0.658s] -- Up-to-date: /home/tang-yucheng/Desktop/legged_nav_rl/install/unitree_hg/include/unitree_hg/unitree_hg/msg/detail/motor_state__type_support.c
[0.658s] -- Up-to-date: /home/tang-yucheng/Desktop/legged_nav_rl/install/unitree_hg/include/unitree_hg/unitree_hg/msg/detail/imu_state__rosidl_typesupport_introspection_c.h
[0.658s] -- Up-to-date: /home/tang-yucheng/Desktop/legged_nav_rl/install/unitree_hg/include/unitree_hg/unitree_hg/msg/detail/hand_cmd__rosidl_typesupport_introspection_c.h
[0.658s] -- Up-to-date: /home/tang-yucheng/Desktop/legged_nav_rl/install/unitree_hg/include/unitree_hg/unitree_hg/msg/detail/main_board_state__rosidl_typesupport_introspection_c.h
[0.658s] -- Up-to-date: /home/tang-yucheng/Desktop/legged_nav_rl/install/unitree_hg/include/unitree_hg/unitree_hg/msg/detail/motor_state__rosidl_typesupport_introspection_c.h
[0.658s] -- Up-to-date: /home/tang-yucheng/Desktop/legged_nav_rl/install/unitree_hg/include/unitree_hg/unitree_hg/msg/detail/hand_state__rosidl_typesupport_introspection_c.h
[0.658s] -- Up-to-date: /home/tang-yucheng/Desktop/legged_nav_rl/install/unitree_hg/include/unitree_hg/unitree_hg/msg/detail/imu_state__type_support.c
[0.658s] -- Up-to-date: /home/tang-yucheng/Desktop/legged_nav_rl/install/unitree_hg/include/unitree_hg/unitree_hg/msg/detail/hand_cmd__type_support.c
[0.658s] -- Up-to-date: /home/tang-yucheng/Desktop/legged_nav_rl/install/unitree_hg/include/unitree_hg/unitree_hg/msg/detail/low_state__type_support.c
[0.659s] -- Up-to-date: /home/tang-yucheng/Desktop/legged_nav_rl/install/unitree_hg/include/unitree_hg/unitree_hg/msg/detail/low_cmd__rosidl_typesupport_introspection_c.h
[0.659s] -- Up-to-date: /home/tang-yucheng/Desktop/legged_nav_rl/install/unitree_hg/include/unitree_hg/unitree_hg/msg/detail/motor_cmd__type_support.c
[0.659s] -- Up-to-date: /home/tang-yucheng/Desktop/legged_nav_rl/install/unitree_hg/include/unitree_hg/unitree_hg/msg/detail/bms_cmd__rosidl_typesupport_introspection_c.h
[0.659s] -- Up-to-date: /home/tang-yucheng/Desktop/legged_nav_rl/install/unitree_hg/lib/libunitree_hg__rosidl_typesupport_introspection_c.so
[0.659s] -- Up-to-date: /home/tang-yucheng/Desktop/legged_nav_rl/install/unitree_hg/lib/libunitree_hg__rosidl_typesupport_c.so
[0.659s] -- Up-to-date: /home/tang-yucheng/Desktop/legged_nav_rl/install/unitree_hg/include/unitree_hg/unitree_hg
[0.659s] -- Up-to-date: /home/tang-yucheng/Desktop/legged_nav_rl/install/unitree_hg/include/unitree_hg/unitree_hg/msg
[0.659s] -- Up-to-date: /home/tang-yucheng/Desktop/legged_nav_rl/install/unitree_hg/include/unitree_hg/unitree_hg/msg/detail
[0.659s] -- Up-to-date: /home/tang-yucheng/Desktop/legged_nav_rl/install/unitree_hg/include/unitree_hg/unitree_hg/msg/detail/main_board_state__type_support.cpp
[0.659s] -- Up-to-date: /home/tang-yucheng/Desktop/legged_nav_rl/install/unitree_hg/include/unitree_hg/unitree_hg/msg/detail/motor_cmd__rosidl_typesupport_introspection_cpp.hpp
[0.659s] -- Up-to-date: /home/tang-yucheng/Desktop/legged_nav_rl/install/unitree_hg/include/unitree_hg/unitree_hg/msg/detail/motor_cmd__type_support.cpp
[0.659s] -- Up-to-date: /home/tang-yucheng/Desktop/legged_nav_rl/install/unitree_hg/include/unitree_hg/unitree_hg/msg/detail/motor_state__type_support.cpp
[0.659s] -- Up-to-date: /home/tang-yucheng/Desktop/legged_nav_rl/install/unitree_hg/include/unitree_hg/unitree_hg/msg/detail/imu_state__rosidl_typesupport_introspection_cpp.hpp
[0.659s] -- Up-to-date: /home/tang-yucheng/Desktop/legged_nav_rl/install/unitree_hg/include/unitree_hg/unitree_hg/msg/detail/press_sensor_state__rosidl_typesupport_introspection_cpp.hpp
[0.659s] -- Up-to-date: /home/tang-yucheng/Desktop/legged_nav_rl/install/unitree_hg/include/unitree_hg/unitree_hg/msg/detail/hand_state__type_support.cpp
[0.659s] -- Up-to-date: /home/tang-yucheng/Desktop/legged_nav_rl/install/unitree_hg/include/unitree_hg/unitree_hg/msg/detail/bms_cmd__type_support.cpp
[0.659s] -- Up-to-date: /home/tang-yucheng/Desktop/legged_nav_rl/install/unitree_hg/include/unitree_hg/unitree_hg/msg/detail/hand_cmd__type_support.cpp
[0.659s] -- Up-to-date: /home/tang-yucheng/Desktop/legged_nav_rl/install/unitree_hg/include/unitree_hg/unitree_hg/msg/detail/main_board_state__rosidl_typesupport_introspection_cpp.hpp
[0.659s] -- Up-to-date: /home/tang-yucheng/Desktop/legged_nav_rl/install/unitree_hg/include/unitree_hg/unitree_hg/msg/detail/hand_state__rosidl_typesupport_introspection_cpp.hpp
[0.659s] -- Up-to-date: /home/tang-yucheng/Desktop/legged_nav_rl/install/unitree_hg/include/unitree_hg/unitree_hg/msg/detail/low_cmd__type_support.cpp
[0.659s] -- Up-to-date: /home/tang-yucheng/Desktop/legged_nav_rl/install/unitree_hg/include/unitree_hg/unitree_hg/msg/detail/press_sensor_state__type_support.cpp
[0.659s] -- Up-to-date: /home/tang-yucheng/Desktop/legged_nav_rl/install/unitree_hg/include/unitree_hg/unitree_hg/msg/detail/low_state__rosidl_typesupport_introspection_cpp.hpp
[0.659s] -- Up-to-date: /home/tang-yucheng/Desktop/legged_nav_rl/install/unitree_hg/include/unitree_hg/unitree_hg/msg/detail/bms_state__rosidl_typesupport_introspection_cpp.hpp
[0.659s] -- Up-to-date: /home/tang-yucheng/Desktop/legged_nav_rl/install/unitree_hg/include/unitree_hg/unitree_hg/msg/detail/bms_cmd__rosidl_typesupport_introspection_cpp.hpp
[0.659s] -- Up-to-date: /home/tang-yucheng/Desktop/legged_nav_rl/install/unitree_hg/include/unitree_hg/unitree_hg/msg/detail/motor_state__rosidl_typesupport_introspection_cpp.hpp
[0.659s] -- Up-to-date: /home/tang-yucheng/Desktop/legged_nav_rl/install/unitree_hg/include/unitree_hg/unitree_hg/msg/detail/low_cmd__rosidl_typesupport_introspection_cpp.hpp
[0.659s] -- Up-to-date: /home/tang-yucheng/Desktop/legged_nav_rl/install/unitree_hg/include/unitree_hg/unitree_hg/msg/detail/bms_state__type_support.cpp
[0.659s] -- Up-to-date: /home/tang-yucheng/Desktop/legged_nav_rl/install/unitree_hg/include/unitree_hg/unitree_hg/msg/detail/imu_state__type_support.cpp
[0.659s] -- Up-to-date: /home/tang-yucheng/Desktop/legged_nav_rl/install/unitree_hg/include/unitree_hg/unitree_hg/msg/detail/low_state__type_support.cpp
[0.659s] -- Up-to-date: /home/tang-yucheng/Desktop/legged_nav_rl/install/unitree_hg/include/unitree_hg/unitree_hg/msg/detail/hand_cmd__rosidl_typesupport_introspection_cpp.hpp
[0.659s] -- Up-to-date: /home/tang-yucheng/Desktop/legged_nav_rl/install/unitree_hg/lib/libunitree_hg__rosidl_typesupport_introspection_cpp.so
[0.660s] -- Up-to-date: /home/tang-yucheng/Desktop/legged_nav_rl/install/unitree_hg/lib/libunitree_hg__rosidl_typesupport_cpp.so
[0.660s] -- Up-to-date: /home/tang-yucheng/Desktop/legged_nav_rl/install/unitree_hg/share/unitree_hg/environment/pythonpath.sh
[0.660s] -- Up-to-date: /home/tang-yucheng/Desktop/legged_nav_rl/install/unitree_hg/share/unitree_hg/environment/pythonpath.dsv
[0.660s] -- Up-to-date: /home/tang-yucheng/Desktop/legged_nav_rl/install/unitree_hg/local/lib/python3.10/dist-packages/unitree_hg-0.0.0-py3.10.egg-info
[0.660s] -- Installing: /home/tang-yucheng/Desktop/legged_nav_rl/install/unitree_hg/local/lib/python3.10/dist-packages/unitree_hg-0.0.0-py3.10.egg-info/SOURCES.txt
[0.660s] -- Installing: /home/tang-yucheng/Desktop/legged_nav_rl/install/unitree_hg/local/lib/python3.10/dist-packages/unitree_hg-0.0.0-py3.10.egg-info/dependency_links.txt
[0.660s] -- Installing: /home/tang-yucheng/Desktop/legged_nav_rl/install/unitree_hg/local/lib/python3.10/dist-packages/unitree_hg-0.0.0-py3.10.egg-info/PKG-INFO
[0.660s] -- Installing: /home/tang-yucheng/Desktop/legged_nav_rl/install/unitree_hg/local/lib/python3.10/dist-packages/unitree_hg-0.0.0-py3.10.egg-info/top_level.txt
[0.660s] -- Up-to-date: /home/tang-yucheng/Desktop/legged_nav_rl/install/unitree_hg/local/lib/python3.10/dist-packages/unitree_hg
[0.660s] -- Up-to-date: /home/tang-yucheng/Desktop/legged_nav_rl/install/unitree_hg/local/lib/python3.10/dist-packages/unitree_hg/__init__.py
[0.660s] -- Up-to-date: /home/tang-yucheng/Desktop/legged_nav_rl/install/unitree_hg/local/lib/python3.10/dist-packages/unitree_hg/_unitree_hg_s.ep.rosidl_typesupport_introspection_c.c
[0.660s] -- Up-to-date: /home/tang-yucheng/Desktop/legged_nav_rl/install/unitree_hg/local/lib/python3.10/dist-packages/unitree_hg/libunitree_hg__rosidl_generator_py.so
[0.660s] -- Up-to-date: /home/tang-yucheng/Desktop/legged_nav_rl/install/unitree_hg/local/lib/python3.10/dist-packages/unitree_hg/unitree_hg_s__rosidl_typesupport_introspection_c.cpython-310-x86_64-linux-gnu.so
[0.660s] -- Up-to-date: /home/tang-yucheng/Desktop/legged_nav_rl/install/unitree_hg/local/lib/python3.10/dist-packages/unitree_hg/_unitree_hg_s.ep.rosidl_typesupport_fastrtps_c.c
[0.660s] -- Up-to-date: /home/tang-yucheng/Desktop/legged_nav_rl/install/unitree_hg/local/lib/python3.10/dist-packages/unitree_hg/unitree_hg_s__rosidl_typesupport_c.cpython-310-x86_64-linux-gnu.so
[0.660s] -- Up-to-date: /home/tang-yucheng/Desktop/legged_nav_rl/install/unitree_hg/local/lib/python3.10/dist-packages/unitree_hg/unitree_hg_s__rosidl_typesupport_fastrtps_c.cpython-310-x86_64-linux-gnu.so
[0.660s] -- Up-to-date: /home/tang-yucheng/Desktop/legged_nav_rl/install/unitree_hg/local/lib/python3.10/dist-packages/unitree_hg/_unitree_hg_s.ep.rosidl_typesupport_c.c
[0.660s] -- Up-to-date: /home/tang-yucheng/Desktop/legged_nav_rl/install/unitree_hg/local/lib/python3.10/dist-packages/unitree_hg/msg
[0.660s] -- Up-to-date: /home/tang-yucheng/Desktop/legged_nav_rl/install/unitree_hg/local/lib/python3.10/dist-packages/unitree_hg/msg/_hand_cmd_s.c
[0.660s] -- Up-to-date: /home/tang-yucheng/Desktop/legged_nav_rl/install/unitree_hg/local/lib/python3.10/dist-packages/unitree_hg/msg/__init__.py
[0.660s] -- Up-to-date: /home/tang-yucheng/Desktop/legged_nav_rl/install/unitree_hg/local/lib/python3.10/dist-packages/unitree_hg/msg/_motor_state.py
[0.660s] -- Up-to-date: /home/tang-yucheng/Desktop/legged_nav_rl/install/unitree_hg/local/lib/python3.10/dist-packages/unitree_hg/msg/_motor_cmd_s.c
[0.660s] -- Up-to-date: /home/tang-yucheng/Desktop/legged_nav_rl/install/unitree_hg/local/lib/python3.10/dist-packages/unitree_hg/msg/_hand_state.py
[0.660s] -- Up-to-date: /home/tang-yucheng/Desktop/legged_nav_rl/install/unitree_hg/local/lib/python3.10/dist-packages/unitree_hg/msg/_low_cmd_s.c
[0.660s] -- Up-to-date: /home/tang-yucheng/Desktop/legged_nav_rl/install/unitree_hg/local/lib/python3.10/dist-packages/unitree_hg/msg/_imu_state.py
[0.660s] -- Up-to-date: /home/tang-yucheng/Desktop/legged_nav_rl/install/unitree_hg/local/lib/python3.10/dist-packages/unitree_hg/msg/_hand_cmd.py
[0.660s] -- Up-to-date: /home/tang-yucheng/Desktop/legged_nav_rl/install/unitree_hg/local/lib/python3.10/dist-packages/unitree_hg/msg/_main_board_state_s.c
[0.660s] -- Up-to-date: /home/tang-yucheng/Desktop/legged_nav_rl/install/unitree_hg/local/lib/python3.10/dist-packages/unitree_hg/msg/_press_sensor_state.py
[0.660s] -- Up-to-date: /home/tang-yucheng/Desktop/legged_nav_rl/install/unitree_hg/local/lib/python3.10/dist-packages/unitree_hg/msg/_low_state_s.c
[0.660s] -- Up-to-date: /home/tang-yucheng/Desktop/legged_nav_rl/install/unitree_hg/local/lib/python3.10/dist-packages/unitree_hg/msg/_bms_cmd_s.c
[0.661s] -- Up-to-date: /home/tang-yucheng/Desktop/legged_nav_rl/install/unitree_hg/local/lib/python3.10/dist-packages/unitree_hg/msg/_bms_state.py
[0.661s] -- Up-to-date: /home/tang-yucheng/Desktop/legged_nav_rl/install/unitree_hg/local/lib/python3.10/dist-packages/unitree_hg/msg/_main_board_state.py
[0.661s] -- Up-to-date: /home/tang-yucheng/Desktop/legged_nav_rl/install/unitree_hg/local/lib/python3.10/dist-packages/unitree_hg/msg/_low_state.py
[0.661s] -- Up-to-date: /home/tang-yucheng/Desktop/legged_nav_rl/install/unitree_hg/local/lib/python3.10/dist-packages/unitree_hg/msg/_motor_cmd.py
[0.661s] -- Up-to-date: /home/tang-yucheng/Desktop/legged_nav_rl/install/unitree_hg/local/lib/python3.10/dist-packages/unitree_hg/msg/_press_sensor_state_s.c
[0.661s] -- Up-to-date: /home/tang-yucheng/Desktop/legged_nav_rl/install/unitree_hg/local/lib/python3.10/dist-packages/unitree_hg/msg/_motor_state_s.c
[0.661s] -- Up-to-date: /home/tang-yucheng/Desktop/legged_nav_rl/install/unitree_hg/local/lib/python3.10/dist-packages/unitree_hg/msg/_low_cmd.py
[0.661s] -- Up-to-date: /home/tang-yucheng/Desktop/legged_nav_rl/install/unitree_hg/local/lib/python3.10/dist-packages/unitree_hg/msg/_hand_state_s.c
[0.661s] -- Up-to-date: /home/tang-yucheng/Desktop/legged_nav_rl/install/unitree_hg/local/lib/python3.10/dist-packages/unitree_hg/msg/_imu_state_s.c
[0.661s] -- Up-to-date: /home/tang-yucheng/Desktop/legged_nav_rl/install/unitree_hg/local/lib/python3.10/dist-packages/unitree_hg/msg/_bms_state_s.c
[0.661s] -- Up-to-date: /home/tang-yucheng/Desktop/legged_nav_rl/install/unitree_hg/local/lib/python3.10/dist-packages/unitree_hg/msg/_bms_cmd.py
[0.679s] Listing '/home/tang-yucheng/Desktop/legged_nav_rl/install/unitree_hg/local/lib/python3.10/dist-packages/unitree_hg'...
[0.680s] Listing '/home/tang-yucheng/Desktop/legged_nav_rl/install/unitree_hg/local/lib/python3.10/dist-packages/unitree_hg/msg'...
[0.683s] -- Up-to-date: /home/tang-yucheng/Desktop/legged_nav_rl/install/unitree_hg/local/lib/python3.10/dist-packages/unitree_hg/unitree_hg_s__rosidl_typesupport_fastrtps_c.cpython-310-x86_64-linux-gnu.so
[0.683s] -- Up-to-date: /home/tang-yucheng/Desktop/legged_nav_rl/install/unitree_hg/local/lib/python3.10/dist-packages/unitree_hg/unitree_hg_s__rosidl_typesupport_introspection_c.cpython-310-x86_64-linux-gnu.so
[0.683s] -- Up-to-date: /home/tang-yucheng/Desktop/legged_nav_rl/install/unitree_hg/local/lib/python3.10/dist-packages/unitree_hg/unitree_hg_s__rosidl_typesupport_c.cpython-310-x86_64-linux-gnu.so
[0.683s] -- Up-to-date: /home/tang-yucheng/Desktop/legged_nav_rl/install/unitree_hg/lib/libunitree_hg__rosidl_generator_py.so
[0.684s] -- Up-to-date: /home/tang-yucheng/Desktop/legged_nav_rl/install/unitree_hg/share/unitree_hg/msg/BmsCmd.idl
[0.684s] -- Up-to-date: /home/tang-yucheng/Desktop/legged_nav_rl/install/unitree_hg/share/unitree_hg/msg/BmsState.idl
[0.684s] -- Up-to-date: /home/tang-yucheng/Desktop/legged_nav_rl/install/unitree_hg/share/unitree_hg/msg/HandCmd.idl
[0.684s] -- Up-to-date: /home/tang-yucheng/Desktop/legged_nav_rl/install/unitree_hg/share/unitree_hg/msg/HandState.idl
[0.684s] -- Up-to-date: /home/tang-yucheng/Desktop/legged_nav_rl/install/unitree_hg/share/unitree_hg/msg/IMUState.idl
[0.684s] -- Up-to-date: /home/tang-yucheng/Desktop/legged_nav_rl/install/unitree_hg/share/unitree_hg/msg/LowCmd.idl
[0.685s] -- Up-to-date: /home/tang-yucheng/Desktop/legged_nav_rl/install/unitree_hg/share/unitree_hg/msg/LowState.idl
[0.685s] -- Up-to-date: /home/tang-yucheng/Desktop/legged_nav_rl/install/unitree_hg/share/unitree_hg/msg/MainBoardState.idl
[0.685s] -- Up-to-date: /home/tang-yucheng/Desktop/legged_nav_rl/install/unitree_hg/share/unitree_hg/msg/MotorCmd.idl
[0.685s] -- Up-to-date: /home/tang-yucheng/Desktop/legged_nav_rl/install/unitree_hg/share/unitree_hg/msg/MotorState.idl
[0.685s] -- Up-to-date: /home/tang-yucheng/Desktop/legged_nav_rl/install/unitree_hg/share/unitree_hg/msg/PressSensorState.idl
[0.685s] -- Up-to-date: /home/tang-yucheng/Desktop/legged_nav_rl/install/unitree_hg/share/unitree_hg/msg/BmsCmd.msg
[0.685s] -- Up-to-date: /home/tang-yucheng/Desktop/legged_nav_rl/install/unitree_hg/share/unitree_hg/msg/BmsState.msg
[0.685s] -- Up-to-date: /home/tang-yucheng/Desktop/legged_nav_rl/install/unitree_hg/share/unitree_hg/msg/HandCmd.msg
[0.685s] -- Up-to-date: /home/tang-yucheng/Desktop/legged_nav_rl/install/unitree_hg/share/unitree_hg/msg/HandState.msg
[0.685s] -- Up-to-date: /home/tang-yucheng/Desktop/legged_nav_rl/install/unitree_hg/share/unitree_hg/msg/IMUState.msg
[0.685s] -- Up-to-date: /home/tang-yucheng/Desktop/legged_nav_rl/install/unitree_hg/share/unitree_hg/msg/LowCmd.msg
[0.685s] -- Up-to-date: /home/tang-yucheng/Desktop/legged_nav_rl/install/unitree_hg/share/unitree_hg/msg/LowState.msg
[0.685s] -- Up-to-date: /home/tang-yucheng/Desktop/legged_nav_rl/install/unitree_hg/share/unitree_hg/msg/MainBoardState.msg
[0.686s] -- Up-to-date: /home/tang-yucheng/Desktop/legged_nav_rl/install/unitree_hg/share/unitree_hg/msg/MotorCmd.msg
[0.686s] -- Up-to-date: /home/tang-yucheng/Desktop/legged_nav_rl/install/unitree_hg/share/unitree_hg/msg/MotorState.msg
[0.686s] -- Up-to-date: /home/tang-yucheng/Desktop/legged_nav_rl/install/unitree_hg/share/unitree_hg/msg/PressSensorState.msg
[0.686s] -- Up-to-date: /home/tang-yucheng/Desktop/legged_nav_rl/install/unitree_hg/share/unitree_hg/msg/dds_connext
[0.686s] -- Up-to-date: /home/tang-yucheng/Desktop/legged_nav_rl/install/unitree_hg/share/unitree_hg/msg/dds_connext/BmsCmd_.idl
[0.686s] -- Up-to-date: /home/tang-yucheng/Desktop/legged_nav_rl/install/unitree_hg/share/unitree_hg/msg/dds_connext/MotorState_.idl
[0.687s] -- Up-to-date: /home/tang-yucheng/Desktop/legged_nav_rl/install/unitree_hg/share/unitree_hg/msg/dds_connext/MotorCmd_.idl
[0.687s] -- Up-to-date: /home/tang-yucheng/Desktop/legged_nav_rl/install/unitree_hg/share/unitree_hg/msg/dds_connext/HandCmd_.idl
[0.687s] -- Up-to-date: /home/tang-yucheng/Desktop/legged_nav_rl/install/unitree_hg/share/unitree_hg/msg/dds_connext/LowCmd_.idl
[0.687s] -- Up-to-date: /home/tang-yucheng/Desktop/legged_nav_rl/install/unitree_hg/share/unitree_hg/msg/dds_connext/LowState_.idl
[0.687s] -- Up-to-date: /home/tang-yucheng/Desktop/legged_nav_rl/install/unitree_hg/share/unitree_hg/msg/dds_connext/MainBoardState_.idl
[0.687s] -- Up-to-date: /home/tang-yucheng/Desktop/legged_nav_rl/install/unitree_hg/share/unitree_hg/msg/dds_connext/BmsState_.idl
[0.688s] -- Up-to-date: /home/tang-yucheng/Desktop/legged_nav_rl/install/unitree_hg/share/unitree_hg/msg/dds_connext/HandState_.idl
[0.688s] -- Up-to-date: /home/tang-yucheng/Desktop/legged_nav_rl/install/unitree_hg/share/unitree_hg/msg/dds_connext/PressSensorState_.idl
[0.688s] -- Up-to-date: /home/tang-yucheng/Desktop/legged_nav_rl/install/unitree_hg/share/unitree_hg/msg/dds_connext/IMUState_.idl
[0.688s] -- Up-to-date: /home/tang-yucheng/Desktop/legged_nav_rl/install/unitree_hg/share/ament_index/resource_index/package_run_dependencies/unitree_hg
[0.688s] -- Up-to-date: /home/tang-yucheng/Desktop/legged_nav_rl/install/unitree_hg/share/ament_index/resource_index/parent_prefix_path/unitree_hg
[0.688s] -- Up-to-date: /home/tang-yucheng/Desktop/legged_nav_rl/install/unitree_hg/share/unitree_hg/environment/ament_prefix_path.sh
[0.688s] -- Up-to-date: /home/tang-yucheng/Desktop/legged_nav_rl/install/unitree_hg/share/unitree_hg/environment/ament_prefix_path.dsv
[0.689s] -- Up-to-date: /home/tang-yucheng/Desktop/legged_nav_rl/install/unitree_hg/share/unitree_hg/environment/path.sh
[0.689s] -- Up-to-date: /home/tang-yucheng/Desktop/legged_nav_rl/install/unitree_hg/share/unitree_hg/environment/path.dsv
[0.689s] -- Up-to-date: /home/tang-yucheng/Desktop/legged_nav_rl/install/unitree_hg/share/unitree_hg/local_setup.bash
[0.689s] -- Up-to-date: /home/tang-yucheng/Desktop/legged_nav_rl/install/unitree_hg/share/unitree_hg/local_setup.sh
[0.689s] -- Up-to-date: /home/tang-yucheng/Desktop/legged_nav_rl/install/unitree_hg/share/unitree_hg/local_setup.zsh
[0.689s] -- Up-to-date: /home/tang-yucheng/Desktop/legged_nav_rl/install/unitree_hg/share/unitree_hg/local_setup.dsv
[0.689s] -- Installing: /home/tang-yucheng/Desktop/legged_nav_rl/install/unitree_hg/share/unitree_hg/package.dsv
[0.689s] -- Up-to-date: /home/tang-yucheng/Desktop/legged_nav_rl/install/unitree_hg/share/ament_index/resource_index/packages/unitree_hg
[0.689s] -- Up-to-date: /home/tang-yucheng/Desktop/legged_nav_rl/install/unitree_hg/share/unitree_hg/cmake/export_unitree_hg__rosidl_generator_cExport.cmake
[0.689s] -- Up-to-date: /home/tang-yucheng/Desktop/legged_nav_rl/install/unitree_hg/share/unitree_hg/cmake/export_unitree_hg__rosidl_generator_cExport-noconfig.cmake
[0.689s] -- Up-to-date: /home/tang-yucheng/Desktop/legged_nav_rl/install/unitree_hg/share/unitree_hg/cmake/export_unitree_hg__rosidl_typesupport_fastrtps_cExport.cmake
[0.689s] -- Up-to-date: /home/tang-yucheng/Desktop/legged_nav_rl/install/unitree_hg/share/unitree_hg/cmake/export_unitree_hg__rosidl_typesupport_fastrtps_cExport-noconfig.cmake
[0.689s] -- Up-to-date: /home/tang-yucheng/Desktop/legged_nav_rl/install/unitree_hg/share/unitree_hg/cmake/export_unitree_hg__rosidl_generator_cppExport.cmake
[0.689s] -- Up-to-date: /home/tang-yucheng/Desktop/legged_nav_rl/install/unitree_hg/share/unitree_hg/cmake/export_unitree_hg__rosidl_typesupport_fastrtps_cppExport.cmake
[0.689s] -- Up-to-date: /home/tang-yucheng/Desktop/legged_nav_rl/install/unitree_hg/share/unitree_hg/cmake/export_unitree_hg__rosidl_typesupport_fastrtps_cppExport-noconfig.cmake
[0.689s] -- Up-to-date: /home/tang-yucheng/Desktop/legged_nav_rl/install/unitree_hg/share/unitree_hg/cmake/unitree_hg__rosidl_typesupport_introspection_cExport.cmake
[0.689s] -- Up-to-date: /home/tang-yucheng/Desktop/legged_nav_rl/install/unitree_hg/share/unitree_hg/cmake/unitree_hg__rosidl_typesupport_introspection_cExport-noconfig.cmake
[0.690s] -- Up-to-date: /home/tang-yucheng/Desktop/legged_nav_rl/install/unitree_hg/share/unitree_hg/cmake/unitree_hg__rosidl_typesupport_cExport.cmake
[0.690s] -- Up-to-date: /home/tang-yucheng/Desktop/legged_nav_rl/install/unitree_hg/share/unitree_hg/cmake/unitree_hg__rosidl_typesupport_cExport-noconfig.cmake
[0.690s] -- Up-to-date: /home/tang-yucheng/Desktop/legged_nav_rl/install/unitree_hg/share/unitree_hg/cmake/unitree_hg__rosidl_typesupport_introspection_cppExport.cmake
[0.690s] -- Up-to-date: /home/tang-yucheng/Desktop/legged_nav_rl/install/unitree_hg/share/unitree_hg/cmake/unitree_hg__rosidl_typesupport_introspection_cppExport-noconfig.cmake
[0.690s] -- Up-to-date: /home/tang-yucheng/Desktop/legged_nav_rl/install/unitree_hg/share/unitree_hg/cmake/unitree_hg__rosidl_typesupport_cppExport.cmake
[0.690s] -- Up-to-date: /home/tang-yucheng/Desktop/legged_nav_rl/install/unitree_hg/share/unitree_hg/cmake/unitree_hg__rosidl_typesupport_cppExport-noconfig.cmake
[0.690s] -- Up-to-date: /home/tang-yucheng/Desktop/legged_nav_rl/install/unitree_hg/share/unitree_hg/cmake/export_unitree_hg__rosidl_generator_pyExport.cmake
[0.690s] -- Up-to-date: /home/tang-yucheng/Desktop/legged_nav_rl/install/unitree_hg/share/unitree_hg/cmake/export_unitree_hg__rosidl_generator_pyExport-noconfig.cmake
[0.690s] -- Up-to-date: /home/tang-yucheng/Desktop/legged_nav_rl/install/unitree_hg/share/unitree_hg/cmake/rosidl_cmake-extras.cmake
[0.690s] -- Up-to-date: /home/tang-yucheng/Desktop/legged_nav_rl/install/unitree_hg/share/unitree_hg/cmake/ament_cmake_export_dependencies-extras.cmake
[0.690s] -- Up-to-date: /home/tang-yucheng/Desktop/legged_nav_rl/install/unitree_hg/share/unitree_hg/cmake/ament_cmake_export_include_directories-extras.cmake
[0.690s] -- Up-to-date: /home/tang-yucheng/Desktop/legged_nav_rl/install/unitree_hg/share/unitree_hg/cmake/ament_cmake_export_libraries-extras.cmake
[0.690s] -- Up-to-date: /home/tang-yucheng/Desktop/legged_nav_rl/install/unitree_hg/share/unitree_hg/cmake/ament_cmake_export_targets-extras.cmake
[0.690s] -- Up-to-date: /home/tang-yucheng/Desktop/legged_nav_rl/install/unitree_hg/share/unitree_hg/cmake/rosidl_cmake_export_typesupport_targets-extras.cmake
[0.690s] -- Up-to-date: /home/tang-yucheng/Desktop/legged_nav_rl/install/unitree_hg/share/unitree_hg/cmake/rosidl_cmake_export_typesupport_libraries-extras.cmake
[0.690s] -- Up-to-date: /home/tang-yucheng/Desktop/legged_nav_rl/install/unitree_hg/share/unitree_hg/cmake/unitree_hgConfig.cmake
[0.691s] -- Up-to-date: /home/tang-yucheng/Desktop/legged_nav_rl/install/unitree_hg/share/unitree_hg/cmake/unitree_hgConfig-version.cmake
[0.691s] -- Up-to-date: /home/tang-yucheng/Desktop/legged_nav_rl/install/unitree_hg/share/unitree_hg/package.xml
[0.691s] Invoked command in '/home/tang-yucheng/Desktop/legged_nav_rl/build/unitree_hg' returned '0': CMAKE_PREFIX_PATH=${CMAKE_PREFIX_PATH}:/opt/ros/humble /usr/bin/cmake --install /home/tang-yucheng/Desktop/legged_nav_rl/build/unitree_hg
