-- The C compiler identification is GNU 11.4.0
-- The CXX compiler identification is GNU 11.4.0
-- Detecting C compiler ABI info
-- Detecting C compiler ABI info - done
-- Check for working C compiler: /usr/bin/cc - skipped
-- Detecting C compile features
-- Detecting C compile features - done
-- Detecting CXX compiler ABI info
-- Detecting CXX compiler ABI info - done
-- Check for working CXX compiler: /usr/bin/c++ - skipped
-- Detecting CXX compile features
-- Detecting CXX compile features - done
-- Found ament_cmake_auto: 1.3.9 (/opt/ros/humble/share/ament_cmake_auto/cmake)
-- Found Python3: /usr/bin/python3 (found version "3.10.12") found components: Interpreter 
-- Found rosidl_generator_c: 3.1.5 (/opt/ros/humble/share/rosidl_generator_c/cmake)
-- Found rosidl_adapter: 3.1.5 (/opt/ros/humble/share/rosidl_adapter/cmake)
-- Found rosidl_generator_cpp: 3.1.5 (/opt/ros/humble/share/rosidl_generator_cpp/cmake)
-- Using all available rosidl_typesupport_c: rosidl_typesupport_fastrtps_c;rosidl_typesupport_introspection_c
-- Using all available rosidl_typesupport_cpp: rosidl_typesupport_fastrtps_cpp;rosidl_typesupport_introspection_cpp
-- Found rmw_implementation_cmake: 6.1.2 (/opt/ros/humble/share/rmw_implementation_cmake/cmake)
-- Found rmw_fastrtps_cpp: 6.2.6 (/opt/ros/humble/share/rmw_fastrtps_cpp/cmake)
-- Found OpenSSL: /usr/lib/x86_64-linux-gnu/libcrypto.so (found version "3.0.2")  
-- Found FastRTPS: /opt/ros/humble/include  
-- Using RMW implementation 'rmw_fastrtps_cpp' as default
-- Looking for pthread.h
-- Looking for pthread.h - found
-- Performing Test CMAKE_HAVE_LIBC_PTHREAD
-- Performing Test CMAKE_HAVE_LIBC_PTHREAD - Success
-- Found Threads: TRUE  
-- Found ament_lint_auto: 0.12.11 (/opt/ros/humble/share/ament_lint_auto/cmake)
-- Found ament_cmake_gtest: 1.3.9 (/opt/ros/humble/share/ament_cmake_gtest/cmake)
-- Added test 'cppcheck' to perform static code analysis on C / C++ code
-- Configured cppcheck include dirs: /home/tang-yucheng/Desktop/legged_nav_rl/src/go2_interaction/include
-- Configured cppcheck exclude dirs and/or files: 
-- Added test 'lint_cmake' to check CMake code style
-- Added test 'xmllint' to check XML markup files
-- Added test 'clang_format' to check C / C++ code style
-- Configuring done
-- Generating done
-- Build files have been written to: /home/tang-yucheng/Desktop/legged_nav_rl/build/go2_interaction
[ 25%] [32mBuilding CXX object CMakeFiles/legged_interaction_node.dir/rclcpp_components/node_main_legged_interaction_node.cpp.o[0m
[ 50%] [32mBuilding CXX object CMakeFiles/go2_interaction.dir/src/legged_interaction_node.cpp.o[0m
[01m[K/home/tang-yucheng/Desktop/legged_nav_rl/src/go2_interaction/src/legged_interaction_node.cpp:[m[K In constructor ‘[01m[Klegged::Class_Legged_Interaction::Class_Legged_Interaction(const rclcpp::NodeOptions&)[m[K’:
[01m[K/home/tang-yucheng/Desktop/legged_nav_rl/src/go2_interaction/src/legged_interaction_node.cpp:25:74:[m[K [01;35m[Kwarning: [m[Kconverting to ‘[01m[Kconst ParameterDescriptor[m[K’ {aka ‘[01m[Kconst rcl_interfaces::msg::ParameterDescriptor_<std::allocator<void> >[m[K’} from initializer list would use explicit constructor ‘[01m[Krcl_interfaces::msg::ParameterDescriptor_<ContainerAllocator>::ParameterDescriptor_(rosidl_runtime_cpp::MessageInitialization) [with ContainerAllocator = std::allocator<void>][m[K’
   25 |     this->joint_names = [01;35m[Kthis->declare_parameter<std::vector<std::string>>("joint_names", {})[m[K;
      |                         [01;35m[K~~~~~~~~~~~~~~~~~~~~~~~~~~~~~~~~~~~~~~~~~~~~~~~~~^~~~~~~~~~~~~~~~~~~[m[K
[01m[K/home/tang-yucheng/Desktop/legged_nav_rl/src/go2_interaction/src/legged_interaction_node.cpp:25:74:[m[K [01;36m[Knote: [m[Kin C++11 and above a default constructor can be explicit
[01m[K/home/tang-yucheng/Desktop/legged_nav_rl/src/go2_interaction/src/legged_interaction_node.cpp:[m[K In member function ‘[01m[Kvoid legged::Class_Legged_Interaction::Legged_State_Callback(unitree_go::msg::LowState_<std::allocator<void> >::ConstSharedPtr)[m[K’:
[01m[K/home/tang-yucheng/Desktop/legged_nav_rl/src/go2_interaction/src/legged_interaction_node.cpp:56:102:[m[K [01;35m[Kwarning: [m[Kunused parameter ‘[01m[Klegged_state[m[K’ [[01;35m[K]8;;https://gcc.gnu.org/onlinedocs/gcc/Warning-Options.html#index-Wunused-parameter-Wunused-parameter]8;;[m[K]
   56 | void Class_Legged_Interaction::Legged_State_Callback([01;35m[Kconst unitree_go::msg::LowState::ConstSharedPtr legged_state[m[K)
      |                                                      [01;35m[K~~~~~~~~~~~~~~~~~~~~~~~~~~~~~~~~~~~~~~~~~~~~~~~~^~~~~~~~~~~~[m[K
[ 75%] [32m[1mLinking CXX executable legged_interaction_node[0m
[ 75%] Built target legged_interaction_node
[100%] [32m[1mLinking CXX shared library libgo2_interaction.so[0m
[100%] Built target go2_interaction
-- Install configuration: ""
-- Installing: /home/tang-yucheng/Desktop/legged_nav_rl/install/go2_interaction/lib/go2_interaction/legged_interaction_node
-- Set runtime path of "/home/tang-yucheng/Desktop/legged_nav_rl/install/go2_interaction/lib/go2_interaction/legged_interaction_node" to ""
-- Installing: /home/tang-yucheng/Desktop/legged_nav_rl/install/go2_interaction/include
-- Installing: /home/tang-yucheng/Desktop/legged_nav_rl/install/go2_interaction/include/legged_interaction_node.hpp
-- Installing: /home/tang-yucheng/Desktop/legged_nav_rl/install/go2_interaction/share/go2_interaction/environment/library_path.sh
-- Installing: /home/tang-yucheng/Desktop/legged_nav_rl/install/go2_interaction/share/go2_interaction/environment/library_path.dsv
-- Installing: /home/tang-yucheng/Desktop/legged_nav_rl/install/go2_interaction/lib/libgo2_interaction.so
-- Set runtime path of "/home/tang-yucheng/Desktop/legged_nav_rl/install/go2_interaction/lib/libgo2_interaction.so" to ""
-- Installing: /home/tang-yucheng/Desktop/legged_nav_rl/install/go2_interaction/share/ament_index/resource_index/package_run_dependencies/go2_interaction
-- Installing: /home/tang-yucheng/Desktop/legged_nav_rl/install/go2_interaction/share/ament_index/resource_index/parent_prefix_path/go2_interaction
-- Installing: /home/tang-yucheng/Desktop/legged_nav_rl/install/go2_interaction/share/go2_interaction/environment/ament_prefix_path.sh
-- Installing: /home/tang-yucheng/Desktop/legged_nav_rl/install/go2_interaction/share/go2_interaction/environment/ament_prefix_path.dsv
-- Installing: /home/tang-yucheng/Desktop/legged_nav_rl/install/go2_interaction/share/go2_interaction/environment/path.sh
-- Installing: /home/tang-yucheng/Desktop/legged_nav_rl/install/go2_interaction/share/go2_interaction/environment/path.dsv
-- Installing: /home/tang-yucheng/Desktop/legged_nav_rl/install/go2_interaction/share/go2_interaction/local_setup.bash
-- Installing: /home/tang-yucheng/Desktop/legged_nav_rl/install/go2_interaction/share/go2_interaction/local_setup.sh
-- Installing: /home/tang-yucheng/Desktop/legged_nav_rl/install/go2_interaction/share/go2_interaction/local_setup.zsh
-- Installing: /home/tang-yucheng/Desktop/legged_nav_rl/install/go2_interaction/share/go2_interaction/local_setup.dsv
-- Installing: /home/tang-yucheng/Desktop/legged_nav_rl/install/go2_interaction/share/go2_interaction/package.dsv
-- Installing: /home/tang-yucheng/Desktop/legged_nav_rl/install/go2_interaction/share/ament_index/resource_index/packages/go2_interaction
-- Installing: /home/tang-yucheng/Desktop/legged_nav_rl/install/go2_interaction/share/ament_index/resource_index/rclcpp_components/go2_interaction
-- Installing: /home/tang-yucheng/Desktop/legged_nav_rl/install/go2_interaction/share/go2_interaction/cmake/ament_cmake_export_dependencies-extras.cmake
-- Installing: /home/tang-yucheng/Desktop/legged_nav_rl/install/go2_interaction/share/go2_interaction/cmake/ament_cmake_export_include_directories-extras.cmake
-- Installing: /home/tang-yucheng/Desktop/legged_nav_rl/install/go2_interaction/share/go2_interaction/cmake/ament_cmake_export_libraries-extras.cmake
-- Installing: /home/tang-yucheng/Desktop/legged_nav_rl/install/go2_interaction/share/go2_interaction/cmake/go2_interactionConfig.cmake
-- Installing: /home/tang-yucheng/Desktop/legged_nav_rl/install/go2_interaction/share/go2_interaction/cmake/go2_interactionConfig-version.cmake
-- Installing: /home/tang-yucheng/Desktop/legged_nav_rl/install/go2_interaction/share/go2_interaction/package.xml
