[35m[1mConsolidate compiler generated dependencies of target rmw_cyclonedds_cpp[0m
[100%] Built target rmw_cyclonedds_cpp
-- Install configuration: ""
-- Up-to-date: /home/tang-yucheng/Desktop/legged_nav_rl/install/rmw_cyclonedds_cpp/share/ament_index/resource_index/rmw_typesupport_c/rmw_cyclonedds_cpp
-- Up-to-date: /home/tang-yucheng/Desktop/legged_nav_rl/install/rmw_cyclonedds_cpp/share/ament_index/resource_index/rmw_typesupport_cpp/rmw_cyclonedds_cpp
-- Up-to-date: /home/tang-yucheng/Desktop/legged_nav_rl/install/rmw_cyclonedds_cpp/share/ament_index/resource_index/rmw_typesupport/rmw_cyclonedds_cpp
-- Up-to-date: /home/tang-yucheng/Desktop/legged_nav_rl/install/rmw_cyclonedds_cpp/share/ament_index/resource_index/package_run_dependencies/rmw_cyclonedds_cpp
-- Up-to-date: /home/tang-yucheng/Desktop/legged_nav_rl/install/rmw_cyclonedds_cpp/share/ament_index/resource_index/parent_prefix_path/rmw_cyclonedds_cpp
-- Up-to-date: /home/tang-yucheng/Desktop/legged_nav_rl/install/rmw_cyclonedds_cpp/share/rmw_cyclonedds_cpp/environment/ament_prefix_path.sh
-- Up-to-date: /home/tang-yucheng/Desktop/legged_nav_rl/install/rmw_cyclonedds_cpp/share/rmw_cyclonedds_cpp/environment/ament_prefix_path.dsv
-- Up-to-date: /home/tang-yucheng/Desktop/legged_nav_rl/install/rmw_cyclonedds_cpp/share/rmw_cyclonedds_cpp/environment/path.sh
-- Up-to-date: /home/tang-yucheng/Desktop/legged_nav_rl/install/rmw_cyclonedds_cpp/share/rmw_cyclonedds_cpp/environment/path.dsv
-- Up-to-date: /home/tang-yucheng/Desktop/legged_nav_rl/install/rmw_cyclonedds_cpp/share/rmw_cyclonedds_cpp/local_setup.bash
-- Up-to-date: /home/tang-yucheng/Desktop/legged_nav_rl/install/rmw_cyclonedds_cpp/share/rmw_cyclonedds_cpp/local_setup.sh
-- Up-to-date: /home/tang-yucheng/Desktop/legged_nav_rl/install/rmw_cyclonedds_cpp/share/rmw_cyclonedds_cpp/local_setup.zsh
-- Up-to-date: /home/tang-yucheng/Desktop/legged_nav_rl/install/rmw_cyclonedds_cpp/share/rmw_cyclonedds_cpp/local_setup.dsv
-- Installing: /home/tang-yucheng/Desktop/legged_nav_rl/install/rmw_cyclonedds_cpp/share/rmw_cyclonedds_cpp/package.dsv
-- Up-to-date: /home/tang-yucheng/Desktop/legged_nav_rl/install/rmw_cyclonedds_cpp/share/ament_index/resource_index/packages/rmw_cyclonedds_cpp
-- Up-to-date: /home/tang-yucheng/Desktop/legged_nav_rl/install/rmw_cyclonedds_cpp/share/rmw_cyclonedds_cpp/cmake/export_rmw_cyclonedds_cppExport.cmake
-- Up-to-date: /home/tang-yucheng/Desktop/legged_nav_rl/install/rmw_cyclonedds_cpp/share/rmw_cyclonedds_cpp/cmake/export_rmw_cyclonedds_cppExport-noconfig.cmake
-- Up-to-date: /home/tang-yucheng/Desktop/legged_nav_rl/install/rmw_cyclonedds_cpp/share/rmw_cyclonedds_cpp/cmake/ament_cmake_export_dependencies-extras.cmake
-- Up-to-date: /home/tang-yucheng/Desktop/legged_nav_rl/install/rmw_cyclonedds_cpp/share/rmw_cyclonedds_cpp/cmake/ament_cmake_export_targets-extras.cmake
-- Up-to-date: /home/tang-yucheng/Desktop/legged_nav_rl/install/rmw_cyclonedds_cpp/share/rmw_cyclonedds_cpp/cmake/rmw_cyclonedds_cppConfig.cmake
-- Up-to-date: /home/tang-yucheng/Desktop/legged_nav_rl/install/rmw_cyclonedds_cpp/share/rmw_cyclonedds_cpp/cmake/rmw_cyclonedds_cppConfig-version.cmake
-- Up-to-date: /home/tang-yucheng/Desktop/legged_nav_rl/install/rmw_cyclonedds_cpp/share/rmw_cyclonedds_cpp/package.xml
-- Up-to-date: /home/tang-yucheng/Desktop/legged_nav_rl/install/rmw_cyclonedds_cpp/lib/librmw_cyclonedds_cpp.so
-- Up-to-date: /home/tang-yucheng/Desktop/legged_nav_rl/install/rmw_cyclonedds_cpp/share/ament_index/resource_index/rmw_output_patterns/rmw_cyclonedds_cpp
