[0.020s] Invoking command in '/home/tang-yucheng/Desktop/legged_nav_rl/build/unitree_api': CMAKE_PREFIX_PATH=${CMAKE_PREFIX_PATH}:/opt/ros/humble /usr/bin/cmake --build /home/tang-yucheng/Desktop/legged_nav_rl/build/unitree_api -- -j20 -l20
[0.068s] [35m[1mConsolidate compiler generated dependencies of target unitree_api__rosidl_generator_c[0m
[0.070s] [  1%] Built target unitree_api__cpp
[0.071s] [  2%] Built target unitree_api__dds_connext_idl
[0.084s] [  2%] Built target ament_cmake_python_copy_unitree_api
[0.085s] [35m[1mConsolidate compiler generated dependencies of target unitree_api__rosidl_typesupport_fastrtps_cpp[0m
[0.085s] [35m[1mConsolidate compiler generated dependencies of target unitree_api__rosidl_typesupport_introspection_cpp[0m
[0.087s] [35m[1mConsolidate compiler generated dependencies of target unitree_api__rosidl_typesupport_cpp[0m
[0.087s] [ 13%] Built target unitree_api__rosidl_generator_c
[0.106s] [35m[1mConsolidate compiler generated dependencies of target unitree_api__rosidl_typesupport_fastrtps_c[0m
[0.119s] [35m[1mConsolidate compiler generated dependencies of target unitree_api__rosidl_typesupport_c[0m
[0.120s] [ 25%] Built target unitree_api__rosidl_typesupport_fastrtps_cpp
[0.121s] [35m[1mConsolidate compiler generated dependencies of target unitree_api__rosidl_typesupport_introspection_c[0m
[0.124s] [ 36%] Built target unitree_api__rosidl_typesupport_introspection_cpp
[0.124s] [ 47%] Built target unitree_api__rosidl_typesupport_cpp
[0.139s] [ 59%] Built target unitree_api__rosidl_typesupport_introspection_c
[0.140s] [ 70%] Built target unitree_api__rosidl_typesupport_fastrtps_c
[0.140s] [ 81%] Built target unitree_api__rosidl_typesupport_c
[0.163s] [ 81%] Built target unitree_api
[0.185s] [ 82%] Built target unitree_api__py
[0.196s] [35m[1mConsolidate compiler generated dependencies of target unitree_api__rosidl_generator_py[0m
[0.214s] [ 93%] Built target unitree_api__rosidl_generator_py
[0.224s] [35m[1mConsolidate compiler generated dependencies of target unitree_api__rosidl_typesupport_introspection_c__pyext[0m
[0.226s] [35m[1mConsolidate compiler generated dependencies of target unitree_api__rosidl_typesupport_c__pyext[0m
[0.226s] [35m[1mConsolidate compiler generated dependencies of target unitree_api__rosidl_typesupport_fastrtps_c__pyext[0m
[0.239s] [ 95%] Built target unitree_api__rosidl_typesupport_c__pyext
[0.240s] [ 97%] Built target unitree_api__rosidl_typesupport_introspection_c__pyext
[0.242s] [100%] Built target unitree_api__rosidl_typesupport_fastrtps_c__pyext
[0.333s] running egg_info
[0.334s] writing unitree_api.egg-info/PKG-INFO
[0.334s] writing dependency_links to unitree_api.egg-info/dependency_links.txt
[0.334s] writing top-level names to unitree_api.egg-info/top_level.txt
[0.335s] reading manifest file 'unitree_api.egg-info/SOURCES.txt'
[0.336s] writing manifest file 'unitree_api.egg-info/SOURCES.txt'
[0.358s] [100%] Built target ament_cmake_python_build_unitree_api_egg
[0.367s] Invoked command in '/home/tang-yucheng/Desktop/legged_nav_rl/build/unitree_api' returned '0': CMAKE_PREFIX_PATH=${CMAKE_PREFIX_PATH}:/opt/ros/humble /usr/bin/cmake --build /home/tang-yucheng/Desktop/legged_nav_rl/build/unitree_api -- -j20 -l20
[0.578s] Invoking command in '/home/tang-yucheng/Desktop/legged_nav_rl/build/unitree_api': CMAKE_PREFIX_PATH=${CMAKE_PREFIX_PATH}:/opt/ros/humble /usr/bin/cmake --install /home/tang-yucheng/Desktop/legged_nav_rl/build/unitree_api
[0.584s] -- Install configuration: ""
[0.585s] -- Up-to-date: /home/tang-yucheng/Desktop/legged_nav_rl/install/unitree_api/share/ament_index/resource_index/rosidl_interfaces/unitree_api
[0.585s] -- Up-to-date: /home/tang-yucheng/Desktop/legged_nav_rl/install/unitree_api/include/unitree_api/unitree_api
[0.585s] -- Up-to-date: /home/tang-yucheng/Desktop/legged_nav_rl/install/unitree_api/include/unitree_api/unitree_api/msg
[0.585s] -- Up-to-date: /home/tang-yucheng/Desktop/legged_nav_rl/install/unitree_api/include/unitree_api/unitree_api/msg/response_header.h
[0.585s] -- Up-to-date: /home/tang-yucheng/Desktop/legged_nav_rl/install/unitree_api/include/unitree_api/unitree_api/msg/rosidl_generator_c__visibility_control.h
[0.585s] -- Up-to-date: /home/tang-yucheng/Desktop/legged_nav_rl/install/unitree_api/include/unitree_api/unitree_api/msg/request_identity.h
[0.585s] -- Up-to-date: /home/tang-yucheng/Desktop/legged_nav_rl/install/unitree_api/include/unitree_api/unitree_api/msg/request_header.h
[0.585s] -- Up-to-date: /home/tang-yucheng/Desktop/legged_nav_rl/install/unitree_api/include/unitree_api/unitree_api/msg/request.h
[0.586s] -- Up-to-date: /home/tang-yucheng/Desktop/legged_nav_rl/install/unitree_api/include/unitree_api/unitree_api/msg/request_policy.h
[0.586s] -- Up-to-date: /home/tang-yucheng/Desktop/legged_nav_rl/install/unitree_api/include/unitree_api/unitree_api/msg/response.h
[0.586s] -- Up-to-date: /home/tang-yucheng/Desktop/legged_nav_rl/install/unitree_api/include/unitree_api/unitree_api/msg/request_lease.h
[0.586s] -- Up-to-date: /home/tang-yucheng/Desktop/legged_nav_rl/install/unitree_api/include/unitree_api/unitree_api/msg/detail
[0.586s] -- Up-to-date: /home/tang-yucheng/Desktop/legged_nav_rl/install/unitree_api/include/unitree_api/unitree_api/msg/detail/request_identity__functions.c
[0.586s] -- Up-to-date: /home/tang-yucheng/Desktop/legged_nav_rl/install/unitree_api/include/unitree_api/unitree_api/msg/detail/response_status__functions.c
[0.586s] -- Up-to-date: /home/tang-yucheng/Desktop/legged_nav_rl/install/unitree_api/include/unitree_api/unitree_api/msg/detail/request__functions.h
[0.587s] -- Up-to-date: /home/tang-yucheng/Desktop/legged_nav_rl/install/unitree_api/include/unitree_api/unitree_api/msg/detail/response__type_support.h
[0.587s] -- Up-to-date: /home/tang-yucheng/Desktop/legged_nav_rl/install/unitree_api/include/unitree_api/unitree_api/msg/detail/request_header__functions.h
[0.587s] -- Up-to-date: /home/tang-yucheng/Desktop/legged_nav_rl/install/unitree_api/include/unitree_api/unitree_api/msg/detail/request__struct.h
[0.587s] -- Up-to-date: /home/tang-yucheng/Desktop/legged_nav_rl/install/unitree_api/include/unitree_api/unitree_api/msg/detail/request_identity__type_support.h
[0.587s] -- Up-to-date: /home/tang-yucheng/Desktop/legged_nav_rl/install/unitree_api/include/unitree_api/unitree_api/msg/detail/request_policy__struct.h
[0.587s] -- Up-to-date: /home/tang-yucheng/Desktop/legged_nav_rl/install/unitree_api/include/unitree_api/unitree_api/msg/detail/request__functions.c
[0.587s] -- Up-to-date: /home/tang-yucheng/Desktop/legged_nav_rl/install/unitree_api/include/unitree_api/unitree_api/msg/detail/response_header__functions.c
[0.587s] -- Up-to-date: /home/tang-yucheng/Desktop/legged_nav_rl/install/unitree_api/include/unitree_api/unitree_api/msg/detail/response__functions.c
[0.587s] -- Up-to-date: /home/tang-yucheng/Desktop/legged_nav_rl/install/unitree_api/include/unitree_api/unitree_api/msg/detail/request__type_support.h
[0.587s] -- Up-to-date: /home/tang-yucheng/Desktop/legged_nav_rl/install/unitree_api/include/unitree_api/unitree_api/msg/detail/response_status__struct.h
[0.587s] -- Up-to-date: /home/tang-yucheng/Desktop/legged_nav_rl/install/unitree_api/include/unitree_api/unitree_api/msg/detail/response_header__struct.h
[0.588s] -- Up-to-date: /home/tang-yucheng/Desktop/legged_nav_rl/install/unitree_api/include/unitree_api/unitree_api/msg/detail/request_header__functions.c
[0.588s] -- Up-to-date: /home/tang-yucheng/Desktop/legged_nav_rl/install/unitree_api/include/unitree_api/unitree_api/msg/detail/response__struct.h
[0.588s] -- Up-to-date: /home/tang-yucheng/Desktop/legged_nav_rl/install/unitree_api/include/unitree_api/unitree_api/msg/detail/request_policy__functions.h
[0.588s] -- Up-to-date: /home/tang-yucheng/Desktop/legged_nav_rl/install/unitree_api/include/unitree_api/unitree_api/msg/detail/request_policy__type_support.h
[0.588s] -- Up-to-date: /home/tang-yucheng/Desktop/legged_nav_rl/install/unitree_api/include/unitree_api/unitree_api/msg/detail/request_lease__type_support.h
[0.588s] -- Up-to-date: /home/tang-yucheng/Desktop/legged_nav_rl/install/unitree_api/include/unitree_api/unitree_api/msg/detail/response_status__type_support.h
[0.588s] -- Up-to-date: /home/tang-yucheng/Desktop/legged_nav_rl/install/unitree_api/include/unitree_api/unitree_api/msg/detail/request_lease__struct.h
[0.588s] -- Up-to-date: /home/tang-yucheng/Desktop/legged_nav_rl/install/unitree_api/include/unitree_api/unitree_api/msg/detail/response__functions.h
[0.588s] -- Up-to-date: /home/tang-yucheng/Desktop/legged_nav_rl/install/unitree_api/include/unitree_api/unitree_api/msg/detail/response_header__functions.h
[0.588s] -- Up-to-date: /home/tang-yucheng/Desktop/legged_nav_rl/install/unitree_api/include/unitree_api/unitree_api/msg/detail/response_status__functions.h
[0.588s] -- Up-to-date: /home/tang-yucheng/Desktop/legged_nav_rl/install/unitree_api/include/unitree_api/unitree_api/msg/detail/response_header__type_support.h
[0.588s] -- Up-to-date: /home/tang-yucheng/Desktop/legged_nav_rl/install/unitree_api/include/unitree_api/unitree_api/msg/detail/request_lease__functions.c
[0.588s] -- Up-to-date: /home/tang-yucheng/Desktop/legged_nav_rl/install/unitree_api/include/unitree_api/unitree_api/msg/detail/request_identity__functions.h
[0.589s] -- Up-to-date: /home/tang-yucheng/Desktop/legged_nav_rl/install/unitree_api/include/unitree_api/unitree_api/msg/detail/request_lease__functions.h
[0.589s] -- Up-to-date: /home/tang-yucheng/Desktop/legged_nav_rl/install/unitree_api/include/unitree_api/unitree_api/msg/detail/request_policy__functions.c
[0.589s] -- Up-to-date: /home/tang-yucheng/Desktop/legged_nav_rl/install/unitree_api/include/unitree_api/unitree_api/msg/detail/request_identity__struct.h
[0.589s] -- Up-to-date: /home/tang-yucheng/Desktop/legged_nav_rl/install/unitree_api/include/unitree_api/unitree_api/msg/detail/request_header__type_support.h
[0.589s] -- Up-to-date: /home/tang-yucheng/Desktop/legged_nav_rl/install/unitree_api/include/unitree_api/unitree_api/msg/detail/request_header__struct.h
[0.589s] -- Up-to-date: /home/tang-yucheng/Desktop/legged_nav_rl/install/unitree_api/include/unitree_api/unitree_api/msg/response_status.h
[0.589s] -- Up-to-date: /home/tang-yucheng/Desktop/legged_nav_rl/install/unitree_api/share/unitree_api/environment/library_path.sh
[0.589s] -- Up-to-date: /home/tang-yucheng/Desktop/legged_nav_rl/install/unitree_api/share/unitree_api/environment/library_path.dsv
[0.589s] -- Up-to-date: /home/tang-yucheng/Desktop/legged_nav_rl/install/unitree_api/lib/libunitree_api__rosidl_generator_c.so
[0.589s] -- Up-to-date: /home/tang-yucheng/Desktop/legged_nav_rl/install/unitree_api/include/unitree_api/unitree_api
[0.589s] -- Up-to-date: /home/tang-yucheng/Desktop/legged_nav_rl/install/unitree_api/include/unitree_api/unitree_api/msg
[0.589s] -- Up-to-date: /home/tang-yucheng/Desktop/legged_nav_rl/install/unitree_api/include/unitree_api/unitree_api/msg/rosidl_typesupport_fastrtps_c__visibility_control.h
[0.589s] -- Up-to-date: /home/tang-yucheng/Desktop/legged_nav_rl/install/unitree_api/include/unitree_api/unitree_api/msg/detail
[0.589s] -- Up-to-date: /home/tang-yucheng/Desktop/legged_nav_rl/install/unitree_api/include/unitree_api/unitree_api/msg/detail/response_status__rosidl_typesupport_fastrtps_c.h
[0.589s] -- Up-to-date: /home/tang-yucheng/Desktop/legged_nav_rl/install/unitree_api/include/unitree_api/unitree_api/msg/detail/request_header__rosidl_typesupport_fastrtps_c.h
[0.589s] -- Up-to-date: /home/tang-yucheng/Desktop/legged_nav_rl/install/unitree_api/include/unitree_api/unitree_api/msg/detail/request_policy__rosidl_typesupport_fastrtps_c.h
[0.589s] -- Up-to-date: /home/tang-yucheng/Desktop/legged_nav_rl/install/unitree_api/include/unitree_api/unitree_api/msg/detail/request_lease__rosidl_typesupport_fastrtps_c.h
[0.589s] -- Up-to-date: /home/tang-yucheng/Desktop/legged_nav_rl/install/unitree_api/include/unitree_api/unitree_api/msg/detail/response__rosidl_typesupport_fastrtps_c.h
[0.589s] -- Up-to-date: /home/tang-yucheng/Desktop/legged_nav_rl/install/unitree_api/include/unitree_api/unitree_api/msg/detail/request__rosidl_typesupport_fastrtps_c.h
[0.589s] -- Up-to-date: /home/tang-yucheng/Desktop/legged_nav_rl/install/unitree_api/include/unitree_api/unitree_api/msg/detail/request_identity__rosidl_typesupport_fastrtps_c.h
[0.589s] -- Up-to-date: /home/tang-yucheng/Desktop/legged_nav_rl/install/unitree_api/include/unitree_api/unitree_api/msg/detail/response_header__rosidl_typesupport_fastrtps_c.h
[0.589s] -- Up-to-date: /home/tang-yucheng/Desktop/legged_nav_rl/install/unitree_api/lib/libunitree_api__rosidl_typesupport_fastrtps_c.so
[0.589s] -- Up-to-date: /home/tang-yucheng/Desktop/legged_nav_rl/install/unitree_api/include/unitree_api/unitree_api
[0.589s] -- Up-to-date: /home/tang-yucheng/Desktop/legged_nav_rl/install/unitree_api/include/unitree_api/unitree_api/msg
[0.589s] -- Up-to-date: /home/tang-yucheng/Desktop/legged_nav_rl/install/unitree_api/include/unitree_api/unitree_api/msg/response_header.hpp
[0.589s] -- Up-to-date: /home/tang-yucheng/Desktop/legged_nav_rl/install/unitree_api/include/unitree_api/unitree_api/msg/request_header.hpp
[0.589s] -- Up-to-date: /home/tang-yucheng/Desktop/legged_nav_rl/install/unitree_api/include/unitree_api/unitree_api/msg/response.hpp
[0.589s] -- Up-to-date: /home/tang-yucheng/Desktop/legged_nav_rl/install/unitree_api/include/unitree_api/unitree_api/msg/request_identity.hpp
[0.590s] -- Up-to-date: /home/tang-yucheng/Desktop/legged_nav_rl/install/unitree_api/include/unitree_api/unitree_api/msg/response_status.hpp
[0.590s] -- Up-to-date: /home/tang-yucheng/Desktop/legged_nav_rl/install/unitree_api/include/unitree_api/unitree_api/msg/request.hpp
[0.590s] -- Up-to-date: /home/tang-yucheng/Desktop/legged_nav_rl/install/unitree_api/include/unitree_api/unitree_api/msg/request_lease.hpp
[0.590s] -- Up-to-date: /home/tang-yucheng/Desktop/legged_nav_rl/install/unitree_api/include/unitree_api/unitree_api/msg/request_policy.hpp
[0.590s] -- Up-to-date: /home/tang-yucheng/Desktop/legged_nav_rl/install/unitree_api/include/unitree_api/unitree_api/msg/detail
[0.590s] -- Up-to-date: /home/tang-yucheng/Desktop/legged_nav_rl/install/unitree_api/include/unitree_api/unitree_api/msg/detail/response__traits.hpp
[0.590s] -- Up-to-date: /home/tang-yucheng/Desktop/legged_nav_rl/install/unitree_api/include/unitree_api/unitree_api/msg/detail/request__traits.hpp
[0.590s] -- Up-to-date: /home/tang-yucheng/Desktop/legged_nav_rl/install/unitree_api/include/unitree_api/unitree_api/msg/detail/request_identity__builder.hpp
[0.590s] -- Up-to-date: /home/tang-yucheng/Desktop/legged_nav_rl/install/unitree_api/include/unitree_api/unitree_api/msg/detail/request_header__builder.hpp
[0.590s] -- Up-to-date: /home/tang-yucheng/Desktop/legged_nav_rl/install/unitree_api/include/unitree_api/unitree_api/msg/detail/request_identity__traits.hpp
[0.590s] -- Up-to-date: /home/tang-yucheng/Desktop/legged_nav_rl/install/unitree_api/include/unitree_api/unitree_api/msg/detail/request__builder.hpp
[0.590s] -- Up-to-date: /home/tang-yucheng/Desktop/legged_nav_rl/install/unitree_api/include/unitree_api/unitree_api/msg/detail/request__struct.hpp
[0.590s] -- Up-to-date: /home/tang-yucheng/Desktop/legged_nav_rl/install/unitree_api/include/unitree_api/unitree_api/msg/detail/response_status__builder.hpp
[0.590s] -- Up-to-date: /home/tang-yucheng/Desktop/legged_nav_rl/install/unitree_api/include/unitree_api/unitree_api/msg/detail/response_status__traits.hpp
[0.590s] -- Up-to-date: /home/tang-yucheng/Desktop/legged_nav_rl/install/unitree_api/include/unitree_api/unitree_api/msg/detail/request_lease__builder.hpp
[0.590s] -- Up-to-date: /home/tang-yucheng/Desktop/legged_nav_rl/install/unitree_api/include/unitree_api/unitree_api/msg/detail/request_policy__traits.hpp
[0.591s] -- Up-to-date: /home/tang-yucheng/Desktop/legged_nav_rl/install/unitree_api/include/unitree_api/unitree_api/msg/detail/response_header__traits.hpp
[0.591s] -- Up-to-date: /home/tang-yucheng/Desktop/legged_nav_rl/install/unitree_api/include/unitree_api/unitree_api/msg/detail/response_header__struct.hpp
[0.591s] -- Up-to-date: /home/tang-yucheng/Desktop/legged_nav_rl/install/unitree_api/include/unitree_api/unitree_api/msg/detail/response_header__builder.hpp
[0.591s] -- Up-to-date: /home/tang-yucheng/Desktop/legged_nav_rl/install/unitree_api/include/unitree_api/unitree_api/msg/detail/request_lease__traits.hpp
[0.591s] -- Up-to-date: /home/tang-yucheng/Desktop/legged_nav_rl/install/unitree_api/include/unitree_api/unitree_api/msg/detail/request_policy__builder.hpp
[0.591s] -- Up-to-date: /home/tang-yucheng/Desktop/legged_nav_rl/install/unitree_api/include/unitree_api/unitree_api/msg/detail/response__struct.hpp
[0.591s] -- Up-to-date: /home/tang-yucheng/Desktop/legged_nav_rl/install/unitree_api/include/unitree_api/unitree_api/msg/detail/request_header__traits.hpp
[0.591s] -- Up-to-date: /home/tang-yucheng/Desktop/legged_nav_rl/install/unitree_api/include/unitree_api/unitree_api/msg/detail/request_identity__struct.hpp
[0.591s] -- Up-to-date: /home/tang-yucheng/Desktop/legged_nav_rl/install/unitree_api/include/unitree_api/unitree_api/msg/detail/response__builder.hpp
[0.591s] -- Up-to-date: /home/tang-yucheng/Desktop/legged_nav_rl/install/unitree_api/include/unitree_api/unitree_api/msg/detail/response_status__struct.hpp
[0.591s] -- Up-to-date: /home/tang-yucheng/Desktop/legged_nav_rl/install/unitree_api/include/unitree_api/unitree_api/msg/detail/request_policy__struct.hpp
[0.591s] -- Up-to-date: /home/tang-yucheng/Desktop/legged_nav_rl/install/unitree_api/include/unitree_api/unitree_api/msg/detail/request_header__struct.hpp
[0.591s] -- Up-to-date: /home/tang-yucheng/Desktop/legged_nav_rl/install/unitree_api/include/unitree_api/unitree_api/msg/detail/request_lease__struct.hpp
[0.591s] -- Up-to-date: /home/tang-yucheng/Desktop/legged_nav_rl/install/unitree_api/include/unitree_api/unitree_api
[0.591s] -- Up-to-date: /home/tang-yucheng/Desktop/legged_nav_rl/install/unitree_api/include/unitree_api/unitree_api/msg
[0.591s] -- Up-to-date: /home/tang-yucheng/Desktop/legged_nav_rl/install/unitree_api/include/unitree_api/unitree_api/msg/rosidl_typesupport_fastrtps_cpp__visibility_control.h
[0.591s] -- Up-to-date: /home/tang-yucheng/Desktop/legged_nav_rl/install/unitree_api/include/unitree_api/unitree_api/msg/detail
[0.591s] -- Up-to-date: /home/tang-yucheng/Desktop/legged_nav_rl/install/unitree_api/include/unitree_api/unitree_api/msg/detail/request_lease__rosidl_typesupport_fastrtps_cpp.hpp
[0.591s] -- Up-to-date: /home/tang-yucheng/Desktop/legged_nav_rl/install/unitree_api/include/unitree_api/unitree_api/msg/detail/response_header__rosidl_typesupport_fastrtps_cpp.hpp
[0.591s] -- Up-to-date: /home/tang-yucheng/Desktop/legged_nav_rl/install/unitree_api/include/unitree_api/unitree_api/msg/detail/request_identity__rosidl_typesupport_fastrtps_cpp.hpp
[0.591s] -- Up-to-date: /home/tang-yucheng/Desktop/legged_nav_rl/install/unitree_api/include/unitree_api/unitree_api/msg/detail/dds_fastrtps
[0.591s] -- Up-to-date: /home/tang-yucheng/Desktop/legged_nav_rl/install/unitree_api/include/unitree_api/unitree_api/msg/detail/request_header__rosidl_typesupport_fastrtps_cpp.hpp
[0.591s] -- Up-to-date: /home/tang-yucheng/Desktop/legged_nav_rl/install/unitree_api/include/unitree_api/unitree_api/msg/detail/response__rosidl_typesupport_fastrtps_cpp.hpp
[0.591s] -- Up-to-date: /home/tang-yucheng/Desktop/legged_nav_rl/install/unitree_api/include/unitree_api/unitree_api/msg/detail/response_status__rosidl_typesupport_fastrtps_cpp.hpp
[0.591s] -- Up-to-date: /home/tang-yucheng/Desktop/legged_nav_rl/install/unitree_api/include/unitree_api/unitree_api/msg/detail/request_policy__rosidl_typesupport_fastrtps_cpp.hpp
[0.591s] -- Up-to-date: /home/tang-yucheng/Desktop/legged_nav_rl/install/unitree_api/include/unitree_api/unitree_api/msg/detail/request__rosidl_typesupport_fastrtps_cpp.hpp
[0.591s] -- Up-to-date: /home/tang-yucheng/Desktop/legged_nav_rl/install/unitree_api/lib/libunitree_api__rosidl_typesupport_fastrtps_cpp.so
[0.591s] -- Up-to-date: /home/tang-yucheng/Desktop/legged_nav_rl/install/unitree_api/include/unitree_api/unitree_api
[0.591s] -- Up-to-date: /home/tang-yucheng/Desktop/legged_nav_rl/install/unitree_api/include/unitree_api/unitree_api/msg
[0.591s] -- Up-to-date: /home/tang-yucheng/Desktop/legged_nav_rl/install/unitree_api/include/unitree_api/unitree_api/msg/rosidl_typesupport_introspection_c__visibility_control.h
[0.591s] -- Up-to-date: /home/tang-yucheng/Desktop/legged_nav_rl/install/unitree_api/include/unitree_api/unitree_api/msg/detail
[0.591s] -- Up-to-date: /home/tang-yucheng/Desktop/legged_nav_rl/install/unitree_api/include/unitree_api/unitree_api/msg/detail/request_identity__rosidl_typesupport_introspection_c.h
[0.592s] -- Up-to-date: /home/tang-yucheng/Desktop/legged_nav_rl/install/unitree_api/include/unitree_api/unitree_api/msg/detail/request_header__rosidl_typesupport_introspection_c.h
[0.592s] -- Up-to-date: /home/tang-yucheng/Desktop/legged_nav_rl/install/unitree_api/include/unitree_api/unitree_api/msg/detail/response_header__type_support.c
[0.592s] -- Up-to-date: /home/tang-yucheng/Desktop/legged_nav_rl/install/unitree_api/include/unitree_api/unitree_api/msg/detail/response_header__rosidl_typesupport_introspection_c.h
[0.592s] -- Up-to-date: /home/tang-yucheng/Desktop/legged_nav_rl/install/unitree_api/include/unitree_api/unitree_api/msg/detail/response_status__rosidl_typesupport_introspection_c.h
[0.592s] -- Up-to-date: /home/tang-yucheng/Desktop/legged_nav_rl/install/unitree_api/include/unitree_api/unitree_api/msg/detail/request_identity__type_support.c
[0.592s] -- Up-to-date: /home/tang-yucheng/Desktop/legged_nav_rl/install/unitree_api/include/unitree_api/unitree_api/msg/detail/response__type_support.c
[0.592s] -- Up-to-date: /home/tang-yucheng/Desktop/legged_nav_rl/install/unitree_api/include/unitree_api/unitree_api/msg/detail/request_lease__type_support.c
[0.592s] -- Up-to-date: /home/tang-yucheng/Desktop/legged_nav_rl/install/unitree_api/include/unitree_api/unitree_api/msg/detail/request_policy__rosidl_typesupport_introspection_c.h
[0.592s] -- Up-to-date: /home/tang-yucheng/Desktop/legged_nav_rl/install/unitree_api/include/unitree_api/unitree_api/msg/detail/response__rosidl_typesupport_introspection_c.h
[0.592s] -- Up-to-date: /home/tang-yucheng/Desktop/legged_nav_rl/install/unitree_api/include/unitree_api/unitree_api/msg/detail/request__rosidl_typesupport_introspection_c.h
[0.592s] -- Up-to-date: /home/tang-yucheng/Desktop/legged_nav_rl/install/unitree_api/include/unitree_api/unitree_api/msg/detail/request_lease__rosidl_typesupport_introspection_c.h
[0.592s] -- Up-to-date: /home/tang-yucheng/Desktop/legged_nav_rl/install/unitree_api/include/unitree_api/unitree_api/msg/detail/request_policy__type_support.c
[0.592s] -- Up-to-date: /home/tang-yucheng/Desktop/legged_nav_rl/install/unitree_api/include/unitree_api/unitree_api/msg/detail/request_header__type_support.c
[0.592s] -- Up-to-date: /home/tang-yucheng/Desktop/legged_nav_rl/install/unitree_api/include/unitree_api/unitree_api/msg/detail/request__type_support.c
[0.592s] -- Up-to-date: /home/tang-yucheng/Desktop/legged_nav_rl/install/unitree_api/include/unitree_api/unitree_api/msg/detail/response_status__type_support.c
[0.592s] -- Up-to-date: /home/tang-yucheng/Desktop/legged_nav_rl/install/unitree_api/lib/libunitree_api__rosidl_typesupport_introspection_c.so
[0.592s] -- Up-to-date: /home/tang-yucheng/Desktop/legged_nav_rl/install/unitree_api/lib/libunitree_api__rosidl_typesupport_c.so
[0.592s] -- Up-to-date: /home/tang-yucheng/Desktop/legged_nav_rl/install/unitree_api/include/unitree_api/unitree_api
[0.592s] -- Up-to-date: /home/tang-yucheng/Desktop/legged_nav_rl/install/unitree_api/include/unitree_api/unitree_api/msg
[0.592s] -- Up-to-date: /home/tang-yucheng/Desktop/legged_nav_rl/install/unitree_api/include/unitree_api/unitree_api/msg/detail
[0.592s] -- Up-to-date: /home/tang-yucheng/Desktop/legged_nav_rl/install/unitree_api/include/unitree_api/unitree_api/msg/detail/request_header__rosidl_typesupport_introspection_cpp.hpp
[0.592s] -- Up-to-date: /home/tang-yucheng/Desktop/legged_nav_rl/install/unitree_api/include/unitree_api/unitree_api/msg/detail/request_identity__rosidl_typesupport_introspection_cpp.hpp
[0.592s] -- Up-to-date: /home/tang-yucheng/Desktop/legged_nav_rl/install/unitree_api/include/unitree_api/unitree_api/msg/detail/response_status__rosidl_typesupport_introspection_cpp.hpp
[0.592s] -- Up-to-date: /home/tang-yucheng/Desktop/legged_nav_rl/install/unitree_api/include/unitree_api/unitree_api/msg/detail/response__rosidl_typesupport_introspection_cpp.hpp
[0.592s] -- Up-to-date: /home/tang-yucheng/Desktop/legged_nav_rl/install/unitree_api/include/unitree_api/unitree_api/msg/detail/request__rosidl_typesupport_introspection_cpp.hpp
[0.592s] -- Up-to-date: /home/tang-yucheng/Desktop/legged_nav_rl/install/unitree_api/include/unitree_api/unitree_api/msg/detail/response_header__type_support.cpp
[0.592s] -- Up-to-date: /home/tang-yucheng/Desktop/legged_nav_rl/install/unitree_api/include/unitree_api/unitree_api/msg/detail/request_header__type_support.cpp
[0.592s] -- Up-to-date: /home/tang-yucheng/Desktop/legged_nav_rl/install/unitree_api/include/unitree_api/unitree_api/msg/detail/response_header__rosidl_typesupport_introspection_cpp.hpp
[0.592s] -- Up-to-date: /home/tang-yucheng/Desktop/legged_nav_rl/install/unitree_api/include/unitree_api/unitree_api/msg/detail/request_lease__type_support.cpp
[0.592s] -- Up-to-date: /home/tang-yucheng/Desktop/legged_nav_rl/install/unitree_api/include/unitree_api/unitree_api/msg/detail/request_policy__rosidl_typesupport_introspection_cpp.hpp
[0.592s] -- Up-to-date: /home/tang-yucheng/Desktop/legged_nav_rl/install/unitree_api/include/unitree_api/unitree_api/msg/detail/request_identity__type_support.cpp
[0.592s] -- Up-to-date: /home/tang-yucheng/Desktop/legged_nav_rl/install/unitree_api/include/unitree_api/unitree_api/msg/detail/request__type_support.cpp
[0.592s] -- Up-to-date: /home/tang-yucheng/Desktop/legged_nav_rl/install/unitree_api/include/unitree_api/unitree_api/msg/detail/response__type_support.cpp
[0.593s] -- Up-to-date: /home/tang-yucheng/Desktop/legged_nav_rl/install/unitree_api/include/unitree_api/unitree_api/msg/detail/request_lease__rosidl_typesupport_introspection_cpp.hpp
[0.593s] -- Up-to-date: /home/tang-yucheng/Desktop/legged_nav_rl/install/unitree_api/include/unitree_api/unitree_api/msg/detail/request_policy__type_support.cpp
[0.593s] -- Up-to-date: /home/tang-yucheng/Desktop/legged_nav_rl/install/unitree_api/include/unitree_api/unitree_api/msg/detail/response_status__type_support.cpp
[0.593s] -- Up-to-date: /home/tang-yucheng/Desktop/legged_nav_rl/install/unitree_api/lib/libunitree_api__rosidl_typesupport_introspection_cpp.so
[0.593s] -- Up-to-date: /home/tang-yucheng/Desktop/legged_nav_rl/install/unitree_api/lib/libunitree_api__rosidl_typesupport_cpp.so
[0.593s] -- Up-to-date: /home/tang-yucheng/Desktop/legged_nav_rl/install/unitree_api/share/unitree_api/environment/pythonpath.sh
[0.593s] -- Up-to-date: /home/tang-yucheng/Desktop/legged_nav_rl/install/unitree_api/share/unitree_api/environment/pythonpath.dsv
[0.593s] -- Up-to-date: /home/tang-yucheng/Desktop/legged_nav_rl/install/unitree_api/local/lib/python3.10/dist-packages/unitree_api-0.0.0-py3.10.egg-info
[0.593s] -- Installing: /home/tang-yucheng/Desktop/legged_nav_rl/install/unitree_api/local/lib/python3.10/dist-packages/unitree_api-0.0.0-py3.10.egg-info/SOURCES.txt
[0.593s] -- Installing: /home/tang-yucheng/Desktop/legged_nav_rl/install/unitree_api/local/lib/python3.10/dist-packages/unitree_api-0.0.0-py3.10.egg-info/dependency_links.txt
[0.593s] -- Installing: /home/tang-yucheng/Desktop/legged_nav_rl/install/unitree_api/local/lib/python3.10/dist-packages/unitree_api-0.0.0-py3.10.egg-info/PKG-INFO
[0.593s] -- Installing: /home/tang-yucheng/Desktop/legged_nav_rl/install/unitree_api/local/lib/python3.10/dist-packages/unitree_api-0.0.0-py3.10.egg-info/top_level.txt
[0.593s] -- Up-to-date: /home/tang-yucheng/Desktop/legged_nav_rl/install/unitree_api/local/lib/python3.10/dist-packages/unitree_api
[0.593s] -- Up-to-date: /home/tang-yucheng/Desktop/legged_nav_rl/install/unitree_api/local/lib/python3.10/dist-packages/unitree_api/__init__.py
[0.593s] -- Up-to-date: /home/tang-yucheng/Desktop/legged_nav_rl/install/unitree_api/local/lib/python3.10/dist-packages/unitree_api/_unitree_api_s.ep.rosidl_typesupport_c.c
[0.593s] -- Up-to-date: /home/tang-yucheng/Desktop/legged_nav_rl/install/unitree_api/local/lib/python3.10/dist-packages/unitree_api/unitree_api_s__rosidl_typesupport_c.cpython-310-x86_64-linux-gnu.so
[0.593s] -- Up-to-date: /home/tang-yucheng/Desktop/legged_nav_rl/install/unitree_api/local/lib/python3.10/dist-packages/unitree_api/libunitree_api__rosidl_generator_py.so
[0.593s] -- Up-to-date: /home/tang-yucheng/Desktop/legged_nav_rl/install/unitree_api/local/lib/python3.10/dist-packages/unitree_api/_unitree_api_s.ep.rosidl_typesupport_fastrtps_c.c
[0.593s] -- Up-to-date: /home/tang-yucheng/Desktop/legged_nav_rl/install/unitree_api/local/lib/python3.10/dist-packages/unitree_api/_unitree_api_s.ep.rosidl_typesupport_introspection_c.c
[0.593s] -- Up-to-date: /home/tang-yucheng/Desktop/legged_nav_rl/install/unitree_api/local/lib/python3.10/dist-packages/unitree_api/unitree_api_s__rosidl_typesupport_fastrtps_c.cpython-310-x86_64-linux-gnu.so
[0.593s] -- Up-to-date: /home/tang-yucheng/Desktop/legged_nav_rl/install/unitree_api/local/lib/python3.10/dist-packages/unitree_api/unitree_api_s__rosidl_typesupport_introspection_c.cpython-310-x86_64-linux-gnu.so
[0.593s] -- Up-to-date: /home/tang-yucheng/Desktop/legged_nav_rl/install/unitree_api/local/lib/python3.10/dist-packages/unitree_api/msg
[0.593s] -- Up-to-date: /home/tang-yucheng/Desktop/legged_nav_rl/install/unitree_api/local/lib/python3.10/dist-packages/unitree_api/msg/__init__.py
[0.593s] -- Up-to-date: /home/tang-yucheng/Desktop/legged_nav_rl/install/unitree_api/local/lib/python3.10/dist-packages/unitree_api/msg/_response_header_s.c
[0.593s] -- Up-to-date: /home/tang-yucheng/Desktop/legged_nav_rl/install/unitree_api/local/lib/python3.10/dist-packages/unitree_api/msg/_response_header.py
[0.593s] -- Up-to-date: /home/tang-yucheng/Desktop/legged_nav_rl/install/unitree_api/local/lib/python3.10/dist-packages/unitree_api/msg/_response_status_s.c
[0.593s] -- Up-to-date: /home/tang-yucheng/Desktop/legged_nav_rl/install/unitree_api/local/lib/python3.10/dist-packages/unitree_api/msg/_request_policy_s.c
[0.593s] -- Up-to-date: /home/tang-yucheng/Desktop/legged_nav_rl/install/unitree_api/local/lib/python3.10/dist-packages/unitree_api/msg/_request.py
[0.593s] -- Up-to-date: /home/tang-yucheng/Desktop/legged_nav_rl/install/unitree_api/local/lib/python3.10/dist-packages/unitree_api/msg/_request_identity.py
[0.593s] -- Up-to-date: /home/tang-yucheng/Desktop/legged_nav_rl/install/unitree_api/local/lib/python3.10/dist-packages/unitree_api/msg/_response_status.py
[0.593s] -- Up-to-date: /home/tang-yucheng/Desktop/legged_nav_rl/install/unitree_api/local/lib/python3.10/dist-packages/unitree_api/msg/_response.py
[0.593s] -- Up-to-date: /home/tang-yucheng/Desktop/legged_nav_rl/install/unitree_api/local/lib/python3.10/dist-packages/unitree_api/msg/_request_s.c
[0.593s] -- Up-to-date: /home/tang-yucheng/Desktop/legged_nav_rl/install/unitree_api/local/lib/python3.10/dist-packages/unitree_api/msg/_request_policy.py
[0.594s] -- Up-to-date: /home/tang-yucheng/Desktop/legged_nav_rl/install/unitree_api/local/lib/python3.10/dist-packages/unitree_api/msg/_request_header.py
[0.594s] -- Up-to-date: /home/tang-yucheng/Desktop/legged_nav_rl/install/unitree_api/local/lib/python3.10/dist-packages/unitree_api/msg/_request_lease.py
[0.594s] -- Up-to-date: /home/tang-yucheng/Desktop/legged_nav_rl/install/unitree_api/local/lib/python3.10/dist-packages/unitree_api/msg/_response_s.c
[0.594s] -- Up-to-date: /home/tang-yucheng/Desktop/legged_nav_rl/install/unitree_api/local/lib/python3.10/dist-packages/unitree_api/msg/_request_identity_s.c
[0.594s] -- Up-to-date: /home/tang-yucheng/Desktop/legged_nav_rl/install/unitree_api/local/lib/python3.10/dist-packages/unitree_api/msg/_request_lease_s.c
[0.594s] -- Up-to-date: /home/tang-yucheng/Desktop/legged_nav_rl/install/unitree_api/local/lib/python3.10/dist-packages/unitree_api/msg/_request_header_s.c
[0.618s] Listing '/home/tang-yucheng/Desktop/legged_nav_rl/install/unitree_api/local/lib/python3.10/dist-packages/unitree_api'...
[0.618s] Listing '/home/tang-yucheng/Desktop/legged_nav_rl/install/unitree_api/local/lib/python3.10/dist-packages/unitree_api/msg'...
[0.623s] -- Up-to-date: /home/tang-yucheng/Desktop/legged_nav_rl/install/unitree_api/local/lib/python3.10/dist-packages/unitree_api/unitree_api_s__rosidl_typesupport_fastrtps_c.cpython-310-x86_64-linux-gnu.so
[0.623s] -- Up-to-date: /home/tang-yucheng/Desktop/legged_nav_rl/install/unitree_api/local/lib/python3.10/dist-packages/unitree_api/unitree_api_s__rosidl_typesupport_introspection_c.cpython-310-x86_64-linux-gnu.so
[0.623s] -- Up-to-date: /home/tang-yucheng/Desktop/legged_nav_rl/install/unitree_api/local/lib/python3.10/dist-packages/unitree_api/unitree_api_s__rosidl_typesupport_c.cpython-310-x86_64-linux-gnu.so
[0.623s] -- Up-to-date: /home/tang-yucheng/Desktop/legged_nav_rl/install/unitree_api/lib/libunitree_api__rosidl_generator_py.so
[0.623s] -- Up-to-date: /home/tang-yucheng/Desktop/legged_nav_rl/install/unitree_api/share/unitree_api/msg/Request.idl
[0.624s] -- Up-to-date: /home/tang-yucheng/Desktop/legged_nav_rl/install/unitree_api/share/unitree_api/msg/RequestHeader.idl
[0.624s] -- Up-to-date: /home/tang-yucheng/Desktop/legged_nav_rl/install/unitree_api/share/unitree_api/msg/RequestIdentity.idl
[0.624s] -- Up-to-date: /home/tang-yucheng/Desktop/legged_nav_rl/install/unitree_api/share/unitree_api/msg/RequestLease.idl
[0.624s] -- Up-to-date: /home/tang-yucheng/Desktop/legged_nav_rl/install/unitree_api/share/unitree_api/msg/RequestPolicy.idl
[0.624s] -- Up-to-date: /home/tang-yucheng/Desktop/legged_nav_rl/install/unitree_api/share/unitree_api/msg/Response.idl
[0.625s] -- Up-to-date: /home/tang-yucheng/Desktop/legged_nav_rl/install/unitree_api/share/unitree_api/msg/ResponseHeader.idl
[0.625s] -- Up-to-date: /home/tang-yucheng/Desktop/legged_nav_rl/install/unitree_api/share/unitree_api/msg/ResponseStatus.idl
[0.625s] -- Up-to-date: /home/tang-yucheng/Desktop/legged_nav_rl/install/unitree_api/share/unitree_api/msg/Request.msg
[0.625s] -- Up-to-date: /home/tang-yucheng/Desktop/legged_nav_rl/install/unitree_api/share/unitree_api/msg/RequestHeader.msg
[0.625s] -- Up-to-date: /home/tang-yucheng/Desktop/legged_nav_rl/install/unitree_api/share/unitree_api/msg/RequestIdentity.msg
[0.625s] -- Up-to-date: /home/tang-yucheng/Desktop/legged_nav_rl/install/unitree_api/share/unitree_api/msg/RequestLease.msg
[0.625s] -- Up-to-date: /home/tang-yucheng/Desktop/legged_nav_rl/install/unitree_api/share/unitree_api/msg/RequestPolicy.msg
[0.625s] -- Up-to-date: /home/tang-yucheng/Desktop/legged_nav_rl/install/unitree_api/share/unitree_api/msg/Response.msg
[0.626s] -- Up-to-date: /home/tang-yucheng/Desktop/legged_nav_rl/install/unitree_api/share/unitree_api/msg/ResponseHeader.msg
[0.626s] -- Up-to-date: /home/tang-yucheng/Desktop/legged_nav_rl/install/unitree_api/share/unitree_api/msg/ResponseStatus.msg
[0.626s] -- Up-to-date: /home/tang-yucheng/Desktop/legged_nav_rl/install/unitree_api/share/unitree_api/msg/dds_connext
[0.626s] -- Up-to-date: /home/tang-yucheng/Desktop/legged_nav_rl/install/unitree_api/share/unitree_api/msg/dds_connext/ResponseStatus_.idl
[0.626s] -- Up-to-date: /home/tang-yucheng/Desktop/legged_nav_rl/install/unitree_api/share/unitree_api/msg/dds_connext/ResponseHeader_.idl
[0.626s] -- Up-to-date: /home/tang-yucheng/Desktop/legged_nav_rl/install/unitree_api/share/unitree_api/msg/dds_connext/RequestIdentity_.idl
[0.626s] -- Up-to-date: /home/tang-yucheng/Desktop/legged_nav_rl/install/unitree_api/share/unitree_api/msg/dds_connext/Request_.idl
[0.627s] -- Up-to-date: /home/tang-yucheng/Desktop/legged_nav_rl/install/unitree_api/share/unitree_api/msg/dds_connext/RequestHeader_.idl
[0.627s] -- Up-to-date: /home/tang-yucheng/Desktop/legged_nav_rl/install/unitree_api/share/unitree_api/msg/dds_connext/RequestPolicy_.idl
[0.627s] -- Up-to-date: /home/tang-yucheng/Desktop/legged_nav_rl/install/unitree_api/share/unitree_api/msg/dds_connext/Response_.idl
[0.627s] -- Up-to-date: /home/tang-yucheng/Desktop/legged_nav_rl/install/unitree_api/share/unitree_api/msg/dds_connext/RequestLease_.idl
[0.627s] -- Up-to-date: /home/tang-yucheng/Desktop/legged_nav_rl/install/unitree_api/share/ament_index/resource_index/package_run_dependencies/unitree_api
[0.627s] -- Up-to-date: /home/tang-yucheng/Desktop/legged_nav_rl/install/unitree_api/share/ament_index/resource_index/parent_prefix_path/unitree_api
[0.627s] -- Up-to-date: /home/tang-yucheng/Desktop/legged_nav_rl/install/unitree_api/share/unitree_api/environment/ament_prefix_path.sh
[0.628s] -- Up-to-date: /home/tang-yucheng/Desktop/legged_nav_rl/install/unitree_api/share/unitree_api/environment/ament_prefix_path.dsv
[0.628s] -- Up-to-date: /home/tang-yucheng/Desktop/legged_nav_rl/install/unitree_api/share/unitree_api/environment/path.sh
[0.628s] -- Up-to-date: /home/tang-yucheng/Desktop/legged_nav_rl/install/unitree_api/share/unitree_api/environment/path.dsv
[0.628s] -- Up-to-date: /home/tang-yucheng/Desktop/legged_nav_rl/install/unitree_api/share/unitree_api/local_setup.bash
[0.628s] -- Up-to-date: /home/tang-yucheng/Desktop/legged_nav_rl/install/unitree_api/share/unitree_api/local_setup.sh
[0.628s] -- Up-to-date: /home/tang-yucheng/Desktop/legged_nav_rl/install/unitree_api/share/unitree_api/local_setup.zsh
[0.629s] -- Up-to-date: /home/tang-yucheng/Desktop/legged_nav_rl/install/unitree_api/share/unitree_api/local_setup.dsv
[0.629s] -- Installing: /home/tang-yucheng/Desktop/legged_nav_rl/install/unitree_api/share/unitree_api/package.dsv
[0.629s] -- Up-to-date: /home/tang-yucheng/Desktop/legged_nav_rl/install/unitree_api/share/ament_index/resource_index/packages/unitree_api
[0.629s] -- Up-to-date: /home/tang-yucheng/Desktop/legged_nav_rl/install/unitree_api/share/unitree_api/cmake/export_unitree_api__rosidl_generator_cExport.cmake
[0.629s] -- Up-to-date: /home/tang-yucheng/Desktop/legged_nav_rl/install/unitree_api/share/unitree_api/cmake/export_unitree_api__rosidl_generator_cExport-noconfig.cmake
[0.629s] -- Up-to-date: /home/tang-yucheng/Desktop/legged_nav_rl/install/unitree_api/share/unitree_api/cmake/export_unitree_api__rosidl_typesupport_fastrtps_cExport.cmake
[0.629s] -- Up-to-date: /home/tang-yucheng/Desktop/legged_nav_rl/install/unitree_api/share/unitree_api/cmake/export_unitree_api__rosidl_typesupport_fastrtps_cExport-noconfig.cmake
[0.629s] -- Up-to-date: /home/tang-yucheng/Desktop/legged_nav_rl/install/unitree_api/share/unitree_api/cmake/export_unitree_api__rosidl_generator_cppExport.cmake
[0.630s] -- Up-to-date: /home/tang-yucheng/Desktop/legged_nav_rl/install/unitree_api/share/unitree_api/cmake/export_unitree_api__rosidl_typesupport_fastrtps_cppExport.cmake
[0.630s] -- Up-to-date: /home/tang-yucheng/Desktop/legged_nav_rl/install/unitree_api/share/unitree_api/cmake/export_unitree_api__rosidl_typesupport_fastrtps_cppExport-noconfig.cmake
[0.630s] -- Up-to-date: /home/tang-yucheng/Desktop/legged_nav_rl/install/unitree_api/share/unitree_api/cmake/unitree_api__rosidl_typesupport_introspection_cExport.cmake
[0.630s] -- Up-to-date: /home/tang-yucheng/Desktop/legged_nav_rl/install/unitree_api/share/unitree_api/cmake/unitree_api__rosidl_typesupport_introspection_cExport-noconfig.cmake
[0.630s] -- Up-to-date: /home/tang-yucheng/Desktop/legged_nav_rl/install/unitree_api/share/unitree_api/cmake/unitree_api__rosidl_typesupport_cExport.cmake
[0.631s] -- Up-to-date: /home/tang-yucheng/Desktop/legged_nav_rl/install/unitree_api/share/unitree_api/cmake/unitree_api__rosidl_typesupport_cExport-noconfig.cmake
[0.631s] -- Up-to-date: /home/tang-yucheng/Desktop/legged_nav_rl/install/unitree_api/share/unitree_api/cmake/unitree_api__rosidl_typesupport_introspection_cppExport.cmake
[0.631s] -- Up-to-date: /home/tang-yucheng/Desktop/legged_nav_rl/install/unitree_api/share/unitree_api/cmake/unitree_api__rosidl_typesupport_introspection_cppExport-noconfig.cmake
[0.631s] -- Up-to-date: /home/tang-yucheng/Desktop/legged_nav_rl/install/unitree_api/share/unitree_api/cmake/unitree_api__rosidl_typesupport_cppExport.cmake
[0.631s] -- Up-to-date: /home/tang-yucheng/Desktop/legged_nav_rl/install/unitree_api/share/unitree_api/cmake/unitree_api__rosidl_typesupport_cppExport-noconfig.cmake
[0.631s] -- Up-to-date: /home/tang-yucheng/Desktop/legged_nav_rl/install/unitree_api/share/unitree_api/cmake/export_unitree_api__rosidl_generator_pyExport.cmake
[0.631s] -- Up-to-date: /home/tang-yucheng/Desktop/legged_nav_rl/install/unitree_api/share/unitree_api/cmake/export_unitree_api__rosidl_generator_pyExport-noconfig.cmake
[0.631s] -- Up-to-date: /home/tang-yucheng/Desktop/legged_nav_rl/install/unitree_api/share/unitree_api/cmake/rosidl_cmake-extras.cmake
[0.631s] -- Up-to-date: /home/tang-yucheng/Desktop/legged_nav_rl/install/unitree_api/share/unitree_api/cmake/ament_cmake_export_dependencies-extras.cmake
[0.631s] -- Up-to-date: /home/tang-yucheng/Desktop/legged_nav_rl/install/unitree_api/share/unitree_api/cmake/ament_cmake_export_include_directories-extras.cmake
[0.631s] -- Up-to-date: /home/tang-yucheng/Desktop/legged_nav_rl/install/unitree_api/share/unitree_api/cmake/ament_cmake_export_libraries-extras.cmake
[0.631s] -- Up-to-date: /home/tang-yucheng/Desktop/legged_nav_rl/install/unitree_api/share/unitree_api/cmake/ament_cmake_export_targets-extras.cmake
[0.632s] -- Up-to-date: /home/tang-yucheng/Desktop/legged_nav_rl/install/unitree_api/share/unitree_api/cmake/rosidl_cmake_export_typesupport_targets-extras.cmake
[0.632s] -- Up-to-date: /home/tang-yucheng/Desktop/legged_nav_rl/install/unitree_api/share/unitree_api/cmake/rosidl_cmake_export_typesupport_libraries-extras.cmake
[0.632s] -- Up-to-date: /home/tang-yucheng/Desktop/legged_nav_rl/install/unitree_api/share/unitree_api/cmake/unitree_apiConfig.cmake
[0.632s] -- Up-to-date: /home/tang-yucheng/Desktop/legged_nav_rl/install/unitree_api/share/unitree_api/cmake/unitree_apiConfig-version.cmake
[0.632s] -- Up-to-date: /home/tang-yucheng/Desktop/legged_nav_rl/install/unitree_api/share/unitree_api/package.xml
[0.633s] Invoked command in '/home/tang-yucheng/Desktop/legged_nav_rl/build/unitree_api' returned '0': CMAKE_PREFIX_PATH=${CMAKE_PREFIX_PATH}:/opt/ros/humble /usr/bin/cmake --install /home/tang-yucheng/Desktop/legged_nav_rl/build/unitree_api
