[0.023s] Invoking command in '/home/tang-yucheng/Desktop/legged_nav_rl/build/cyclonedds': CMAKE_PREFIX_PATH=${CMAKE_PREFIX_PATH}:/opt/ros/humble /usr/bin/cmake --build /home/tang-yucheng/Desktop/legged_nav_rl/build/cyclonedds -- -j20 -l20
[0.064s] [  0%] Built target _confgen
[0.067s] [  4%] Built target idlpp
[0.078s] [ 23%] Built target idl
[0.079s] [ 27%] Built target ddsrt-internal
[0.166s] [ 87%] Built target ddsc
[0.188s] [ 90%] Built target idlc
[0.192s] [ 91%] Built target dds_security_auth
[0.192s] [ 93%] Built target dds_security_ac
[0.196s] [ 97%] Built target dds_security_crypto
[0.207s] [ 97%] Built target ddsperf_types_generate
[0.231s] [100%] Built target ddsperf
[0.243s] Invoked command in '/home/tang-yucheng/Desktop/legged_nav_rl/build/cyclonedds' returned '0': CMAKE_PREFIX_PATH=${CMAKE_PREFIX_PATH}:/opt/ros/humble /usr/bin/cmake --build /home/tang-yucheng/Desktop/legged_nav_rl/build/cyclonedds -- -j20 -l20
[0.276s] Invoking command in '/home/tang-yucheng/Desktop/legged_nav_rl/build/cyclonedds': CMAKE_PREFIX_PATH=${CMAKE_PREFIX_PATH}:/opt/ros/humble /usr/bin/cmake --install /home/tang-yucheng/Desktop/legged_nav_rl/build/cyclonedds
[0.282s] -- Install configuration: "RelWithDebInfo"
[0.282s] -- Up-to-date: /home/tang-yucheng/Desktop/legged_nav_rl/install/cyclonedds/lib/cmake/CycloneDDS/CycloneDDSConfig.cmake
[0.282s] -- Up-to-date: /home/tang-yucheng/Desktop/legged_nav_rl/install/cyclonedds/lib/cmake/CycloneDDS/CycloneDDSConfigVersion.cmake
[0.283s] -- Up-to-date: /home/tang-yucheng/Desktop/legged_nav_rl/install/cyclonedds/lib/cmake/CycloneDDS/CycloneDDSTargets.cmake
[0.283s] -- Up-to-date: /home/tang-yucheng/Desktop/legged_nav_rl/install/cyclonedds/lib/cmake/CycloneDDS/CycloneDDSTargets-relwithdebinfo.cmake
[0.283s] -- Up-to-date: /home/tang-yucheng/Desktop/legged_nav_rl/install/cyclonedds/lib/pkgconfig/CycloneDDS.pc
[0.283s] -- Up-to-date: /home/tang-yucheng/Desktop/legged_nav_rl/install/cyclonedds/include/idlc
[0.283s] -- Up-to-date: /home/tang-yucheng/Desktop/legged_nav_rl/install/cyclonedds/include/idlc/options.h
[0.283s] -- Up-to-date: /home/tang-yucheng/Desktop/legged_nav_rl/install/cyclonedds/include/idlc/generator.h
[0.283s] -- Up-to-date: /home/tang-yucheng/Desktop/legged_nav_rl/install/cyclonedds/bin/idlc
[0.283s] -- Up-to-date: /home/tang-yucheng/Desktop/legged_nav_rl/install/cyclonedds/lib/cmake/CycloneDDS/idlc/Generate.cmake
[0.283s] -- Up-to-date: /home/tang-yucheng/Desktop/legged_nav_rl/install/cyclonedds/bin/ddsperf
[0.284s] -- Up-to-date: /home/tang-yucheng/Desktop/legged_nav_rl/install/cyclonedds/include
[0.284s] -- Up-to-date: /home/tang-yucheng/Desktop/legged_nav_rl/install/cyclonedds/include/dds
[0.284s] -- Up-to-date: /home/tang-yucheng/Desktop/legged_nav_rl/install/cyclonedds/include/dds/ddsrt
[0.284s] -- Up-to-date: /home/tang-yucheng/Desktop/legged_nav_rl/install/cyclonedds/include/dds/ddsrt/io.h
[0.284s] -- Up-to-date: /home/tang-yucheng/Desktop/legged_nav_rl/install/cyclonedds/include/dds/ddsrt/environ.h
[0.284s] -- Up-to-date: /home/tang-yucheng/Desktop/legged_nav_rl/install/cyclonedds/include/dds/ddsrt/sync
[0.284s] -- Up-to-date: /home/tang-yucheng/Desktop/legged_nav_rl/install/cyclonedds/include/dds/ddsrt/sync/freertos.h
[0.284s] -- Up-to-date: /home/tang-yucheng/Desktop/legged_nav_rl/install/cyclonedds/include/dds/ddsrt/sync/windows.h
[0.284s] -- Up-to-date: /home/tang-yucheng/Desktop/legged_nav_rl/install/cyclonedds/include/dds/ddsrt/sync/posix.h
[0.284s] -- Up-to-date: /home/tang-yucheng/Desktop/legged_nav_rl/install/cyclonedds/include/dds/ddsrt/dynlib.h
[0.284s] -- Up-to-date: /home/tang-yucheng/Desktop/legged_nav_rl/install/cyclonedds/include/dds/ddsrt/threads.h
[0.285s] -- Up-to-date: /home/tang-yucheng/Desktop/legged_nav_rl/install/cyclonedds/include/dds/ddsrt/static_assert.h
[0.285s] -- Up-to-date: /home/tang-yucheng/Desktop/legged_nav_rl/install/cyclonedds/include/dds/ddsrt/types.h
[0.285s] -- Up-to-date: /home/tang-yucheng/Desktop/legged_nav_rl/install/cyclonedds/include/dds/ddsrt/cdtors.h
[0.285s] -- Up-to-date: /home/tang-yucheng/Desktop/legged_nav_rl/install/cyclonedds/include/dds/ddsrt/avl.h
[0.285s] -- Up-to-date: /home/tang-yucheng/Desktop/legged_nav_rl/install/cyclonedds/include/dds/ddsrt/strtod.h
[0.285s] -- Up-to-date: /home/tang-yucheng/Desktop/legged_nav_rl/install/cyclonedds/include/dds/ddsrt/rusage.h
[0.285s] -- Up-to-date: /home/tang-yucheng/Desktop/legged_nav_rl/install/cyclonedds/include/dds/ddsrt/align.h
[0.285s] -- Up-to-date: /home/tang-yucheng/Desktop/legged_nav_rl/install/cyclonedds/include/dds/ddsrt/random.h
[0.285s] -- Up-to-date: /home/tang-yucheng/Desktop/legged_nav_rl/install/cyclonedds/include/dds/ddsrt/iovec.h
[0.285s] -- Up-to-date: /home/tang-yucheng/Desktop/legged_nav_rl/install/cyclonedds/include/dds/ddsrt/misc.h
[0.285s] -- Up-to-date: /home/tang-yucheng/Desktop/legged_nav_rl/install/cyclonedds/include/dds/ddsrt/threads
[0.285s] -- Up-to-date: /home/tang-yucheng/Desktop/legged_nav_rl/install/cyclonedds/include/dds/ddsrt/threads/freertos.h
[0.285s] -- Up-to-date: /home/tang-yucheng/Desktop/legged_nav_rl/install/cyclonedds/include/dds/ddsrt/threads/windows.h
[0.286s] -- Up-to-date: /home/tang-yucheng/Desktop/legged_nav_rl/install/cyclonedds/include/dds/ddsrt/threads/posix.h
[0.286s] -- Up-to-date: /home/tang-yucheng/Desktop/legged_nav_rl/install/cyclonedds/include/dds/ddsrt/filesystem
[0.286s] -- Up-to-date: /home/tang-yucheng/Desktop/legged_nav_rl/install/cyclonedds/include/dds/ddsrt/filesystem/windows.h
[0.286s] -- Up-to-date: /home/tang-yucheng/Desktop/legged_nav_rl/install/cyclonedds/include/dds/ddsrt/filesystem/posix.h
[0.286s] -- Up-to-date: /home/tang-yucheng/Desktop/legged_nav_rl/install/cyclonedds/include/dds/ddsrt/arch.h
[0.286s] -- Up-to-date: /home/tang-yucheng/Desktop/legged_nav_rl/install/cyclonedds/include/dds/ddsrt/atomics
[0.286s] -- Up-to-date: /home/tang-yucheng/Desktop/legged_nav_rl/install/cyclonedds/include/dds/ddsrt/atomics/arm.h
[0.286s] -- Up-to-date: /home/tang-yucheng/Desktop/legged_nav_rl/install/cyclonedds/include/dds/ddsrt/atomics/gcc.h
[0.286s] -- Up-to-date: /home/tang-yucheng/Desktop/legged_nav_rl/install/cyclonedds/include/dds/ddsrt/atomics/msvc.h
[0.286s] -- Up-to-date: /home/tang-yucheng/Desktop/legged_nav_rl/install/cyclonedds/include/dds/ddsrt/atomics/sun.h
[0.286s] -- Up-to-date: /home/tang-yucheng/Desktop/legged_nav_rl/install/cyclonedds/include/dds/ddsrt/bswap.h
[0.286s] -- Up-to-date: /home/tang-yucheng/Desktop/legged_nav_rl/install/cyclonedds/include/dds/ddsrt/types
[0.286s] -- Up-to-date: /home/tang-yucheng/Desktop/legged_nav_rl/install/cyclonedds/include/dds/ddsrt/types/windows.h
[0.287s] -- Up-to-date: /home/tang-yucheng/Desktop/legged_nav_rl/install/cyclonedds/include/dds/ddsrt/types/vxworks.h
[0.287s] -- Up-to-date: /home/tang-yucheng/Desktop/legged_nav_rl/install/cyclonedds/include/dds/ddsrt/types/posix.h
[0.287s] -- Up-to-date: /home/tang-yucheng/Desktop/legged_nav_rl/install/cyclonedds/include/dds/ddsrt/sockets.h
[0.287s] -- Up-to-date: /home/tang-yucheng/Desktop/legged_nav_rl/install/cyclonedds/include/dds/ddsrt/netstat.h
[0.287s] -- Up-to-date: /home/tang-yucheng/Desktop/legged_nav_rl/install/cyclonedds/include/dds/ddsrt/fibheap.h
[0.287s] -- Up-to-date: /home/tang-yucheng/Desktop/legged_nav_rl/install/cyclonedds/include/dds/ddsrt/process.h
[0.287s] -- Up-to-date: /home/tang-yucheng/Desktop/legged_nav_rl/install/cyclonedds/include/dds/ddsrt/strtol.h
[0.287s] -- Up-to-date: /home/tang-yucheng/Desktop/legged_nav_rl/install/cyclonedds/include/dds/ddsrt/xmlparser.h
[0.287s] -- Up-to-date: /home/tang-yucheng/Desktop/legged_nav_rl/install/cyclonedds/include/dds/ddsrt/md5.h
[0.287s] -- Up-to-date: /home/tang-yucheng/Desktop/legged_nav_rl/install/cyclonedds/include/dds/ddsrt/attributes.h
[0.287s] -- Up-to-date: /home/tang-yucheng/Desktop/legged_nav_rl/install/cyclonedds/include/dds/ddsrt/hopscotch.h
[0.287s] -- Up-to-date: /home/tang-yucheng/Desktop/legged_nav_rl/install/cyclonedds/include/dds/ddsrt/retcode.h
[0.287s] -- Up-to-date: /home/tang-yucheng/Desktop/legged_nav_rl/install/cyclonedds/include/dds/ddsrt/filesystem.h
[0.288s] -- Up-to-date: /home/tang-yucheng/Desktop/legged_nav_rl/install/cyclonedds/include/dds/ddsrt/sync.h
[0.288s] -- Up-to-date: /home/tang-yucheng/Desktop/legged_nav_rl/install/cyclonedds/include/dds/ddsrt/endian.h
[0.288s] -- Up-to-date: /home/tang-yucheng/Desktop/legged_nav_rl/install/cyclonedds/include/dds/ddsrt/expand_vars.h
[0.288s] -- Up-to-date: /home/tang-yucheng/Desktop/legged_nav_rl/install/cyclonedds/include/dds/ddsrt/circlist.h
[0.288s] -- Up-to-date: /home/tang-yucheng/Desktop/legged_nav_rl/install/cyclonedds/include/dds/ddsrt/log.h
[0.288s] -- Up-to-date: /home/tang-yucheng/Desktop/legged_nav_rl/install/cyclonedds/include/dds/ddsrt/sockets
[0.288s] -- Up-to-date: /home/tang-yucheng/Desktop/legged_nav_rl/install/cyclonedds/include/dds/ddsrt/sockets/windows.h
[0.288s] -- Up-to-date: /home/tang-yucheng/Desktop/legged_nav_rl/install/cyclonedds/include/dds/ddsrt/sockets/posix.h
[0.289s] -- Up-to-date: /home/tang-yucheng/Desktop/legged_nav_rl/install/cyclonedds/include/dds/ddsrt/time.h
[0.289s] -- Up-to-date: /home/tang-yucheng/Desktop/legged_nav_rl/install/cyclonedds/include/dds/ddsrt/ifaddrs.h
[0.289s] -- Up-to-date: /home/tang-yucheng/Desktop/legged_nav_rl/install/cyclonedds/include/dds/ddsrt/countargs.h
[0.289s] -- Up-to-date: /home/tang-yucheng/Desktop/legged_nav_rl/install/cyclonedds/include/dds/ddsrt/atomics.h
[0.289s] -- Up-to-date: /home/tang-yucheng/Desktop/legged_nav_rl/install/cyclonedds/include/dds/ddsrt/heap.h
[0.289s] -- Up-to-date: /home/tang-yucheng/Desktop/legged_nav_rl/install/cyclonedds/include/dds/ddsrt/time
[0.289s] -- Up-to-date: /home/tang-yucheng/Desktop/legged_nav_rl/install/cyclonedds/include/dds/ddsrt/time/freertos.h
[0.290s] -- Up-to-date: /home/tang-yucheng/Desktop/legged_nav_rl/install/cyclonedds/include/dds/ddsrt/sched.h
[0.290s] -- Up-to-date: /home/tang-yucheng/Desktop/legged_nav_rl/install/cyclonedds/include/dds/ddsrt/mh3.h
[0.290s] -- Up-to-date: /home/tang-yucheng/Desktop/legged_nav_rl/install/cyclonedds/include/dds/ddsrt/string.h
[0.290s] -- Up-to-date: /home/tang-yucheng/Desktop/legged_nav_rl/install/cyclonedds/include
[0.290s] -- Up-to-date: /home/tang-yucheng/Desktop/legged_nav_rl/install/cyclonedds/include/dds
[0.290s] -- Up-to-date: /home/tang-yucheng/Desktop/legged_nav_rl/install/cyclonedds/include/dds/features.h
[0.291s] -- Up-to-date: /home/tang-yucheng/Desktop/legged_nav_rl/install/cyclonedds/include/dds/version.h
[0.291s] -- Up-to-date: /home/tang-yucheng/Desktop/legged_nav_rl/install/cyclonedds/include/dds/config.h
[0.291s] -- Up-to-date: /home/tang-yucheng/Desktop/legged_nav_rl/install/cyclonedds/include/idl
[0.291s] -- Up-to-date: /home/tang-yucheng/Desktop/legged_nav_rl/install/cyclonedds/include/idl/stream.h
[0.291s] -- Up-to-date: /home/tang-yucheng/Desktop/legged_nav_rl/install/cyclonedds/include/idl/expression.h
[0.291s] -- Up-to-date: /home/tang-yucheng/Desktop/legged_nav_rl/install/cyclonedds/include/idl/scope.h
[0.291s] -- Up-to-date: /home/tang-yucheng/Desktop/legged_nav_rl/install/cyclonedds/include/idl/file.h
[0.291s] -- Up-to-date: /home/tang-yucheng/Desktop/legged_nav_rl/install/cyclonedds/include/idl/visit.h
[0.291s] -- Up-to-date: /home/tang-yucheng/Desktop/legged_nav_rl/install/cyclonedds/include/idl/print.h
[0.291s] -- Up-to-date: /home/tang-yucheng/Desktop/legged_nav_rl/install/cyclonedds/include/idl/processor.h
[0.291s] -- Up-to-date: /home/tang-yucheng/Desktop/legged_nav_rl/install/cyclonedds/include/idl/retcode.h
[0.291s] -- Up-to-date: /home/tang-yucheng/Desktop/legged_nav_rl/install/cyclonedds/include/idl/tree.h
[0.291s] -- Up-to-date: /home/tang-yucheng/Desktop/legged_nav_rl/install/cyclonedds/include/idl/symbol.h
[0.291s] -- Up-to-date: /home/tang-yucheng/Desktop/legged_nav_rl/install/cyclonedds/include/idl/string.h
[0.291s] -- Up-to-date: /home/tang-yucheng/Desktop/legged_nav_rl/install/cyclonedds/include/idl
[0.292s] -- Up-to-date: /home/tang-yucheng/Desktop/legged_nav_rl/install/cyclonedds/include/idl/export.h
[0.292s] -- Up-to-date: /home/tang-yucheng/Desktop/legged_nav_rl/install/cyclonedds/include/idl/misc.h
[0.292s] -- Up-to-date: /home/tang-yucheng/Desktop/legged_nav_rl/install/cyclonedds/include/idl/md5.h
[0.292s] -- Up-to-date: /home/tang-yucheng/Desktop/legged_nav_rl/install/cyclonedds/include/idl/attributes.h
[0.292s] -- Up-to-date: /home/tang-yucheng/Desktop/legged_nav_rl/install/cyclonedds/include/idl/version.h
[0.292s] -- Up-to-date: /home/tang-yucheng/Desktop/legged_nav_rl/install/cyclonedds/include/idl/endian.h
[0.292s] -- Up-to-date: /home/tang-yucheng/Desktop/legged_nav_rl/install/cyclonedds/lib/libcycloneddsidl.so.0.10.5
[0.292s] -- Up-to-date: /home/tang-yucheng/Desktop/legged_nav_rl/install/cyclonedds/lib/libcycloneddsidl.so.0
[0.292s] -- Up-to-date: /home/tang-yucheng/Desktop/legged_nav_rl/install/cyclonedds/lib/libcycloneddsidl.so
[0.292s] -- Up-to-date: /home/tang-yucheng/Desktop/legged_nav_rl/install/cyclonedds/include
[0.292s] -- Up-to-date: /home/tang-yucheng/Desktop/legged_nav_rl/install/cyclonedds/include/dds
[0.292s] -- Up-to-date: /home/tang-yucheng/Desktop/legged_nav_rl/install/cyclonedds/include/dds/security
[0.292s] -- Up-to-date: /home/tang-yucheng/Desktop/legged_nav_rl/install/cyclonedds/include/dds/security/dds_security_api_types.h
[0.292s] -- Up-to-date: /home/tang-yucheng/Desktop/legged_nav_rl/install/cyclonedds/include/dds/security/dds_security_api_cryptography.h
[0.292s] -- Up-to-date: /home/tang-yucheng/Desktop/legged_nav_rl/install/cyclonedds/include/dds/security/dds_security_api_defs.h
[0.293s] -- Up-to-date: /home/tang-yucheng/Desktop/legged_nav_rl/install/cyclonedds/include/dds/security/dds_security_api_err.h
[0.293s] -- Up-to-date: /home/tang-yucheng/Desktop/legged_nav_rl/install/cyclonedds/include/dds/security/dds_security_api.h
[0.293s] -- Up-to-date: /home/tang-yucheng/Desktop/legged_nav_rl/install/cyclonedds/include/dds/security/dds_security_api_access_control.h
[0.293s] -- Up-to-date: /home/tang-yucheng/Desktop/legged_nav_rl/install/cyclonedds/include/dds/security/dds_security_api_authentication.h
[0.293s] -- Up-to-date: /home/tang-yucheng/Desktop/legged_nav_rl/install/cyclonedds/include/dds/security/core/
[0.293s] -- Up-to-date: /home/tang-yucheng/Desktop/legged_nav_rl/install/cyclonedds/include/dds/security/core//dds_security_utils.h
[0.293s] -- Up-to-date: /home/tang-yucheng/Desktop/legged_nav_rl/install/cyclonedds/include/dds/security/core//dds_security_types.h
[0.293s] -- Up-to-date: /home/tang-yucheng/Desktop/legged_nav_rl/install/cyclonedds/include/dds/security/core//shared_secret.h
[0.293s] -- Up-to-date: /home/tang-yucheng/Desktop/legged_nav_rl/install/cyclonedds/include/dds/security/core//dds_security_plugins.h
[0.293s] -- Up-to-date: /home/tang-yucheng/Desktop/legged_nav_rl/install/cyclonedds/include/dds/security/core//dds_security_timed_cb.h
[0.293s] -- Up-to-date: /home/tang-yucheng/Desktop/legged_nav_rl/install/cyclonedds/include/dds/security/core//dds_security_fsm.h
[0.293s] -- Up-to-date: /home/tang-yucheng/Desktop/legged_nav_rl/install/cyclonedds/include/dds/security/core//dds_security_serialize.h
[0.293s] -- Up-to-date: /home/tang-yucheng/Desktop/legged_nav_rl/install/cyclonedds/lib/libdds_security_ac.so
[0.293s] -- Up-to-date: /home/tang-yucheng/Desktop/legged_nav_rl/install/cyclonedds/lib/libdds_security_auth.so
[0.293s] -- Up-to-date: /home/tang-yucheng/Desktop/legged_nav_rl/install/cyclonedds/lib/libdds_security_crypto.so
[0.294s] -- Up-to-date: /home/tang-yucheng/Desktop/legged_nav_rl/install/cyclonedds/include
[0.294s] -- Up-to-date: /home/tang-yucheng/Desktop/legged_nav_rl/install/cyclonedds/include/dds
[0.294s] -- Up-to-date: /home/tang-yucheng/Desktop/legged_nav_rl/install/cyclonedds/include/dds/ddsi
[0.294s] -- Up-to-date: /home/tang-yucheng/Desktop/legged_nav_rl/install/cyclonedds/include/dds/ddsi/q_thread.h
[0.294s] -- Up-to-date: /home/tang-yucheng/Desktop/legged_nav_rl/install/cyclonedds/include/dds/ddsi/ddsi_ipaddr.h
[0.294s] -- Up-to-date: /home/tang-yucheng/Desktop/legged_nav_rl/install/cyclonedds/include/dds/ddsi/ddsi_topic.h
[0.294s] -- Up-to-date: /home/tang-yucheng/Desktop/legged_nav_rl/install/cyclonedds/include/dds/ddsi/q_xevent.h
[0.294s] -- Up-to-date: /home/tang-yucheng/Desktop/legged_nav_rl/install/cyclonedds/include/dds/ddsi/ddsi_entity_match.h
[0.294s] -- Up-to-date: /home/tang-yucheng/Desktop/legged_nav_rl/install/cyclonedds/include/dds/ddsi/q_whc.h
[0.294s] -- Up-to-date: /home/tang-yucheng/Desktop/legged_nav_rl/install/cyclonedds/include/dds/ddsi/q_gc.h
[0.294s] -- Up-to-date: /home/tang-yucheng/Desktop/legged_nav_rl/install/cyclonedds/include/dds/ddsi/q_xmsg.h
[0.294s] -- Up-to-date: /home/tang-yucheng/Desktop/legged_nav_rl/install/cyclonedds/include/dds/ddsi/ddsi_ownip.h
[0.294s] -- Up-to-date: /home/tang-yucheng/Desktop/legged_nav_rl/install/cyclonedds/include/dds/ddsi/q_misc.h
[0.295s] -- Up-to-date: /home/tang-yucheng/Desktop/legged_nav_rl/install/cyclonedds/include/dds/ddsi/ddsi_typelib.h
[0.295s] -- Up-to-date: /home/tang-yucheng/Desktop/legged_nav_rl/install/cyclonedds/include/dds/ddsi/ddsi_domaingv.h
[0.295s] -- Up-to-date: /home/tang-yucheng/Desktop/legged_nav_rl/install/cyclonedds/include/dds/ddsi/ddsi_serdata_plist.h
[0.295s] -- Up-to-date: /home/tang-yucheng/Desktop/legged_nav_rl/install/cyclonedds/include/dds/ddsi/q_lease.h
[0.295s] -- Up-to-date: /home/tang-yucheng/Desktop/legged_nav_rl/install/cyclonedds/include/dds/ddsi/ddsi_handshake.h
[0.295s] -- Up-to-date: /home/tang-yucheng/Desktop/legged_nav_rl/install/cyclonedds/include/dds/ddsi/q_unused.h
[0.295s] -- Up-to-date: /home/tang-yucheng/Desktop/legged_nav_rl/install/cyclonedds/include/dds/ddsi/ddsi_xt_typelookup.idl
[0.295s] -- Up-to-date: /home/tang-yucheng/Desktop/legged_nav_rl/install/cyclonedds/include/dds/ddsi/ddsi_guid.h
[0.295s] -- Up-to-date: /home/tang-yucheng/Desktop/legged_nav_rl/install/cyclonedds/include/dds/ddsi/ddsi_cfgunits.h
[0.295s] -- Up-to-date: /home/tang-yucheng/Desktop/legged_nav_rl/install/cyclonedds/include/dds/ddsi/ddsi_mcgroup.h
[0.295s] -- Up-to-date: /home/tang-yucheng/Desktop/legged_nav_rl/install/cyclonedds/include/dds/ddsi/ddsi_security_omg.h
[0.295s] -- Up-to-date: /home/tang-yucheng/Desktop/legged_nav_rl/install/cyclonedds/include/dds/ddsi/ddsi_sertopic.h
[0.295s] -- Up-to-date: /home/tang-yucheng/Desktop/legged_nav_rl/install/cyclonedds/include/dds/ddsi/ddsi_xqos.h
[0.296s] -- Up-to-date: /home/tang-yucheng/Desktop/legged_nav_rl/install/cyclonedds/include/dds/ddsi/q_rtps.h
[0.296s] -- Up-to-date: /home/tang-yucheng/Desktop/legged_nav_rl/install/cyclonedds/include/dds/ddsi/ddsi_pmd.h
[0.296s] -- Up-to-date: /home/tang-yucheng/Desktop/legged_nav_rl/install/cyclonedds/include/dds/ddsi/ddsi_statistics.h
[0.296s] -- Up-to-date: /home/tang-yucheng/Desktop/legged_nav_rl/install/cyclonedds/include/dds/ddsi/q_sockwaitset.h
[0.296s] -- Up-to-date: /home/tang-yucheng/Desktop/legged_nav_rl/install/cyclonedds/include/dds/ddsi/q_lat_estim.h
[0.296s] -- Up-to-date: /home/tang-yucheng/Desktop/legged_nav_rl/install/cyclonedds/include/dds/ddsi/q_inverse_uint32_set.h
[0.296s] -- Up-to-date: /home/tang-yucheng/Desktop/legged_nav_rl/install/cyclonedds/include/dds/ddsi/ddsi_rhc.h
[0.296s] -- Up-to-date: /home/tang-yucheng/Desktop/legged_nav_rl/install/cyclonedds/include/dds/ddsi/q_radmin.h
[0.296s] -- Up-to-date: /home/tang-yucheng/Desktop/legged_nav_rl/install/cyclonedds/include/dds/ddsi/ddsi_xt_typemap.idl
[0.296s] -- Up-to-date: /home/tang-yucheng/Desktop/legged_nav_rl/install/cyclonedds/include/dds/ddsi/ddsi_udp.h
[0.296s] -- Up-to-date: /home/tang-yucheng/Desktop/legged_nav_rl/install/cyclonedds/include/dds/ddsi/ddsi_xt_typeinfo.h
[0.296s] -- Up-to-date: /home/tang-yucheng/Desktop/legged_nav_rl/install/cyclonedds/include/dds/ddsi/ddsi_lifespan.h
[0.296s] -- Up-to-date: /home/tang-yucheng/Desktop/legged_nav_rl/install/cyclonedds/include/dds/ddsi/q_pcap.h
[0.296s] -- Up-to-date: /home/tang-yucheng/Desktop/legged_nav_rl/install/cyclonedds/include/dds/ddsi/ddsi_portmapping.h
[0.296s] -- Up-to-date: /home/tang-yucheng/Desktop/legged_nav_rl/install/cyclonedds/include/dds/ddsi/ddsi_locator.h
[0.297s] -- Up-to-date: /home/tang-yucheng/Desktop/legged_nav_rl/install/cyclonedds/include/dds/ddsi/ddsi_security_exchange.h
[0.297s] -- Up-to-date: /home/tang-yucheng/Desktop/legged_nav_rl/install/cyclonedds/include/dds/ddsi/ddsi_time.h
[0.297s] -- Up-to-date: /home/tang-yucheng/Desktop/legged_nav_rl/install/cyclonedds/include/dds/ddsi/ddsi_acknack.h
[0.297s] -- Up-to-date: /home/tang-yucheng/Desktop/legged_nav_rl/install/cyclonedds/include/dds/ddsi/ddsi_cfgelems.h
[0.297s] -- Up-to-date: /home/tang-yucheng/Desktop/legged_nav_rl/install/cyclonedds/include/dds/ddsi/ddsi_xt_typeinfo.idl
[0.297s] -- Up-to-date: /home/tang-yucheng/Desktop/legged_nav_rl/install/cyclonedds/include/dds/ddsi/ddsi_deliver_locally.h
[0.297s] -- Up-to-date: /home/tang-yucheng/Desktop/legged_nav_rl/install/cyclonedds/include/dds/ddsi/ddsi_config.h
[0.297s] -- Up-to-date: /home/tang-yucheng/Desktop/legged_nav_rl/install/cyclonedds/include/dds/ddsi/ddsi_participant.h
[0.297s] -- Up-to-date: /home/tang-yucheng/Desktop/legged_nav_rl/install/cyclonedds/include/dds/ddsi/ddsi_ssl.h
[0.297s] -- Up-to-date: /home/tang-yucheng/Desktop/legged_nav_rl/install/cyclonedds/include/dds/ddsi/ddsi_endpoint.h
[0.297s] -- Up-to-date: /home/tang-yucheng/Desktop/legged_nav_rl/install/cyclonedds/include/dds/ddsi/ddsi_tran.h
[0.297s] -- Up-to-date: /home/tang-yucheng/Desktop/legged_nav_rl/install/cyclonedds/include/dds/ddsi/ddsi_list_tmpl.h
[0.297s] -- Up-to-date: /home/tang-yucheng/Desktop/legged_nav_rl/install/cyclonedds/include/dds/ddsi/ddsi_list_genptr.h
[0.297s] -- Up-to-date: /home/tang-yucheng/Desktop/legged_nav_rl/install/cyclonedds/include/dds/ddsi/q_qosmatch.h
[0.297s] -- Up-to-date: /home/tang-yucheng/Desktop/legged_nav_rl/install/cyclonedds/include/dds/ddsi/ddsi_deadline.h
[0.298s] -- Up-to-date: /home/tang-yucheng/Desktop/legged_nav_rl/install/cyclonedds/include/dds/ddsi/ddsi_iid.h
[0.298s] -- Up-to-date: /home/tang-yucheng/Desktop/legged_nav_rl/install/cyclonedds/include/dds/ddsi/ddsi_raweth.h
[0.298s] -- Up-to-date: /home/tang-yucheng/Desktop/legged_nav_rl/install/cyclonedds/include/dds/ddsi/ddsi_config_impl.h
[0.298s] -- Up-to-date: /home/tang-yucheng/Desktop/legged_nav_rl/install/cyclonedds/include/dds/ddsi/ddsi_vnet.h
[0.298s] -- Up-to-date: /home/tang-yucheng/Desktop/legged_nav_rl/install/cyclonedds/include/dds/ddsi/q_ddsi_discovery.h
[0.298s] -- Up-to-date: /home/tang-yucheng/Desktop/legged_nav_rl/install/cyclonedds/include/dds/ddsi/ddsi_xt_impl.h
[0.298s] -- Up-to-date: /home/tang-yucheng/Desktop/legged_nav_rl/install/cyclonedds/include/dds/ddsi/q_log.h
[0.298s] -- Up-to-date: /home/tang-yucheng/Desktop/legged_nav_rl/install/cyclonedds/include/dds/ddsi/ddsi_serdata.h
[0.298s] -- Up-to-date: /home/tang-yucheng/Desktop/legged_nav_rl/install/cyclonedds/include/dds/ddsi/ddsi_plist.h
[0.298s] -- Up-to-date: /home/tang-yucheng/Desktop/legged_nav_rl/install/cyclonedds/include/dds/ddsi/q_init.h
[0.298s] -- Up-to-date: /home/tang-yucheng/Desktop/legged_nav_rl/install/cyclonedds/include/dds/ddsi/q_freelist.h
[0.298s] -- Up-to-date: /home/tang-yucheng/Desktop/legged_nav_rl/install/cyclonedds/include/dds/ddsi/q_transmit.h
[0.298s] -- Up-to-date: /home/tang-yucheng/Desktop/legged_nav_rl/install/cyclonedds/include/dds/ddsi/ddsi_security_util.h
[0.298s] -- Up-to-date: /home/tang-yucheng/Desktop/legged_nav_rl/install/cyclonedds/include/dds/ddsi/ddsi_security_msg.h
[0.298s] -- Up-to-date: /home/tang-yucheng/Desktop/legged_nav_rl/install/cyclonedds/include/dds/ddsi/ddsi_wraddrset.h
[0.299s] -- Up-to-date: /home/tang-yucheng/Desktop/legged_nav_rl/install/cyclonedds/include/dds/ddsi/ddsi_proxy_participant.h
[0.299s] -- Up-to-date: /home/tang-yucheng/Desktop/legged_nav_rl/install/cyclonedds/include/dds/ddsi/ddsi_cdrstream.h
[0.299s] -- Up-to-date: /home/tang-yucheng/Desktop/legged_nav_rl/install/cyclonedds/include/dds/ddsi/ddsi_proxy_endpoint.h
[0.299s] -- Up-to-date: /home/tang-yucheng/Desktop/legged_nav_rl/install/cyclonedds/include/dds/ddsi/ddsi_builtin_topic_if.h
[0.299s] -- Up-to-date: /home/tang-yucheng/Desktop/legged_nav_rl/install/cyclonedds/include/dds/ddsi/q_bswap.h
[0.299s] -- Up-to-date: /home/tang-yucheng/Desktop/legged_nav_rl/install/cyclonedds/include/dds/ddsi/ddsi_shm_transport.h
[0.299s] -- Up-to-date: /home/tang-yucheng/Desktop/legged_nav_rl/install/cyclonedds/include/dds/ddsi/q_receive.h
[0.299s] -- Up-to-date: /home/tang-yucheng/Desktop/legged_nav_rl/install/cyclonedds/include/dds/ddsi/ddsi_vendor.h
[0.299s] -- Up-to-date: /home/tang-yucheng/Desktop/legged_nav_rl/install/cyclonedds/include/dds/ddsi/ddsi_typebuilder.h
[0.299s] -- Up-to-date: /home/tang-yucheng/Desktop/legged_nav_rl/install/cyclonedds/include/dds/ddsi/ddsi_tkmap.h
[0.299s] -- Up-to-date: /home/tang-yucheng/Desktop/legged_nav_rl/install/cyclonedds/include/dds/ddsi/q_feature_check.h
[0.299s] -- Up-to-date: /home/tang-yucheng/Desktop/legged_nav_rl/install/cyclonedds/include/dds/ddsi/q_debmon.h
[0.299s] -- Up-to-date: /home/tang-yucheng/Desktop/legged_nav_rl/install/cyclonedds/include/dds/ddsi/ddsi_typelookup.h
[0.299s] -- Up-to-date: /home/tang-yucheng/Desktop/legged_nav_rl/install/cyclonedds/include/dds/ddsi/ddsi_entity_index.h
[0.299s] -- Up-to-date: /home/tang-yucheng/Desktop/legged_nav_rl/install/cyclonedds/include/dds/ddsi/ddsi_keyhash.h
[0.300s] -- Up-to-date: /home/tang-yucheng/Desktop/legged_nav_rl/install/cyclonedds/include/dds/ddsi/q_addrset.h
[0.300s] -- Up-to-date: /home/tang-yucheng/Desktop/legged_nav_rl/install/cyclonedds/include/dds/ddsi/q_hbcontrol.h
[0.300s] -- Up-to-date: /home/tang-yucheng/Desktop/legged_nav_rl/install/cyclonedds/include/dds/ddsi/ddsi_serdata_default.h
[0.300s] -- Up-to-date: /home/tang-yucheng/Desktop/legged_nav_rl/install/cyclonedds/include/dds/ddsi/ddsi_xt_typelookup.h
[0.300s] -- Up-to-date: /home/tang-yucheng/Desktop/legged_nav_rl/install/cyclonedds/include/dds/ddsi/ddsi_sertype.h
[0.300s] -- Up-to-date: /home/tang-yucheng/Desktop/legged_nav_rl/install/cyclonedds/include/dds/ddsi/sysdeps.h
[0.300s] -- Up-to-date: /home/tang-yucheng/Desktop/legged_nav_rl/install/cyclonedds/include/dds/ddsi/ddsi_serdata_pserop.h
[0.300s] -- Up-to-date: /home/tang-yucheng/Desktop/legged_nav_rl/install/cyclonedds/include/dds/ddsi/q_protocol.h
[0.300s] -- Up-to-date: /home/tang-yucheng/Desktop/legged_nav_rl/install/cyclonedds/include/dds/ddsi/ddsi_entity.h
[0.300s] -- Up-to-date: /home/tang-yucheng/Desktop/legged_nav_rl/install/cyclonedds/include/dds/ddsi/ddsi_tcp.h
[0.300s] -- Up-to-date: /home/tang-yucheng/Desktop/legged_nav_rl/install/cyclonedds/include/dds/ddsi/ddsi_xt_typemap.h
[0.300s] -- Up-to-date: /home/tang-yucheng/Desktop/legged_nav_rl/install/cyclonedds/include/dds/ddsi/ddsi_plist_generic.h
[0.300s] -- Up-to-date: /home/tang-yucheng/Desktop/legged_nav_rl/install/cyclonedds/include/dds/ddsi/q_bitset.h
[0.301s] -- Up-to-date: /home/tang-yucheng/Desktop/legged_nav_rl/install/cyclonedds/include/dds/ddsi/ddsi_typewrap.h
[0.301s] -- Up-to-date: /home/tang-yucheng/Desktop/legged_nav_rl/install/cyclonedds/include/dds/ddsi/ddsi_threadmon.h
[0.301s] -- Up-to-date: /home/tang-yucheng/Desktop/legged_nav_rl/install/cyclonedds/include
[0.301s] -- Up-to-date: /home/tang-yucheng/Desktop/legged_nav_rl/install/cyclonedds/include/ddsc
[0.301s] -- Up-to-date: /home/tang-yucheng/Desktop/legged_nav_rl/install/cyclonedds/include/ddsc/dds.h
[0.301s] -- Up-to-date: /home/tang-yucheng/Desktop/legged_nav_rl/install/cyclonedds/include/dds
[0.301s] -- Up-to-date: /home/tang-yucheng/Desktop/legged_nav_rl/install/cyclonedds/include/dds/ddsc
[0.301s] -- Up-to-date: /home/tang-yucheng/Desktop/legged_nav_rl/install/cyclonedds/include/dds/ddsc/dds_rhc.h
[0.301s] -- Up-to-date: /home/tang-yucheng/Desktop/legged_nav_rl/install/cyclonedds/include/dds/ddsc/dds_public_alloc.h
[0.301s] -- Up-to-date: /home/tang-yucheng/Desktop/legged_nav_rl/install/cyclonedds/include/dds/ddsc/dds_data_allocator.h
[0.301s] -- Up-to-date: /home/tang-yucheng/Desktop/legged_nav_rl/install/cyclonedds/include/dds/ddsc/dds_public_impl.h
[0.302s] -- Up-to-date: /home/tang-yucheng/Desktop/legged_nav_rl/install/cyclonedds/include/dds/ddsc/dds_public_listener.h
[0.302s] -- Up-to-date: /home/tang-yucheng/Desktop/legged_nav_rl/install/cyclonedds/include/dds/ddsc/dds_basic_types.h
[0.302s] -- Up-to-date: /home/tang-yucheng/Desktop/legged_nav_rl/install/cyclonedds/include/dds/ddsc/dds_public_status.h
[0.302s] -- Up-to-date: /home/tang-yucheng/Desktop/legged_nav_rl/install/cyclonedds/include/dds/ddsc/dds_opcodes.h
[0.302s] -- Up-to-date: /home/tang-yucheng/Desktop/legged_nav_rl/install/cyclonedds/include/dds/ddsc/dds_statistics.h
[0.302s] -- Up-to-date: /home/tang-yucheng/Desktop/legged_nav_rl/install/cyclonedds/include/dds/ddsc/dds_public_qos.h
[0.302s] -- Up-to-date: /home/tang-yucheng/Desktop/legged_nav_rl/install/cyclonedds/include/dds/ddsc/dds_internal_api.h
[0.302s] -- Up-to-date: /home/tang-yucheng/Desktop/legged_nav_rl/install/cyclonedds/include/dds/ddsc/dds_public_error.h
[0.302s] -- Up-to-date: /home/tang-yucheng/Desktop/legged_nav_rl/install/cyclonedds/include/dds/ddsc/dds_public_qosdefs.h
[0.302s] -- Up-to-date: /home/tang-yucheng/Desktop/legged_nav_rl/install/cyclonedds/include/dds/ddsc/dds_loan_api.h
[0.302s] -- Up-to-date: /home/tang-yucheng/Desktop/legged_nav_rl/install/cyclonedds/include/dds/dds.h
[0.302s] -- Up-to-date: /home/tang-yucheng/Desktop/legged_nav_rl/install/cyclonedds/include
[0.302s] -- Up-to-date: /home/tang-yucheng/Desktop/legged_nav_rl/install/cyclonedds/include/dds
[0.302s] -- Up-to-date: /home/tang-yucheng/Desktop/legged_nav_rl/install/cyclonedds/include/dds/export.h
[0.303s] -- Up-to-date: /home/tang-yucheng/Desktop/legged_nav_rl/install/cyclonedds/lib/libddsc.so.0.10.5
[0.303s] -- Up-to-date: /home/tang-yucheng/Desktop/legged_nav_rl/install/cyclonedds/lib/libddsc.so.0
[0.303s] -- Up-to-date: /home/tang-yucheng/Desktop/legged_nav_rl/install/cyclonedds/lib/libddsc.so
[0.303s] -- Up-to-date: /home/tang-yucheng/Desktop/legged_nav_rl/install/cyclonedds/share/doc/CycloneDDS/CONTRIBUTING.md
[0.303s] -- Up-to-date: /home/tang-yucheng/Desktop/legged_nav_rl/install/cyclonedds/share/doc/CycloneDDS/CYCLONEDDS_QUALITY_DECLARATION.md
[0.303s] -- Up-to-date: /home/tang-yucheng/Desktop/legged_nav_rl/install/cyclonedds/share/doc/CycloneDDS/LICENSE
[0.303s] -- Up-to-date: /home/tang-yucheng/Desktop/legged_nav_rl/install/cyclonedds/share/doc/CycloneDDS/NOTICE.md
[0.303s] -- Up-to-date: /home/tang-yucheng/Desktop/legged_nav_rl/install/cyclonedds/share/doc/CycloneDDS/README.md
[0.303s] -- Up-to-date: /home/tang-yucheng/Desktop/legged_nav_rl/install/cyclonedds/share/doc/CycloneDDS/CHANGELOG.rst
[0.303s] Invoked command in '/home/tang-yucheng/Desktop/legged_nav_rl/build/cyclonedds' returned '0': CMAKE_PREFIX_PATH=${CMAKE_PREFIX_PATH}:/opt/ros/humble /usr/bin/cmake --install /home/tang-yucheng/Desktop/legged_nav_rl/build/cyclonedds
