-- The C compiler identification is GNU 11.4.0
-- The CXX compiler identification is GNU 11.4.0
-- Detecting C compiler ABI info
-- Detecting C compiler ABI info - done
-- Check for working C compiler: /usr/bin/cc - skipped
-- Detecting C compile features
-- Detecting C compile features - done
-- Detecting CXX compiler ABI info
-- Detecting CXX compiler ABI info - done
-- Check for working CXX compiler: /usr/bin/c++ - skipped
-- Detecting CXX compile features
-- Detecting CXX compile features - done
-- Found ament_cmake: 1.3.9 (/opt/ros/humble/share/ament_cmake/cmake)
-- Found Python3: /usr/bin/python3 (found version "3.10.12") found components: Interpreter 
-- Found unitree_go: 0.0.0 (/home/tang-yucheng/Desktop/legged_nav_rl/install/unitree_go/share/unitree_go/cmake)
-- Found rosidl_generator_c: 3.1.5 (/opt/ros/humble/share/rosidl_generator_c/cmake)
-- Found rosidl_adapter: 3.1.5 (/opt/ros/humble/share/rosidl_adapter/cmake)
-- Found rosidl_generator_cpp: 3.1.5 (/opt/ros/humble/share/rosidl_generator_cpp/cmake)
-- Using all available rosidl_typesupport_c: rosidl_typesupport_fastrtps_c;rosidl_typesupport_introspection_c
-- Using all available rosidl_typesupport_cpp: rosidl_typesupport_fastrtps_cpp;rosidl_typesupport_introspection_cpp
-- Found unitree_hg: 0.0.0 (/home/tang-yucheng/Desktop/legged_nav_rl/install/unitree_hg/share/unitree_hg/cmake)
-- Found unitree_api: 0.0.0 (/home/tang-yucheng/Desktop/legged_nav_rl/install/unitree_api/share/unitree_api/cmake)
-- Found rclcpp: 16.0.9 (/opt/ros/humble/share/rclcpp/cmake)
-- Found rmw_implementation_cmake: 6.1.2 (/opt/ros/humble/share/rmw_implementation_cmake/cmake)
-- Found rmw_fastrtps_cpp: 6.2.6 (/opt/ros/humble/share/rmw_fastrtps_cpp/cmake)
-- Found OpenSSL: /usr/lib/x86_64-linux-gnu/libcrypto.so (found version "3.0.2")  
-- Found FastRTPS: /opt/ros/humble/include  
-- Using RMW implementation 'rmw_fastrtps_cpp' as default
-- Looking for pthread.h
-- Looking for pthread.h - found
-- Performing Test CMAKE_HAVE_LIBC_PTHREAD
-- Performing Test CMAKE_HAVE_LIBC_PTHREAD - Success
-- Found Threads: TRUE  
-- Found rosbag2_cpp: 0.15.11 (/opt/ros/humble/share/rosbag2_cpp/cmake)
-- Found ament_lint_auto: 0.12.11 (/opt/ros/humble/share/ament_lint_auto/cmake)
-- Added test 'copyright' to check source files copyright and LICENSE
-- Added test 'cppcheck' to perform static code analysis on C / C++ code
-- Configured cppcheck include dirs: /home/tang-yucheng/Desktop/legged_nav_rl/src/unitree_ros2/example/src/include;/home/tang-yucheng/Desktop/legged_nav_rl/src/unitree_ros2/example/src/include/common;/home/tang-yucheng/Desktop/legged_nav_rl/src/unitree_ros2/example/src/include/nlohmann
-- Configured cppcheck exclude dirs and/or files: 
-- Added test 'cpplint' to check C / C++ code against the Google style
-- Configured cpplint exclude dirs and/or files: 
-- Added test 'lint_cmake' to check CMake code style
-- Added test 'uncrustify' to check C / C++ code style
-- Configured uncrustify additional arguments: 
-- Added test 'xmllint' to check XML markup files
-- Configuring done
-- Generating done
-- Build files have been written to: /home/tang-yucheng/Desktop/legged_nav_rl/build/unitree_ros2_example
[ 10%] [32mBuilding CXX object CMakeFiles/g1_low_level_example.dir/src/common/motor_crc_hg.cpp.o[0m
[ 10%] [32mBuilding CXX object CMakeFiles/g1_low_level_example.dir/src/g1/lowlevel/g1_low_level_example.cpp.o[0m
[ 15%] [32mBuilding CXX object CMakeFiles/read_low_state_hg.dir/src/read_low_state_hg.cpp.o[0m
[ 20%] [32mBuilding CXX object CMakeFiles/read_low_state.dir/src/read_low_state.cpp.o[0m
[ 25%] [32mBuilding CXX object CMakeFiles/read_motion_state.dir/src/read_motion_state.cpp.o[0m
[ 30%] [32mBuilding CXX object CMakeFiles/sport_mode_ctrl.dir/src/common/ros2_sport_client.cpp.o[0m
[ 35%] [32mBuilding CXX object CMakeFiles/low_level_ctrl_hg.dir/src/h1-2/lowlevel/low_level_ctrl_hg.cpp.o[0m
[ 45%] [32mBuilding CXX object CMakeFiles/sport_mode_ctrl.dir/src/sport_mode_ctrl.cpp.o[0m
[ 45%] [32mBuilding CXX object CMakeFiles/low_level_ctrl_hg.dir/src/common/motor_crc_hg.cpp.o[0m
[ 50%] [32mBuilding CXX object CMakeFiles/low_level_ctrl.dir/src/common/motor_crc.cpp.o[0m
[ 55%] [32mBuilding CXX object CMakeFiles/low_level_ctrl.dir/src/low_level_ctrl.cpp.o[0m
[ 60%] [32mBuilding CXX object CMakeFiles/read_wireless_controller.dir/src/read_wireless_controller.cpp.o[0m
[ 65%] [32m[1mLinking CXX executable low_level_ctrl[0m
[ 65%] Built target low_level_ctrl
[ 70%] [32m[1mLinking CXX executable read_motion_state[0m
[ 75%] [32m[1mLinking CXX executable read_low_state_hg[0m
[ 75%] Built target read_motion_state
[ 75%] Built target read_low_state_hg
[ 80%] [32m[1mLinking CXX executable read_wireless_controller[0m
[ 80%] Built target read_wireless_controller
[ 85%] [32m[1mLinking CXX executable low_level_ctrl_hg[0m
[ 90%] [32m[1mLinking CXX executable g1_low_level_example[0m
[ 90%] Built target low_level_ctrl_hg
[ 90%] Built target g1_low_level_example
[ 95%] [32m[1mLinking CXX executable sport_mode_ctrl[0m
[100%] [32m[1mLinking CXX executable read_low_state[0m
[100%] Built target sport_mode_ctrl
[100%] Built target read_low_state
-- Install configuration: ""
-- Installing: /home/tang-yucheng/Desktop/legged_nav_rl/install/unitree_ros2_example/bin/low_level_ctrl
-- Set runtime path of "/home/tang-yucheng/Desktop/legged_nav_rl/install/unitree_ros2_example/bin/low_level_ctrl" to ""
-- Installing: /home/tang-yucheng/Desktop/legged_nav_rl/install/unitree_ros2_example/bin/low_level_ctrl_hg
-- Set runtime path of "/home/tang-yucheng/Desktop/legged_nav_rl/install/unitree_ros2_example/bin/low_level_ctrl_hg" to ""
-- Installing: /home/tang-yucheng/Desktop/legged_nav_rl/install/unitree_ros2_example/bin/g1_low_level_example
-- Set runtime path of "/home/tang-yucheng/Desktop/legged_nav_rl/install/unitree_ros2_example/bin/g1_low_level_example" to ""
-- Installing: /home/tang-yucheng/Desktop/legged_nav_rl/install/unitree_ros2_example/bin/read_low_state
-- Set runtime path of "/home/tang-yucheng/Desktop/legged_nav_rl/install/unitree_ros2_example/bin/read_low_state" to ""
-- Installing: /home/tang-yucheng/Desktop/legged_nav_rl/install/unitree_ros2_example/bin/read_low_state_hg
-- Set runtime path of "/home/tang-yucheng/Desktop/legged_nav_rl/install/unitree_ros2_example/bin/read_low_state_hg" to ""
-- Installing: /home/tang-yucheng/Desktop/legged_nav_rl/install/unitree_ros2_example/bin/read_motion_state
-- Set runtime path of "/home/tang-yucheng/Desktop/legged_nav_rl/install/unitree_ros2_example/bin/read_motion_state" to ""
-- Installing: /home/tang-yucheng/Desktop/legged_nav_rl/install/unitree_ros2_example/bin/read_wireless_controller
-- Set runtime path of "/home/tang-yucheng/Desktop/legged_nav_rl/install/unitree_ros2_example/bin/read_wireless_controller" to ""
-- Installing: /home/tang-yucheng/Desktop/legged_nav_rl/install/unitree_ros2_example/bin/sport_mode_ctrl
-- Set runtime path of "/home/tang-yucheng/Desktop/legged_nav_rl/install/unitree_ros2_example/bin/sport_mode_ctrl" to ""
-- Installing: /home/tang-yucheng/Desktop/legged_nav_rl/install/unitree_ros2_example/share/ament_index/resource_index/package_run_dependencies/unitree_ros2_example
-- Installing: /home/tang-yucheng/Desktop/legged_nav_rl/install/unitree_ros2_example/share/ament_index/resource_index/parent_prefix_path/unitree_ros2_example
-- Installing: /home/tang-yucheng/Desktop/legged_nav_rl/install/unitree_ros2_example/share/unitree_ros2_example/environment/ament_prefix_path.sh
-- Installing: /home/tang-yucheng/Desktop/legged_nav_rl/install/unitree_ros2_example/share/unitree_ros2_example/environment/ament_prefix_path.dsv
-- Installing: /home/tang-yucheng/Desktop/legged_nav_rl/install/unitree_ros2_example/share/unitree_ros2_example/environment/path.sh
-- Installing: /home/tang-yucheng/Desktop/legged_nav_rl/install/unitree_ros2_example/share/unitree_ros2_example/environment/path.dsv
-- Installing: /home/tang-yucheng/Desktop/legged_nav_rl/install/unitree_ros2_example/share/unitree_ros2_example/local_setup.bash
-- Installing: /home/tang-yucheng/Desktop/legged_nav_rl/install/unitree_ros2_example/share/unitree_ros2_example/local_setup.sh
-- Installing: /home/tang-yucheng/Desktop/legged_nav_rl/install/unitree_ros2_example/share/unitree_ros2_example/local_setup.zsh
-- Installing: /home/tang-yucheng/Desktop/legged_nav_rl/install/unitree_ros2_example/share/unitree_ros2_example/local_setup.dsv
-- Installing: /home/tang-yucheng/Desktop/legged_nav_rl/install/unitree_ros2_example/share/unitree_ros2_example/package.dsv
-- Installing: /home/tang-yucheng/Desktop/legged_nav_rl/install/unitree_ros2_example/share/ament_index/resource_index/packages/unitree_ros2_example
-- Installing: /home/tang-yucheng/Desktop/legged_nav_rl/install/unitree_ros2_example/share/unitree_ros2_example/cmake/unitree_ros2_exampleConfig.cmake
-- Installing: /home/tang-yucheng/Desktop/legged_nav_rl/install/unitree_ros2_example/share/unitree_ros2_example/cmake/unitree_ros2_exampleConfig-version.cmake
-- Installing: /home/tang-yucheng/Desktop/legged_nav_rl/install/unitree_ros2_example/share/unitree_ros2_example/package.xml
