[0.014s] Invoking command in '/home/tang-yucheng/Desktop/legged_nav_rl/build/unitree_ros2_example': CMAKE_PREFIX_PATH=/home/tang-yucheng/Desktop/legged_nav_rl/install/unitree_hg:/home/tang-yucheng/Desktop/legged_nav_rl/install/unitree_go:/home/tang-yucheng/Desktop/legged_nav_rl/install/unitree_api:/home/tang-yucheng/Cartpole/install/cartpole_bringup:/home/tang-yucheng/Cartpole/install/embedded_bridge:/home/tang-yucheng/Cartpole/install/cartpole_control:/home/tang-yucheng/Cartpole/install/interfaces:/home/tang-yucheng/ROS2_WorkSpace/Vision2024/install/rm_vision_bridge:/home/tang-yucheng/ROS2_WorkSpace/Vision2024/install/observer_bringup:/home/tang-yucheng/ROS2_WorkSpace/Vision2024/install/armor_observer:/home/tang-yucheng/ROS2_WorkSpace/Vision2024/install/vision_interfaces:/home/tang-yucheng/ROS2_WorkSpace/Vision2024/install/vision_bringup:/home/tang-yucheng/ROS2_WorkSpace/Vision2024/install/infantry_bringup:/home/tang-yucheng/ROS2_WorkSpace/Vision2024/install/tf_republisher:/home/tang-yucheng/ROS2_WorkSpace/Vision2024/install/hardware_bringup:/home/tang-yucheng/ROS2_WorkSpace/Vision2024/install/calibration_bringup:/home/tang-yucheng/ROS2_WorkSpace/Vision2024/install/embedded_bridge:/home/tang-yucheng/ROS2_WorkSpace/Vision2024/install/infantry_interfaces:/home/tang-yucheng/ROS2_WorkSpace/Vision2024/install/imu_camera_calibration:/home/tang-yucheng/ROS2_WorkSpace/Vision2024/install/imu_bridge:/home/tang-yucheng/ROS2_WorkSpace/Vision2024/install/gimbal_description:/home/tang-yucheng/ROS2_WorkSpace/Vision2024/install/camera_bridge:/home/tang-yucheng/ROS2_WorkSpace/Vision2024/install/calibration_interfaces:/home/tang-yucheng/ROS2_WorkSpace/RoboGame2024/install/Remote_Control:/home/tang-yucheng/ROS2_WorkSpace/RoboGame2024/install/Embedded_Bridge:/home/tang-yucheng/ROS2_WorkSpace/RoboGame2024/install/chariot_msgs:/home/tang-yucheng/ROS2_WorkSpace/Engineer2024/install/engineer_hw:/home/tang-yucheng/ROS2_WorkSpace/Engineer2024/install/engineer_arm_sim:/home/tang-yucheng/ROS2_WorkSpace/Engineer2024/install/engineer_arm_controller:/home/tang-yucheng/ROS2_WorkSpace/Engineer2024/install/customctrl_serial_communication:/home/tang-yucheng/ROS2_WorkSpace/Engineer2024/install/engineer_msg:/home/tang-yucheng/Desktop/legged_nav_rl/install/unitree_ros2_example:/home/tang-yucheng/Desktop/legged_nav_rl/install/rmw_cyclonedds_cpp:/home/tang-yucheng/Desktop/legged_nav_rl/install/go2_description:/home/tang-yucheng/Desktop/legged_nav_rl/install/cyclonedds:/opt/ros/humble LD_LIBRARY_PATH=/home/tang-yucheng/Desktop/legged_nav_rl/install/unitree_hg/lib:/home/tang-yucheng/Desktop/legged_nav_rl/install/unitree_go/lib:/home/tang-yucheng/Desktop/legged_nav_rl/install/unitree_api/lib:/opt/MVS/lib/64:/opt/MVS/lib/32:/home/.mujoco/mujoco210/bin:/opt/MVS/lib/64:/opt/MVS/lib/32:/opt/ros/humble/opt/rviz_ogre_vendor/lib:/opt/ros/humble/lib/x86_64-linux-gnu:/opt/ros/humble/lib:/opt/MVS/lib/64:/opt/MVS/lib/32:/home/.mujoco/mujoco210/bin:/home/tang-yucheng/Cartpole/install/interfaces/lib:/home/tang-yucheng/ROS2_WorkSpace/Vision2024/install/armor_observer/lib:/home/tang-yucheng/ROS2_WorkSpace/Vision2024/install/vision_interfaces/lib:/home/tang-yucheng/ROS2_WorkSpace/Vision2024/install/infantry_interfaces/lib:/home/tang-yucheng/ROS2_WorkSpace/Vision2024/install/imu_camera_calibration/lib:/home/tang-yucheng/ROS2_WorkSpace/Vision2024/install/camera_bridge/lib:/home/tang-yucheng/ROS2_WorkSpace/Vision2024/install/calibration_interfaces/lib:/home/tang-yucheng/ROS2_WorkSpace/RoboGame2024/install/chariot_msgs/lib:/home/tang-yucheng/ROS2_WorkSpace/Engineer2024/install/engineer_msg/lib:/home/tang-yucheng/Desktop/legged_nav_rl/install/rmw_cyclonedds_cpp/lib:/home/tang-yucheng/Desktop/legged_nav_rl/install/cyclonedds/lib:/opt/MVS/lib/64:/opt/MVS/lib/32:/opt/MVS/lib/64:/opt/MVS/lib/32:/opt/MVS/lib/64:/opt/MVS/lib/32:/usr/lib/nvidia:/usr/lib/nvidia /usr/bin/cmake /home/tang-yucheng/Desktop/legged_nav_rl/src/unitree_ros2/example/src -DCMAKE_INSTALL_PREFIX=/home/tang-yucheng/Desktop/legged_nav_rl/install/unitree_ros2_example
[0.055s] -- The C compiler identification is GNU 11.4.0
[0.097s] -- The CXX compiler identification is GNU 11.4.0
[0.102s] -- Detecting C compiler ABI info
[0.157s] -- Detecting C compiler ABI info - done
[0.162s] -- Check for working C compiler: /usr/bin/cc - skipped
[0.162s] -- Detecting C compile features
[0.162s] -- Detecting C compile features - done
[0.165s] -- Detecting CXX compiler ABI info
[0.226s] -- Detecting CXX compiler ABI info - done
[0.231s] -- Check for working CXX compiler: /usr/bin/c++ - skipped
[0.231s] -- Detecting CXX compile features
[0.232s] -- Detecting CXX compile features - done
[0.236s] -- Found ament_cmake: 1.3.9 (/opt/ros/humble/share/ament_cmake/cmake)
[0.351s] -- Found Python3: /usr/bin/python3 (found version "3.10.12") found components: Interpreter 
[0.431s] -- Found unitree_go: 0.0.0 (/home/tang-yucheng/Desktop/legged_nav_rl/install/unitree_go/share/unitree_go/cmake)
[0.472s] -- Found rosidl_generator_c: 3.1.5 (/opt/ros/humble/share/rosidl_generator_c/cmake)
[0.478s] -- Found rosidl_adapter: 3.1.5 (/opt/ros/humble/share/rosidl_adapter/cmake)
[0.487s] -- Found rosidl_generator_cpp: 3.1.5 (/opt/ros/humble/share/rosidl_generator_cpp/cmake)
[0.499s] -- Using all available rosidl_typesupport_c: rosidl_typesupport_fastrtps_c;rosidl_typesupport_introspection_c
[0.516s] -- Using all available rosidl_typesupport_cpp: rosidl_typesupport_fastrtps_cpp;rosidl_typesupport_introspection_cpp
[0.657s] -- Found unitree_hg: 0.0.0 (/home/tang-yucheng/Desktop/legged_nav_rl/install/unitree_hg/share/unitree_hg/cmake)
[0.691s] -- Found unitree_api: 0.0.0 (/home/tang-yucheng/Desktop/legged_nav_rl/install/unitree_api/share/unitree_api/cmake)
[0.726s] -- Found rclcpp: 16.0.9 (/opt/ros/humble/share/rclcpp/cmake)
[0.793s] -- Found rmw_implementation_cmake: 6.1.2 (/opt/ros/humble/share/rmw_implementation_cmake/cmake)
[0.798s] -- Found rmw_fastrtps_cpp: 6.2.6 (/opt/ros/humble/share/rmw_fastrtps_cpp/cmake)
[0.883s] -- Found OpenSSL: /usr/lib/x86_64-linux-gnu/libcrypto.so (found version "3.0.2")  
[0.905s] -- Found FastRTPS: /opt/ros/humble/include  
[0.941s] -- Using RMW implementation 'rmw_fastrtps_cpp' as default
[0.955s] -- Looking for pthread.h
[1.009s] -- Looking for pthread.h - found
[1.009s] -- Performing Test CMAKE_HAVE_LIBC_PTHREAD
[1.059s] -- Performing Test CMAKE_HAVE_LIBC_PTHREAD - Success
[1.060s] -- Found Threads: TRUE  
[1.163s] -- Found rosbag2_cpp: 0.15.11 (/opt/ros/humble/share/rosbag2_cpp/cmake)
[1.237s] -- Found ament_lint_auto: 0.12.11 (/opt/ros/humble/share/ament_lint_auto/cmake)
[1.312s] -- Added test 'copyright' to check source files copyright and LICENSE
[1.314s] -- Added test 'cppcheck' to perform static code analysis on C / C++ code
[1.315s] -- Configured cppcheck include dirs: /home/tang-yucheng/Desktop/legged_nav_rl/src/unitree_ros2/example/src/include;/home/tang-yucheng/Desktop/legged_nav_rl/src/unitree_ros2/example/src/include/common;/home/tang-yucheng/Desktop/legged_nav_rl/src/unitree_ros2/example/src/include/nlohmann
[1.315s] -- Configured cppcheck exclude dirs and/or files: 
[1.317s] -- Added test 'cpplint' to check C / C++ code against the Google style
[1.317s] -- Configured cpplint exclude dirs and/or files: 
[1.318s] -- Added test 'lint_cmake' to check CMake code style
[1.320s] -- Added test 'uncrustify' to check C / C++ code style
[1.320s] -- Configured uncrustify additional arguments: 
[1.321s] -- Added test 'xmllint' to check XML markup files
[1.322s] -- Configuring done
[1.346s] -- Generating done
[1.347s] -- Build files have been written to: /home/tang-yucheng/Desktop/legged_nav_rl/build/unitree_ros2_example
[1.355s] Invoked command in '/home/tang-yucheng/Desktop/legged_nav_rl/build/unitree_ros2_example' returned '0': CMAKE_PREFIX_PATH=/home/tang-yucheng/Desktop/legged_nav_rl/install/unitree_hg:/home/tang-yucheng/Desktop/legged_nav_rl/install/unitree_go:/home/tang-yucheng/Desktop/legged_nav_rl/install/unitree_api:/home/tang-yucheng/Cartpole/install/cartpole_bringup:/home/tang-yucheng/Cartpole/install/embedded_bridge:/home/tang-yucheng/Cartpole/install/cartpole_control:/home/tang-yucheng/Cartpole/install/interfaces:/home/tang-yucheng/ROS2_WorkSpace/Vision2024/install/rm_vision_bridge:/home/tang-yucheng/ROS2_WorkSpace/Vision2024/install/observer_bringup:/home/tang-yucheng/ROS2_WorkSpace/Vision2024/install/armor_observer:/home/tang-yucheng/ROS2_WorkSpace/Vision2024/install/vision_interfaces:/home/tang-yucheng/ROS2_WorkSpace/Vision2024/install/vision_bringup:/home/tang-yucheng/ROS2_WorkSpace/Vision2024/install/infantry_bringup:/home/tang-yucheng/ROS2_WorkSpace/Vision2024/install/tf_republisher:/home/tang-yucheng/ROS2_WorkSpace/Vision2024/install/hardware_bringup:/home/tang-yucheng/ROS2_WorkSpace/Vision2024/install/calibration_bringup:/home/tang-yucheng/ROS2_WorkSpace/Vision2024/install/embedded_bridge:/home/tang-yucheng/ROS2_WorkSpace/Vision2024/install/infantry_interfaces:/home/tang-yucheng/ROS2_WorkSpace/Vision2024/install/imu_camera_calibration:/home/tang-yucheng/ROS2_WorkSpace/Vision2024/install/imu_bridge:/home/tang-yucheng/ROS2_WorkSpace/Vision2024/install/gimbal_description:/home/tang-yucheng/ROS2_WorkSpace/Vision2024/install/camera_bridge:/home/tang-yucheng/ROS2_WorkSpace/Vision2024/install/calibration_interfaces:/home/tang-yucheng/ROS2_WorkSpace/RoboGame2024/install/Remote_Control:/home/tang-yucheng/ROS2_WorkSpace/RoboGame2024/install/Embedded_Bridge:/home/tang-yucheng/ROS2_WorkSpace/RoboGame2024/install/chariot_msgs:/home/tang-yucheng/ROS2_WorkSpace/Engineer2024/install/engineer_hw:/home/tang-yucheng/ROS2_WorkSpace/Engineer2024/install/engineer_arm_sim:/home/tang-yucheng/ROS2_WorkSpace/Engineer2024/install/engineer_arm_controller:/home/tang-yucheng/ROS2_WorkSpace/Engineer2024/install/customctrl_serial_communication:/home/tang-yucheng/ROS2_WorkSpace/Engineer2024/install/engineer_msg:/home/tang-yucheng/Desktop/legged_nav_rl/install/unitree_ros2_example:/home/tang-yucheng/Desktop/legged_nav_rl/install/rmw_cyclonedds_cpp:/home/tang-yucheng/Desktop/legged_nav_rl/install/go2_description:/home/tang-yucheng/Desktop/legged_nav_rl/install/cyclonedds:/opt/ros/humble LD_LIBRARY_PATH=/home/tang-yucheng/Desktop/legged_nav_rl/install/unitree_hg/lib:/home/tang-yucheng/Desktop/legged_nav_rl/install/unitree_go/lib:/home/tang-yucheng/Desktop/legged_nav_rl/install/unitree_api/lib:/opt/MVS/lib/64:/opt/MVS/lib/32:/home/.mujoco/mujoco210/bin:/opt/MVS/lib/64:/opt/MVS/lib/32:/opt/ros/humble/opt/rviz_ogre_vendor/lib:/opt/ros/humble/lib/x86_64-linux-gnu:/opt/ros/humble/lib:/opt/MVS/lib/64:/opt/MVS/lib/32:/home/.mujoco/mujoco210/bin:/home/tang-yucheng/Cartpole/install/interfaces/lib:/home/tang-yucheng/ROS2_WorkSpace/Vision2024/install/armor_observer/lib:/home/tang-yucheng/ROS2_WorkSpace/Vision2024/install/vision_interfaces/lib:/home/tang-yucheng/ROS2_WorkSpace/Vision2024/install/infantry_interfaces/lib:/home/tang-yucheng/ROS2_WorkSpace/Vision2024/install/imu_camera_calibration/lib:/home/tang-yucheng/ROS2_WorkSpace/Vision2024/install/camera_bridge/lib:/home/tang-yucheng/ROS2_WorkSpace/Vision2024/install/calibration_interfaces/lib:/home/tang-yucheng/ROS2_WorkSpace/RoboGame2024/install/chariot_msgs/lib:/home/tang-yucheng/ROS2_WorkSpace/Engineer2024/install/engineer_msg/lib:/home/tang-yucheng/Desktop/legged_nav_rl/install/rmw_cyclonedds_cpp/lib:/home/tang-yucheng/Desktop/legged_nav_rl/install/cyclonedds/lib:/opt/MVS/lib/64:/opt/MVS/lib/32:/opt/MVS/lib/64:/opt/MVS/lib/32:/opt/MVS/lib/64:/opt/MVS/lib/32:/usr/lib/nvidia:/usr/lib/nvidia /usr/bin/cmake /home/tang-yucheng/Desktop/legged_nav_rl/src/unitree_ros2/example/src -DCMAKE_INSTALL_PREFIX=/home/tang-yucheng/Desktop/legged_nav_rl/install/unitree_ros2_example
[1.356s] Invoking command in '/home/tang-yucheng/Desktop/legged_nav_rl/build/unitree_ros2_example': CMAKE_PREFIX_PATH=/home/tang-yucheng/Desktop/legged_nav_rl/install/unitree_hg:/home/tang-yucheng/Desktop/legged_nav_rl/install/unitree_go:/home/tang-yucheng/Desktop/legged_nav_rl/install/unitree_api:/home/tang-yucheng/Cartpole/install/cartpole_bringup:/home/tang-yucheng/Cartpole/install/embedded_bridge:/home/tang-yucheng/Cartpole/install/cartpole_control:/home/tang-yucheng/Cartpole/install/interfaces:/home/tang-yucheng/ROS2_WorkSpace/Vision2024/install/rm_vision_bridge:/home/tang-yucheng/ROS2_WorkSpace/Vision2024/install/observer_bringup:/home/tang-yucheng/ROS2_WorkSpace/Vision2024/install/armor_observer:/home/tang-yucheng/ROS2_WorkSpace/Vision2024/install/vision_interfaces:/home/tang-yucheng/ROS2_WorkSpace/Vision2024/install/vision_bringup:/home/tang-yucheng/ROS2_WorkSpace/Vision2024/install/infantry_bringup:/home/tang-yucheng/ROS2_WorkSpace/Vision2024/install/tf_republisher:/home/tang-yucheng/ROS2_WorkSpace/Vision2024/install/hardware_bringup:/home/tang-yucheng/ROS2_WorkSpace/Vision2024/install/calibration_bringup:/home/tang-yucheng/ROS2_WorkSpace/Vision2024/install/embedded_bridge:/home/tang-yucheng/ROS2_WorkSpace/Vision2024/install/infantry_interfaces:/home/tang-yucheng/ROS2_WorkSpace/Vision2024/install/imu_camera_calibration:/home/tang-yucheng/ROS2_WorkSpace/Vision2024/install/imu_bridge:/home/tang-yucheng/ROS2_WorkSpace/Vision2024/install/gimbal_description:/home/tang-yucheng/ROS2_WorkSpace/Vision2024/install/camera_bridge:/home/tang-yucheng/ROS2_WorkSpace/Vision2024/install/calibration_interfaces:/home/tang-yucheng/ROS2_WorkSpace/RoboGame2024/install/Remote_Control:/home/tang-yucheng/ROS2_WorkSpace/RoboGame2024/install/Embedded_Bridge:/home/tang-yucheng/ROS2_WorkSpace/RoboGame2024/install/chariot_msgs:/home/tang-yucheng/ROS2_WorkSpace/Engineer2024/install/engineer_hw:/home/tang-yucheng/ROS2_WorkSpace/Engineer2024/install/engineer_arm_sim:/home/tang-yucheng/ROS2_WorkSpace/Engineer2024/install/engineer_arm_controller:/home/tang-yucheng/ROS2_WorkSpace/Engineer2024/install/customctrl_serial_communication:/home/tang-yucheng/ROS2_WorkSpace/Engineer2024/install/engineer_msg:/home/tang-yucheng/Desktop/legged_nav_rl/install/unitree_ros2_example:/home/tang-yucheng/Desktop/legged_nav_rl/install/rmw_cyclonedds_cpp:/home/tang-yucheng/Desktop/legged_nav_rl/install/go2_description:/home/tang-yucheng/Desktop/legged_nav_rl/install/cyclonedds:/opt/ros/humble LD_LIBRARY_PATH=/home/tang-yucheng/Desktop/legged_nav_rl/install/unitree_hg/lib:/home/tang-yucheng/Desktop/legged_nav_rl/install/unitree_go/lib:/home/tang-yucheng/Desktop/legged_nav_rl/install/unitree_api/lib:/opt/MVS/lib/64:/opt/MVS/lib/32:/home/.mujoco/mujoco210/bin:/opt/MVS/lib/64:/opt/MVS/lib/32:/opt/ros/humble/opt/rviz_ogre_vendor/lib:/opt/ros/humble/lib/x86_64-linux-gnu:/opt/ros/humble/lib:/opt/MVS/lib/64:/opt/MVS/lib/32:/home/.mujoco/mujoco210/bin:/home/tang-yucheng/Cartpole/install/interfaces/lib:/home/tang-yucheng/ROS2_WorkSpace/Vision2024/install/armor_observer/lib:/home/tang-yucheng/ROS2_WorkSpace/Vision2024/install/vision_interfaces/lib:/home/tang-yucheng/ROS2_WorkSpace/Vision2024/install/infantry_interfaces/lib:/home/tang-yucheng/ROS2_WorkSpace/Vision2024/install/imu_camera_calibration/lib:/home/tang-yucheng/ROS2_WorkSpace/Vision2024/install/camera_bridge/lib:/home/tang-yucheng/ROS2_WorkSpace/Vision2024/install/calibration_interfaces/lib:/home/tang-yucheng/ROS2_WorkSpace/RoboGame2024/install/chariot_msgs/lib:/home/tang-yucheng/ROS2_WorkSpace/Engineer2024/install/engineer_msg/lib:/home/tang-yucheng/Desktop/legged_nav_rl/install/rmw_cyclonedds_cpp/lib:/home/tang-yucheng/Desktop/legged_nav_rl/install/cyclonedds/lib:/opt/MVS/lib/64:/opt/MVS/lib/32:/opt/MVS/lib/64:/opt/MVS/lib/32:/opt/MVS/lib/64:/opt/MVS/lib/32:/usr/lib/nvidia:/usr/lib/nvidia /usr/bin/cmake --build /home/tang-yucheng/Desktop/legged_nav_rl/build/unitree_ros2_example -- -j20 -l20
[1.395s] [ 10%] [32mBuilding CXX object CMakeFiles/g1_low_level_example.dir/src/common/motor_crc_hg.cpp.o[0m
[1.395s] [ 10%] [32mBuilding CXX object CMakeFiles/g1_low_level_example.dir/src/g1/lowlevel/g1_low_level_example.cpp.o[0m
[1.395s] [ 15%] [32mBuilding CXX object CMakeFiles/read_low_state_hg.dir/src/read_low_state_hg.cpp.o[0m
[1.396s] [ 20%] [32mBuilding CXX object CMakeFiles/read_low_state.dir/src/read_low_state.cpp.o[0m
[1.397s] [ 25%] [32mBuilding CXX object CMakeFiles/read_motion_state.dir/src/read_motion_state.cpp.o[0m
[1.397s] [ 30%] [32mBuilding CXX object CMakeFiles/sport_mode_ctrl.dir/src/common/ros2_sport_client.cpp.o[0m
[1.398s] [ 35%] [32mBuilding CXX object CMakeFiles/low_level_ctrl_hg.dir/src/h1-2/lowlevel/low_level_ctrl_hg.cpp.o[0m
[1.398s] [ 45%] [32mBuilding CXX object CMakeFiles/sport_mode_ctrl.dir/src/sport_mode_ctrl.cpp.o[0m
[1.398s] [ 45%] [32mBuilding CXX object CMakeFiles/low_level_ctrl_hg.dir/src/common/motor_crc_hg.cpp.o[0m
[1.399s] [ 50%] [32mBuilding CXX object CMakeFiles/low_level_ctrl.dir/src/common/motor_crc.cpp.o[0m
[1.399s] [ 55%] [32mBuilding CXX object CMakeFiles/low_level_ctrl.dir/src/low_level_ctrl.cpp.o[0m
[1.400s] [ 60%] [32mBuilding CXX object CMakeFiles/read_wireless_controller.dir/src/read_wireless_controller.cpp.o[0m
[6.550s] [ 65%] [32m[1mLinking CXX executable low_level_ctrl[0m
[6.754s] [ 65%] Built target low_level_ctrl
[8.217s] [ 70%] [32m[1mLinking CXX executable read_motion_state[0m
[8.402s] [ 75%] [32m[1mLinking CXX executable read_low_state_hg[0m
[8.529s] [ 75%] Built target read_motion_state
[8.737s] [ 75%] Built target read_low_state_hg
[9.199s] [ 80%] [32m[1mLinking CXX executable read_wireless_controller[0m
[9.564s] [ 80%] Built target read_wireless_controller
[9.587s] [ 85%] [32m[1mLinking CXX executable low_level_ctrl_hg[0m
[9.657s] [ 90%] [32m[1mLinking CXX executable g1_low_level_example[0m
[9.917s] [ 90%] Built target low_level_ctrl_hg
[9.982s] [ 90%] Built target g1_low_level_example
[10.083s] [ 95%] [32m[1mLinking CXX executable sport_mode_ctrl[0m
[10.375s] [100%] [32m[1mLinking CXX executable read_low_state[0m
[10.383s] [100%] Built target sport_mode_ctrl
[10.625s] [100%] Built target read_low_state
[10.633s] Invoked command in '/home/tang-yucheng/Desktop/legged_nav_rl/build/unitree_ros2_example' returned '0': CMAKE_PREFIX_PATH=/home/tang-yucheng/Desktop/legged_nav_rl/install/unitree_hg:/home/tang-yucheng/Desktop/legged_nav_rl/install/unitree_go:/home/tang-yucheng/Desktop/legged_nav_rl/install/unitree_api:/home/tang-yucheng/Cartpole/install/cartpole_bringup:/home/tang-yucheng/Cartpole/install/embedded_bridge:/home/tang-yucheng/Cartpole/install/cartpole_control:/home/tang-yucheng/Cartpole/install/interfaces:/home/tang-yucheng/ROS2_WorkSpace/Vision2024/install/rm_vision_bridge:/home/tang-yucheng/ROS2_WorkSpace/Vision2024/install/observer_bringup:/home/tang-yucheng/ROS2_WorkSpace/Vision2024/install/armor_observer:/home/tang-yucheng/ROS2_WorkSpace/Vision2024/install/vision_interfaces:/home/tang-yucheng/ROS2_WorkSpace/Vision2024/install/vision_bringup:/home/tang-yucheng/ROS2_WorkSpace/Vision2024/install/infantry_bringup:/home/tang-yucheng/ROS2_WorkSpace/Vision2024/install/tf_republisher:/home/tang-yucheng/ROS2_WorkSpace/Vision2024/install/hardware_bringup:/home/tang-yucheng/ROS2_WorkSpace/Vision2024/install/calibration_bringup:/home/tang-yucheng/ROS2_WorkSpace/Vision2024/install/embedded_bridge:/home/tang-yucheng/ROS2_WorkSpace/Vision2024/install/infantry_interfaces:/home/tang-yucheng/ROS2_WorkSpace/Vision2024/install/imu_camera_calibration:/home/tang-yucheng/ROS2_WorkSpace/Vision2024/install/imu_bridge:/home/tang-yucheng/ROS2_WorkSpace/Vision2024/install/gimbal_description:/home/tang-yucheng/ROS2_WorkSpace/Vision2024/install/camera_bridge:/home/tang-yucheng/ROS2_WorkSpace/Vision2024/install/calibration_interfaces:/home/tang-yucheng/ROS2_WorkSpace/RoboGame2024/install/Remote_Control:/home/tang-yucheng/ROS2_WorkSpace/RoboGame2024/install/Embedded_Bridge:/home/tang-yucheng/ROS2_WorkSpace/RoboGame2024/install/chariot_msgs:/home/tang-yucheng/ROS2_WorkSpace/Engineer2024/install/engineer_hw:/home/tang-yucheng/ROS2_WorkSpace/Engineer2024/install/engineer_arm_sim:/home/tang-yucheng/ROS2_WorkSpace/Engineer2024/install/engineer_arm_controller:/home/tang-yucheng/ROS2_WorkSpace/Engineer2024/install/customctrl_serial_communication:/home/tang-yucheng/ROS2_WorkSpace/Engineer2024/install/engineer_msg:/home/tang-yucheng/Desktop/legged_nav_rl/install/unitree_ros2_example:/home/tang-yucheng/Desktop/legged_nav_rl/install/rmw_cyclonedds_cpp:/home/tang-yucheng/Desktop/legged_nav_rl/install/go2_description:/home/tang-yucheng/Desktop/legged_nav_rl/install/cyclonedds:/opt/ros/humble LD_LIBRARY_PATH=/home/tang-yucheng/Desktop/legged_nav_rl/install/unitree_hg/lib:/home/tang-yucheng/Desktop/legged_nav_rl/install/unitree_go/lib:/home/tang-yucheng/Desktop/legged_nav_rl/install/unitree_api/lib:/opt/MVS/lib/64:/opt/MVS/lib/32:/home/.mujoco/mujoco210/bin:/opt/MVS/lib/64:/opt/MVS/lib/32:/opt/ros/humble/opt/rviz_ogre_vendor/lib:/opt/ros/humble/lib/x86_64-linux-gnu:/opt/ros/humble/lib:/opt/MVS/lib/64:/opt/MVS/lib/32:/home/.mujoco/mujoco210/bin:/home/tang-yucheng/Cartpole/install/interfaces/lib:/home/tang-yucheng/ROS2_WorkSpace/Vision2024/install/armor_observer/lib:/home/tang-yucheng/ROS2_WorkSpace/Vision2024/install/vision_interfaces/lib:/home/tang-yucheng/ROS2_WorkSpace/Vision2024/install/infantry_interfaces/lib:/home/tang-yucheng/ROS2_WorkSpace/Vision2024/install/imu_camera_calibration/lib:/home/tang-yucheng/ROS2_WorkSpace/Vision2024/install/camera_bridge/lib:/home/tang-yucheng/ROS2_WorkSpace/Vision2024/install/calibration_interfaces/lib:/home/tang-yucheng/ROS2_WorkSpace/RoboGame2024/install/chariot_msgs/lib:/home/tang-yucheng/ROS2_WorkSpace/Engineer2024/install/engineer_msg/lib:/home/tang-yucheng/Desktop/legged_nav_rl/install/rmw_cyclonedds_cpp/lib:/home/tang-yucheng/Desktop/legged_nav_rl/install/cyclonedds/lib:/opt/MVS/lib/64:/opt/MVS/lib/32:/opt/MVS/lib/64:/opt/MVS/lib/32:/opt/MVS/lib/64:/opt/MVS/lib/32:/usr/lib/nvidia:/usr/lib/nvidia /usr/bin/cmake --build /home/tang-yucheng/Desktop/legged_nav_rl/build/unitree_ros2_example -- -j20 -l20
[10.685s] Invoking command in '/home/tang-yucheng/Desktop/legged_nav_rl/build/unitree_ros2_example': CMAKE_PREFIX_PATH=/home/tang-yucheng/Desktop/legged_nav_rl/install/unitree_hg:/home/tang-yucheng/Desktop/legged_nav_rl/install/unitree_go:/home/tang-yucheng/Desktop/legged_nav_rl/install/unitree_api:/home/tang-yucheng/Cartpole/install/cartpole_bringup:/home/tang-yucheng/Cartpole/install/embedded_bridge:/home/tang-yucheng/Cartpole/install/cartpole_control:/home/tang-yucheng/Cartpole/install/interfaces:/home/tang-yucheng/ROS2_WorkSpace/Vision2024/install/rm_vision_bridge:/home/tang-yucheng/ROS2_WorkSpace/Vision2024/install/observer_bringup:/home/tang-yucheng/ROS2_WorkSpace/Vision2024/install/armor_observer:/home/tang-yucheng/ROS2_WorkSpace/Vision2024/install/vision_interfaces:/home/tang-yucheng/ROS2_WorkSpace/Vision2024/install/vision_bringup:/home/tang-yucheng/ROS2_WorkSpace/Vision2024/install/infantry_bringup:/home/tang-yucheng/ROS2_WorkSpace/Vision2024/install/tf_republisher:/home/tang-yucheng/ROS2_WorkSpace/Vision2024/install/hardware_bringup:/home/tang-yucheng/ROS2_WorkSpace/Vision2024/install/calibration_bringup:/home/tang-yucheng/ROS2_WorkSpace/Vision2024/install/embedded_bridge:/home/tang-yucheng/ROS2_WorkSpace/Vision2024/install/infantry_interfaces:/home/tang-yucheng/ROS2_WorkSpace/Vision2024/install/imu_camera_calibration:/home/tang-yucheng/ROS2_WorkSpace/Vision2024/install/imu_bridge:/home/tang-yucheng/ROS2_WorkSpace/Vision2024/install/gimbal_description:/home/tang-yucheng/ROS2_WorkSpace/Vision2024/install/camera_bridge:/home/tang-yucheng/ROS2_WorkSpace/Vision2024/install/calibration_interfaces:/home/tang-yucheng/ROS2_WorkSpace/RoboGame2024/install/Remote_Control:/home/tang-yucheng/ROS2_WorkSpace/RoboGame2024/install/Embedded_Bridge:/home/tang-yucheng/ROS2_WorkSpace/RoboGame2024/install/chariot_msgs:/home/tang-yucheng/ROS2_WorkSpace/Engineer2024/install/engineer_hw:/home/tang-yucheng/ROS2_WorkSpace/Engineer2024/install/engineer_arm_sim:/home/tang-yucheng/ROS2_WorkSpace/Engineer2024/install/engineer_arm_controller:/home/tang-yucheng/ROS2_WorkSpace/Engineer2024/install/customctrl_serial_communication:/home/tang-yucheng/ROS2_WorkSpace/Engineer2024/install/engineer_msg:/home/tang-yucheng/Desktop/legged_nav_rl/install/unitree_ros2_example:/home/tang-yucheng/Desktop/legged_nav_rl/install/rmw_cyclonedds_cpp:/home/tang-yucheng/Desktop/legged_nav_rl/install/go2_description:/home/tang-yucheng/Desktop/legged_nav_rl/install/cyclonedds:/opt/ros/humble LD_LIBRARY_PATH=/home/tang-yucheng/Desktop/legged_nav_rl/install/unitree_hg/lib:/home/tang-yucheng/Desktop/legged_nav_rl/install/unitree_go/lib:/home/tang-yucheng/Desktop/legged_nav_rl/install/unitree_api/lib:/opt/MVS/lib/64:/opt/MVS/lib/32:/home/.mujoco/mujoco210/bin:/opt/MVS/lib/64:/opt/MVS/lib/32:/opt/ros/humble/opt/rviz_ogre_vendor/lib:/opt/ros/humble/lib/x86_64-linux-gnu:/opt/ros/humble/lib:/opt/MVS/lib/64:/opt/MVS/lib/32:/home/.mujoco/mujoco210/bin:/home/tang-yucheng/Cartpole/install/interfaces/lib:/home/tang-yucheng/ROS2_WorkSpace/Vision2024/install/armor_observer/lib:/home/tang-yucheng/ROS2_WorkSpace/Vision2024/install/vision_interfaces/lib:/home/tang-yucheng/ROS2_WorkSpace/Vision2024/install/infantry_interfaces/lib:/home/tang-yucheng/ROS2_WorkSpace/Vision2024/install/imu_camera_calibration/lib:/home/tang-yucheng/ROS2_WorkSpace/Vision2024/install/camera_bridge/lib:/home/tang-yucheng/ROS2_WorkSpace/Vision2024/install/calibration_interfaces/lib:/home/tang-yucheng/ROS2_WorkSpace/RoboGame2024/install/chariot_msgs/lib:/home/tang-yucheng/ROS2_WorkSpace/Engineer2024/install/engineer_msg/lib:/home/tang-yucheng/Desktop/legged_nav_rl/install/rmw_cyclonedds_cpp/lib:/home/tang-yucheng/Desktop/legged_nav_rl/install/cyclonedds/lib:/opt/MVS/lib/64:/opt/MVS/lib/32:/opt/MVS/lib/64:/opt/MVS/lib/32:/opt/MVS/lib/64:/opt/MVS/lib/32:/usr/lib/nvidia:/usr/lib/nvidia /usr/bin/cmake --install /home/tang-yucheng/Desktop/legged_nav_rl/build/unitree_ros2_example
[10.690s] -- Install configuration: ""
[10.690s] -- Installing: /home/tang-yucheng/Desktop/legged_nav_rl/install/unitree_ros2_example/bin/low_level_ctrl
[10.691s] -- Set runtime path of "/home/tang-yucheng/Desktop/legged_nav_rl/install/unitree_ros2_example/bin/low_level_ctrl" to ""
[10.691s] -- Installing: /home/tang-yucheng/Desktop/legged_nav_rl/install/unitree_ros2_example/bin/low_level_ctrl_hg
[10.693s] -- Set runtime path of "/home/tang-yucheng/Desktop/legged_nav_rl/install/unitree_ros2_example/bin/low_level_ctrl_hg" to ""
[10.693s] -- Installing: /home/tang-yucheng/Desktop/legged_nav_rl/install/unitree_ros2_example/bin/g1_low_level_example
[10.696s] -- Set runtime path of "/home/tang-yucheng/Desktop/legged_nav_rl/install/unitree_ros2_example/bin/g1_low_level_example" to ""
[10.696s] -- Installing: /home/tang-yucheng/Desktop/legged_nav_rl/install/unitree_ros2_example/bin/read_low_state
[10.698s] -- Set runtime path of "/home/tang-yucheng/Desktop/legged_nav_rl/install/unitree_ros2_example/bin/read_low_state" to ""
[10.698s] -- Installing: /home/tang-yucheng/Desktop/legged_nav_rl/install/unitree_ros2_example/bin/read_low_state_hg
[10.699s] -- Set runtime path of "/home/tang-yucheng/Desktop/legged_nav_rl/install/unitree_ros2_example/bin/read_low_state_hg" to ""
[10.700s] -- Installing: /home/tang-yucheng/Desktop/legged_nav_rl/install/unitree_ros2_example/bin/read_motion_state
[10.701s] -- Set runtime path of "/home/tang-yucheng/Desktop/legged_nav_rl/install/unitree_ros2_example/bin/read_motion_state" to ""
[10.701s] -- Installing: /home/tang-yucheng/Desktop/legged_nav_rl/install/unitree_ros2_example/bin/read_wireless_controller
[10.703s] -- Set runtime path of "/home/tang-yucheng/Desktop/legged_nav_rl/install/unitree_ros2_example/bin/read_wireless_controller" to ""
[10.703s] -- Installing: /home/tang-yucheng/Desktop/legged_nav_rl/install/unitree_ros2_example/bin/sport_mode_ctrl
[10.705s] -- Set runtime path of "/home/tang-yucheng/Desktop/legged_nav_rl/install/unitree_ros2_example/bin/sport_mode_ctrl" to ""
[10.705s] -- Installing: /home/tang-yucheng/Desktop/legged_nav_rl/install/unitree_ros2_example/share/ament_index/resource_index/package_run_dependencies/unitree_ros2_example
[10.705s] -- Installing: /home/tang-yucheng/Desktop/legged_nav_rl/install/unitree_ros2_example/share/ament_index/resource_index/parent_prefix_path/unitree_ros2_example
[10.705s] -- Installing: /home/tang-yucheng/Desktop/legged_nav_rl/install/unitree_ros2_example/share/unitree_ros2_example/environment/ament_prefix_path.sh
[10.705s] -- Installing: /home/tang-yucheng/Desktop/legged_nav_rl/install/unitree_ros2_example/share/unitree_ros2_example/environment/ament_prefix_path.dsv
[10.705s] -- Installing: /home/tang-yucheng/Desktop/legged_nav_rl/install/unitree_ros2_example/share/unitree_ros2_example/environment/path.sh
[10.705s] -- Installing: /home/tang-yucheng/Desktop/legged_nav_rl/install/unitree_ros2_example/share/unitree_ros2_example/environment/path.dsv
[10.705s] -- Installing: /home/tang-yucheng/Desktop/legged_nav_rl/install/unitree_ros2_example/share/unitree_ros2_example/local_setup.bash
[10.705s] -- Installing: /home/tang-yucheng/Desktop/legged_nav_rl/install/unitree_ros2_example/share/unitree_ros2_example/local_setup.sh
[10.706s] -- Installing: /home/tang-yucheng/Desktop/legged_nav_rl/install/unitree_ros2_example/share/unitree_ros2_example/local_setup.zsh
[10.706s] -- Installing: /home/tang-yucheng/Desktop/legged_nav_rl/install/unitree_ros2_example/share/unitree_ros2_example/local_setup.dsv
[10.706s] -- Installing: /home/tang-yucheng/Desktop/legged_nav_rl/install/unitree_ros2_example/share/unitree_ros2_example/package.dsv
[10.706s] -- Installing: /home/tang-yucheng/Desktop/legged_nav_rl/install/unitree_ros2_example/share/ament_index/resource_index/packages/unitree_ros2_example
[10.706s] -- Installing: /home/tang-yucheng/Desktop/legged_nav_rl/install/unitree_ros2_example/share/unitree_ros2_example/cmake/unitree_ros2_exampleConfig.cmake
[10.706s] -- Installing: /home/tang-yucheng/Desktop/legged_nav_rl/install/unitree_ros2_example/share/unitree_ros2_example/cmake/unitree_ros2_exampleConfig-version.cmake
[10.706s] -- Installing: /home/tang-yucheng/Desktop/legged_nav_rl/install/unitree_ros2_example/share/unitree_ros2_example/package.xml
[10.708s] Invoked command in '/home/tang-yucheng/Desktop/legged_nav_rl/build/unitree_ros2_example' returned '0': CMAKE_PREFIX_PATH=/home/tang-yucheng/Desktop/legged_nav_rl/install/unitree_hg:/home/tang-yucheng/Desktop/legged_nav_rl/install/unitree_go:/home/tang-yucheng/Desktop/legged_nav_rl/install/unitree_api:/home/tang-yucheng/Cartpole/install/cartpole_bringup:/home/tang-yucheng/Cartpole/install/embedded_bridge:/home/tang-yucheng/Cartpole/install/cartpole_control:/home/tang-yucheng/Cartpole/install/interfaces:/home/tang-yucheng/ROS2_WorkSpace/Vision2024/install/rm_vision_bridge:/home/tang-yucheng/ROS2_WorkSpace/Vision2024/install/observer_bringup:/home/tang-yucheng/ROS2_WorkSpace/Vision2024/install/armor_observer:/home/tang-yucheng/ROS2_WorkSpace/Vision2024/install/vision_interfaces:/home/tang-yucheng/ROS2_WorkSpace/Vision2024/install/vision_bringup:/home/tang-yucheng/ROS2_WorkSpace/Vision2024/install/infantry_bringup:/home/tang-yucheng/ROS2_WorkSpace/Vision2024/install/tf_republisher:/home/tang-yucheng/ROS2_WorkSpace/Vision2024/install/hardware_bringup:/home/tang-yucheng/ROS2_WorkSpace/Vision2024/install/calibration_bringup:/home/tang-yucheng/ROS2_WorkSpace/Vision2024/install/embedded_bridge:/home/tang-yucheng/ROS2_WorkSpace/Vision2024/install/infantry_interfaces:/home/tang-yucheng/ROS2_WorkSpace/Vision2024/install/imu_camera_calibration:/home/tang-yucheng/ROS2_WorkSpace/Vision2024/install/imu_bridge:/home/tang-yucheng/ROS2_WorkSpace/Vision2024/install/gimbal_description:/home/tang-yucheng/ROS2_WorkSpace/Vision2024/install/camera_bridge:/home/tang-yucheng/ROS2_WorkSpace/Vision2024/install/calibration_interfaces:/home/tang-yucheng/ROS2_WorkSpace/RoboGame2024/install/Remote_Control:/home/tang-yucheng/ROS2_WorkSpace/RoboGame2024/install/Embedded_Bridge:/home/tang-yucheng/ROS2_WorkSpace/RoboGame2024/install/chariot_msgs:/home/tang-yucheng/ROS2_WorkSpace/Engineer2024/install/engineer_hw:/home/tang-yucheng/ROS2_WorkSpace/Engineer2024/install/engineer_arm_sim:/home/tang-yucheng/ROS2_WorkSpace/Engineer2024/install/engineer_arm_controller:/home/tang-yucheng/ROS2_WorkSpace/Engineer2024/install/customctrl_serial_communication:/home/tang-yucheng/ROS2_WorkSpace/Engineer2024/install/engineer_msg:/home/tang-yucheng/Desktop/legged_nav_rl/install/unitree_ros2_example:/home/tang-yucheng/Desktop/legged_nav_rl/install/rmw_cyclonedds_cpp:/home/tang-yucheng/Desktop/legged_nav_rl/install/go2_description:/home/tang-yucheng/Desktop/legged_nav_rl/install/cyclonedds:/opt/ros/humble LD_LIBRARY_PATH=/home/tang-yucheng/Desktop/legged_nav_rl/install/unitree_hg/lib:/home/tang-yucheng/Desktop/legged_nav_rl/install/unitree_go/lib:/home/tang-yucheng/Desktop/legged_nav_rl/install/unitree_api/lib:/opt/MVS/lib/64:/opt/MVS/lib/32:/home/.mujoco/mujoco210/bin:/opt/MVS/lib/64:/opt/MVS/lib/32:/opt/ros/humble/opt/rviz_ogre_vendor/lib:/opt/ros/humble/lib/x86_64-linux-gnu:/opt/ros/humble/lib:/opt/MVS/lib/64:/opt/MVS/lib/32:/home/.mujoco/mujoco210/bin:/home/tang-yucheng/Cartpole/install/interfaces/lib:/home/tang-yucheng/ROS2_WorkSpace/Vision2024/install/armor_observer/lib:/home/tang-yucheng/ROS2_WorkSpace/Vision2024/install/vision_interfaces/lib:/home/tang-yucheng/ROS2_WorkSpace/Vision2024/install/infantry_interfaces/lib:/home/tang-yucheng/ROS2_WorkSpace/Vision2024/install/imu_camera_calibration/lib:/home/tang-yucheng/ROS2_WorkSpace/Vision2024/install/camera_bridge/lib:/home/tang-yucheng/ROS2_WorkSpace/Vision2024/install/calibration_interfaces/lib:/home/tang-yucheng/ROS2_WorkSpace/RoboGame2024/install/chariot_msgs/lib:/home/tang-yucheng/ROS2_WorkSpace/Engineer2024/install/engineer_msg/lib:/home/tang-yucheng/Desktop/legged_nav_rl/install/rmw_cyclonedds_cpp/lib:/home/tang-yucheng/Desktop/legged_nav_rl/install/cyclonedds/lib:/opt/MVS/lib/64:/opt/MVS/lib/32:/opt/MVS/lib/64:/opt/MVS/lib/32:/opt/MVS/lib/64:/opt/MVS/lib/32:/usr/lib/nvidia:/usr/lib/nvidia /usr/bin/cmake --install /home/tang-yucheng/Desktop/legged_nav_rl/build/unitree_ros2_example
